0.500000,0.500000,1.000000,0.000000
0.499992,0.500008,1.000000,0.000000
0.499940,0.500060,1.000000,0.000000
0.499812,0.500188,1.000000,0.000000
0.499588,0.500412,1.000000,0.000000
0.499254,0.500746,1.000000,0.000000
0.498803,0.501197,1.000000,0.000000
0.498228,0.501772,1.000000,0.000000
0.497527,0.502473,1.000000,0.000000
0.496698,0.503302,1.000000,0.000000
0.495739,0.504261,1.000000,0.000000
0.494650,0.505350,1.000000,0.000000
0.493430,0.506570,1.000000,0.000000
0.492092,0.507908,1.000000,0.000000
0.490709,0.509291,1.000000,0.000000
0.489344,0.510656,1.000000,0.000000
0.488039,0.511961,1.000000,0.000000
0.486822,0.513178,1.000000,0.000000
0.485708,0.514292,1.000000,0.000000
0.484708,0.515292,1.000000,0.000000
0.483829,0.516171,1.000000,0.000000
0.483075,0.516925,1.000000,0.000000
0.482447,0.517553,1.000000,0.000000
0.481948,0.518052,1.000000,0.000000
0.481578,0.518422,1.000000,0.000000
0.481332,0.518668,1.000000,0.000000
0.481176,0.518824,1.000000,0.000000
0.481077,0.518923,1.000000,0.000000
0.481014,0.518986,1.000000,0.000000
0.480975,0.519025,1.000000,0.000000
0.480949,0.519051,1.000000,0.000000
0.480933,0.519067,1.000000,0.000000
0.480923,0.519077,1.000000,0.000000
0.480917,0.519083,1.000000,0.000000
0.480913,0.519087,1.000000,0.000000
0.480910,0.519090,1.000000,0.000000
0.480909,0.519091,1.000000,0.000000
0.480909,0.519091,1.000000,0.000000
0.480918,0.519082,1.000000,0.000000
0.480946,0.519054,1.000000,0.000000
0.480997,0.519003,1.000000,0.000000
0.481074,0.518926,1.000000,0.000000
0.481180,0.518820,1.000000,0.000000
0.481317,0.518683,1.000000,0.000000
0.481484,0.518516,1.000000,0.000000
0.481683,0.518317,1.000000,0.000000
0.481913,0.518087,1.000000,0.000000
0.482176,0.517824,1.000000,0.000000
0.482470,0.517530,1.000000,0.000000
0.482796,0.517204,1.000000,0.000000
0.483136,0.516864,1.000000,0.000000
0.483475,0.516525,1.000000,0.000000
0.483800,0.516200,1.000000,0.000000
0.484106,0.515894,1.000000,0.000000
0.484386,0.515614,1.000000,0.000000
0.484639,0.515361,1.000000,0.000000
0.484863,0.515137,1.000000,0.000000
0.485056,0.514944,1.000000,0.000000
0.485218,0.514782,1.000000,0.000000
0.485349,0.514651,1.000000,0.000000
0.485447,0.514553,1.000000,0.000000
0.485515,0.514485,1.000000,0.000000
0.485562,0.514438,1.000000,0.000000
0.485603,0.514397,1.000000,0.000000
0.485648,0.514352,1.000000,0.000000
0.485704,0.514296,1.000000,0.000000
0.485769,0.514231,1.000000,0.000000
0.485860,0.514140,1.000000,0.000000
0.485934,0.514066,1.000000,0.000000
0.486091,0.513909,1.000000,0.000000
0.485992,0.514008,1.000000,0.000000
0.486149,0.513851,1.000000,0.000000
0.484053,0.515947,0.000000,1.000000
0.479589,0.520411,1.000000,0.000000
0.481939,0.518061,1.000000,0.000000
0.482183,0.517817,0.000000,1.000000
0.478838,0.521162,1.000000,0.000000
0.481416,0.518584,1.000000,0.000000
0.482843,0.517157,0.000000,1.000000
0.480029,0.519971,1.000000,0.000000
0.482125,0.517875,1.000000,0.000000
0.483996,0.516004,0.000000,1.000000
0.481414,0.518586,1.000000,0.000000
0.482940,0.517060,1.000000,0.000000
0.484890,0.515110,1.000000,0.000000
0.482565,0.517435,0.000000,1.000000
0.478514,0.521486,1.000000,0.000000
0.481606,0.518394,1.000000,0.000000
0.482424,0.517576,0.000000,1.000000
0.479597,0.520403,1.000000,0.000000
0.482035,0.517965,1.000000,0.000000
0.484132,0.515868,1.000000,0.000000
0.482019,0.517981,0.000000,1.000000
0.477463,0.522537,1.000000,0.000000
0.480894,0.519106,1.000000,0.000000
0.480997,0.519003,0.000000,1.000000
0.477560,0.522440,1.000000,0.000000
0.480738,0.519262,1.000000,0.000000
0.482038,0.517962,0.000000,1.000000
0.479117,0.520883,1.000000,0.000000
0.481558,0.518442,1.000000,0.000000
0.483324,0.516676,0.000000,1.000000
0.480608,0.519392,1.000000,0.000000
0.482368,0.517632,1.000000,0.000000
0.484249,0.515751,1.000000,0.000000
0.481740,0.518260,0.000000,1.000000
0.475990,0.524010,1.000000,0.000000
0.479616,0.520384,1.000000,0.000000
0.480920,0.519080,0.000000,1.000000
0.476889,0.523111,1.000000,0.000000
0.479806,0.520194,1.000000,0.000000
0.482704,0.517296,1.000000,0.000000
0.479644,0.520356,0.000000,1.000000
0.474075,0.525925,1.000000,0.000000
0.478624,0.521376,1.000000,0.000000
0.478344,0.521656,0.000000,1.000000
0.474083,0.525917,1.000000,0.000000
0.478296,0.521704,1.000000,0.000000
0.480116,0.519884,0.000000,1.000000
0.476754,0.523246,1.000000,0.000000
0.479819,0.520181,1.000000,0.000000
0.482378,0.517622,0.000000,1.000000
0.479434,0.520566,1.000000,0.000000
0.481493,0.518507,1.000000,0.000000
0.484142,0.515858,1.000000,0.000000
0.481589,0.518411,0.000000,1.000000
0.477816,0.522184,1.000000,0.000000
0.481488,0.518512,1.000000,0.000000
0.482000,0.518000,0.000000,1.000000
0.479487,0.520513,1.000000,0.000000
0.482380,0.517620,1.000000,0.000000
0.484300,0.515700,1.000000,0.000000
0.482390,0.517610,0.000000,1.000000
0.476229,0.523771,1.000000,0.000000
0.480140,0.519860,1.000000,0.000000
0.480848,0.519152,0.000000,1.000000
0.476341,0.523659,1.000000,0.000000
0.480013,0.519987,1.000000,0.000000
0.482163,0.517837,0.000000,1.000000
0.478597,0.521403,1.000000,0.000000
0.481303,0.518697,1.000000,0.000000
0.483895,0.516105,0.000000,1.000000
0.480788,0.519212,1.000000,0.000000
0.482594,0.517406,1.000000,0.000000
0.485138,0.514862,1.000000,0.000000
0.482316,0.517684,0.000000,1.000000
0.477801,0.522199,1.000000,0.000000
0.481566,0.518434,1.000000,0.000000
0.482314,0.517686,0.000000,1.000000
0.479337,0.520663,1.000000,0.000000
0.482221,0.517779,1.000000,0.000000
0.484677,0.515323,1.000000,0.000000
0.482591,0.517409,0.000000,1.000000
0.478876,0.521124,1.000000,0.000000
0.482338,0.517662,1.000000,0.000000
0.481437,0.518563,0.000000,1.000000
0.478604,0.521396,1.000000,0.000000
0.482058,0.517942,1.000000,0.000000
0.481766,0.518234,0.000000,1.000000
0.479330,0.520670,1.000000,0.000000
0.482415,0.517585,1.000000,0.000000
0.482728,0.517272,0.000000,1.000000
0.480456,0.519544,1.000000,0.000000
0.483003,0.516997,1.000000,0.000000
0.484093,0.515907,0.000000,1.000000
0.481917,0.518083,1.000000,0.000000
0.483758,0.516242,1.000000,0.000000
0.485329,0.514671,1.000000,0.000000
0.483463,0.516537,0.000000,1.000000
0.478973,0.521027,1.000000,0.000000
0.481687,0.518313,1.000000,0.000000
0.482255,0.517745,0.000000,1.000000
0.478678,0.521322,1.000000,0.000000
0.480896,0.519104,1.000000,0.000000
0.482534,0.517466,0.000000,1.000000
0.479236,0.520764,1.000000,0.000000
0.480645,0.519355,1.000000,0.000000
0.482512,0.517488,1.000000,0.000000
0.479594,0.520406,0.000000,1.000000
0.475496,0.524504,1.000000,0.000000
0.478366,0.521634,1.000000,0.000000
0.478180,0.521820,0.000000,1.000000
0.474604,0.525396,1.000000,0.000000
0.477262,0.522738,1.000000,0.000000
0.478755,0.521245,0.000000,1.000000
0.475468,0.524532,1.000000,0.000000
0.477529,0.522471,1.000000,0.000000
0.479748,0.520252,1.000000,0.000000
0.476952,0.523048,0.000000,1.000000
0.471693,0.528307,1.000000,0.000000
0.475470,0.524530,1.000000,0.000000
0.475984,0.524016,0.000000,1.000000
0.471589,0.528411,1.000000,0.000000
0.475012,0.524988,1.000000,0.000000
0.477355,0.522645,0.000000,1.000000
0.473361,0.526639,1.000000,0.000000
0.475867,0.524133,1.000000,0.000000
0.478863,0.521137,1.000000,0.000000
0.475348,0.524652,0.000000,1.000000
0.469653,0.530347,1.000000,0.000000
0.474513,0.525487,1.000000,0.000000
0.474849,0.525151,0.000000,1.000000
0.470634,0.529366,1.000000,0.000000
0.475392,0.524608,1.000000,0.000000
0.478364,0.521636,0.000000,1.000000
0.475414,0.524586,1.000000,0.000000
0.479241,0.520759,1.000000,0.000000
0.483363,0.516637,1.000000,0.000000
0.481590,0.518410,0.000000,1.000000
0.478409,0.521591,1.000000,0.000000
0.484085,0.515915,1.000000,0.000000
0.485617,0.514383,0.000000,1.000000
0.485369,0.514631,1.000000,0.000000
0.489577,0.510423,1.000000,0.000000
0.492006,0.507994,0.000000,1.000000
0.492676,0.507324,1.000000,0.000000
0.494884,0.505116,1.000000,0.000000
0.496606,0.503394,1.000000,0.000000
0.496982,0.503018,0.000000,1.000000
