0.000000,0.000000,0.000000,0.000000
0.500000,0.500000,1.000000,0.000000
0.499991,0.500009,1.000000,0.000000
0.499933,0.500067,1.000000,0.000000
0.499789,0.500211,1.000000,0.000000
0.499536,0.500464,1.000000,0.000000
0.499161,0.500839,1.000000,0.000000
0.498652,0.501348,1.000000,0.000000
0.498006,0.501994,1.000000,0.000000
0.497225,0.502775,1.000000,0.000000
0.496379,0.503621,1.000000,0.000000
0.495545,0.504455,1.000000,0.000000
0.494773,0.505227,1.000000,0.000000
0.494094,0.505906,1.000000,0.000000
0.493529,0.506471,1.000000,0.000000
0.493090,0.506910,1.000000,0.000000
0.492783,0.507217,1.000000,0.000000
0.492590,0.507410,1.000000,0.000000
0.492448,0.507552,1.000000,0.000000
0.492371,0.507629,1.000000,0.000000
0.492110,0.507890,1.000000,0.000000
0.491671,0.508329,0.000000,1.000000
0.489046,0.510954,1.000000,0.000000
0.489870,0.510130,1.000000,0.000000
0.490891,0.509109,1.000000,0.000000
0.489310,0.510690,0.000000,1.000000
0.486880,0.513120,1.000000,0.000000
0.488826,0.511174,1.000000,0.000000
0.488440,0.511560,0.000000,1.000000
0.487029,0.512971,1.000000,0.000000
0.488970,0.511030,1.000000,0.000000
0.488791,0.511209,0.000000,1.000000
0.487996,0.512004,1.000000,0.000000
0.489778,0.510222,1.000000,0.000000
0.489112,0.510888,0.000000,1.000000
0.488413,0.511587,1.000000,0.000000
0.490101,0.509899,1.000000,0.000000
0.489434,0.510566,0.000000,1.000000
0.488601,0.511399,1.000000,0.000000
0.490074,0.509926,1.000000,0.000000
0.490258,0.509742,0.000000,1.000000
0.489530,0.510470,1.000000,0.000000
0.490398,0.509602,1.000000,0.000000
0.490803,0.509197,1.000000,0.000000
0.490068,0.509932,0.000000,1.000000
0.487437,0.512563,1.000000,0.000000
0.488314,0.511686,1.000000,0.000000
0.488476,0.511524,0.000000,1.000000
0.486105,0.513895,1.000000,0.000000
0.486794,0.513206,1.000000,0.000000
0.487277,0.512723,1.000000,0.000000
0.485117,0.514883,0.000000,1.000000
0.479274,0.520726,1.000000,0.000000
0.481698,0.518302,1.000000,0.000000
0.483007,0.516993,0.000000,1.000000
0.478816,0.521184,1.000000,0.000000
0.480978,0.519022,1.000000,0.000000
0.483726,0.516274,1.000000,0.000000
0.480773,0.519227,0.000000,1.000000
0.477600,0.522400,1.000000,0.000000
0.481188,0.518812,1.000000,0.000000
0.480128,0.519872,0.000000,1.000000
0.477625,0.522375,1.000000,0.000000
0.480964,0.519036,1.000000,0.000000
0.481179,0.518821,0.000000,1.000000
0.478962,0.521038,1.000000,0.000000
0.481640,0.518360,1.000000,0.000000
0.482547,0.517453,0.000000,1.000000
0.480415,0.519585,1.000000,0.000000
0.482454,0.517546,1.000000,0.000000
0.483708,0.516292,0.000000,1.000000
0.481629,0.518371,1.000000,0.000000
0.483203,0.516797,1.000000,0.000000
0.484625,0.515375,1.000000,0.000000
0.482781,0.517219,0.000000,1.000000
0.477359,0.522641,1.000000,0.000000
0.480566,0.519434,1.000000,0.000000
0.482497,0.517503,0.000000,1.000000
0.478905,0.521095,1.000000,0.000000
0.481388,0.518612,1.000000,0.000000
0.484385,0.515615,1.000000,0.000000
0.481870,0.518130,0.000000,1.000000
0.479799,0.520201,1.000000,0.000000
0.483112,0.516888,1.000000,0.000000
0.482299,0.517701,0.000000,1.000000
0.480669,0.519331,1.000000,0.000000
0.483455,0.516545,1.000000,0.000000
0.483952,0.516048,0.000000,1.000000
0.482409,0.517591,1.000000,0.000000
0.484401,0.515599,1.000000,0.000000
0.485707,0.514293,1.000000,0.000000
0.484471,0.515529,0.000000,1.000000
0.480347,0.519653,1.000000,0.000000
0.482888,0.517112,1.000000,0.000000
0.483459,0.516541,0.000000,1.000000
0.480337,0.519663,1.000000,0.000000
0.482755,0.517245,1.000000,0.000000
0.484123,0.515877,0.000000,1.000000
0.481450,0.518550,1.000000,0.000000
0.483380,0.516620,1.000000,0.000000
0.485051,0.514949,0.000000,1.000000
0.482589,0.517411,1.000000,0.000000
0.484044,0.515956,1.000000,0.000000
0.485805,0.514195,1.000000,0.000000
0.483582,0.516418,0.000000,1.000000
0.479095,0.520905,1.000000,0.000000
0.482198,0.517802,1.000000,0.000000
0.483248,0.516752,0.000000,1.000000
0.480242,0.519758,1.000000,0.000000
0.482668,0.517332,1.000000,0.000000
0.484961,0.515039,1.000000,0.000000
0.482776,0.517224,0.000000,1.000000
0.478857,0.521143,1.000000,0.000000
0.482227,0.517773,1.000000,0.000000
0.482038,0.517962,0.000000,1.000000
0.479177,0.520823,1.000000,0.000000
0.482245,0.517755,1.000000,0.000000
0.483169,0.516831,0.000000,1.000000
0.480795,0.519205,1.000000,0.000000
0.483146,0.516854,1.000000,0.000000
0.484521,0.515479,0.000000,1.000000
0.482332,0.517668,1.000000,0.000000
0.484039,0.515961,1.000000,0.000000
0.485536,0.514464,1.000000,0.000000
0.483553,0.516447,0.000000,1.000000
0.477887,0.522113,1.000000,0.000000
0.481163,0.518837,1.000000,0.000000
0.482839,0.517161,0.000000,1.000000
0.479008,0.520992,1.000000,0.000000
0.481570,0.518430,1.000000,0.000000
0.484505,0.515495,1.000000,0.000000
0.481732,0.518268,0.000000,1.000000
0.478200,0.521800,1.000000,0.000000
0.481986,0.518014,1.000000,0.000000
0.481385,0.518615,0.000000,1.000000
0.478769,0.521231,1.000000,0.000000
0.482078,0.517922,1.000000,0.000000
0.483279,0.516721,0.000000,1.000000
0.481126,0.518874,1.000000,0.000000
0.483394,0.516606,1.000000,0.000000
0.485366,0.514634,1.000000,0.000000
0.483716,0.516284,0.000000,1.000000
0.480550,0.519450,1.000000,0.000000
0.483300,0.516700,1.000000,0.000000
0.483260,0.516740,0.000000,1.000000
0.480844,0.519156,1.000000,0.000000
0.483339,0.516661,1.000000,0.000000
0.484127,0.515873,0.000000,1.000000
0.482013,0.517987,1.000000,0.000000
0.483981,0.516019,1.000000,0.000000
0.485153,0.514847,0.000000,1.000000
0.483157,0.516843,1.000000,0.000000
0.484635,0.515365,1.000000,0.000000
0.485966,0.514034,1.000000,0.000000
0.484185,0.515815,0.000000,1.000000
0.479252,0.520748,1.000000,0.000000
0.482124,0.517876,1.000000,0.000000
0.483581,0.516419,0.000000,1.000000
0.480226,0.519774,1.000000,0.000000
0.482499,0.517501,1.000000,0.000000
0.485038,0.514962,1.000000,0.000000
0.482605,0.517395,0.000000,1.000000
0.479424,0.520576,1.000000,0.000000
0.482749,0.517251,1.000000,0.000000
0.482193,0.517807,0.000000,1.000000
0.479879,0.520121,1.000000,0.000000
0.482844,0.517156,1.000000,0.000000
0.483371,0.516629,0.000000,1.000000
0.481415,0.518585,1.000000,0.000000
0.483689,0.516311,1.000000,0.000000
0.484686,0.515314,0.000000,1.000000
0.482834,0.517166,1.000000,0.000000
0.484503,0.515497,1.000000,0.000000
0.485665,0.514335,1.000000,0.000000
0.483989,0.516011,0.000000,1.000000
0.478033,0.521967,1.000000,0.000000
0.481113,0.518887,1.000000,0.000000
0.483054,0.516946,0.000000,1.000000
0.478986,0.521014,1.000000,0.000000
0.481413,0.518587,1.000000,0.000000
0.484472,0.515528,1.000000,0.000000
0.481478,0.518522,0.000000,1.000000
0.477928,0.522072,1.000000,0.000000
0.481825,0.518175,1.000000,0.000000
0.481319,0.518681,0.000000,1.000000
0.478742,0.521258,1.000000,0.000000
0.482043,0.517957,1.000000,0.000000
0.483509,0.516491,0.000000,1.000000
0.481444,0.518556,1.000000,0.000000
0.483581,0.516419,1.000000,0.000000
0.485611,0.514389,1.000000,0.000000
0.484090,0.515910,0.000000,1.000000
0.482097,0.517903,1.000000,0.000000
0.484430,0.515570,1.000000,0.000000
0.484184,0.515816,0.000000,1.000000
0.482542,0.517458,1.000000,0.000000
0.484568,0.515432,1.000000,0.000000
0.485013,0.514987,0.000000,1.000000
0.483466,0.516534,1.000000,0.000000
0.485055,0.514945,1.000000,0.000000
0.485848,0.514152,1.000000,0.000000
0.484491,0.515509,0.000000,1.000000
0.478360,0.521640,1.000000,0.000000
0.481195,0.518805,1.000000,0.000000
0.483275,0.516725,0.000000,1.000000
0.478995,0.521005,1.000000,0.000000
0.481330,0.518670,1.000000,0.000000
0.484509,0.515491,1.000000,0.000000
0.481360,0.518640,0.000000,1.000000
0.478195,0.521805,1.000000,0.000000
0.482139,0.517861,1.000000,0.000000
0.480929,0.519071,0.000000,1.000000
0.478718,0.521282,1.000000,0.000000
0.482246,0.517754,1.000000,0.000000
0.482332,0.517668,0.000000,1.000000
0.480531,0.519469,1.000000,0.000000
0.483242,0.516758,1.000000,0.000000
0.483970,0.516030,0.000000,1.000000
0.482269,0.517731,1.000000,0.000000
0.484238,0.515762,1.000000,0.000000
0.485226,0.514774,0.000000,1.000000
0.483526,0.516474,1.000000,0.000000
0.484965,0.515035,1.000000,0.000000
0.486049,0.513951,1.000000,0.000000
0.484504,0.515496,0.000000,1.000000
0.479256,0.520744,1.000000,0.000000
0.482005,0.517995,1.000000,0.000000
0.483753,0.516247,0.000000,1.000000
0.480199,0.519801,1.000000,0.000000
0.482334,0.517666,1.000000,0.000000
0.484968,0.515032,1.000000,0.000000
0.482320,0.517680,0.000000,1.000000
0.478846,0.521154,1.000000,0.000000
0.482294,0.517706,1.000000,0.000000
0.482364,0.517636,0.000000,1.000000
0.479854,0.520146,1.000000,0.000000
0.482600,0.517400,1.000000,0.000000
0.484315,0.515685,1.000000,0.000000
0.482395,0.517605,0.000000,1.000000
0.476474,0.523526,1.000000,0.000000
0.480074,0.519926,1.000000,0.000000
0.480176,0.519824,0.000000,1.000000
0.475512,0.524488,1.000000,0.000000
0.479170,0.520830,1.000000,0.000000
0.480457,0.519543,0.000000,1.000000
0.476501,0.523499,1.000000,0.000000
0.479563,0.520437,1.000000,0.000000
0.481496,0.518504,0.000000,1.000000
0.477912,0.522088,1.000000,0.000000
0.480285,0.519715,1.000000,0.000000
0.482548,0.517452,0.000000,1.000000
0.479203,0.520797,1.000000,0.000000
0.480989,0.519011,1.000000,0.000000
0.483390,0.516610,1.000000,0.000000
0.480300,0.519700,0.000000,1.000000
0.474536,0.525464,1.000000,0.000000
0.478683,0.521317,1.000000,0.000000
0.479636,0.520364,0.000000,1.000000
0.475593,0.524407,1.000000,0.000000
0.478963,0.521037,1.000000,0.000000
0.481918,0.518082,0.000000,1.000000
0.478793,0.521207,1.000000,0.000000
0.480803,0.519197,1.000000,0.000000
0.483661,0.516339,1.000000,0.000000
0.481473,0.518527,0.000000,1.000000
0.482446,0.517554,1.000000,0.000000
0.484676,0.515324,1.000000,0.000000
0.483418,0.516582,0.000000,1.000000
0.484008,0.515992,1.000000,0.000000
0.486004,0.513996,1.000000,0.000000
0.485669,0.514331,0.000000,1.000000
0.486322,0.513678,1.000000,0.000000
0.488225,0.511775,1.000000,0.000000
0.488757,0.511243,1.000000,0.000000
0.489967,0.510033,0.000000,1.000000
0.486375,0.513625,1.000000,0.000000
0.488520,0.511480,1.000000,0.000000
0.491612,0.508388,0.000000,1.000000
0.489900,0.510100,1.000000,0.000000
0.491160,0.508840,1.000000,0.000000
0.493354,0.506646,1.000000,0.000000
0.491784,0.508216,0.000000,1.000000
0.494115,0.505885,1.000000,0.000000
0.495043,0.504957,1.000000,0.000000
