0.000000,0.000000,0.000000,0.000000
0.500000,0.500000,1.000000,0.000000
0.499976,0.500024,1.000000,0.000000
0.499812,0.500188,1.000000,0.000000
0.499409,0.500591,1.000000,0.000000
0.498702,0.501298,1.000000,0.000000
0.497730,0.502270,1.000000,0.000000
0.496709,0.503291,1.000000,0.000000
0.495807,0.504193,1.000000,0.000000
0.495130,0.504870,1.000000,0.000000
0.494690,0.505310,1.000000,0.000000
0.494408,0.505592,1.000000,0.000000
0.494228,0.505772,1.000000,0.000000
0.494113,0.505887,1.000000,0.000000
0.494062,0.505938,1.000000,0.000000
0.494088,0.505912,1.000000,0.000000
0.494200,0.505800,1.000000,0.000000
0.494401,0.505599,1.000000,0.000000
0.494643,0.505357,1.000000,0.000000
0.494876,0.505124,1.000000,0.000000
0.495065,0.504935,1.000000,0.000000
0.495190,0.504810,1.000000,0.000000
0.495237,0.504763,1.000000,0.000000
0.495198,0.504802,1.000000,0.000000
0.495069,0.504931,1.000000,0.000000
0.494847,0.505153,1.000000,0.000000
0.494528,0.505472,1.000000,0.000000
0.494112,0.505888,1.000000,0.000000
0.493599,0.506401,1.000000,0.000000
0.492987,0.507013,1.000000,0.000000
0.492280,0.507720,1.000000,0.000000
0.491473,0.508527,1.000000,0.000000
0.490654,0.509346,1.000000,0.000000
0.489486,0.510514,1.000000,0.000000
0.487674,0.512326,0.000000,1.000000
0.481598,0.518402,1.000000,0.000000
0.482813,0.517187,1.000000,0.000000
0.484160,0.515840,0.000000,1.000000
0.479676,0.520324,1.000000,0.000000
0.481154,0.518846,1.000000,0.000000
0.483740,0.516260,1.000000,0.000000
0.480761,0.519239,0.000000,1.000000
0.479562,0.520438,1.000000,0.000000
0.482333,0.517667,1.000000,0.000000
0.480822,0.519178,0.000000,1.000000
0.479523,0.520477,1.000000,0.000000
0.482060,0.517940,1.000000,0.000000
0.481632,0.518368,0.000000,1.000000
0.480214,0.519786,1.000000,0.000000
0.482323,0.517677,1.000000,0.000000
0.482569,0.517431,0.000000,1.000000
0.481031,0.518969,1.000000,0.000000
0.482744,0.517256,1.000000,0.000000
0.483409,0.516591,1.000000,0.000000
0.482074,0.517926,0.000000,1.000000
0.474743,0.525257,1.000000,0.000000
0.477966,0.522034,1.000000,0.000000
0.480870,0.519130,0.000000,1.000000
0.475764,0.524236,1.000000,0.000000
0.478442,0.521558,1.000000,0.000000
0.482570,0.517430,1.000000,0.000000
0.478937,0.521063,0.000000,1.000000
0.477247,0.522753,1.000000,0.000000
0.481638,0.518362,1.000000,0.000000
0.479701,0.520299,0.000000,1.000000
0.478510,0.521490,1.000000,0.000000
0.482303,0.517697,1.000000,0.000000
0.481739,0.518261,0.000000,1.000000
0.480633,0.519367,1.000000,0.000000
0.483473,0.516527,1.000000,0.000000
0.483976,0.516024,0.000000,1.000000
0.482731,0.517269,1.000000,0.000000
0.484652,0.515348,1.000000,0.000000
0.485846,0.514154,1.000000,0.000000
0.484816,0.515184,0.000000,1.000000
0.480935,0.519065,1.000000,0.000000
0.483256,0.516744,1.000000,0.000000
0.483918,0.516082,0.000000,1.000000
0.480946,0.519054,1.000000,0.000000
0.483143,0.516857,1.000000,0.000000
0.484519,0.515481,0.000000,1.000000
0.481942,0.518058,1.000000,0.000000
0.483699,0.516301,1.000000,0.000000
0.485337,0.514663,0.000000,1.000000
0.482948,0.517052,1.000000,0.000000
0.484284,0.515716,1.000000,0.000000
0.485996,0.514004,1.000000,0.000000
0.483842,0.516158,0.000000,1.000000
0.479796,0.520204,1.000000,0.000000
0.482697,0.517303,1.000000,0.000000
0.483658,0.516342,0.000000,1.000000
0.480947,0.519053,1.000000,0.000000
0.483193,0.516807,1.000000,0.000000
0.485284,0.514716,1.000000,0.000000
0.483333,0.516667,0.000000,1.000000
0.479836,0.520164,1.000000,0.000000
0.482853,0.517147,1.000000,0.000000
0.482776,0.517224,0.000000,1.000000
0.480185,0.519815,1.000000,0.000000
0.482899,0.517101,1.000000,0.000000
0.483814,0.516186,0.000000,1.000000
0.481611,0.518389,1.000000,0.000000
0.483688,0.516312,1.000000,0.000000
0.484988,0.515012,0.000000,1.000000
0.482929,0.517071,1.000000,0.000000
0.484448,0.515552,1.000000,0.000000
0.485850,0.514150,1.000000,0.000000
0.483990,0.516010,0.000000,1.000000
0.478866,0.521134,1.000000,0.000000
0.481860,0.518140,1.000000,0.000000
0.483449,0.516551,0.000000,1.000000
0.480009,0.519991,1.000000,0.000000
0.482317,0.517683,1.000000,0.000000
0.484975,0.515025,1.000000,0.000000
0.482521,0.517479,0.000000,1.000000
0.479719,0.520281,1.000000,0.000000
0.482964,0.517036,1.000000,0.000000
0.482501,0.517499,0.000000,1.000000
0.480354,0.519646,1.000000,0.000000
0.483118,0.516882,1.000000,0.000000
0.484043,0.515957,0.000000,1.000000
0.482310,0.517690,1.000000,0.000000
0.484218,0.515782,1.000000,0.000000
0.485411,0.514589,1.000000,0.000000
0.483878,0.516122,0.000000,1.000000
0.477799,0.522201,1.000000,0.000000
0.480911,0.519089,1.000000,0.000000
0.482994,0.517006,0.000000,1.000000
0.478813,0.521187,1.000000,0.000000
0.481263,0.518737,1.000000,0.000000
0.484473,0.515527,1.000000,0.000000
0.481461,0.518539,0.000000,1.000000
0.478760,0.521240,1.000000,0.000000
0.482531,0.517469,1.000000,0.000000
0.481280,0.518720,0.000000,1.000000
0.479337,0.520663,1.000000,0.000000
0.482678,0.517322,1.000000,0.000000
0.482660,0.517340,0.000000,1.000000
0.481023,0.518977,1.000000,0.000000
0.483589,0.516411,1.000000,0.000000
0.484249,0.515751,0.000000,1.000000
0.482668,0.517332,1.000000,0.000000
0.484521,0.515479,1.000000,0.000000
0.485491,0.514509,1.000000,0.000000
0.484073,0.515927,0.000000,1.000000
0.477750,0.522250,1.000000,0.000000
0.480787,0.519213,1.000000,0.000000
0.482888,0.517112,0.000000,1.000000
0.478452,0.521548,1.000000,0.000000
0.480952,0.519048,1.000000,0.000000
0.484270,0.515730,1.000000,0.000000
0.481006,0.518994,0.000000,1.000000
0.477558,0.522442,1.000000,0.000000
0.481751,0.518249,1.000000,0.000000
0.480352,0.519648,0.000000,1.000000
0.477952,0.522048,1.000000,0.000000
0.481788,0.518212,1.000000,0.000000
0.481655,0.518345,0.000000,1.000000
0.479735,0.520265,1.000000,0.000000
0.482767,0.517233,1.000000,0.000000
0.483344,0.516656,0.000000,1.000000
0.481553,0.518447,1.000000,0.000000
0.483803,0.516197,1.000000,0.000000
0.484819,0.515181,0.000000,1.000000
0.483033,0.516967,1.000000,0.000000
0.484665,0.515335,1.000000,0.000000
0.486001,0.513999,1.000000,0.000000
0.484448,0.515552,0.000000,1.000000
0.480323,0.519677,1.000000,0.000000
0.482923,0.517077,1.000000,0.000000
0.483503,0.516497,0.000000,1.000000
0.480507,0.519493,1.000000,0.000000
0.482882,0.517118,1.000000,0.000000
0.484274,0.515726,0.000000,1.000000
0.481720,0.518280,1.000000,0.000000
0.483567,0.516433,1.000000,0.000000
0.485197,0.514803,0.000000,1.000000
0.482817,0.517183,1.000000,0.000000
0.484209,0.515791,1.000000,0.000000
0.485899,0.514101,1.000000,0.000000
0.483731,0.516269,0.000000,1.000000
0.479284,0.520716,1.000000,0.000000
0.482310,0.517690,1.000000,0.000000
0.483426,0.516574,0.000000,1.000000
0.480459,0.519541,1.000000,0.000000
0.482804,0.517196,1.000000,0.000000
0.485093,0.514907,1.000000,0.000000
0.482955,0.517045,0.000000,1.000000
0.479436,0.520564,1.000000,0.000000
0.482642,0.517358,1.000000,0.000000
0.482413,0.517587,0.000000,1.000000
0.479823,0.520177,1.000000,0.000000
0.482701,0.517299,1.000000,0.000000
0.483543,0.516457,0.000000,1.000000
0.481358,0.518642,1.000000,0.000000
0.483550,0.516450,1.000000,0.000000
0.484835,0.515165,0.000000,1.000000
0.482797,0.517203,1.000000,0.000000
0.484381,0.515619,1.000000,0.000000
0.485790,0.514210,1.000000,0.000000
0.483958,0.516042,0.000000,1.000000
0.478800,0.521200,1.000000,0.000000
0.481808,0.518192,1.000000,0.000000
0.483401,0.516599,0.000000,1.000000
0.479915,0.520085,1.000000,0.000000
0.482257,0.517743,1.000000,0.000000
0.484963,0.515037,1.000000,0.000000
0.482496,0.517504,0.000000,1.000000
0.479898,0.520102,1.000000,0.000000
0.483141,0.516859,1.000000,0.000000
0.482358,0.517642,0.000000,1.000000
0.480371,0.519629,1.000000,0.000000
0.483226,0.516774,1.000000,0.000000
0.483684,0.516316,0.000000,1.000000
0.481900,0.518100,1.000000,0.000000
0.484024,0.515976,1.000000,0.000000
0.485245,0.514755,1.000000,0.000000
0.483844,0.516156,0.000000,1.000000
0.477886,0.522114,1.000000,0.000000
0.480972,0.519028,1.000000,0.000000
0.482981,0.517019,0.000000,1.000000
0.478811,0.521189,1.000000,0.000000
0.481286,0.518714,1.000000,0.000000
0.484471,0.515529,1.000000,0.000000
0.481461,0.518539,0.000000,1.000000
0.478594,0.521406,1.000000,0.000000
0.482417,0.517583,1.000000,0.000000
0.481139,0.518861,0.000000,1.000000
0.479077,0.520923,1.000000,0.000000
0.482509,0.517491,1.000000,0.000000
0.482450,0.517550,0.000000,1.000000
0.480730,0.519270,1.000000,0.000000
0.483401,0.516599,1.000000,0.000000
0.484038,0.515962,0.000000,1.000000
0.482398,0.517602,1.000000,0.000000
0.484345,0.515655,1.000000,0.000000
0.485322,0.514678,1.000000,0.000000
0.483850,0.516150,0.000000,1.000000
0.477211,0.522789,1.000000,0.000000
0.480383,0.519617,1.000000,0.000000
0.482520,0.517480,0.000000,1.000000
0.477826,0.522174,1.000000,0.000000
0.480474,0.519526,1.000000,0.000000
0.483949,0.516051,0.000000,1.000000
0.480498,0.519502,1.000000,0.000000
0.481995,0.518005,1.000000,0.000000
0.484925,0.515075,1.000000,0.000000
0.482447,0.517553,0.000000,1.000000
0.484942,0.515058,1.000000,0.000000
0.486778,0.513222,1.000000,0.000000
0.485051,0.514949,0.000000,1.000000
0.486383,0.513617,1.000000,0.000000
0.487564,0.512436,1.000000,0.000000
0.486357,0.513643,0.000000,1.000000
0.486917,0.513083,1.000000,0.000000
0.487761,0.512239,1.000000,0.000000
0.486960,0.513040,1.000000,0.000000
0.487351,0.512649,0.000000,1.000000
0.481015,0.518985,1.000000,0.000000
0.482303,0.517697,1.000000,0.000000
0.485139,0.514861,0.000000,1.000000
0.480478,0.519522,1.000000,0.000000
0.481700,0.518300,1.000000,0.000000
0.484988,0.515012,1.000000,0.000000
0.481333,0.518667,0.000000,1.000000
0.479959,0.520041,1.000000,0.000000
0.483499,0.516501,1.000000,0.000000
0.481661,0.518339,0.000000,1.000000
0.480777,0.519223,1.000000,0.000000
0.483798,0.516202,1.000000,0.000000
0.483112,0.516888,0.000000,1.000000
0.482273,0.517727,1.000000,0.000000
0.484592,0.515408,1.000000,0.000000
0.484538,0.515462,0.000000,1.000000
0.483570,0.516430,1.000000,0.000000
0.485299,0.514701,1.000000,0.000000
0.485618,0.514382,1.000000,0.000000
0.484728,0.515272,0.000000,1.000000
0.477723,0.522277,1.000000,0.000000
0.480427,0.519573,1.000000,0.000000
0.483062,0.516938,0.000000,1.000000
0.478029,0.521971,1.000000,0.000000
0.480333,0.519667,1.000000,0.000000
0.484048,0.515952,1.000000,0.000000
0.480302,0.519698,0.000000,1.000000
0.477214,0.522786,1.000000,0.000000
0.481662,0.518338,1.000000,0.000000
0.479847,0.520153,0.000000,1.000000
0.477756,0.522244,1.000000,0.000000
0.481759,0.518241,1.000000,0.000000
0.481414,0.518586,0.000000,1.000000
0.479776,0.520224,1.000000,0.000000
0.482862,0.517138,1.000000,0.000000
0.483336,0.516664,0.000000,1.000000
0.481797,0.518203,1.000000,0.000000
0.484017,0.515983,1.000000,0.000000
0.484860,0.515140,0.000000,1.000000
0.483298,0.516702,1.000000,0.000000
0.484883,0.515117,1.000000,0.000000
0.485865,0.514135,1.000000,0.000000
0.484444,0.515556,0.000000,1.000000
0.478712,0.521288,1.000000,0.000000
0.481533,0.518467,1.000000,0.000000
0.483570,0.516430,0.000000,1.000000
0.479658,0.520342,1.000000,0.000000
0.481863,0.518137,1.000000,0.000000
0.484836,0.515164,1.000000,0.000000
0.482025,0.517975,0.000000,1.000000
0.479736,0.520264,1.000000,0.000000
0.483094,0.516906,1.000000,0.000000
0.482261,0.517739,0.000000,1.000000
0.480489,0.519511,1.000000,0.000000
0.479980,0.520020,0.000000,1.000000
0.476411,0.523589,1.000000,0.000000
0.480444,0.519556,1.000000,0.000000
0.481496,0.518504,0.000000,1.000000
0.478746,0.521254,1.000000,0.000000
0.481780,0.518220,1.000000,0.000000
0.483337,0.516663,0.000000,1.000000
0.480859,0.519141,1.000000,0.000000
0.483035,0.516965,1.000000,0.000000
0.484728,0.515272,0.000000,1.000000
0.482359,0.517641,1.000000,0.000000
0.483930,0.516070,1.000000,0.000000
0.485654,0.514346,1.000000,0.000000
0.483474,0.516526,0.000000,1.000000
0.478533,0.521467,1.000000,0.000000
0.481755,0.518245,1.000000,0.000000
0.483007,0.516993,0.000000,1.000000
0.479693,0.520307,1.000000,0.000000
0.482216,0.517784,1.000000,0.000000
0.484745,0.515255,1.000000,0.000000
0.482330,0.517670,0.000000,1.000000
0.478390,0.521610,1.000000,0.000000
0.481988,0.518012,1.000000,0.000000
0.481598,0.518402,0.000000,1.000000
0.478745,0.521255,1.000000,0.000000
0.482016,0.517984,1.000000,0.000000
0.482827,0.517173,0.000000,1.000000
0.480482,0.519518,1.000000,0.000000
0.482982,0.517018,1.000000,0.000000
0.484313,0.515687,0.000000,1.000000
0.482158,0.517842,1.000000,0.000000
0.483954,0.516046,1.000000,0.000000
0.485440,0.514560,1.000000,0.000000
0.483495,0.516505,0.000000,1.000000
0.477686,0.522314,1.000000,0.000000
0.481000,0.519000,1.000000,0.000000
0.482722,0.517278,0.000000,1.000000
0.478766,0.521234,1.000000,0.000000
0.481384,0.518616,1.000000,0.000000
0.484424,0.515576,1.000000,0.000000
0.481573,0.518427,0.000000,1.000000
0.478176,0.521824,1.000000,0.000000
0.482040,0.517960,1.000000,0.000000
0.481076,0.518924,0.000000,1.000000
0.478578,0.521422,1.000000,0.000000
0.482057,0.517943,1.000000,0.000000
0.482603,0.517397,0.000000,1.000000
0.480483,0.519517,1.000000,0.000000
0.483056,0.516944,1.000000,0.000000
0.484475,0.515525,0.000000,1.000000
0.482628,0.517372,1.000000,0.000000
0.484298,0.515702,1.000000,0.000000
0.485750,0.514250,1.000000,0.000000
0.484074,0.515926,0.000000,1.000000
0.479239,0.520761,1.000000,0.000000
0.482117,0.517883,1.000000,0.000000
0.483731,0.516269,0.000000,1.000000
0.480477,0.519523,1.000000,0.000000
0.482663,0.517337,1.000000,0.000000
0.485226,0.514774,1.000000,0.000000
0.482945,0.517055,0.000000,1.000000
0.480858,0.519142,1.000000,0.000000
0.483772,0.516228,1.000000,0.000000
0.483041,0.516959,0.000000,1.000000
0.481417,0.518583,1.000000,0.000000
0.483939,0.516061,1.000000,0.000000
0.484167,0.515833,0.000000,1.000000
0.482683,0.517317,1.000000,0.000000
0.484613,0.515387,1.000000,0.000000
0.485327,0.514673,0.000000,1.000000
0.483849,0.516151,1.000000,0.000000
0.485265,0.514735,1.000000,0.000000
0.486190,0.513810,1.000000,0.000000
0.484888,0.515112,0.000000,1.000000
0.479858,0.520142,1.000000,0.000000
0.482384,0.517616,1.000000,0.000000
0.484151,0.515849,0.000000,1.000000
0.480698,0.519302,1.000000,0.000000
0.482708,0.517292,1.000000,0.000000
0.485322,0.514678,1.000000,0.000000
0.482873,0.517127,0.000000,1.000000
0.480999,0.519001,1.000000,0.000000
0.483919,0.516081,1.000000,0.000000
0.482997,0.517003,0.000000,1.000000
0.481556,0.518444,1.000000,0.000000
0.484088,0.515912,1.000000,0.000000
0.484070,0.515930,0.000000,1.000000
0.482732,0.517268,1.000000,0.000000
0.484708,0.515292,1.000000,0.000000
0.485169,0.514831,0.000000,1.000000
0.483789,0.516211,1.000000,0.000000
0.485289,0.514711,1.000000,0.000000
0.486058,0.513942,1.000000,0.000000
0.484819,0.515181,0.000000,1.000000
0.479290,0.520710,1.000000,0.000000
0.481869,0.518131,1.000000,0.000000
0.483391,0.516609,0.000000,1.000000
0.479311,0.520689,1.000000,0.000000
0.481565,0.518435,1.000000,0.000000
0.484066,0.515934,0.000000,1.000000
0.480652,0.519348,1.000000,0.000000
0.482053,0.517947,1.000000,0.000000
0.484478,0.515522,1.000000,0.000000
0.481475,0.518525,0.000000,1.000000
0.479169,0.520831,1.000000,0.000000
0.481712,0.518288,1.000000,0.000000
0.480726,0.519274,0.000000,1.000000
0.478359,0.521641,1.000000,0.000000
0.480423,0.519577,1.000000,0.000000
0.480819,0.519181,0.000000,1.000000
0.478379,0.521621,1.000000,0.000000
0.479920,0.520080,1.000000,0.000000
0.481050,0.518950,1.000000,0.000000
0.478967,0.521033,0.000000,1.000000
0.473226,0.526774,1.000000,0.000000
0.476181,0.523819,1.000000,0.000000
0.477302,0.522698,0.000000,1.000000
0.472620,0.527380,1.000000,0.000000
0.475446,0.524554,1.000000,0.000000
0.478157,0.521843,0.000000,1.000000
0.474031,0.525969,1.000000,0.000000
0.476113,0.523887,1.000000,0.000000
0.479248,0.520752,1.000000,0.000000
0.475668,0.524332,0.000000,1.000000
0.471863,0.528137,1.000000,0.000000
0.475931,0.524069,1.000000,0.000000
0.475434,0.524566,0.000000,1.000000
0.472025,0.527975,1.000000,0.000000
0.475644,0.524356,1.000000,0.000000
0.477180,0.522820,0.000000,1.000000
0.474085,0.525915,1.000000,0.000000
0.477010,0.522990,1.000000,0.000000
0.479731,0.520269,1.000000,0.000000
0.477403,0.522597,0.000000,1.000000
0.471558,0.528442,1.000000,0.000000
0.476705,0.523295,1.000000,0.000000
0.478544,0.521456,0.000000,1.000000
0.475254,0.524746,1.000000,0.000000
0.480132,0.519868,1.000000,0.000000
0.484206,0.515794,0.000000,1.000000
0.482694,0.517306,1.000000,0.000000
0.486008,0.513992,1.000000,0.000000
0.489867,0.510133,1.000000,0.000000
0.488861,0.511139,0.000000,1.000000
0.489538,0.510462,1.000000,0.000000
0.492798,0.507202,1.000000,0.000000
0.493050,0.506950,0.000000,1.000000
0.494898,0.505102,1.000000,0.000000
