0.000000,0.000000,0.000000,0.000000
0.500000,0.500000,1.000000,0.000000
0.499993,0.500007,1.000000,0.000000
0.499944,0.500056,1.000000,0.000000
0.499825,0.500175,1.000000,0.000000
0.499615,0.500385,1.000000,0.000000
0.499302,0.500698,1.000000,0.000000
0.498880,0.501120,1.000000,0.000000
0.498343,0.501657,1.000000,0.000000
0.497687,0.502313,1.000000,0.000000
0.496911,0.503089,1.000000,0.000000
0.496013,0.503987,1.000000,0.000000
0.495023,0.504977,1.000000,0.000000
0.494012,0.505988,1.000000,0.000000
0.493033,0.506967,1.000000,0.000000
0.492121,0.507879,1.000000,0.000000
0.491290,0.508710,1.000000,0.000000
0.490576,0.509424,1.000000,0.000000
0.489846,0.510154,1.000000,0.000000
0.489230,0.510770,1.000000,0.000000
0.487156,0.512844,0.000000,1.000000
0.482575,0.517425,1.000000,0.000000
0.484247,0.515753,1.000000,0.000000
0.484189,0.515811,0.000000,1.000000
0.480671,0.519329,1.000000,0.000000
0.482906,0.517094,1.000000,0.000000
0.483968,0.516032,0.000000,1.000000
0.481058,0.518942,1.000000,0.000000
0.483061,0.516939,1.000000,0.000000
0.484623,0.515377,0.000000,1.000000
0.482012,0.517988,1.000000,0.000000
0.483598,0.516402,1.000000,0.000000
0.485339,0.514661,1.000000,0.000000
0.482998,0.517002,0.000000,1.000000
0.477538,0.522462,1.000000,0.000000
0.481031,0.518969,1.000000,0.000000
0.482487,0.517513,0.000000,1.000000
0.478889,0.521111,1.000000,0.000000
0.481671,0.518329,1.000000,0.000000
0.484620,0.515380,1.000000,0.000000
0.482140,0.517860,0.000000,1.000000
0.478957,0.521043,1.000000,0.000000
0.482768,0.517232,1.000000,0.000000
0.481956,0.518044,0.000000,1.000000
0.479828,0.520172,1.000000,0.000000
0.483281,0.516719,1.000000,0.000000
0.483472,0.516528,0.000000,1.000000
0.481803,0.518197,1.000000,0.000000
0.484479,0.515521,1.000000,0.000000
0.485286,0.514714,0.000000,1.000000
0.483716,0.516284,1.000000,0.000000
0.485613,0.514387,1.000000,0.000000
0.486868,0.513132,1.000000,0.000000
0.485497,0.514503,0.000000,1.000000
0.480905,0.519095,1.000000,0.000000
0.483548,0.516452,1.000000,0.000000
0.484237,0.515763,0.000000,1.000000
0.480876,0.519124,1.000000,0.000000
0.483274,0.516726,1.000000,0.000000
0.484763,0.515237,0.000000,1.000000
0.481897,0.518103,1.000000,0.000000
0.483677,0.516323,1.000000,0.000000
0.485359,0.514641,0.000000,1.000000
0.482678,0.517322,1.000000,0.000000
0.483988,0.516012,1.000000,0.000000
0.485732,0.514268,1.000000,0.000000
0.483269,0.516731,0.000000,1.000000
0.478572,0.521428,1.000000,0.000000
0.481735,0.518265,1.000000,0.000000
0.482714,0.517286,0.000000,1.000000
0.479549,0.520451,1.000000,0.000000
0.482067,0.517933,1.000000,0.000000
0.484432,0.515568,1.000000,0.000000
0.482139,0.517861,0.000000,1.000000
0.477993,0.522007,1.000000,0.000000
0.481522,0.518478,1.000000,0.000000
0.481277,0.518723,0.000000,1.000000
0.478200,0.521800,1.000000,0.000000
0.481456,0.518544,1.000000,0.000000
0.482401,0.517599,0.000000,1.000000
0.479833,0.520167,1.000000,0.000000
0.482357,0.517643,1.000000,0.000000
0.483823,0.516177,0.000000,1.000000
0.481468,0.518532,1.000000,0.000000
0.483317,0.516683,1.000000,0.000000
0.484951,0.515049,1.000000,0.000000
0.482829,0.517171,0.000000,1.000000
0.476836,0.523164,1.000000,0.000000
0.480378,0.519622,1.000000,0.000000
0.482116,0.517884,0.000000,1.000000
0.478056,0.521944,1.000000,0.000000
0.480864,0.519136,1.000000,0.000000
0.484041,0.515959,1.000000,0.000000
0.481109,0.518891,0.000000,1.000000
0.477368,0.522632,1.000000,0.000000
0.481495,0.518505,1.000000,0.000000
0.480544,0.519456,0.000000,1.000000
0.477814,0.522186,1.000000,0.000000
0.481540,0.518460,1.000000,0.000000
0.482212,0.517788,0.000000,1.000000
0.479935,0.520065,1.000000,0.000000
0.482688,0.517312,1.000000,0.000000
0.484452,0.515548,1.000000,0.000000
0.482577,0.517423,0.000000,1.000000
0.476547,0.523453,1.000000,0.000000
0.480301,0.519699,1.000000,0.000000
0.480689,0.519311,0.000000,1.000000
0.476202,0.523798,1.000000,0.000000
0.479950,0.520050,1.000000,0.000000
0.481541,0.518459,0.000000,1.000000
0.477930,0.522070,1.000000,0.000000
0.480956,0.519044,1.000000,0.000000
0.483067,0.516933,0.000000,1.000000
0.479897,0.520103,1.000000,0.000000
0.482132,0.517868,1.000000,0.000000
0.484415,0.515585,0.000000,1.000000
0.481502,0.518498,1.000000,0.000000
0.483090,0.516910,1.000000,0.000000
0.485367,0.514633,1.000000,0.000000
0.482704,0.517296,0.000000,1.000000
0.478446,0.521554,1.000000,0.000000
0.481916,0.518084,1.000000,0.000000
0.482574,0.517426,0.000000,1.000000
0.479751,0.520249,1.000000,0.000000
0.482461,0.517539,1.000000,0.000000
0.484599,0.515401,1.000000,0.000000
0.482526,0.517474,0.000000,1.000000
0.477523,0.522477,1.000000,0.000000
0.481180,0.518820,1.000000,0.000000
0.481265,0.518735,0.000000,1.000000
0.477598,0.522402,1.000000,0.000000
0.481055,0.518945,1.000000,0.000000
0.482341,0.517659,0.000000,1.000000
0.479372,0.520628,1.000000,0.000000
0.482063,0.517937,1.000000,0.000000
0.483818,0.516182,0.000000,1.000000
0.481159,0.518841,1.000000,0.000000
0.483117,0.516883,1.000000,0.000000
0.484986,0.515014,0.000000,1.000000
0.482478,0.517522,1.000000,0.000000
0.483903,0.516097,1.000000,0.000000
0.485770,0.514230,1.000000,0.000000
0.483457,0.516543,0.000000,1.000000
0.479159,0.520841,1.000000,0.000000
0.482284,0.517716,1.000000,0.000000
0.483167,0.516833,0.000000,1.000000
0.480329,0.519671,1.000000,0.000000
0.482755,0.517245,1.000000,0.000000
0.484736,0.515264,1.000000,0.000000
0.482555,0.517445,0.000000,1.000000
0.476978,0.523022,1.000000,0.000000
0.480728,0.519272,1.000000,0.000000
0.480998,0.519002,0.000000,1.000000
0.476986,0.523014,1.000000,0.000000
0.480562,0.519438,1.000000,0.000000
0.482018,0.517982,0.000000,1.000000
0.478783,0.521217,1.000000,0.000000
0.481602,0.518398,1.000000,0.000000
0.483505,0.516495,0.000000,1.000000
0.480617,0.519383,1.000000,0.000000
0.482696,0.517304,1.000000,0.000000
0.484739,0.515261,0.000000,1.000000
0.482046,0.517954,1.000000,0.000000
0.483548,0.516452,1.000000,0.000000
0.485599,0.514401,1.000000,0.000000
0.483135,0.516865,0.000000,1.000000
0.478890,0.521110,1.000000,0.000000
0.482157,0.517843,1.000000,0.000000
0.482971,0.517029,0.000000,1.000000
0.480148,0.519852,1.000000,0.000000
0.482687,0.517313,1.000000,0.000000
0.484848,0.515152,1.000000,0.000000
0.482786,0.517214,0.000000,1.000000
0.478368,0.521632,1.000000,0.000000
0.481809,0.518191,1.000000,0.000000
0.481820,0.518180,0.000000,1.000000
0.478585,0.521415,1.000000,0.000000
0.481767,0.518233,1.000000,0.000000
0.482919,0.517081,0.000000,1.000000
0.480261,0.519739,1.000000,0.000000
0.482709,0.517291,1.000000,0.000000
0.484305,0.515695,0.000000,1.000000
0.481889,0.518111,1.000000,0.000000
0.483661,0.516339,1.000000,0.000000
0.485361,0.514639,1.000000,0.000000
0.483166,0.516834,0.000000,1.000000
0.477449,0.522551,1.000000,0.000000
0.480927,0.519073,1.000000,0.000000
0.482474,0.517526,0.000000,1.000000
0.478621,0.521379,1.000000,0.000000
0.481349,0.518651,1.000000,0.000000
0.484292,0.515708,1.000000,0.000000
0.481486,0.518514,0.000000,1.000000
0.477340,0.522660,1.000000,0.000000
0.481369,0.518631,1.000000,0.000000
0.480882,0.519118,0.000000,1.000000
0.477837,0.522163,1.000000,0.000000
0.481407,0.518593,1.000000,0.000000
0.482859,0.517141,0.000000,1.000000
0.480418,0.519582,1.000000,0.000000
0.482848,0.517152,1.000000,0.000000
0.485085,0.514915,1.000000,0.000000
0.483208,0.516792,0.000000,1.000000
0.480005,0.519995,1.000000,0.000000
0.483006,0.516994,1.000000,0.000000
0.482784,0.517216,0.000000,1.000000
0.480368,0.519632,1.000000,0.000000
0.483078,0.516922,1.000000,0.000000
0.483755,0.516245,0.000000,1.000000
0.481661,0.518339,1.000000,0.000000
0.483788,0.516212,1.000000,0.000000
0.484900,0.515100,0.000000,1.000000
0.482925,0.517075,1.000000,0.000000
0.484512,0.515488,1.000000,0.000000
0.485811,0.514189,1.000000,0.000000
0.484045,0.515955,0.000000,1.000000
0.478707,0.521293,1.000000,0.000000
0.481697,0.518303,1.000000,0.000000
0.483285,0.516715,0.000000,1.000000
0.479634,0.520366,1.000000,0.000000
0.482025,0.517975,1.000000,0.000000
0.484770,0.515230,1.000000,0.000000
0.482101,0.517899,0.000000,1.000000
0.478625,0.521375,1.000000,0.000000
0.482262,0.517738,1.000000,0.000000
0.481547,0.518453,0.000000,1.000000
0.479059,0.520941,1.000000,0.000000
0.482334,0.517666,1.000000,0.000000
0.482801,0.517199,0.000000,1.000000
0.480747,0.519253,1.000000,0.000000
0.483267,0.516733,1.000000,0.000000
0.484266,0.515734,0.000000,1.000000
0.482347,0.517653,1.000000,0.000000
0.484190,0.515810,1.000000,0.000000
0.485381,0.514619,1.000000,0.000000
0.483641,0.516359,0.000000,1.000000
0.477184,0.522816,1.000000,0.000000
0.480478,0.519522,1.000000,0.000000
0.482517,0.517483,0.000000,1.000000
0.478058,0.521942,1.000000,0.000000
0.480698,0.519302,1.000000,0.000000
0.484017,0.515983,1.000000,0.000000
0.480695,0.519305,0.000000,1.000000
0.476326,0.523674,1.000000,0.000000
0.480793,0.519207,1.000000,0.000000
0.480196,0.519804,0.000000,1.000000
0.477378,0.522622,1.000000,0.000000
0.481194,0.518806,1.000000,0.000000
0.482034,0.517966,0.000000,1.000000
0.479812,0.520188,1.000000,0.000000
0.482591,0.517409,1.000000,0.000000
0.483867,0.516133,0.000000,1.000000
0.481784,0.518216,1.000000,0.000000
0.483755,0.516245,1.000000,0.000000
0.485150,0.514850,0.000000,1.000000
0.483101,0.516899,1.000000,0.000000
0.484535,0.515465,1.000000,0.000000
0.485972,0.514028,1.000000,0.000000
0.484095,0.515905,0.000000,1.000000
0.479362,0.520638,1.000000,0.000000
0.482251,0.517749,1.000000,0.000000
0.483638,0.516362,0.000000,1.000000
0.480454,0.519546,1.000000,0.000000
0.482700,0.517300,1.000000,0.000000
0.485145,0.514855,1.000000,0.000000
0.482856,0.517144,0.000000,1.000000
0.479852,0.520148,1.000000,0.000000
0.483010,0.516990,1.000000,0.000000
0.482549,0.517451,0.000000,1.000000
0.480333,0.519667,1.000000,0.000000
0.483123,0.516877,1.000000,0.000000
0.483717,0.516283,0.000000,1.000000
0.481813,0.518187,1.000000,0.000000
0.483934,0.516066,1.000000,0.000000
0.484987,0.515013,0.000000,1.000000
0.483174,0.516826,1.000000,0.000000
0.484713,0.515287,1.000000,0.000000
0.485916,0.514084,1.000000,0.000000
0.484293,0.515707,0.000000,1.000000
0.479050,0.520950,1.000000,0.000000
0.481902,0.518098,1.000000,0.000000
0.483646,0.516354,0.000000,1.000000
0.480090,0.519910,1.000000,0.000000
0.482315,0.517685,1.000000,0.000000
0.485061,0.514939,1.000000,0.000000
0.482557,0.517443,0.000000,1.000000
0.480425,0.519575,1.000000,0.000000
0.483533,0.516467,1.000000,0.000000
0.482635,0.517365,0.000000,1.000000
0.480961,0.519039,1.000000,0.000000
0.483654,0.516346,1.000000,0.000000
0.483961,0.516039,0.000000,1.000000
0.482406,0.517594,1.000000,0.000000
0.484442,0.515558,1.000000,0.000000
0.485602,0.514398,1.000000,0.000000
0.484455,0.515545,0.000000,1.000000
0.479234,0.520766,1.000000,0.000000
0.482245,0.517755,1.000000,0.000000
0.483976,0.516024,0.000000,1.000000
0.480583,0.519417,1.000000,0.000000
0.483302,0.516698,1.000000,0.000000
0.486160,0.513840,0.000000,1.000000
0.483735,0.516265,1.000000,0.000000
0.485450,0.514550,1.000000,0.000000
0.488059,0.511941,1.000000,0.000000
0.486101,0.513899,0.000000,1.000000
0.485709,0.514291,1.000000,0.000000
0.488043,0.511957,1.000000,0.000000
0.487605,0.512395,0.000000,1.000000
0.487429,0.512571,1.000000,0.000000
0.489004,0.510996,1.000000,0.000000
0.489265,0.510735,1.000000,0.000000
0.489125,0.510875,0.000000,1.000000
0.484522,0.515478,1.000000,0.000000
0.486258,0.513742,1.000000,0.000000
0.488023,0.511977,0.000000,1.000000
0.484743,0.515257,1.000000,0.000000
0.486279,0.513721,1.000000,0.000000
0.488578,0.511422,1.000000,0.000000
0.486056,0.513944,0.000000,1.000000
0.482849,0.517151,1.000000,0.000000
0.485968,0.514032,1.000000,0.000000
0.485564,0.514436,0.000000,1.000000
0.483622,0.516378,1.000000,0.000000
0.486161,0.513839,1.000000,0.000000
0.487032,0.512968,0.000000,1.000000
0.485570,0.514430,1.000000,0.000000
0.487225,0.512775,1.000000,0.000000
0.488461,0.511539,1.000000,0.000000
0.487291,0.512709,0.000000,1.000000
0.483747,0.516253,1.000000,0.000000
0.485993,0.514007,1.000000,0.000000
0.486873,0.513127,0.000000,1.000000
0.484483,0.515517,1.000000,0.000000
0.486323,0.513677,1.000000,0.000000
0.487958,0.512042,1.000000,0.000000
0.486167,0.513833,0.000000,1.000000
0.481901,0.518099,1.000000,0.000000
0.484851,0.515149,1.000000,0.000000
0.485453,0.514547,0.000000,1.000000
0.482664,0.517336,1.000000,0.000000
0.485158,0.514842,1.000000,0.000000
0.486902,0.513098,0.000000,1.000000
0.484808,0.515192,1.000000,0.000000
0.486420,0.513580,1.000000,0.000000
0.488280,0.511720,1.000000,0.000000
0.486604,0.513396,0.000000,1.000000
0.484305,0.515695,1.000000,0.000000
0.486643,0.513357,1.000000,0.000000
0.486844,0.513156,0.000000,1.000000
0.485351,0.514649,1.000000,0.000000
0.487157,0.512843,1.000000,0.000000
0.488158,0.511842,1.000000,0.000000
0.487054,0.512946,0.000000,1.000000
0.482371,0.517629,1.000000,0.000000
0.484880,0.515120,1.000000,0.000000
0.486102,0.513898,0.000000,1.000000
0.482888,0.517112,1.000000,0.000000
0.485058,0.514942,1.000000,0.000000
0.487216,0.512784,0.000000,1.000000
0.484783,0.515217,1.000000,0.000000
0.486176,0.513824,1.000000,0.000000
0.488283,0.511717,1.000000,0.000000
0.486344,0.513656,0.000000,1.000000
0.485192,0.514808,1.000000,0.000000
0.487365,0.512635,1.000000,0.000000
0.487087,0.512913,0.000000,1.000000
0.486336,0.513664,1.000000,0.000000
0.487941,0.512059,1.000000,0.000000
0.488446,0.511554,1.000000,0.000000
0.487891,0.512109,0.000000,1.000000
0.483153,0.516847,1.000000,0.000000
0.485200,0.514800,1.000000,0.000000
0.486800,0.513200,0.000000,1.000000
0.483456,0.516544,1.000000,0.000000
0.485265,0.514735,1.000000,0.000000
0.487590,0.512410,0.000000,1.000000
0.485045,0.514955,1.000000,0.000000
0.486198,0.513802,1.000000,0.000000
0.488350,0.511650,1.000000,0.000000
0.486331,0.513669,0.000000,1.000000
0.486240,0.513760,1.000000,0.000000
0.488119,0.511881,1.000000,0.000000
0.487519,0.512481,0.000000,1.000000
0.487393,0.512607,1.000000,0.000000
0.488710,0.511290,1.000000,0.000000
0.488826,0.511174,1.000000,0.000000
0.488719,0.511281,0.000000,1.000000
0.484153,0.515847,1.000000,0.000000
0.485743,0.514257,1.000000,0.000000
0.487540,0.512460,0.000000,1.000000
0.484262,0.515738,1.000000,0.000000
0.485703,0.514297,1.000000,0.000000
0.488012,0.511988,1.000000,0.000000
0.485503,0.514497,0.000000,1.000000
0.482805,0.517195,1.000000,0.000000
0.485804,0.514196,1.000000,0.000000
0.485451,0.514549,0.000000,1.000000
0.483862,0.516138,1.000000,0.000000
0.486279,0.513721,1.000000,0.000000
0.487127,0.512873,0.000000,1.000000
0.485900,0.514100,1.000000,0.000000
0.487465,0.512535,1.000000,0.000000
0.488612,0.511388,1.000000,0.000000
0.487623,0.512377,0.000000,1.000000
0.484420,0.515580,1.000000,0.000000
0.486441,0.513559,1.000000,0.000000
0.487334,0.512666,0.000000,1.000000
0.485150,0.514850,1.000000,0.000000
0.486781,0.513219,1.000000,0.000000
0.488306,0.511694,1.000000,0.000000
0.486667,0.513333,0.000000,1.000000
0.483019,0.516981,1.000000,0.000000
0.485623,0.514377,1.000000,0.000000
0.486197,0.513803,0.000000,1.000000
0.483811,0.516189,1.000000,0.000000
0.485963,0.514037,1.000000,0.000000
0.487505,0.512495,0.000000,1.000000
0.485672,0.514328,1.000000,0.000000
0.487062,0.512938,1.000000,0.000000
0.488677,0.511323,1.000000,0.000000
0.487225,0.512775,0.000000,1.000000
0.485395,0.514605,1.000000,0.000000
0.487351,0.512649,1.000000,0.000000
0.487554,0.512446,0.000000,1.000000
0.486310,0.513690,1.000000,0.000000
0.487802,0.512198,1.000000,0.000000
0.488658,0.511342,1.000000,0.000000
0.487737,0.512263,0.000000,1.000000
0.483784,0.516216,1.000000,0.000000
0.485874,0.514126,1.000000,0.000000
0.487025,0.512975,0.000000,1.000000
0.484311,0.515689,1.000000,0.000000
0.486079,0.513921,1.000000,0.000000
0.487945,0.512055,1.000000,0.000000
0.485901,0.514099,0.000000,1.000000
0.481949,0.518051,1.000000,0.000000
0.484997,0.515003,1.000000,0.000000
0.485318,0.514682,0.000000,1.000000
0.482797,0.517203,1.000000,0.000000
0.485348,0.514652,1.000000,0.000000
0.486863,0.513137,0.000000,1.000000
0.484973,0.515027,1.000000,0.000000
0.486626,0.513374,1.000000,0.000000
0.488320,0.511680,1.000000,0.000000
0.486805,0.513195,0.000000,1.000000
0.484142,0.515858,1.000000,0.000000
0.486460,0.513540,1.000000,0.000000
0.486868,0.513132,0.000000,1.000000
0.485117,0.514883,1.000000,0.000000
0.486933,0.513067,1.000000,0.000000
0.488120,0.511880,1.000000,0.000000
0.486819,0.513181,0.000000,1.000000
0.482291,0.517709,1.000000,0.000000
0.484917,0.515083,1.000000,0.000000
0.485959,0.514041,0.000000,1.000000
0.482894,0.517106,1.000000,0.000000
0.485143,0.514857,1.000000,0.000000
0.487171,0.512829,0.000000,1.000000
0.484852,0.515148,1.000000,0.000000
0.486299,0.513701,1.000000,0.000000
0.488322,0.511678,1.000000,0.000000
0.486474,0.513526,0.000000,1.000000
0.485006,0.514994,1.000000,0.000000
0.487206,0.512794,1.000000,0.000000
0.487070,0.512930,0.000000,1.000000
0.486114,0.513886,1.000000,0.000000
0.487761,0.512239,1.000000,0.000000
0.488401,0.511599,1.000000,0.000000
0.487697,0.512303,0.000000,1.000000
0.483026,0.516974,1.000000,0.000000
0.485181,0.514819,1.000000,0.000000
0.486669,0.513331,0.000000,1.000000
0.483399,0.516601,1.000000,0.000000
0.485285,0.514715,1.000000,0.000000
0.487542,0.512458,0.000000,1.000000
0.485054,0.514946,1.000000,0.000000
0.486259,0.513741,1.000000,0.000000
0.488375,0.511625,1.000000,0.000000
0.486402,0.513598,0.000000,1.000000
0.486041,0.513959,1.000000,0.000000
0.487969,0.512031,1.000000,0.000000
0.487462,0.512538,0.000000,1.000000
0.487164,0.512836,1.000000,0.000000
0.488500,0.511500,1.000000,0.000000
0.488646,0.511354,1.000000,0.000000
0.488296,0.511704,0.000000,1.000000
0.483489,0.516511,1.000000,0.000000
0.485013,0.514987,1.000000,0.000000
0.486490,0.513510,0.000000,1.000000
0.482701,0.517299,1.000000,0.000000
0.484027,0.515973,1.000000,0.000000
0.486104,0.513896,1.000000,0.000000
0.482996,0.517004,0.000000,1.000000
0.478616,0.521384,1.000000,0.000000
0.481966,0.518034,1.000000,0.000000
0.481530,0.518470,0.000000,1.000000
0.478386,0.521614,1.000000,0.000000
0.481479,0.518521,1.000000,0.000000
0.482832,0.517168,0.000000,1.000000
0.480319,0.519681,1.000000,0.000000
0.482522,0.517478,1.000000,0.000000
0.484473,0.515527,1.000000,0.000000
0.482384,0.517616,0.000000,1.000000
0.477428,0.522572,1.000000,0.000000
0.480836,0.519164,1.000000,0.000000
0.481636,0.518364,0.000000,1.000000
0.478222,0.521778,1.000000,0.000000
0.481445,0.518555,1.000000,0.000000
0.484081,0.515919,0.000000,1.000000
0.481994,0.518006,1.000000,0.000000
0.484652,0.515348,1.000000,0.000000
0.487993,0.512007,1.000000,0.000000
0.487047,0.512953,0.000000,1.000000
0.487110,0.512890,1.000000,0.000000
0.490818,0.509182,1.000000,0.000000
0.491798,0.508202,0.000000,1.000000
0.493332,0.506668,1.000000,0.000000
0.495538,0.504462,1.000000,0.000000
