0.000000,0.000000,0.000000,0.000000
0.500000,0.500000,1.000000,0.000000
0.499976,0.500024,1.000000,0.000000
0.499812,0.500188,1.000000,0.000000
0.499409,0.500591,1.000000,0.000000
0.498702,0.501298,1.000000,0.000000
0.497730,0.502270,1.000000,0.000000
0.496709,0.503291,1.000000,0.000000
0.495807,0.504193,1.000000,0.000000
0.495130,0.504870,1.000000,0.000000
0.494690,0.505310,1.000000,0.000000
0.494408,0.505592,1.000000,0.000000
0.494228,0.505772,1.000000,0.000000
0.494113,0.505887,1.000000,0.000000
0.494062,0.505938,1.000000,0.000000
0.494088,0.505912,1.000000,0.000000
0.494200,0.505800,1.000000,0.000000
0.494401,0.505599,1.000000,0.000000
0.494643,0.505357,1.000000,0.000000
0.494876,0.505124,1.000000,0.000000
0.495065,0.504935,1.000000,0.000000
0.495192,0.504808,1.000000,0.000000
0.495253,0.504747,1.000000,0.000000
0.495251,0.504749,1.000000,0.000000
0.495189,0.504811,1.000000,0.000000
0.495065,0.504935,1.000000,0.000000
0.494881,0.505119,1.000000,0.000000
0.494638,0.505362,1.000000,0.000000
0.494334,0.505666,1.000000,0.000000
0.493971,0.506029,1.000000,0.000000
0.493550,0.506450,1.000000,0.000000
0.493082,0.506918,1.000000,0.000000
0.492601,0.507399,1.000000,0.000000
0.492017,0.507983,1.000000,0.000000
0.491087,0.508913,0.000000,1.000000
0.488307,0.511693,1.000000,0.000000
0.488816,0.511184,1.000000,0.000000
0.489286,0.510714,1.000000,0.000000
0.487358,0.512642,0.000000,1.000000
0.482767,0.517233,1.000000,0.000000
0.485055,0.514945,1.000000,0.000000
0.485684,0.514316,0.000000,1.000000
0.482541,0.517459,1.000000,0.000000
0.484726,0.515274,1.000000,0.000000
0.486624,0.513376,0.000000,1.000000
0.484276,0.515724,1.000000,0.000000
0.485736,0.514264,1.000000,0.000000
0.487735,0.512265,1.000000,0.000000
0.485964,0.514036,0.000000,1.000000
0.485017,0.514983,1.000000,0.000000
0.487021,0.512979,1.000000,0.000000
0.486572,0.513428,0.000000,1.000000
0.485863,0.514137,1.000000,0.000000
0.487427,0.512573,1.000000,0.000000
0.487527,0.512473,0.000000,1.000000
0.486826,0.513174,1.000000,0.000000
0.487971,0.512029,1.000000,0.000000
0.488128,0.511872,1.000000,0.000000
0.487604,0.512396,0.000000,1.000000
0.481854,0.518146,1.000000,0.000000
0.484005,0.515995,1.000000,0.000000
0.487069,0.512931,1.000000,0.000000
0.483844,0.516156,0.000000,1.000000
0.482201,0.517799,1.000000,0.000000
0.485760,0.514240,1.000000,0.000000
0.482631,0.517369,0.000000,1.000000
0.480913,0.519087,1.000000,0.000000
0.484615,0.515385,1.000000,0.000000
0.482689,0.517311,0.000000,1.000000
0.481285,0.518715,1.000000,0.000000
0.484536,0.515464,1.000000,0.000000
0.484507,0.515493,0.000000,1.000000
0.483428,0.516572,1.000000,0.000000
0.485615,0.514385,1.000000,0.000000
0.486580,0.513420,1.000000,0.000000
0.485636,0.514364,0.000000,1.000000
0.480639,0.519361,1.000000,0.000000
0.483049,0.516951,1.000000,0.000000
0.483845,0.516155,0.000000,1.000000
0.479902,0.520098,1.000000,0.000000
0.482269,0.517731,1.000000,0.000000
0.483898,0.516102,0.000000,1.000000
0.480520,0.519480,1.000000,0.000000
0.482450,0.517550,1.000000,0.000000
0.484434,0.515566,0.000000,1.000000
0.481370,0.518630,1.000000,0.000000
0.482864,0.517136,1.000000,0.000000
0.484992,0.515008,1.000000,0.000000
0.482225,0.517775,0.000000,1.000000
0.477368,0.522632,1.000000,0.000000
0.480966,0.519034,1.000000,0.000000
0.481777,0.518223,0.000000,1.000000
0.478500,0.521500,1.000000,0.000000
0.481371,0.518629,1.000000,0.000000
0.483795,0.516205,1.000000,0.000000
0.481367,0.518633,0.000000,1.000000
0.476070,0.523930,1.000000,0.000000
0.480118,0.519882,1.000000,0.000000
0.479926,0.520074,0.000000,1.000000
0.476001,0.523999,1.000000,0.000000
0.479892,0.520108,1.000000,0.000000
0.481042,0.518958,0.000000,1.000000
0.477877,0.522123,1.000000,0.000000
0.480976,0.519024,1.000000,0.000000
0.482725,0.517275,0.000000,1.000000
0.479928,0.520072,1.000000,0.000000
0.482231,0.517769,1.000000,0.000000
0.484180,0.515820,0.000000,1.000000
0.481576,0.518424,1.000000,0.000000
0.483266,0.516734,1.000000,0.000000
0.485244,0.514756,1.000000,0.000000
0.482843,0.517157,0.000000,1.000000
0.477718,0.522282,1.000000,0.000000
0.481245,0.518755,1.000000,0.000000
0.482354,0.517646,0.000000,1.000000
0.478959,0.521041,1.000000,0.000000
0.481728,0.518272,1.000000,0.000000
0.484115,0.515885,0.000000,1.000000
0.481488,0.518512,1.000000,0.000000
0.483225,0.516775,1.000000,0.000000
0.485604,0.514396,1.000000,0.000000
0.483433,0.516567,0.000000,1.000000
0.481325,0.518675,1.000000,0.000000
0.484150,0.515850,1.000000,0.000000
0.484339,0.515661,0.000000,1.000000
0.482991,0.517009,1.000000,0.000000
0.485203,0.514797,1.000000,0.000000
0.486459,0.513541,1.000000,0.000000
0.485518,0.514482,0.000000,1.000000
0.480821,0.519179,1.000000,0.000000
0.483556,0.516444,1.000000,0.000000
0.484837,0.515163,0.000000,1.000000
0.481540,0.518460,1.000000,0.000000
0.483913,0.516087,1.000000,0.000000
0.486029,0.513971,0.000000,1.000000
0.483398,0.516602,1.000000,0.000000
0.485006,0.514994,1.000000,0.000000
0.487162,0.512838,1.000000,0.000000
0.484908,0.515092,0.000000,1.000000
0.481557,0.518443,1.000000,0.000000
0.484566,0.515434,1.000000,0.000000
0.485078,0.514922,0.000000,1.000000
0.482963,0.517037,1.000000,0.000000
0.485247,0.514753,1.000000,0.000000
0.487006,0.512994,1.000000,0.000000
0.485540,0.514460,0.000000,1.000000
0.482134,0.517866,1.000000,0.000000
0.484845,0.515155,1.000000,0.000000
0.484600,0.515400,0.000000,1.000000
0.482205,0.517795,1.000000,0.000000
0.484836,0.515164,1.000000,0.000000
0.484811,0.515189,0.000000,1.000000
0.482884,0.517116,1.000000,0.000000
0.485278,0.514722,1.000000,0.000000
0.485126,0.514874,0.000000,1.000000
0.483315,0.516685,1.000000,0.000000
0.485525,0.514475,1.000000,0.000000
0.485624,0.514376,0.000000,1.000000
0.483850,0.516150,1.000000,0.000000
0.485776,0.514224,1.000000,0.000000
0.486581,0.513419,0.000000,1.000000
0.484887,0.515113,1.000000,0.000000
0.486283,0.513717,1.000000,0.000000
0.487487,0.512513,1.000000,0.000000
0.486111,0.513889,0.000000,1.000000
0.483005,0.516995,1.000000,0.000000
0.484943,0.515057,1.000000,0.000000
0.485298,0.514702,0.000000,1.000000
0.482827,0.517173,1.000000,0.000000
0.484393,0.515607,1.000000,0.000000
0.485400,0.514600,1.000000,0.000000
0.483216,0.516784,0.000000,1.000000
0.476755,0.523245,1.000000,0.000000
0.479799,0.520201,1.000000,0.000000
0.480942,0.519058,0.000000,1.000000
0.476021,0.523979,1.000000,0.000000
0.478809,0.521191,1.000000,0.000000
0.481706,0.518294,0.000000,1.000000
0.477783,0.522217,1.000000,0.000000
0.479632,0.520368,1.000000,0.000000
0.482721,0.517279,1.000000,0.000000
0.479652,0.520348,0.000000,1.000000
0.478637,0.521363,1.000000,0.000000
0.481683,0.518317,1.000000,0.000000
0.480409,0.519591,0.000000,1.000000
0.479281,0.520719,1.000000,0.000000
0.481834,0.518166,1.000000,0.000000
0.481731,0.518269,0.000000,1.000000
0.480432,0.519568,1.000000,0.000000
0.482389,0.517611,1.000000,0.000000
0.482895,0.517105,1.000000,0.000000
0.481704,0.518296,0.000000,1.000000
0.473812,0.526188,1.000000,0.000000
0.476980,0.523020,1.000000,0.000000
0.479876,0.520124,0.000000,1.000000
0.474023,0.525977,1.000000,0.000000
0.476774,0.523226,1.000000,0.000000
0.481140,0.518860,1.000000,0.000000
0.476743,0.523257,0.000000,1.000000
0.473405,0.526595,1.000000,0.000000
0.478654,0.521346,1.000000,0.000000
0.475893,0.524107,0.000000,1.000000
0.473278,0.526722,1.000000,0.000000
0.478430,0.521570,1.000000,0.000000
0.476820,0.523180,0.000000,1.000000
0.474588,0.525412,1.000000,0.000000
0.479167,0.520833,1.000000,0.000000
0.478373,0.521627,0.000000,1.000000
0.476257,0.523743,1.000000,0.000000
0.480107,0.519893,1.000000,0.000000
0.480116,0.519884,0.000000,1.000000
0.477985,0.522015,1.000000,0.000000
0.481047,0.518953,1.000000,0.000000
0.481930,0.518070,0.000000,1.000000
0.479758,0.520242,1.000000,0.000000
0.482008,0.517992,1.000000,0.000000
0.483586,0.516414,1.000000,0.000000
0.481856,0.518144,0.000000,1.000000
0.475778,0.524222,1.000000,0.000000
0.479265,0.520735,1.000000,0.000000
0.481397,0.518603,0.000000,1.000000
0.477212,0.522788,1.000000,0.000000
0.479999,0.520001,1.000000,0.000000
0.483475,0.516525,1.000000,0.000000
0.480545,0.519455,0.000000,1.000000
0.478027,0.521973,1.000000,0.000000
0.482073,0.517927,1.000000,0.000000
0.480931,0.519069,0.000000,1.000000
0.479215,0.520785,1.000000,0.000000
0.482745,0.517255,1.000000,0.000000
0.482787,0.517213,0.000000,1.000000
0.481380,0.518620,1.000000,0.000000
0.484024,0.515976,1.000000,0.000000
0.484674,0.515326,0.000000,1.000000
0.483282,0.516718,1.000000,0.000000
0.485128,0.514872,1.000000,0.000000
0.486042,0.513958,1.000000,0.000000
0.484782,0.515218,0.000000,1.000000
0.478719,0.521281,1.000000,0.000000
0.481600,0.518400,1.000000,0.000000
0.483656,0.516344,0.000000,1.000000
0.479431,0.520569,1.000000,0.000000
0.481796,0.518204,1.000000,0.000000
0.484953,0.515047,1.000000,0.000000
0.481846,0.518154,0.000000,1.000000
0.478526,0.521474,1.000000,0.000000
0.482506,0.517494,1.000000,0.000000
0.481288,0.518712,0.000000,1.000000
0.479028,0.520972,1.000000,0.000000
0.482586,0.517414,1.000000,0.000000
0.482601,0.517399,0.000000,1.000000
0.480788,0.519212,1.000000,0.000000
0.483510,0.516490,1.000000,0.000000
0.484123,0.515877,0.000000,1.000000
0.482401,0.517599,1.000000,0.000000
0.484383,0.515617,1.000000,0.000000
0.485279,0.514721,0.000000,1.000000
0.483548,0.516452,1.000000,0.000000
0.485012,0.514988,1.000000,0.000000
0.486092,0.513908,1.000000,0.000000
0.484530,0.515470,0.000000,1.000000
0.479436,0.520564,1.000000,0.000000
0.482147,0.517853,1.000000,0.000000
0.483437,0.516563,0.000000,1.000000
0.479849,0.520151,1.000000,0.000000
0.482236,0.517764,1.000000,0.000000
0.484740,0.515260,1.000000,0.000000
0.482008,0.517992,0.000000,1.000000
0.477322,0.522678,1.000000,0.000000
0.481288,0.518712,1.000000,0.000000
0.480628,0.519372,0.000000,1.000000
0.477271,0.522729,1.000000,0.000000
0.481074,0.518926,1.000000,0.000000
0.481667,0.518333,0.000000,1.000000
0.478986,0.521014,1.000000,0.000000
0.482034,0.517966,1.000000,0.000000
0.483271,0.516729,0.000000,1.000000
0.480877,0.519123,1.000000,0.000000
0.483136,0.516864,1.000000,0.000000
0.484668,0.515332,0.000000,1.000000
0.482409,0.517591,1.000000,0.000000
0.484037,0.515963,1.000000,0.000000
0.485669,0.514331,1.000000,0.000000
0.483627,0.516373,0.000000,1.000000
0.478656,0.521344,1.000000,0.000000
0.481801,0.518199,1.000000,0.000000
0.483097,0.516903,0.000000,1.000000
0.479727,0.520273,1.000000,0.000000
0.482215,0.517785,1.000000,0.000000
0.484763,0.515237,1.000000,0.000000
0.482298,0.517702,0.000000,1.000000
0.478374,0.521626,1.000000,0.000000
0.481995,0.518005,1.000000,0.000000
0.481532,0.518468,0.000000,1.000000
0.478704,0.521296,1.000000,0.000000
0.482011,0.517989,1.000000,0.000000
0.482712,0.517288,0.000000,1.000000
0.480394,0.519606,1.000000,0.000000
0.482954,0.517046,1.000000,0.000000
0.484155,0.515845,0.000000,1.000000
0.482020,0.517980,1.000000,0.000000
0.483900,0.516100,1.000000,0.000000
0.485272,0.514728,0.000000,1.000000
0.483205,0.516795,1.000000,0.000000
0.484597,0.515403,1.000000,0.000000
0.486032,0.513968,1.000000,0.000000
0.484146,0.515854,0.000000,1.000000
0.479560,0.520440,1.000000,0.000000
0.482398,0.517602,1.000000,0.000000
0.483582,0.516418,0.000000,1.000000
0.480495,0.519505,0.000000,1.000000
0.482214,0.517786,0.000000,1.000000
0.478652,0.521348,1.000000,0.000000
0.480739,0.519261,1.000000,0.000000
0.484245,0.515755,1.000000,0.000000
0.481305,0.518695,0.000000,1.000000
0.481628,0.518372,1.000000,0.000000
0.484585,0.515415,1.000000,0.000000
0.482921,0.517079,0.000000,1.000000
0.482976,0.517024,1.000000,0.000000
0.485259,0.514741,1.000000,0.000000
0.484419,0.515581,0.000000,1.000000
0.484141,0.515859,1.000000,0.000000
0.485853,0.514147,1.000000,0.000000
0.485549,0.514451,0.000000,1.000000
0.484991,0.515009,1.000000,0.000000
0.486283,0.513717,1.000000,0.000000
0.486337,0.513663,1.000000,0.000000
0.485831,0.514169,0.000000,1.000000
0.479698,0.520302,1.000000,0.000000
0.481812,0.518188,1.000000,0.000000
0.484335,0.515665,0.000000,1.000000
0.480002,0.519998,1.000000,0.000000
0.481785,0.518215,1.000000,0.000000
0.484956,0.515044,1.000000,0.000000
0.481814,0.518186,0.000000,1.000000
0.480720,0.519280,1.000000,0.000000
0.483927,0.516073,1.000000,0.000000
0.482384,0.517616,0.000000,1.000000
0.481533,0.518467,1.000000,0.000000
0.484224,0.515776,1.000000,0.000000
0.483779,0.516221,0.000000,1.000000
0.482914,0.517086,1.000000,0.000000
0.484950,0.515050,1.000000,0.000000
0.485092,0.514908,0.000000,1.000000
0.484106,0.515894,1.000000,0.000000
0.485603,0.514397,1.000000,0.000000
0.486027,0.513973,1.000000,0.000000
0.485142,0.514858,0.000000,1.000000
0.478927,0.521073,1.000000,0.000000
0.481413,0.518587,1.000000,0.000000
0.483881,0.516119,0.000000,1.000000
0.479560,0.520440,1.000000,0.000000
0.481554,0.518446,1.000000,0.000000
0.484776,0.515224,1.000000,0.000000
0.481671,0.518329,0.000000,1.000000
0.480260,0.519740,1.000000,0.000000
0.483561,0.516439,1.000000,0.000000
0.482260,0.517740,0.000000,1.000000
0.481093,0.518907,1.000000,0.000000
0.483860,0.516140,1.000000,0.000000
0.484178,0.515822,0.000000,1.000000
0.483236,0.516764,1.000000,0.000000
0.485266,0.514734,1.000000,0.000000
0.486368,0.513632,1.000000,0.000000
0.485790,0.514210,0.000000,1.000000
0.481349,0.518651,1.000000,0.000000
0.484032,0.515968,1.000000,0.000000
0.485939,0.514061,0.000000,1.000000
0.483100,0.516900,1.000000,0.000000
0.485275,0.514725,1.000000,0.000000
0.487778,0.512222,1.000000,0.000000
0.485649,0.514351,0.000000,1.000000
0.482223,0.517777,1.000000,0.000000
0.485585,0.514415,1.000000,0.000000
0.485685,0.514315,0.000000,1.000000
0.483689,0.516311,1.000000,0.000000
0.486341,0.513659,1.000000,0.000000
0.487582,0.512418,0.000000,1.000000
0.486128,0.513872,1.000000,0.000000
0.487790,0.512210,1.000000,0.000000
0.489217,0.510783,1.000000,0.000000
0.488042,0.511958,0.000000,1.000000
0.485182,0.514818,1.000000,0.000000
0.487297,0.512703,1.000000,0.000000
0.487915,0.512085,0.000000,1.000000
0.486004,0.513996,1.000000,0.000000
0.487628,0.512372,1.000000,0.000000
0.488869,0.511131,1.000000,0.000000
0.487395,0.512605,0.000000,1.000000
0.483329,0.516671,1.000000,0.000000
0.485776,0.514224,1.000000,0.000000
0.486479,0.513521,0.000000,1.000000
0.483722,0.516278,1.000000,0.000000
0.485816,0.514184,1.000000,0.000000
0.487510,0.512490,0.000000,1.000000
0.485418,0.514582,1.000000,0.000000
0.486798,0.513202,1.000000,0.000000
0.488572,0.511428,1.000000,0.000000
0.486928,0.513072,0.000000,1.000000
0.485248,0.514752,1.000000,0.000000
0.487305,0.512695,1.000000,0.000000
0.487349,0.512651,0.000000,1.000000
0.486226,0.513774,1.000000,0.000000
0.487787,0.512213,1.000000,0.000000
0.488546,0.511454,1.000000,0.000000
0.487718,0.512282,0.000000,1.000000
0.483425,0.516575,1.000000,0.000000
0.485552,0.514448,1.000000,0.000000
0.486858,0.513142,0.000000,1.000000
0.483888,0.516112,1.000000,0.000000
0.485714,0.514286,1.000000,0.000000
0.487761,0.512239,1.000000,0.000000
0.485515,0.514485,0.000000,1.000000
0.481434,0.518566,1.000000,0.000000
0.484705,0.515295,1.000000,0.000000
0.484878,0.515122,0.000000,1.000000
0.482307,0.517693,1.000000,0.000000
0.485061,0.514939,1.000000,0.000000
0.486537,0.513463,0.000000,1.000000
0.484637,0.515363,1.000000,0.000000
0.486426,0.513574,1.000000,0.000000
0.488141,0.511859,1.000000,0.000000
0.486613,0.513387,0.000000,1.000000
0.483526,0.516474,1.000000,0.000000
0.486013,0.513987,1.000000,0.000000
0.486529,0.513471,0.000000,1.000000
0.484508,0.515492,1.000000,0.000000
0.486483,0.513517,1.000000,0.000000
0.487842,0.512158,1.000000,0.000000
0.486339,0.513661,0.000000,1.000000
0.481509,0.518491,1.000000,0.000000
0.484420,0.515580,1.000000,0.000000
0.485375,0.514625,0.000000,1.000000
0.482120,0.517880,1.000000,0.000000
0.484636,0.515364,1.000000,0.000000
0.486713,0.513287,0.000000,1.000000
0.484218,0.515782,1.000000,0.000000
0.485818,0.514182,1.000000,0.000000
0.487928,0.512072,1.000000,0.000000
0.485929,0.514071,0.000000,1.000000
0.484443,0.515557,1.000000,0.000000
0.486562,0.513438,1.000000,0.000000
0.485787,0.514213,0.000000,1.000000
0.484468,0.515532,1.000000,0.000000
0.486092,0.513908,1.000000,0.000000
0.485923,0.514077,0.000000,1.000000
0.484501,0.515499,1.000000,0.000000
0.485735,0.514265,1.000000,0.000000
0.485944,0.514056,1.000000,0.000000
0.484647,0.515353,0.000000,1.000000
0.477819,0.522181,1.000000,0.000000
0.480389,0.519611,1.000000,0.000000
0.482723,0.517277,0.000000,1.000000
0.477838,0.522162,1.000000,0.000000
0.480089,0.519911,1.000000,0.000000
0.483597,0.516403,1.000000,0.000000
0.480017,0.519983,0.000000,1.000000
0.477230,0.522770,1.000000,0.000000
0.481367,0.518633,1.000000,0.000000
0.479685,0.520315,0.000000,1.000000
0.477621,0.522379,1.000000,0.000000
0.481359,0.518641,1.000000,0.000000
0.481073,0.518927,0.000000,1.000000
0.479312,0.520688,1.000000,0.000000
0.482253,0.517747,1.000000,0.000000
0.482764,0.517236,0.000000,1.000000
0.481069,0.518931,1.000000,0.000000
0.483267,0.516733,1.000000,0.000000
0.484177,0.515823,0.000000,1.000000
0.482487,0.517513,1.000000,0.000000
0.484136,0.515864,1.000000,0.000000
0.485229,0.514771,1.000000,0.000000
0.483730,0.516270,0.000000,1.000000
0.477823,0.522177,1.000000,0.000000
0.480858,0.519142,1.000000,0.000000
0.483023,0.516977,0.000000,1.000000
0.479028,0.520972,1.000000,0.000000
0.481380,0.518620,1.000000,0.000000
0.484517,0.515483,1.000000,0.000000
0.481634,0.518366,0.000000,1.000000
0.479229,0.520771,1.000000,0.000000
0.482772,0.517228,1.000000,0.000000
0.481935,0.518065,0.000000,1.000000
0.480097,0.519903,1.000000,0.000000
0.483061,0.516939,1.000000,0.000000
0.483654,0.516346,0.000000,1.000000
0.482153,0.517847,1.000000,0.000000
0.484221,0.515779,1.000000,0.000000
0.485161,0.514839,0.000000,1.000000
0.483645,0.516355,1.000000,0.000000
0.485089,0.514911,1.000000,0.000000
0.486090,0.513910,1.000000,0.000000
0.484700,0.515300,0.000000,1.000000
0.479500,0.520500,1.000000,0.000000
0.482141,0.517859,1.000000,0.000000
0.484013,0.515987,0.000000,1.000000
0.480495,0.519505,1.000000,0.000000
0.482541,0.517459,1.000000,0.000000
0.485238,0.514762,1.000000,0.000000
0.482758,0.517242,0.000000,1.000000
0.481055,0.518945,1.000000,0.000000
0.483970,0.516030,1.000000,0.000000
0.483047,0.516953,0.000000,1.000000
0.481707,0.518293,1.000000,0.000000
0.484185,0.515815,1.000000,0.000000
0.484247,0.515753,0.000000,1.000000
0.482981,0.517019,1.000000,0.000000
0.484859,0.515141,1.000000,0.000000
0.485420,0.514580,0.000000,1.000000
0.484114,0.515886,1.000000,0.000000
0.485489,0.514511,1.000000,0.000000
0.486268,0.513732,1.000000,0.000000
0.485121,0.514879,0.000000,1.000000
0.480007,0.519993,1.000000,0.000000
0.482427,0.517573,1.000000,0.000000
0.484328,0.515672,0.000000,1.000000
0.480822,0.519178,1.000000,0.000000
0.482744,0.517256,1.000000,0.000000
0.485401,0.514599,1.000000,0.000000
0.482953,0.517047,0.000000,1.000000
0.481706,0.518294,1.000000,0.000000
0.484439,0.515561,1.000000,0.000000
0.483353,0.516647,0.000000,1.000000
0.482301,0.517699,1.000000,0.000000
0.484628,0.515372,1.000000,0.000000
0.484417,0.515583,0.000000,1.000000
0.483331,0.516669,1.000000,0.000000
0.485143,0.514857,1.000000,0.000000
0.485506,0.514494,1.000000,0.000000
0.484514,0.515486,0.000000,1.000000
0.477528,0.522472,1.000000,0.000000
0.480312,0.519688,1.000000,0.000000
0.482297,0.517703,0.000000,1.000000
0.477091,0.522909,1.000000,0.000000
0.479829,0.520171,1.000000,0.000000
0.482916,0.517084,0.000000,1.000000
0.478693,0.521307,1.000000,0.000000
0.480738,0.519262,1.000000,0.000000
0.483960,0.516040,0.000000,1.000000
0.480197,0.519803,1.000000,0.000000
0.481616,0.518384,1.000000,0.000000
0.484719,0.515281,1.000000,0.000000
0.481182,0.518818,0.000000,1.000000
0.477507,0.522493,1.000000,0.000000
0.481554,0.518446,1.000000,0.000000
0.481469,0.518531,0.000000,1.000000
0.479164,0.520836,1.000000,0.000000
0.482285,0.517715,1.000000,0.000000
0.484055,0.515945,1.000000,0.000000
0.482371,0.517629,0.000000,1.000000
0.476082,0.523918,1.000000,0.000000
0.479909,0.520091,1.000000,0.000000
0.480527,0.519473,0.000000,1.000000
0.475786,0.524214,1.000000,0.000000
0.479574,0.520426,1.000000,0.000000
0.481538,0.518462,0.000000,1.000000
0.477743,0.522257,1.000000,0.000000
0.480700,0.519300,1.000000,0.000000
0.483195,0.516805,0.000000,1.000000
0.479889,0.520111,1.000000,0.000000
0.481972,0.518028,1.000000,0.000000
0.484541,0.515459,0.000000,1.000000
0.481516,0.518484,1.000000,0.000000
0.482934,0.517066,1.000000,0.000000
0.485395,0.514605,1.000000,0.000000
0.482596,0.517404,0.000000,1.000000
0.479201,0.520799,1.000000,0.000000
0.482523,0.517477,1.000000,0.000000
0.482957,0.517043,0.000000,1.000000
0.480734,0.519266,1.000000,0.000000
0.483232,0.516768,1.000000,0.000000
0.485082,0.514918,1.000000,0.000000
0.483501,0.516499,0.000000,1.000000
0.479403,0.520597,1.000000,0.000000
0.482402,0.517598,1.000000,0.000000
0.482693,0.517307,0.000000,1.000000
0.479566,0.520434,1.000000,0.000000
0.482343,0.517657,1.000000,0.000000
0.483824,0.516176,0.000000,1.000000
0.481183,0.518817,1.000000,0.000000
0.483259,0.516741,1.000000,0.000000
0.485350,0.514650,1.000000,0.000000
0.483225,0.516775,0.000000,1.000000
0.479513,0.520487,1.000000,0.000000
0.482651,0.517349,1.000000,0.000000
0.482464,0.517536,0.000000,1.000000
0.479769,0.520231,1.000000,0.000000
0.482646,0.517354,1.000000,0.000000
0.483426,0.516574,0.000000,1.000000
0.481147,0.518853,1.000000,0.000000
0.483413,0.516587,1.000000,0.000000
0.484620,0.515380,0.000000,1.000000
0.482493,0.517507,1.000000,0.000000
0.484191,0.515809,1.000000,0.000000
0.485581,0.514419,1.000000,0.000000
0.483663,0.516337,0.000000,1.000000
0.477893,0.522107,1.000000,0.000000
0.481129,0.518871,1.000000,0.000000
0.482769,0.517231,0.000000,1.000000
0.478819,0.521181,1.000000,0.000000
0.481425,0.518575,1.000000,0.000000
0.484379,0.515621,1.000000,0.000000
0.481470,0.518530,0.000000,1.000000
0.477372,0.522628,1.000000,0.000000
0.481449,0.518551,1.000000,0.000000
0.480619,0.519381,0.000000,1.000000
0.477718,0.522282,1.000000,0.000000
0.481452,0.518548,1.000000,0.000000
0.481968,0.518032,0.000000,1.000000
0.479649,0.520351,1.000000,0.000000
0.482527,0.517473,1.000000,0.000000
0.483678,0.516322,0.000000,1.000000
0.481569,0.518431,1.000000,0.000000
0.483641,0.516359,1.000000,0.000000
0.485014,0.514986,0.000000,1.000000
0.482978,0.517022,1.000000,0.000000
0.484467,0.515533,1.000000,0.000000
0.485887,0.514113,1.000000,0.000000
0.484025,0.515975,0.000000,1.000000
0.479039,0.520961,1.000000,0.000000
0.481994,0.518006,1.000000,0.000000
0.483524,0.516476,0.000000,1.000000
0.480185,0.519815,1.000000,0.000000
0.482452,0.517548,1.000000,0.000000
0.485002,0.514998,1.000000,0.000000
0.482579,0.517421,0.000000,1.000000
0.479344,0.520656,1.000000,0.000000
0.482641,0.517359,1.000000,0.000000
0.482605,0.517395,0.000000,1.000000
0.480424,0.519576,1.000000,0.000000
0.483104,0.516896,1.000000,0.000000
0.484074,0.515926,0.000000,1.000000
0.482208,0.517792,1.000000,0.000000
0.484119,0.515881,1.000000,0.000000
0.485316,0.514684,1.000000,0.000000
0.483637,0.516363,0.000000,1.000000
0.477175,0.522825,1.000000,0.000000
0.480460,0.519540,1.000000,0.000000
0.482565,0.517435,0.000000,1.000000
0.478099,0.521901,1.000000,0.000000
0.480727,0.519273,1.000000,0.000000
0.484121,0.515879,1.000000,0.000000
0.480859,0.519141,0.000000,1.000000
0.477382,0.522618,1.000000,0.000000
0.481629,0.518371,1.000000,0.000000
0.480287,0.519713,0.000000,1.000000
0.477844,0.522156,1.000000,0.000000
0.481693,0.518307,1.000000,0.000000
0.481739,0.518261,0.000000,1.000000
0.479786,0.520214,1.000000,0.000000
0.482756,0.517244,1.000000,0.000000
0.483565,0.516435,0.000000,1.000000
0.481758,0.518242,1.000000,0.000000
0.483887,0.516113,1.000000,0.000000
0.485029,0.514971,0.000000,1.000000
0.483252,0.516748,1.000000,0.000000
0.484753,0.515247,1.000000,0.000000
0.486001,0.513999,1.000000,0.000000
0.484401,0.515599,0.000000,1.000000
0.479549,0.520451,1.000000,0.000000
0.482292,0.517708,1.000000,0.000000
0.483887,0.516113,0.000000,1.000000
0.480591,0.519409,1.000000,0.000000
0.482729,0.517271,1.000000,0.000000
0.485279,0.514721,1.000000,0.000000
0.482967,0.517033,0.000000,1.000000
0.480902,0.519098,1.000000,0.000000
0.483816,0.516184,1.000000,0.000000
0.482997,0.517003,0.000000,1.000000
0.481383,0.518617,1.000000,0.000000
0.483933,0.516067,1.000000,0.000000
0.484075,0.515925,0.000000,1.000000
0.482568,0.517432,1.000000,0.000000
0.484548,0.515452,1.000000,0.000000
0.485329,0.514671,1.000000,0.000000
0.483989,0.516011,0.000000,1.000000
0.477359,0.522641,1.000000,0.000000
0.480433,0.519567,1.000000,0.000000
0.481852,0.518148,0.000000,1.000000
0.476925,0.523075,1.000000,0.000000
0.479989,0.520011,1.000000,0.000000
0.482544,0.517456,0.000000,1.000000
0.478544,0.521456,1.000000,0.000000
0.480931,0.519069,1.000000,0.000000
0.483750,0.516250,0.000000,1.000000
0.480194,0.519806,1.000000,0.000000
0.481921,0.518079,1.000000,0.000000
0.484718,0.515282,0.000000,1.000000
0.481433,0.518567,1.000000,0.000000
0.482648,0.517352,1.000000,0.000000
0.485337,0.514663,1.000000,0.000000
0.482264,0.517736,0.000000,1.000000
0.479660,0.520340,1.000000,0.000000
0.482945,0.517055,1.000000,0.000000
0.482880,0.517120,0.000000,1.000000
0.481187,0.518813,1.000000,0.000000
0.483657,0.516343,1.000000,0.000000
0.485043,0.514957,1.000000,0.000000
0.483802,0.516198,0.000000,1.000000
0.478698,0.521302,1.000000,0.000000
0.481663,0.518337,1.000000,0.000000
0.482509,0.517491,0.000000,1.000000
0.478663,0.521337,1.000000,0.000000
0.481495,0.518505,1.000000,0.000000
0.483358,0.516642,0.000000,1.000000
0.480174,0.519826,1.000000,0.000000
0.482353,0.517647,1.000000,0.000000
0.484532,0.515468,0.000000,1.000000
0.481673,0.518327,1.000000,0.000000
0.483231,0.516769,1.000000,0.000000
0.485418,0.514582,1.000000,0.000000
0.482804,0.517196,0.000000,1.000000
0.478338,0.521662,1.000000,0.000000
0.481800,0.518200,1.000000,0.000000
0.482687,0.517313,0.000000,1.000000
0.479749,0.520251,1.000000,0.000000
0.482404,0.517596,1.000000,0.000000
0.484731,0.515269,1.000000,0.000000
0.482628,0.517372,0.000000,1.000000
0.478512,0.521488,1.000000,0.000000
0.481961,0.518039,1.000000,0.000000
0.481916,0.518084,0.000000,1.000000
0.478824,0.521176,1.000000,0.000000
0.481948,0.518052,1.000000,0.000000
0.483456,0.516544,0.000000,1.000000
0.481188,0.518812,1.000000,0.000000
0.483354,0.516646,1.000000,0.000000
0.484805,0.515195,0.000000,1.000000
0.482999,0.517001,1.000000,0.000000
0.484917,0.515083,1.000000,0.000000
0.485404,0.514596,0.000000,1.000000
0.483741,0.516259,1.000000,0.000000
0.486108,0.513892,1.000000,0.000000
0.486220,0.513780,0.000000,1.000000
0.484815,0.515185,1.000000,0.000000
0.487313,0.512687,1.000000,0.000000
0.487920,0.512080,0.000000,1.000000
0.486976,0.513024,1.000000,0.000000
0.488981,0.511019,1.000000,0.000000
0.489944,0.510056,0.000000,1.000000
0.489208,0.510792,1.000000,0.000000
0.490536,0.509464,1.000000,0.000000
0.491496,0.508504,1.000000,0.000000
0.490850,0.509150,0.000000,1.000000
0.488257,0.511743,1.000000,0.000000
0.489875,0.510125,1.000000,0.000000
0.490799,0.509201,0.000000,1.000000
0.489199,0.510801,1.000000,0.000000
0.490391,0.509609,1.000000,0.000000
0.491662,0.508338,1.000000,0.000000
0.490551,0.509449,0.000000,1.000000
0.488896,0.511104,1.000000,0.000000
0.490523,0.509477,1.000000,0.000000
0.490708,0.509292,0.000000,1.000000
0.489721,0.510279,1.000000,0.000000
0.490933,0.509067,1.000000,0.000000
0.491571,0.508429,1.000000,0.000000
0.490809,0.509191,0.000000,1.000000
0.487500,0.512500,1.000000,0.000000
0.489057,0.510943,1.000000,0.000000
0.489845,0.510155,0.000000,1.000000
0.487475,0.512525,1.000000,0.000000
0.488681,0.511319,1.000000,0.000000
0.489919,0.510081,1.000000,0.000000
0.487988,0.512012,0.000000,1.000000
0.484271,0.515729,1.000000,0.000000
0.486490,0.513510,1.000000,0.000000
0.486579,0.513421,0.000000,1.000000
0.483942,0.516058,1.000000,0.000000
0.485890,0.514110,1.000000,0.000000
0.487162,0.512838,0.000000,1.000000
0.485117,0.514883,1.000000,0.000000
0.486439,0.513561,1.000000,0.000000
0.487978,0.512022,1.000000,0.000000
0.486445,0.513555,0.000000,1.000000
0.484465,0.515535,1.000000,0.000000
0.486462,0.513538,1.000000,0.000000
0.486718,0.513282,0.000000,1.000000
0.485378,0.514622,1.000000,0.000000
0.486992,0.513008,1.000000,0.000000
0.488008,0.511992,1.000000,0.000000
0.487094,0.512906,0.000000,1.000000
0.483161,0.516839,1.000000,0.000000
0.485475,0.514525,1.000000,0.000000
0.486753,0.513247,0.000000,1.000000
0.484143,0.515857,1.000000,0.000000
0.486049,0.513951,1.000000,0.000000
0.488009,0.511991,1.000000,0.000000
0.486048,0.513952,0.000000,1.000000
0.482186,0.517814,1.000000,0.000000
0.485255,0.514745,1.000000,0.000000
0.485607,0.514393,0.000000,1.000000
0.483177,0.516823,1.000000,0.000000
0.485705,0.514295,1.000000,0.000000
0.487204,0.512796,0.000000,1.000000
0.485393,0.514607,1.000000,0.000000
0.487014,0.512986,1.000000,0.000000
0.488665,0.511335,1.000000,0.000000
0.487214,0.512786,0.000000,1.000000
0.484659,0.515341,1.000000,0.000000
0.486885,0.513115,1.000000,0.000000
0.487277,0.512723,0.000000,1.000000
0.485590,0.514410,1.000000,0.000000
0.487309,0.512691,1.000000,0.000000
0.488423,0.511577,1.000000,0.000000
0.487151,0.512849,0.000000,1.000000
0.482766,0.517234,1.000000,0.000000
0.485255,0.514745,1.000000,0.000000
0.486253,0.513747,0.000000,1.000000
0.483269,0.516731,1.000000,0.000000
0.485405,0.514595,1.000000,0.000000
0.487357,0.512643,0.000000,1.000000
0.485092,0.514908,1.000000,0.000000
0.486457,0.513543,1.000000,0.000000
0.488360,0.511640,1.000000,0.000000
0.486483,0.513517,0.000000,1.000000
0.484915,0.515085,1.000000,0.000000
0.486852,0.513148,1.000000,0.000000
0.486492,0.513508,0.000000,1.000000
0.485101,0.514899,1.000000,0.000000
0.486422,0.513578,1.000000,0.000000
0.486762,0.513238,1.000000,0.000000
0.485510,0.514490,0.000000,1.000000
0.479814,0.520186,1.000000,0.000000
0.482025,0.517975,1.000000,0.000000
0.483396,0.516604,0.000000,1.000000
0.479102,0.520898,1.000000,0.000000
0.481298,0.518702,1.000000,0.000000
0.483906,0.516094,0.000000,1.000000
0.480514,0.519486,1.000000,0.000000
0.482060,0.517940,1.000000,0.000000
0.484765,0.515235,1.000000,0.000000
0.481991,0.518009,0.000000,1.000000
0.480473,0.519527,1.000000,0.000000
0.483345,0.516655,1.000000,0.000000
0.482725,0.517275,0.000000,1.000000
0.481617,0.518383,1.000000,0.000000
0.484110,0.515890,1.000000,0.000000
0.485068,0.514932,1.000000,0.000000
0.484768,0.515232,0.000000,1.000000
0.478948,0.521052,1.000000,0.000000
0.482721,0.517279,1.000000,0.000000
0.486054,0.513946,0.000000,1.000000
0.483406,0.516594,1.000000,0.000000
0.486804,0.513196,1.000000,0.000000
0.490901,0.509099,0.000000,1.000000
0.489611,0.510389,1.000000,0.000000
0.490831,0.509169,1.000000,0.000000
