0.000000,0.000000,0.000000,0.000000
0.500000,0.500000,1.000000,0.000000
0.499993,0.500007,1.000000,0.000000
0.499944,0.500056,1.000000,0.000000
0.499825,0.500175,1.000000,0.000000
0.499615,0.500385,1.000000,0.000000
0.499302,0.500698,1.000000,0.000000
0.498880,0.501120,1.000000,0.000000
0.498343,0.501657,1.000000,0.000000
0.497687,0.502313,1.000000,0.000000
0.496911,0.503089,1.000000,0.000000
0.496013,0.503987,1.000000,0.000000
0.495023,0.504977,1.000000,0.000000
0.494012,0.505988,1.000000,0.000000
0.493033,0.506967,1.000000,0.000000
0.492121,0.507879,1.000000,0.000000
0.491290,0.508710,1.000000,0.000000
0.490576,0.509424,1.000000,0.000000
0.489846,0.510154,1.000000,0.000000
0.489230,0.510770,1.000000,0.000000
0.487156,0.512844,0.000000,1.000000
0.482575,0.517425,1.000000,0.000000
0.484247,0.515753,1.000000,0.000000
0.484189,0.515811,0.000000,1.000000
0.480671,0.519329,1.000000,0.000000
0.482906,0.517094,1.000000,0.000000
0.483968,0.516032,0.000000,1.000000
0.481058,0.518942,1.000000,0.000000
0.483061,0.516939,1.000000,0.000000
0.484623,0.515377,0.000000,1.000000
0.482012,0.517988,1.000000,0.000000
0.483598,0.516402,1.000000,0.000000
0.485339,0.514661,1.000000,0.000000
0.482998,0.517002,0.000000,1.000000
0.477538,0.522462,1.000000,0.000000
0.481031,0.518969,1.000000,0.000000
0.482487,0.517513,0.000000,1.000000
0.478889,0.521111,1.000000,0.000000
0.481671,0.518329,1.000000,0.000000
0.484620,0.515380,1.000000,0.000000
0.482140,0.517860,0.000000,1.000000
0.478957,0.521043,1.000000,0.000000
0.482768,0.517232,1.000000,0.000000
0.481956,0.518044,0.000000,1.000000
0.479828,0.520172,1.000000,0.000000
0.483281,0.516719,1.000000,0.000000
0.483472,0.516528,0.000000,1.000000
0.481803,0.518197,1.000000,0.000000
0.484479,0.515521,1.000000,0.000000
0.485286,0.514714,0.000000,1.000000
0.483716,0.516284,1.000000,0.000000
0.485613,0.514387,1.000000,0.000000
0.486868,0.513132,1.000000,0.000000
0.485497,0.514503,0.000000,1.000000
0.480905,0.519095,1.000000,0.000000
0.483548,0.516452,1.000000,0.000000
0.484237,0.515763,0.000000,1.000000
0.480876,0.519124,1.000000,0.000000
0.483274,0.516726,1.000000,0.000000
0.484763,0.515237,0.000000,1.000000
0.481897,0.518103,1.000000,0.000000
0.483677,0.516323,1.000000,0.000000
0.485359,0.514641,0.000000,1.000000
0.482678,0.517322,1.000000,0.000000
0.483988,0.516012,1.000000,0.000000
0.485732,0.514268,1.000000,0.000000
0.483269,0.516731,0.000000,1.000000
0.478572,0.521428,1.000000,0.000000
0.481735,0.518265,1.000000,0.000000
0.482714,0.517286,0.000000,1.000000
0.479549,0.520451,1.000000,0.000000
0.482067,0.517933,1.000000,0.000000
0.484432,0.515568,1.000000,0.000000
0.482139,0.517861,0.000000,1.000000
0.477993,0.522007,1.000000,0.000000
0.481522,0.518478,1.000000,0.000000
0.481277,0.518723,0.000000,1.000000
0.478200,0.521800,1.000000,0.000000
0.481456,0.518544,1.000000,0.000000
0.482401,0.517599,0.000000,1.000000
0.479833,0.520167,1.000000,0.000000
0.482357,0.517643,1.000000,0.000000
0.483823,0.516177,0.000000,1.000000
0.481468,0.518532,1.000000,0.000000
0.483317,0.516683,1.000000,0.000000
0.484951,0.515049,1.000000,0.000000
0.482829,0.517171,0.000000,1.000000
0.476836,0.523164,1.000000,0.000000
0.480378,0.519622,1.000000,0.000000
0.482116,0.517884,0.000000,1.000000
0.478056,0.521944,1.000000,0.000000
0.480864,0.519136,1.000000,0.000000
0.484041,0.515959,1.000000,0.000000
0.481109,0.518891,0.000000,1.000000
0.477368,0.522632,1.000000,0.000000
0.481495,0.518505,1.000000,0.000000
0.480544,0.519456,0.000000,1.000000
0.477814,0.522186,1.000000,0.000000
0.481540,0.518460,1.000000,0.000000
0.482217,0.517783,0.000000,1.000000
0.479959,0.520041,1.000000,0.000000
0.482754,0.517246,1.000000,0.000000
0.484498,0.515502,0.000000,1.000000
0.482664,0.517336,1.000000,0.000000
0.484578,0.515422,1.000000,0.000000
0.486603,0.513397,1.000000,0.000000
0.485281,0.514719,0.000000,1.000000
0.483100,0.516900,1.000000,0.000000
0.485784,0.514216,1.000000,0.000000
0.486532,0.513468,0.000000,1.000000
0.485287,0.514713,1.000000,0.000000
0.487289,0.512711,1.000000,0.000000
0.488630,0.511370,1.000000,0.000000
0.487709,0.512291,0.000000,1.000000
0.483907,0.516093,1.000000,0.000000
0.486294,0.513706,1.000000,0.000000
0.487386,0.512614,0.000000,1.000000
0.484865,0.515135,1.000000,0.000000
0.486777,0.513223,1.000000,0.000000
0.488578,0.511422,0.000000,1.000000
0.486664,0.513336,1.000000,0.000000
0.487858,0.512142,1.000000,0.000000
0.489562,0.510438,1.000000,0.000000
0.488055,0.511945,0.000000,1.000000
0.487233,0.512767,1.000000,0.000000
0.488893,0.511107,1.000000,0.000000
0.488710,0.511290,0.000000,1.000000
0.488086,0.511914,1.000000,0.000000
0.489239,0.510761,1.000000,0.000000
0.489590,0.510410,1.000000,0.000000
0.489070,0.510930,0.000000,1.000000
0.485233,0.514767,1.000000,0.000000
0.486766,0.513234,1.000000,0.000000
0.488029,0.511971,0.000000,1.000000
0.485301,0.514699,1.000000,0.000000
0.486661,0.513339,1.000000,0.000000
0.488476,0.511524,1.000000,0.000000
0.486426,0.513574,0.000000,1.000000
0.483601,0.516399,1.000000,0.000000
0.486196,0.513804,1.000000,0.000000
0.486247,0.513753,0.000000,1.000000
0.484475,0.515525,1.000000,0.000000
0.486578,0.513422,1.000000,0.000000
0.487648,0.512352,0.000000,1.000000
0.486256,0.513744,1.000000,0.000000
0.487621,0.512379,1.000000,0.000000
0.488869,0.511131,1.000000,0.000000
0.487769,0.512231,0.000000,1.000000
0.485392,0.514608,1.000000,0.000000
0.487215,0.512785,1.000000,0.000000
0.487783,0.512217,0.000000,1.000000
0.486150,0.513850,1.000000,0.000000
0.487581,0.512419,1.000000,0.000000
0.488719,0.511281,1.000000,0.000000
0.487505,0.512495,0.000000,1.000000
0.484120,0.515880,1.000000,0.000000
0.486264,0.513736,1.000000,0.000000
0.487064,0.512936,0.000000,1.000000
0.484784,0.515216,1.000000,0.000000
0.486550,0.513450,1.000000,0.000000
0.488094,0.511906,1.000000,0.000000
0.486392,0.513608,0.000000,1.000000
0.482249,0.517751,1.000000,0.000000
0.485068,0.514932,1.000000,0.000000
0.485713,0.514287,0.000000,1.000000
0.482993,0.517007,1.000000,0.000000
0.485369,0.514631,1.000000,0.000000
0.487094,0.512906,0.000000,1.000000
0.485039,0.514961,1.000000,0.000000
0.486574,0.513426,1.000000,0.000000
0.488390,0.511610,1.000000,0.000000
0.486750,0.513250,0.000000,1.000000
0.484669,0.515331,1.000000,0.000000
0.486892,0.513108,1.000000,0.000000
0.487055,0.512945,0.000000,1.000000
0.485688,0.514312,1.000000,0.000000
0.487382,0.512618,1.000000,0.000000
0.488272,0.511728,1.000000,0.000000
0.487238,0.512762,0.000000,1.000000
0.482549,0.517451,1.000000,0.000000
0.484810,0.515190,1.000000,0.000000
0.486203,0.513797,0.000000,1.000000
0.482828,0.517172,1.000000,0.000000
0.484592,0.515408,1.000000,0.000000
0.486768,0.513232,1.000000,0.000000
0.484204,0.515796,0.000000,1.000000
0.481211,0.518789,1.000000,0.000000
0.483978,0.516022,1.000000,0.000000
0.482940,0.517060,0.000000,1.000000
0.480541,0.519459,1.000000,0.000000
0.483143,0.516857,1.000000,0.000000
0.483179,0.516821,0.000000,1.000000
0.481053,0.518947,1.000000,0.000000
0.483227,0.516773,1.000000,0.000000
0.483936,0.516064,0.000000,1.000000
0.481944,0.518056,1.000000,0.000000
0.483679,0.516321,1.000000,0.000000
0.484763,0.515237,1.000000,0.000000
0.482997,0.517003,0.000000,1.000000
0.476435,0.523565,1.000000,0.000000
0.479699,0.520301,1.000000,0.000000
0.481721,0.518279,0.000000,1.000000
0.477082,0.522918,1.000000,0.000000
0.479789,0.520211,1.000000,0.000000
0.483218,0.516782,1.000000,0.000000
0.479752,0.520248,0.000000,1.000000
0.475558,0.524442,1.000000,0.000000
0.480154,0.519846,1.000000,0.000000
0.478755,0.521245,0.000000,1.000000
0.475737,0.524263,1.000000,0.000000
0.480079,0.519921,1.000000,0.000000
0.480117,0.519883,0.000000,1.000000
0.477741,0.522259,1.000000,0.000000
0.481261,0.518739,1.000000,0.000000
0.482088,0.517912,0.000000,1.000000
0.479991,0.520009,1.000000,0.000000
0.482652,0.517348,1.000000,0.000000
0.483857,0.516143,0.000000,1.000000
0.481844,0.518156,1.000000,0.000000
0.483798,0.516202,1.000000,0.000000
0.485204,0.514796,1.000000,0.000000
0.483358,0.516642,0.000000,1.000000
0.477220,0.522780,1.000000,0.000000
0.480604,0.519396,1.000000,0.000000
0.482008,0.517992,0.000000,1.000000
0.477722,0.522278,1.000000,0.000000
0.480657,0.519343,1.000000,0.000000
0.483217,0.516783,0.000000,1.000000
0.479772,0.520228,1.000000,0.000000
0.481828,0.518172,1.000000,0.000000
0.484483,0.515517,0.000000,1.000000
0.481366,0.518634,1.000000,0.000000
0.482768,0.517232,1.000000,0.000000
0.485303,0.514697,1.000000,0.000000
0.482379,0.517621,0.000000,1.000000
0.478779,0.521221,1.000000,0.000000
0.482252,0.517748,1.000000,0.000000
0.482662,0.517338,0.000000,1.000000
0.480337,0.519663,1.000000,0.000000
0.482962,0.517038,1.000000,0.000000
0.484844,0.515156,1.000000,0.000000
0.483164,0.516836,0.000000,1.000000
0.478500,0.521500,1.000000,0.000000
0.481753,0.518247,1.000000,0.000000
0.482107,0.517893,0.000000,1.000000
0.478629,0.521371,1.000000,0.000000
0.481673,0.518327,1.000000,0.000000
0.483126,0.516874,0.000000,1.000000
0.480253,0.519747,1.000000,0.000000
0.482588,0.517412,1.000000,0.000000
0.484461,0.515539,0.000000,1.000000
0.481872,0.518128,1.000000,0.000000
0.483535,0.516465,1.000000,0.000000
0.485482,0.514518,1.000000,0.000000
0.483146,0.516854,0.000000,1.000000
0.478390,0.521610,1.000000,0.000000
0.481735,0.518265,1.000000,0.000000
0.482821,0.517179,0.000000,1.000000
0.479631,0.520369,1.000000,0.000000
0.482244,0.517756,1.000000,0.000000
0.484720,0.515280,1.000000,0.000000
0.482421,0.517579,0.000000,1.000000
0.478493,0.521507,1.000000,0.000000
0.482045,0.517955,1.000000,0.000000
0.481586,0.518414,0.000000,1.000000
0.478698,0.521302,1.000000,0.000000
0.482001,0.517999,1.000000,0.000000
0.482670,0.517330,0.000000,1.000000
0.480259,0.519741,1.000000,0.000000
0.482860,0.517140,1.000000,0.000000
0.484207,0.515793,0.000000,1.000000
0.481984,0.518016,1.000000,0.000000
0.483872,0.516128,1.000000,0.000000
0.485649,0.514351,1.000000,0.000000
0.483875,0.516125,0.000000,1.000000
0.479956,0.520044,1.000000,0.000000
0.483006,0.516994,1.000000,0.000000
0.483902,0.516098,0.000000,1.000000
0.481440,0.518560,1.000000,0.000000
0.484123,0.515877,1.000000,0.000000
0.486239,0.513761,0.000000,1.000000
0.484518,0.515482,1.000000,0.000000
0.486309,0.513691,1.000000,0.000000
0.488404,0.511596,1.000000,0.000000
0.487054,0.512946,0.000000,1.000000
0.485798,0.514202,1.000000,0.000000
0.487951,0.512049,1.000000,0.000000
0.488115,0.511885,0.000000,1.000000
0.487305,0.512695,1.000000,0.000000
0.488793,0.511207,1.000000,0.000000
0.489494,0.510506,1.000000,0.000000
0.488880,0.511120,0.000000,1.000000
0.485100,0.514900,1.000000,0.000000
0.486958,0.513042,1.000000,0.000000
0.488212,0.511788,0.000000,1.000000
0.485630,0.514370,1.000000,0.000000
0.487180,0.512820,1.000000,0.000000
0.488987,0.511013,1.000000,0.000000
0.487033,0.512967,0.000000,1.000000
0.483793,0.516207,1.000000,0.000000
0.486462,0.513538,1.000000,0.000000
0.486569,0.513431,0.000000,1.000000
0.484492,0.515508,1.000000,0.000000
0.486635,0.513365,1.000000,0.000000
0.487761,0.512239,0.000000,1.000000
0.486139,0.513861,1.000000,0.000000
0.487520,0.512480,1.000000,0.000000
0.488845,0.511155,1.000000,0.000000
0.487559,0.512441,0.000000,1.000000
0.485016,0.514984,1.000000,0.000000
0.486984,0.513016,1.000000,0.000000
0.487487,0.512513,0.000000,1.000000
0.485772,0.514228,1.000000,0.000000
0.487336,0.512664,1.000000,0.000000
0.488503,0.511497,1.000000,0.000000
0.487231,0.512769,0.000000,1.000000
0.483402,0.516598,1.000000,0.000000
0.485744,0.514256,1.000000,0.000000
0.486629,0.513371,0.000000,1.000000
0.484055,0.515945,1.000000,0.000000
0.486013,0.513987,1.000000,0.000000
0.487739,0.512261,1.000000,0.000000
0.485816,0.514184,0.000000,1.000000
0.481187,0.518813,1.000000,0.000000
0.484374,0.515626,1.000000,0.000000
0.484939,0.515061,0.000000,1.000000
0.481911,0.518089,1.000000,0.000000
0.484646,0.515354,1.000000,0.000000
0.486480,0.513520,0.000000,1.000000
0.484239,0.515761,1.000000,0.000000
0.486014,0.513986,1.000000,0.000000
0.488010,0.511990,1.000000,0.000000
0.486209,0.513791,0.000000,1.000000
0.483509,0.516491,1.000000,0.000000
0.486112,0.513888,1.000000,0.000000
0.486336,0.513664,0.000000,1.000000
0.484615,0.515385,1.000000,0.000000
0.486652,0.513348,1.000000,0.000000
0.487780,0.512220,1.000000,0.000000
0.486513,0.513487,0.000000,1.000000
0.481336,0.518664,1.000000,0.000000
0.484168,0.515832,1.000000,0.000000
0.485379,0.514621,0.000000,1.000000
0.481816,0.518184,1.000000,0.000000
0.484310,0.515690,1.000000,0.000000
0.486638,0.513362,0.000000,1.000000
0.483975,0.516025,1.000000,0.000000
0.485579,0.514421,1.000000,0.000000
0.487906,0.512094,1.000000,0.000000
0.485738,0.514262,0.000000,1.000000
0.483900,0.516100,1.000000,0.000000
0.486424,0.513576,1.000000,0.000000
0.486231,0.513769,0.000000,1.000000
0.484930,0.515070,1.000000,0.000000
0.486707,0.513293,1.000000,0.000000
0.487499,0.512501,1.000000,0.000000
0.486399,0.513601,0.000000,1.000000
0.481753,0.518247,1.000000,0.000000
0.483828,0.516172,1.000000,0.000000
0.484339,0.515661,0.000000,1.000000
0.480588,0.519412,1.000000,0.000000
0.482700,0.517300,1.000000,0.000000
0.484057,0.515943,0.000000,1.000000
0.480804,0.519196,1.000000,0.000000
0.482593,0.517407,1.000000,0.000000
0.484367,0.515633,0.000000,1.000000
0.481412,0.518588,1.000000,0.000000
0.482862,0.517138,1.000000,0.000000
0.484844,0.515156,1.000000,0.000000
0.482194,0.517806,0.000000,1.000000
0.477285,0.522715,1.000000,0.000000
0.480771,0.519229,1.000000,0.000000
0.481715,0.518285,0.000000,1.000000
0.478364,0.521636,1.000000,0.000000
0.481146,0.518854,1.000000,0.000000
0.483640,0.516360,1.000000,0.000000
0.481155,0.518845,0.000000,1.000000
0.476226,0.523774,1.000000,0.000000
0.480192,0.519808,1.000000,0.000000
0.479886,0.520114,0.000000,1.000000
0.476218,0.523782,1.000000,0.000000
0.480017,0.519983,1.000000,0.000000
0.481014,0.518986,0.000000,1.000000
0.478031,0.521969,1.000000,0.000000
0.481088,0.518912,1.000000,0.000000
0.482688,0.517312,0.000000,1.000000
0.480041,0.519959,1.000000,0.000000
0.482354,0.517646,1.000000,0.000000
0.484178,0.515822,0.000000,1.000000
0.481700,0.518300,1.000000,0.000000
0.483413,0.516587,1.000000,0.000000
0.485293,0.514707,1.000000,0.000000
0.483017,0.516983,0.000000,1.000000
0.477883,0.522117,1.000000,0.000000
0.481327,0.518673,1.000000,0.000000
0.482403,0.517597,0.000000,1.000000
0.478971,0.521029,1.000000,0.000000
0.481726,0.518274,1.000000,0.000000
0.483971,0.516029,0.000000,1.000000
0.481235,0.518765,1.000000,0.000000
0.483011,0.516989,1.000000,0.000000
0.485250,0.514750,1.000000,0.000000
0.482806,0.517194,0.000000,1.000000
0.478510,0.521490,1.000000,0.000000
0.481905,0.518095,1.000000,0.000000
0.482861,0.517139,0.000000,1.000000
0.480013,0.519987,1.000000,0.000000
0.482582,0.517418,1.000000,0.000000
0.484883,0.515117,1.000000,0.000000
0.482851,0.517149,0.000000,1.000000
0.479131,0.520869,1.000000,0.000000
0.482409,0.517591,1.000000,0.000000
0.482203,0.517797,0.000000,1.000000
0.479433,0.520567,1.000000,0.000000
0.482426,0.517574,1.000000,0.000000
0.483288,0.516712,0.000000,1.000000
0.480959,0.519041,1.000000,0.000000
0.483271,0.516729,1.000000,0.000000
0.484622,0.515378,0.000000,1.000000
0.482473,0.517527,1.000000,0.000000
0.484146,0.515854,1.000000,0.000000
0.485660,0.514340,1.000000,0.000000
0.483739,0.516261,0.000000,1.000000
0.478551,0.521449,1.000000,0.000000
0.481667,0.518333,1.000000,0.000000
0.483112,0.516888,0.000000,1.000000
0.479575,0.520425,1.000000,0.000000
0.482053,0.517947,1.000000,0.000000
0.484736,0.515264,1.000000,0.000000
0.482162,0.517838,0.000000,1.000000
0.478540,0.521460,1.000000,0.000000
0.482178,0.517822,1.000000,0.000000
0.481484,0.518516,0.000000,1.000000
0.478876,0.521124,1.000000,0.000000
0.482204,0.517796,1.000000,0.000000
0.482623,0.517377,0.000000,1.000000
0.480471,0.519529,1.000000,0.000000
0.483088,0.516912,1.000000,0.000000
0.484051,0.515949,0.000000,1.000000
0.482042,0.517958,1.000000,0.000000
0.483995,0.516005,1.000000,0.000000
0.485250,0.514750,0.000000,1.000000
0.483292,0.516708,1.000000,0.000000
0.484736,0.515264,1.000000,0.000000
0.486194,0.513806,1.000000,0.000000
0.484499,0.515501,0.000000,1.000000
0.480997,0.519003,1.000000,0.000000
0.483575,0.516425,1.000000,0.000000
0.484327,0.515673,0.000000,1.000000
0.482017,0.517983,1.000000,0.000000
0.484314,0.515686,1.000000,0.000000
0.486192,0.513808,1.000000,0.000000
0.484669,0.515331,0.000000,1.000000
0.480043,0.519957,1.000000,0.000000
0.483570,0.516430,1.000000,0.000000
0.484794,0.515206,0.000000,1.000000
0.481975,0.518025,1.000000,0.000000
0.484836,0.515164,1.000000,0.000000
0.487082,0.512918,0.000000,1.000000
0.485002,0.514998,1.000000,0.000000
0.486705,0.513295,1.000000,0.000000
0.488809,0.511191,1.000000,0.000000
0.487095,0.512905,0.000000,1.000000
0.485357,0.514643,1.000000,0.000000
0.487681,0.512319,1.000000,0.000000
0.487683,0.512317,0.000000,1.000000
0.486640,0.513360,1.000000,0.000000
0.488356,0.511644,1.000000,0.000000
0.489100,0.510900,1.000000,0.000000
0.488338,0.511662,0.000000,1.000000
0.483840,0.516160,1.000000,0.000000
0.485999,0.514001,1.000000,0.000000
0.487309,0.512691,0.000000,1.000000
0.484154,0.515846,1.000000,0.000000
0.485994,0.514006,1.000000,0.000000
0.488045,0.511955,0.000000,1.000000
0.485609,0.514391,1.000000,0.000000
0.486764,0.513236,1.000000,0.000000
0.488717,0.511283,1.000000,0.000000
0.486778,0.513222,0.000000,1.000000
0.485993,0.514007,1.000000,0.000000
0.487906,0.512094,1.000000,0.000000
0.487498,0.512502,0.000000,1.000000
0.486946,0.513054,1.000000,0.000000
0.488364,0.511636,1.000000,0.000000
0.488710,0.511290,1.000000,0.000000
0.488307,0.511693,0.000000,1.000000
0.483775,0.516225,1.000000,0.000000
0.485597,0.514403,1.000000,0.000000
0.487226,0.512774,0.000000,1.000000
0.484014,0.515986,1.000000,0.000000
0.485631,0.514369,1.000000,0.000000
0.487878,0.512122,1.000000,0.000000
0.485429,0.514571,0.000000,1.000000
0.482084,0.517916,1.000000,0.000000
0.485262,0.514738,1.000000,0.000000
0.485103,0.514897,0.000000,1.000000
0.483078,0.516922,1.000000,0.000000
0.485694,0.514306,1.000000,0.000000
0.486803,0.513197,0.000000,1.000000
0.485286,0.514714,1.000000,0.000000
0.486983,0.513017,1.000000,0.000000
0.488377,0.511623,1.000000,0.000000
0.487155,0.512845,0.000000,1.000000
0.483922,0.516078,1.000000,0.000000
0.486174,0.513826,1.000000,0.000000
0.486934,0.513066,0.000000,1.000000
0.484765,0.515235,1.000000,0.000000
0.486571,0.513429,1.000000,0.000000
0.488065,0.511935,1.000000,0.000000
0.486441,0.513559,0.000000,1.000000
0.482209,0.517791,1.000000,0.000000
0.485008,0.514992,1.000000,0.000000
0.485735,0.514265,0.000000,1.000000
0.482940,0.517060,1.000000,0.000000
0.485302,0.514698,1.000000,0.000000
0.487093,0.512907,0.000000,1.000000
0.484981,0.515019,1.000000,0.000000
0.486506,0.513494,1.000000,0.000000
0.488369,0.511631,1.000000,0.000000
0.486683,0.513317,0.000000,1.000000
0.484701,0.515299,1.000000,0.000000
0.486898,0.513102,1.000000,0.000000
0.486940,0.513060,0.000000,1.000000
0.485513,0.514487,1.000000,0.000000
0.487074,0.512926,1.000000,0.000000
0.487747,0.512253,1.000000,0.000000
0.486461,0.513539,0.000000,1.000000
0.481233,0.518767,1.000000,0.000000
0.483379,0.516621,1.000000,0.000000
0.484365,0.515635,0.000000,1.000000
0.480315,0.519685,1.000000,0.000000
0.482334,0.517666,1.000000,0.000000
0.484489,0.515511,0.000000,1.000000
0.481230,0.518770,1.000000,0.000000
0.482693,0.517307,1.000000,0.000000
0.485097,0.514903,1.000000,0.000000
0.482485,0.517515,0.000000,1.000000
0.480432,0.519568,1.000000,0.000000
0.483240,0.516760,1.000000,0.000000
0.482846,0.517154,0.000000,1.000000
0.481278,0.518722,1.000000,0.000000
0.483546,0.516454,1.000000,0.000000
0.484350,0.515650,1.000000,0.000000
0.483132,0.516868,0.000000,1.000000
0.476229,0.523771,1.000000,0.000000
0.479710,0.520290,1.000000,0.000000
0.482054,0.517946,0.000000,1.000000
0.477664,0.522336,1.000000,0.000000
0.481344,0.518656,1.000000,0.000000
0.485678,0.514322,0.000000,1.000000
0.483393,0.516607,1.000000,0.000000
0.485969,0.514031,1.000000,0.000000
0.489818,0.510182,1.000000,0.000000
0.488025,0.511975,0.000000,1.000000
0.490488,0.509512,1.000000,0.000000
0.492980,0.507020,1.000000,0.000000
