0.000000,0.000000
0.000000,0.000000
0.000461,0.000461
0.003579,0.003579
0.011256,0.011256
0.024718,0.024718
0.044755,0.044755
0.071877,0.071877
0.106419,0.106419
0.148596,0.148596
0.198556,0.198556
0.256392,0.256392
0.322172,0.322172
0.395940,0.395940
0.476959,0.476959
0.560934,0.560934
0.643916,0.643916
0.723363,0.723363
0.797637,0.797637
0.865693,0.865693
0.926858,0.926858
0.980708,0.980708
1.026976,1.026976
1.065495,1.065495
1.096162,1.096162
1.118917,1.118917
1.134047,1.134047
1.143638,1.143638
1.149716,1.149716
1.153567,1.153567
1.156007,1.156007
1.157552,1.157552
1.158532,1.158532
1.159152,1.159152
1.159545,1.159545
1.159794,1.159794
1.159951,1.159951
1.160051,1.160051
1.160049,1.160049
1.159456,1.159456
1.157758,1.157758
1.154630,1.154630
1.149867,1.149867
1.143337,1.143337
1.134959,1.134959
1.124681,1.124681
1.112470,1.112470
1.098305,1.098305
1.082175,1.082175
1.064071,1.064071
1.044090,1.044090
1.023187,1.023187
1.002424,1.002424
0.982477,0.982477
0.963774,0.963774
0.946587,0.946587
0.931088,0.931088
0.917387,0.917387
0.905553,0.905553
0.895630,0.895630
0.887648,0.887648
0.881623,0.881623
0.877776,0.877244
0.875371,0.873872
0.872762,0.871421
0.870958,0.867738
0.866173,0.865750
0.865564,0.858326
0.853095,0.859757
0.863484,0.840268
0.822216,0.862352
0.895546,0.801076
0.742860,0.934563
1.400511,0.533430
1.280238,1.202409
1.018181,1.175259
1.437791,0.725637
1.320465,1.254848
1.062940,1.194825
1.340794,0.741642
1.241943,1.186426
1.029765,1.140757
1.223322,0.717698
1.152553,1.105417
0.988498,1.082017
1.018403,0.813099
0.610611,1.505911
1.274656,1.340614
1.190493,1.043844
0.749099,1.384795
1.218313,1.263302
1.141903,1.039733
0.856934,1.067411
1.564713,0.618924
1.414374,1.330648
1.075472,1.246456
1.540455,0.768765
1.401781,1.331244
1.099322,1.241824
1.413958,0.767328
1.300593,1.240269
1.060003,1.180258
1.286322,0.737044
1.204758,1.152332
1.018846,1.121854
1.068667,0.841297
0.614490,1.603396
1.427565,1.499781
1.320471,1.158825
0.809720,1.509037
1.382974,1.433103
1.284491,1.171420
0.932411,1.167102
1.761976,0.713848
1.627378,1.537438
1.205869,1.395746
1.738790,0.897417
1.617816,1.545898
1.245714,1.396438
1.545305,0.872354
1.445765,1.386947
1.166376,1.287870
1.342549,0.796978
1.274905,1.226853
1.075021,1.173230
1.067841,0.855204
0.651691,1.584797
1.314657,1.386842
1.203123,1.045725
0.748771,1.437162
1.221635,1.273529
1.126860,1.012421
0.832410,1.071338
1.602412,0.535560
1.494333,1.403354
1.113072,1.301728
1.586499,0.741146
1.479199,1.404647
1.138655,1.291712
1.427672,0.738266
1.333482,1.271480
1.073107,1.198459
1.261286,0.692078
1.193948,1.141067
1.004228,1.108671
1.015836,0.785317
0.572999,1.574133
1.316122,1.387191
1.200664,1.038599
0.727473,1.419861
1.235345,1.278394
1.132204,1.026508
0.824130,1.033423
1.536925,0.576383
1.332702,1.237863
0.980272,1.164182
1.553122,0.702048
1.345510,1.258662
1.005319,1.173533
1.495221,0.719505
1.295376,1.219147
0.991864,1.143081
1.391574,0.704965
1.218378,1.157457
0.967836,1.094953
1.245960,0.683064
1.120524,1.075582
0.937302,1.032805
0.990331,0.787388
0.553905,1.452353
1.243210,1.315347
1.188866,1.035576
0.737995,1.416623
1.269986,1.325057
1.219336,1.102309
0.801109,1.319196
1.242089,1.284029
1.220866,1.131744
0.966831,1.156216
1.660201,0.821774
1.529087,1.459457
1.242805,1.390768
1.655753,1.000709
1.577095,1.522033
1.326472,1.443478
1.551727,1.033733
1.517668,1.474340
1.322437,1.414511
1.329353,1.133698
0.971033,1.837216
1.693679,1.767248
1.574047,1.417713
1.117981,1.810088
1.707322,1.766585
1.587226,1.461291
1.100443,1.657965
1.603144,1.650337
1.521446,1.421162
1.179548,1.392651
1.975115,1.031687
1.898244,1.817032
1.468909,1.641485
1.916362,1.152358
1.829482,1.763443
1.430510,1.570844
1.627503,1.006231
1.525404,1.473263
1.207406,1.318206
1.127024,0.891575
0.596987,1.639340
1.271574,1.356656
1.055432,0.874633
0.471028,1.271441
0.854917,0.917955
0.696715,0.562758
0.185673,0.778710
0.419599,0.463616
0.354773,0.261238
0.104726,0.303489
