0.000000,0.000000
0.000000,0.000000
0.000432,0.000431
0.003348,0.003349
0.010534,0.010528
0.023130,0.023121
0.041896,0.041845
0.067281,0.067208
0.099686,0.099430
0.139152,0.138875
0.186195,0.185298
0.240116,0.239538
0.300912,0.298308
0.360660,0.360792
0.423655,0.416328
0.471733,0.478686
0.538001,0.513255
0.548224,0.589797
0.663354,0.563317
0.550539,0.751097
1.233745,0.320779
1.099002,1.016287
0.872976,1.037285
1.333891,0.583372
1.209993,1.139381
0.967517,1.107146
1.291842,0.652552
1.181395,1.120370
0.967847,1.087761
1.207557,0.656556
1.118946,1.065540
0.942971,1.046817
1.003469,0.773082
0.531949,1.531405
1.332634,1.403212
1.232620,1.072439
0.719360,1.406755
1.261978,1.306963
1.166426,1.059901
0.824640,1.039853
1.572558,0.596219
1.325665,1.234967
0.955117,1.136507
1.508788,0.682550
1.265541,1.187594
0.936511,1.092121
1.356432,0.648778
1.137262,1.072854
0.875330,1.006434
1.185327,0.597656
1.011287,0.964065
0.820674,0.922374
0.901379,0.688303
0.402238,1.354920
1.119875,1.200731
1.080498,0.915454
0.582436,1.328952
1.128147,1.195935
1.082416,0.947118
0.614524,1.232458
1.070118,1.128492
1.047332,0.932738
0.623530,1.150570
1.025801,1.076809
1.020509,0.921397
0.754368,0.974103
1.492140,0.537981
1.338059,1.270064
1.032707,1.185751
1.379191,0.719092
1.266365,1.221216
1.036843,1.140847
1.050288,0.837233
0.604619,1.564236
1.296910,1.382694
1.209594,1.035123
0.743047,1.531780
1.290778,1.363229
1.199413,1.053436
0.736755,1.399885
1.195299,1.257294
1.132670,1.009355
0.699143,1.263030
1.098649,1.152615
1.064911,0.959292
0.795147,1.028869
1.549540,0.534606
1.447453,1.375171
1.110997,1.274384
1.437283,0.734428
1.359579,1.312229
1.107733,1.217896
1.080202,0.855254
0.640916,1.654553
1.333026,1.423767
1.217182,1.030842
0.764830,1.600182
1.314885,1.386867
1.197200,1.045269
0.743308,1.415919
1.191199,1.245800
1.104698,0.988670
0.682891,1.196553
1.031775,1.072639
0.978249,0.891413
0.718725,0.903250
1.300240,0.483332
1.057705,0.993172
0.792492,0.929625
1.118858,0.511762
0.915170,0.867752
0.718766,0.819530
0.794421,0.580297
0.269501,1.217444
0.939327,1.012575
0.907684,0.752032
0.418656,1.107741
0.890574,0.943978
0.857129,0.743645
0.439341,0.941744
0.788009,0.826520
0.775314,0.693478
0.543697,0.717599
1.107370,0.337491
0.802192,0.742892
0.608371,0.734383
0.961418,0.403547
0.741861,0.699150
0.604897,0.695657
0.725343,0.532478
0.233671,1.087498
0.862147,0.927298
0.870278,0.731832
0.417551,1.030462
0.866993,0.914214
0.857645,0.757300
0.590151,0.803384
1.293796,0.349798
1.031598,0.957794
0.757441,0.914274
1.179886,0.485571
0.968348,0.913977
0.754756,0.870295
1.002995,0.491492
0.851976,0.812429
0.706823,0.790860
0.762097,0.583519
0.344550,1.135127
0.854464,0.915519
0.838502,0.708761
0.451808,1.026185
0.816511,0.860864
0.798427,0.704178
0.581835,0.782114
1.199262,0.312610
0.997216,0.928575
0.758774,0.904636
1.105715,0.459973
0.947287,0.897094
0.760877,0.867537
0.833330,0.606678
0.322160,1.325568
1.038457,1.116930
0.988197,0.821441
0.496262,1.234500
1.002954,1.061045
0.948175,0.824730
0.507764,1.054263
0.885396,0.927863
0.857890,0.767647
0.606116,0.797882
1.226501,0.377537
0.962351,0.896172
0.723059,0.863688
1.094680,0.472102
0.891293,0.842501
0.712472,0.814394
0.819028,0.599393
0.290434,1.254006
1.024499,1.094034
0.997612,0.843691
0.501990,1.168913
1.019791,1.064389
0.985469,0.882458
0.695853,0.906013
1.432451,0.483030
1.184038,1.098914
0.885907,1.057259
1.424535,0.646004
1.218848,1.146525
0.950643,1.094916
1.349596,0.691601
1.182174,1.120137
0.956165,1.079117
1.255367,0.692974
1.123122,1.069666
0.937295,1.042552
1.039478,0.807588
0.526926,1.536571
1.399434,1.472747
1.316477,1.152612
0.755802,1.464367
1.371283,1.420888
1.285858,1.172184
0.901629,1.134789
1.756284,0.706233
1.538354,1.442524
1.109188,1.303878
1.733273,0.852266
1.520880,1.437795
1.127670,1.294621
1.588519,0.829020
1.391703,1.318986
1.066115,1.210650
1.417832,0.757234
1.248295,1.184821
0.990225,1.115644
1.265906,0.692047
1.129581,1.075494
0.928712,1.036512
1.013937,0.779068
0.494022,1.525200
1.347182,1.427910
1.264506,1.093088
0.710542,1.474368
1.323333,1.389771
1.243175,1.107923
0.711361,1.325148
1.201242,1.258807
1.160288,1.046829
0.679803,1.201512
1.106405,1.157484
1.095230,0.996349
0.780567,1.000324
1.546182,0.593134
1.325245,1.257337
1.000759,1.154204
1.382701,0.721963
1.217629,1.172891
0.982114,1.085654
1.024432,0.812678
0.544373,1.498667
1.266136,1.350885
1.194264,1.021964
0.696982,1.475786
1.265058,1.335954
1.184600,1.041514
0.699230,1.348419
1.170498,1.230343
1.116620,0.997058
0.669342,1.214653
1.075263,1.126444
1.049140,0.948297
0.768347,0.990712
1.506193,0.538961
1.349966,1.280544
1.031163,1.187358
1.378998,0.706053
1.261316,1.216102
1.025257,1.130670
1.033410,0.818917
0.582294,1.551933
1.264800,1.353037
1.179136,1.001214
0.714819,1.521958
1.258871,1.333664
1.168264,1.017566
0.710659,1.392997
1.169471,1.230673
1.102947,0.977338
0.676917,1.238256
1.071303,1.116532
1.026139,0.930028
0.767154,0.971390
1.430001,0.525831
1.254866,1.182535
0.954337,1.108041
1.316446,0.635987
1.154612,1.100190
0.904894,1.020539
1.089202,0.577230
0.958580,0.918485
0.786384,0.871586
0.791667,0.610612
0.382710,1.184256
0.829056,0.891365
0.794937,0.662530
0.425644,1.011822
0.745580,0.790705
0.725418,0.629527
0.532866,0.736635
1.123173,0.221069
0.937376,0.868420
0.716067,0.862599
1.037170,0.388462
0.895429,0.845534
0.722774,0.828799
0.778259,0.552955
0.286046,1.283486
0.944165,1.021717
0.901999,0.737200
0.448295,1.177872
0.911587,0.968553
0.869573,0.748520
0.472361,1.008273
0.818651,0.860041
0.798992,0.711037
0.580803,0.767707
1.166358,0.338918
0.940023,0.875998
0.719738,0.855791
1.058178,0.455859
0.885121,0.838485
0.716709,0.815811
0.800391,0.589797
0.306534,1.238847
0.970736,1.043093
0.940377,0.786617
0.469072,1.149779
0.940281,0.993403
0.903467,0.790584
0.621717,0.861593
1.390052,0.328101
1.184658,1.101172
0.858639,1.036047
1.305406,0.520003
1.129549,1.067314
0.864556,0.996806
1.111225,0.525746
0.978446,0.932695
0.798373,0.895596
0.828434,0.621837
0.377748,1.292370
0.964526,1.036175
0.917099,0.764846
0.490261,1.164298
0.906184,0.958925
0.864057,0.751982
0.620093,0.858250
1.343661,0.289317
1.174951,1.092585
0.872435,1.047462
1.273252,0.498390
1.134851,1.073694
0.886246,1.016206
1.096523,0.521180
0.994245,0.949350
0.825882,0.921282
0.833278,0.629742
0.415609,1.312116
0.942848,1.009942
0.895524,0.748396
0.513854,1.153644
0.891422,0.935106
0.854638,0.754618
0.653975,0.858667
1.285323,0.361615
1.148719,1.067608
0.899189,1.062320
1.320425,0.578538
1.214112,1.145450
0.981810,1.118153
1.278412,0.655035
1.196059,1.136905
0.998269,1.114770
1.215025,0.680491
1.154780,1.103395
0.989711,1.090292
1.029627,0.807456
0.597904,1.564192
1.348392,1.418661
1.247232,1.089794
0.770376,1.450532
1.293227,1.340603
1.199833,1.091041
0.880823,1.103813
1.647166,0.642675
1.494406,1.403657
1.112058,1.296283
1.639977,0.806049
1.488579,1.410478
1.136594,1.293319
1.510362,0.796818
1.371548,1.303346
1.081479,1.216569
1.360116,0.741321
1.243454,1.183441
1.012439,1.130053
1.229804,0.688903
1.137612,1.085141
0.954812,1.057595
1.004196,0.777912
0.536639,1.524376
1.309444,1.383766
1.215084,1.053620
0.712305,1.424123
1.250147,1.308707
1.170514,1.049106
0.698219,1.245848
1.114921,1.165065
1.080366,0.981359
0.784268,1.003085
1.518440,0.568547
1.341515,1.274221
1.022499,1.175113
1.367857,0.712361
1.236823,1.193518
1.006446,1.107939
1.019361,0.812973
0.574378,1.506972
1.227478,1.311607
1.152906,0.982752
0.695110,1.465906
1.215577,1.286363
1.137990,0.995601
0.690527,1.337314
1.127086,1.186854
1.074621,0.955274
0.660065,1.204244
1.038528,1.089330
1.011504,0.911101
0.758147,0.979080
1.467357,0.505166
1.340006,1.270652
1.035797,1.190998
1.359936,0.689438
1.265137,1.219262
1.036824,1.142624
1.033319,0.817019
0.595120,1.570917
1.261939,1.350164
1.171169,0.992887
0.720245,1.529090
1.247462,1.323100
1.155974,1.004893
0.710194,1.399149
1.154378,1.219631
1.090899,0.961465
0.671544,1.262728
1.062777,1.117960
1.025738,0.915395
0.643653,1.143737
0.991928,1.035311
0.970326,0.879977
0.739962,0.932061
1.364868,0.514430
1.188425,1.120770
0.924404,1.068170
1.268428,0.631963
1.117265,1.066554
0.897137,1.004897
0.950616,0.721626
0.422413,1.436169
1.173077,1.253602
1.082171,0.911056
0.542828,1.300372
1.064452,1.124557
0.982885,0.855161
0.499047,1.064496
0.886894,0.930839
0.851444,0.758062
0.577277,0.775715
1.220225,0.341724
0.921259,0.852994
0.672663,0.817728
1.066195,0.423980
0.833530,0.783893
0.651302,0.756779
0.770810,0.546671
0.209013,1.201296
0.941949,1.018181
0.928903,0.766911
0.409331,1.126480
0.932977,0.988595
0.907306,0.789117
0.461427,0.984662
0.851577,0.891883
0.844004,0.758353
0.591057,0.773064
1.203163,0.397401
0.879679,0.816884
0.664742,0.798181
1.051740,0.460996
0.812945,0.767209
0.655002,0.752190
0.785758,0.579232
0.249870,1.164177
0.948918,1.019178
0.947130,0.797826
0.442503,1.103484
0.943760,0.995062
0.924914,0.815898
0.617392,0.849051
1.395513,0.369940
1.128260,1.047351
0.806998,0.978929
1.283285,0.522133
1.056871,0.996646
0.802575,0.930553
1.082086,0.515517
0.913586,0.869442
0.740902,0.834708
0.802445,0.603107
0.336058,1.218545
0.940725,1.009263
0.910015,0.764372
0.468403,1.113177
0.898292,0.948469
0.866252,0.759626
0.608509,0.835091
1.322457,0.319361
1.119309,1.040894
0.825172,0.991802
1.232886,0.495201
1.064283,1.006247
0.828852,0.952180
1.054047,0.508065
0.931378,0.888951
0.771852,0.862010
0.799066,0.607481
0.382001,1.230166
0.894251,0.960408
0.863262,0.722679
0.479255,1.101625
0.853385,0.901817
0.833694,0.730778
0.631816,0.850514
1.303764,0.335572
1.177926,1.102255
0.927923,1.088724
1.303830,0.591946
1.224967,1.168266
1.012182,1.132670
1.206999,0.673586
1.161539,1.119100
1.005281,1.095462
0.998871,0.807235
0.638963,1.487351
1.155012,1.223721
1.089818,0.943813
0.717832,1.364209
1.111248,1.163430
1.053486,0.942599
0.830997,1.066631
1.545040,0.501867
1.490837,1.406835
1.144634,1.323139
1.484761,0.694502
1.392243,1.328000
1.065048,1.201564
1.169691,0.565319
1.031258,0.983685
0.799218,0.900310
0.722478,0.507658
0.248705,1.199731
0.537726,0.610999
0.501019,0.345313
