0.000000,0.000000
0.000000,0.000000
0.001453,0.001453
0.011284,0.011284
0.035496,0.035496
0.077953,0.077953
0.136416,0.136416
0.197898,0.197898
0.252289,0.252289
0.293131,0.293131
0.319729,0.319729
0.336770,0.336770
0.347682,0.347682
0.354598,0.354598
0.357706,0.357706
0.356144,0.356144
0.349332,0.349332
0.337220,0.337220
0.322542,0.322542
0.308471,0.308471
0.297047,0.297047
0.289622,0.289466
0.286811,0.286608
0.289283,0.288774
0.296972,0.296656
0.310897,0.309637
0.329454,0.329569
0.356420,0.352868
0.383986,0.387353
0.428942,0.416602
0.455637,0.475549
0.539399,0.489605
0.515610,0.612871
0.743345,0.527215
0.277817,1.213517
1.086775,1.148496
1.114066,0.972056
0.657463,1.263425
1.217211,1.254752
1.190143,1.099770
0.895278,1.077014
1.581875,0.756473
1.281785,1.204190
0.994817,1.150202
1.519077,0.811754
1.279066,1.211754
1.022335,1.156266
1.421478,0.809651
1.232307,1.173289
1.015010,1.131254
1.325031,0.791054
1.178861,1.126203
0.996154,1.098424
1.120043,0.892886
0.596058,1.580769
1.506019,1.575797
1.420800,1.262073
0.822111,1.502746
1.455046,1.500292
1.365457,1.258686
0.949769,1.166192
1.771179,0.791864
1.431617,1.340115
1.022486,1.207875
1.653312,0.815584
1.346131,1.269623
0.995842,1.152867
1.460546,0.757454
1.206531,1.147466
0.939543,1.065604
1.247911,0.695548
1.067851,1.028336
0.885229,0.975381
0.949354,0.765186
0.503926,1.336586
1.120924,1.195942
1.090889,0.940853
0.633129,1.317348
1.125583,1.189963
1.086388,0.959200
0.647016,1.229863
1.068704,1.124376
1.043282,0.934081
0.637404,1.139339
1.010583,1.058864
0.999926,0.905763
0.743916,0.952248
1.432703,0.527182
1.260849,1.196288
0.977645,1.122609
1.304064,0.678281
1.178960,1.136406
0.970731,1.068722
0.991941,0.791263
0.559065,1.463256
1.185929,1.266231
1.122051,0.959108
0.676488,1.414113
1.170861,1.238388
1.105480,0.970089
0.673326,1.289980
1.087924,1.145775
1.046454,0.932233
0.647578,1.171869
1.010583,1.061273
0.991947,0.893598
0.747729,0.966257
1.444546,0.497194
1.318908,1.252859
1.026598,1.176503
1.326186,0.681878
1.236937,1.194004
1.023803,1.123122
1.012499,0.808532
0.603491,1.518492
1.194216,1.272420
1.115813,0.951772
0.698444,1.425896
1.163547,1.224825
1.087278,0.961380
0.682763,1.252475
1.047566,1.100281
1.008813,0.904970
0.769065,0.998598
1.476115,0.479367
1.386847,1.316682
1.080530,1.239294
1.373317,0.690529
1.311913,1.266385
1.085234,1.191331
1.049428,0.833114
0.637986,1.614203
1.248240,1.336703
1.150122,0.970609
0.731245,1.543191
1.219600,1.294139
1.126587,0.976117
0.711252,1.393628
1.121604,1.184472
1.058440,0.932460
0.668247,1.241735
1.025293,1.078569
0.991163,0.885516
0.762932,0.995040
1.471566,0.460008
1.391327,1.318332
1.086022,1.249051
1.390892,0.685967
1.335744,1.287111
1.101501,1.213303
1.068140,0.839233
0.638134,1.670066
1.319801,1.413587
1.203268,1.013307
0.763898,1.624686
1.302024,1.382675
1.186830,1.025112
0.746231,1.482133
1.197618,1.266994
1.115113,0.976595
0.695243,1.325629
1.091478,1.149433
1.040875,0.923753
0.656206,1.183978
1.007321,1.051711
0.976539,0.882504
0.748877,0.946714
1.384874,0.500714
1.234100,1.158067
0.959012,1.113581
1.351216,0.650208
1.217293,1.152266
0.974332,1.103261
1.248751,0.658103
1.138507,1.081769
0.941334,1.052255
1.152406,0.641460
1.067658,1.017882
0.909148,1.005742
0.961099,0.746879
0.521607,1.451790
1.227106,1.293103
1.148162,0.999615
0.685077,1.325800
1.165992,1.209500
1.093748,0.993477
0.800647,1.006017
1.496860,0.571786
1.291838,1.209655
0.969989,1.137075
1.445321,0.689865
1.261319,1.192499
0.980592,1.119167
1.313075,0.683415
1.161647,1.103238
0.939761,1.055839
1.184621,0.653612
1.069304,1.018770
0.897545,0.996297
0.970020,0.751311
0.498159,1.447473
1.256666,1.323254
1.180219,1.029238
0.682792,1.331170
1.199998,1.242420
1.127033,1.027280
0.809971,1.012546
1.520256,0.604686
1.263512,1.180994
0.939001,1.106871
1.449087,0.692826
1.226165,1.160094
0.948929,1.086437
1.294844,0.684424
1.124378,1.073871
0.916948,1.020620
1.006842,0.781150
0.487311,1.472331
1.310948,1.381906
1.235894,1.076458
0.689352,1.376062
1.266347,1.312220
1.190413,1.083290
0.832389,1.050369
1.618594,0.633640
1.347618,1.257714
0.976461,1.158286
1.557764,0.734060
1.311027,1.234756
0.984913,1.138440
1.413873,0.716822
1.203348,1.138730
0.942277,1.071609
1.262369,0.673476
1.095895,1.041131
0.894709,1.003446
1.008627,0.769980
0.459044,1.499820
1.350227,1.425948
1.276659,1.108163
0.696041,1.426046
1.324402,1.375761
1.245286,1.128285
0.722697,1.223980
1.169397,1.201286
1.131318,1.055173
0.836973,0.990187
1.413836,0.717174
0.945293,0.879809
0.735360,0.865253
1.203221,0.608483
0.852789,0.796115
0.696968,0.807737
1.081276,0.570836
0.816546,0.767164
0.692420,0.788267
0.895315,0.683133
0.303629,1.227011
1.120991,1.186055
1.146004,1.002688
0.586617,1.214315
1.162277,1.210804
1.163573,1.059265
0.800551,1.018896
1.622593,0.645332
1.261774,1.175269
0.912876,1.089008
1.512575,0.715056
1.205215,1.131055
0.908549,1.056682
1.362618,0.686759
1.108249,1.044152
0.870690,0.997304
1.227374,0.647160
1.024270,0.968872
0.836346,0.945027
0.991062,0.751303
0.403891,1.447432
1.319263,1.393735
1.272898,1.106465
0.667694,1.387823
1.312479,1.362643
1.252664,1.138324
0.849634,1.084955
1.726221,0.668624
1.435378,1.340524
1.016697,1.210708
1.662805,0.788108
1.394488,1.314365
1.026484,1.189021
1.496918,0.761017
1.263890,1.195746
0.971698,1.108352
1.322097,0.699737
1.134733,1.076153
0.911340,1.027046
1.183045,0.652047
1.038950,0.987620
0.866332,0.965988
0.966761,0.745418
0.463173,1.422955
1.262047,1.328795
1.197343,1.046009
0.671168,1.322031
1.215278,1.258856
1.151609,1.051170
0.815678,1.022362
1.554476,0.628338
1.271739,1.192827
0.942741,1.108898
-0.125185,2.279072
1.089821,1.281968
1.647543,0.786886
1.476402,1.398844
1.110016,1.267318
1.480864,0.766979
1.326979,1.259644
1.039661,1.173340
1.316773,0.704942
1.192552,1.133708
0.971700,1.087134
1.191010,0.660229
1.096648,1.045217
0.924447,1.024660
0.979896,0.758091
0.520485,1.484459
1.271987,1.340965
1.185426,1.030634
0.696873,1.365405
1.211919,1.257927
1.132471,1.026943
0.816346,1.032929
1.560004,0.585344
1.358571,1.271969
1.005459,1.181936
1.516224,0.719164
1.329688,1.257006
1.018621,1.165362
1.375155,0.709230
1.217193,1.155467
0.971151,1.094198
1.232097,0.670051
1.109884,1.056582
0.920774,1.025305
0.997623,0.766530
0.499212,1.503141
1.323132,1.394327
1.234845,1.074006
0.702629,1.394578
1.268970,1.315237
1.184745,1.076895
0.834268,1.054207
1.615147,0.623241
1.372983,1.284007
0.999437,1.181542
1.558695,0.740791
1.339151,1.268150
1.014965,1.163917
1.386331,0.725581
1.214288,1.158249
0.970826,1.085414
1.201083,0.681145
1.078722,1.030033
0.904376,0.999583
0.968771,0.757532
0.507865,1.423552
1.231119,1.294656
1.158096,1.013415
0.676491,1.296950
1.166529,1.206722
1.099594,1.004856
0.799052,0.991252
1.469619,0.600206
1.202565,1.123771
0.904736,1.063723
1.389587,0.668556
1.161861,1.095685
0.907645,1.040359
1.261893,0.658148
1.078922,1.023070
0.877171,0.988250
1.142746,0.635231
1.003323,0.955696
0.845965,0.939604
0.939520,0.732923
0.466538,1.365138
1.193034,1.256475
1.140744,0.998002
0.653456,1.268533
1.152606,1.193416
1.097088,1.001889
0.792478,0.986081
1.477193,0.601508
1.194417,1.114593
0.895045,1.055317
1.396410,0.667027
1.154455,1.086014
0.896937,1.032713
1.276437,0.655416
1.077474,1.018572
0.868726,0.985042
1.164600,0.632676
1.007803,0.958565
0.841932,0.940676
0.951336,0.737235
0.448544,1.391565
1.222534,1.297018
1.180148,1.021871
0.657235,1.357943
1.230332,1.286628
1.179532,1.059902
0.701391,1.231000
1.154704,1.196999
1.134644,1.044766
0.845491,1.036481
1.547972,0.702446
1.301760,1.232675
1.037253,1.184059
1.496255,0.846334
1.343900,1.290450
1.133162,1.246744
1.416978,0.914145
1.336612,1.295292
1.177006,1.264811
1.244664,1.058079
0.866657,1.692686
1.600641,1.669611
1.525145,1.378584
1.058098,1.706936
1.645321,1.700268
1.555730,1.438967
1.071227,1.588144
1.563396,1.606855
1.502203,1.409851
1.164234,1.360481
1.918001,1.049200
1.757156,1.682567
1.388033,1.546535
1.848925,1.147223
1.739956,1.679596
1.420970,1.549236
1.673946,1.106101
1.605829,1.557692
1.349415,1.451708
1.341252,1.123882
0.895081,1.857399
1.698142,1.779567
1.505909,1.332882
0.922750,1.688753
1.477145,1.541334
1.276041,1.139639
0.655660,1.259524
1.026246,1.074410
0.898512,0.796161
0.503358,0.720852
1.154711,0.191844
0.668924,0.595310
0.355952,0.512382
0.765166,0.072642
0.332594,0.281706
