0.000000,0.000000
0.000000,0.000000
0.000519,0.000519
0.004029,0.004029
0.012675,0.012671
0.027834,0.027824
0.050409,0.050367
0.080968,0.080885
0.119928,0.119713
0.166986,0.166667
0.218113,0.217473
0.268385,0.267800
0.315399,0.314054
0.355922,0.355598
0.391469,0.388452
0.415367,0.417624
0.439763,0.430430
0.439323,0.454244
0.473897,0.436856
0.423649,0.496529
0.556523,0.395219
0.152906,0.852077
0.640042,0.684023
0.663263,0.560587
0.446078,0.653618
1.118341,0.173603
0.837401,0.750735
0.592158,0.758701
1.089689,0.308242
0.827655,0.742281
0.590873,0.742440
1.048062,0.307011
0.772008,0.679976
0.536615,0.698324
1.046384,0.269655
0.741444,0.659773
0.518398,0.677343
0.996597,0.280280
0.716298,0.662033
0.541229,0.657773
0.844091,0.332530
0.650408,0.614762
0.540025,0.619567
0.637399,0.472998
0.230264,0.969447
0.729039,0.791199
0.769151,0.644153
0.411874,0.981671
0.815282,0.867610
0.850365,0.748361
0.656691,0.883066
1.392614,0.411017
1.294585,1.226932
1.034616,1.188385
1.361196,0.701104
1.310691,1.267230
1.104858,1.206755
1.090661,0.883434
0.700268,1.636582
1.321131,1.406979
1.229731,1.056020
0.814639,1.601585
1.325720,1.399295
1.230591,1.082728
0.807311,1.479602
1.248159,1.311773
1.178365,1.051818
0.770111,1.348601
1.162591,1.218340
1.119724,1.010369
0.736393,1.239930
1.090798,1.140676
1.067238,0.971002
0.824717,1.039173
1.509134,0.580808
1.411344,1.346589
1.107206,1.255062
1.379143,0.745739
1.304182,1.262831
1.081875,1.179303
1.045660,0.847595
0.654046,1.547865
1.188489,1.268319
1.106704,0.942723
0.707507,1.441695
1.144055,1.205538
1.069150,0.938136
0.685864,1.260497
1.047122,1.088565
0.992734,0.898597
0.769380,0.962104
1.376586,0.506180
1.233718,1.155535
0.960011,1.116800
1.360422,0.646336
1.228763,1.161762
0.980244,1.112994
1.266428,0.658929
1.155687,1.097867
0.951401,1.065149
1.166919,0.644820
1.081807,1.031810
0.918650,1.016444
0.967762,0.751702
0.526036,1.465746
1.238037,1.305496
1.156341,1.005208
0.689785,1.342862
1.178602,1.223530
1.103425,1.000388
0.805700,1.017103
1.521149,0.569487
1.328706,1.244216
0.993063,1.164913
1.479138,0.702099
1.302248,1.231141
1.006406,1.149420
1.346357,0.695990
1.197488,1.136657
0.962293,1.082863
1.214522,0.662156
1.099107,1.046026
0.916129,1.019572
0.990866,0.761525
0.500027,1.495260
1.311242,1.381424
1.223783,1.065082
0.699842,1.383035
1.253966,1.300272
1.172635,1.066081
0.829666,1.048915
1.600876,0.617975
1.369188,1.284790
1.005306,1.182338
1.522669,0.738810
1.322842,1.260948
1.020292,1.155991
1.308754,0.720109
1.166805,1.126582
0.960618,1.054201
0.981656,0.791614
0.557318,1.418002
1.142873,1.221379
1.091724,0.934559
0.657696,1.373563
1.130511,1.197624
1.077387,0.944134
0.657968,1.266968
1.063362,1.120905
1.028216,0.914643
0.639425,1.159905
0.997205,1.046652
0.979822,0.882845
0.742904,0.956916
1.424501,0.493306
1.295384,1.228793
1.010761,1.159886
1.318160,0.673742
1.224169,1.180034
1.011630,1.112980
1.010586,0.802822
0.587912,1.523694
1.209782,1.293264
1.131691,0.962197
0.697556,1.464712
1.188173,1.258701
1.111851,0.970419
0.686716,1.330883
1.098581,1.159226
1.049169,0.929406
0.653397,1.203011
1.015197,1.068345
0.991054,0.887737
0.753695,0.982909
1.468271,0.473510
1.372364,1.302235
1.068475,1.226448
1.369264,0.687190
1.302307,1.254719
1.075385,1.182654
1.053017,0.829656
0.627840,1.622282
1.302957,1.384686
1.191452,1.015965
0.750395,1.519284
1.264860,1.322227
1.154704,1.025893
0.723487,1.277173
1.109270,1.144995
1.038491,0.953354
0.785903,0.957297
1.354179,0.575294
1.122912,1.051070
0.872373,1.015479
1.285548,0.632428
1.090307,1.029006
0.874801,0.996091
1.185811,0.630626
1.029234,0.976743
0.853994,0.957218
0.970884,0.743404
0.444890,1.435372
1.281674,1.352650
1.221724,1.063186
0.671686,1.357649
1.254125,1.301716
1.188460,1.079775
0.827346,1.050742
1.634730,0.629916
1.372255,1.282411
0.992846,1.176008
1.572433,0.745149
1.333032,1.257086
1.001249,1.154429
1.420359,0.724715
1.215808,1.150779
0.952062,1.081409
1.267847,0.676326
1.104716,1.048154
0.900305,1.011031
1.150297,0.640091
1.024288,0.974298
0.862860,0.959472
0.952187,0.737464
0.473516,1.405274
1.228996,1.294682
1.166231,1.019086
0.666328,1.304439
1.180646,1.226858
1.123059,1.021803
0.803820,1.018095
1.546150,0.600483
1.323715,1.250527
0.994525,1.155337
1.419556,0.721686
1.249348,1.200673
1.000015,1.112229
1.065484,0.836438
0.551461,1.585937
1.386723,1.480639
1.306129,1.116735
0.775303,1.634981
1.452672,1.533823
1.348411,1.185944
0.817998,1.557675
1.396760,1.467338
1.313226,1.172652
0.803151,1.444681
1.314062,1.375507
1.259281,1.137597
0.780821,1.337793
1.238248,1.292011
1.207898,1.102278
0.891138,1.124191
1.704413,0.690672
1.591279,1.516313
1.213105,1.381237
1.601204,0.875592
1.513784,1.462731
1.220981,1.338889
1.348927,0.847119
1.305866,1.274997
1.128648,1.204513
1.066340,0.915676
0.780670,1.470071
1.031978,1.099097
0.994814,0.862801
0.703089,1.308765
0.940685,0.998855
0.905093,0.790075
0.605719,1.130446
0.804407,0.851898
0.760067,0.664015
0.575788,0.783498
1.063210,0.148827
0.858729,0.791137
0.621767,0.766368
0.825603,0.186584
0.633729,0.586407
0.483158,0.583851
0.507470,0.293553
0.022128,0.969198
0.319268,0.389716
0.373243,0.223542
