0.000000,0.000000
0.001453,0.001453
0.011284,0.011284
0.035496,0.035496
0.077953,0.077953
0.136416,0.136416
0.197898,0.197898
0.252289,0.252289
0.293131,0.293131
0.319729,0.319729
0.336770,0.336770
0.347682,0.347682
0.354598,0.354598
0.357706,0.357706
0.356144,0.356144
0.349332,0.349332
0.337220,0.337220
0.322542,0.322542
0.308471,0.308471
0.297047,0.297047
0.289382,0.289484
0.285672,0.285786
0.285666,0.285961
0.289565,0.289660
0.296737,0.297418
0.308390,0.307965
0.321883,0.323917
0.342779,0.339661
0.359253,0.367118
0.396406,0.380919
0.399944,0.434003
0.481815,0.410449
0.405291,0.557756
0.874847,0.201064
0.732130,0.681985
0.622786,0.729358
0.760789,0.534035
0.263578,1.266191
1.007431,1.084244
0.987880,0.823430
0.504751,1.229565
1.032158,1.087322
0.985522,0.866051
0.548000,1.071406
0.934426,0.972195
0.905888,0.822059
0.654939,0.828943
1.240179,0.459875
0.941401,0.874576
0.717731,0.853241
1.120804,0.505005
0.884740,0.827638
0.705390,0.815961
1.012857,0.496304
0.825282,0.769514
0.677933,0.777119
0.835192,0.600775
0.260756,1.239008
1.080801,1.123076
1.033198,0.906666
0.666611,0.898483
1.528350,0.431192
1.138740,1.022502
0.750064,0.974934
1.568595,0.539837
1.206499,1.113117
0.835628,1.029483
1.479557,0.621686
1.170563,1.103239
0.864114,1.010707
1.258626,0.619727
1.027719,0.982851
0.820278,0.922513
0.917188,0.707596
0.397537,1.342646
1.135063,1.218225
1.112387,0.944758
0.598972,1.360517
1.186827,1.257216
1.146479,1.006374
0.656555,1.296427
1.153743,1.214220
1.125023,1.005652
0.670097,1.217232
1.105520,1.157843
1.091225,0.988618
0.796266,1.022702
1.571787,0.586485
1.414341,1.342460
1.076136,1.236879
1.454238,0.759131
1.332869,1.284117
1.075899,1.187390
1.097296,0.868305
0.616658,1.647077
1.412547,1.504914
1.302728,1.114677
0.795566,1.645562
1.423522,1.502486
1.302166,1.143147
0.790517,1.513255
1.312737,1.381235
1.224002,1.087881
0.737066,1.359750
1.190409,1.250514
1.137698,1.019839
0.688034,1.230327
1.092518,1.145493
1.066807,0.963647
0.780024,1.008153
1.537638,0.544728
1.393273,1.320276
1.058890,1.219852
1.423117,0.719273
1.307589,1.252748
1.051286,1.168018
1.222200,0.704151
1.145681,1.103165
0.973392,1.062108
0.967314,0.776791
0.585631,1.424330
1.102039,1.166891
1.031301,0.890816
0.641437,1.257525
1.009026,1.055185
0.947150,0.846029
0.713941,0.925672
1.349421,0.405238
1.204370,1.126517
0.916529,1.078375
1.281187,0.556788
1.151972,1.090499
0.912390,1.038731
1.130535,0.561626
1.031957,0.982359
0.858639,0.958663
0.886062,0.667662
0.437850,1.391389
1.085936,1.154471
1.012303,0.858871
0.573619,1.234802
1.012507,1.055128
0.944635,0.843151
0.684761,0.888087
1.340587,0.411356
1.129244,1.040190
0.832802,1.004193
1.333648,0.533340
1.123129,1.037627
0.839870,0.998160
1.296101,0.545085
1.080338,0.996995
0.814537,0.969385
1.264608,0.537944
1.049252,0.975253
0.804695,0.949113
1.199718,0.541938
1.007609,0.951234
0.801863,0.921180
1.075867,0.548855
0.935955,0.895926
0.787187,0.873847
0.848118,0.665995
0.435395,1.246688
0.998106,1.064456
0.981462,0.843497
0.581978,1.199598
1.016033,1.068322
0.999837,0.892430
0.768456,1.000586
1.527889,0.508672
1.455207,1.377381
1.143545,1.313226
1.529046,0.787019
1.489931,1.433511
1.227173,1.351640
1.381716,0.840392
1.372486,1.333088
1.194404,1.282958
1.140311,0.957063
0.826590,1.648332
1.263333,1.336704
1.187730,1.037126
0.851743,1.529904
1.229513,1.291128
1.165667,1.040661
0.826352,1.392683
1.163064,1.215748
1.121592,1.016509
0.922711,1.153287
1.613466,0.608797
1.635563,1.561885
1.319677,1.485058
1.579898,0.867406
1.610087,1.561176
1.357734,1.472511
1.261982,1.029676
0.889990,1.944180
1.572599,1.675402
1.401328,1.196660
1.001667,1.937645
1.584409,1.679345
1.406264,1.219401
0.983284,1.841269
1.506929,1.594202
1.353269,1.181388
0.922808,1.709831
1.408508,1.485751
1.286694,1.132170
0.858672,1.559050
1.308439,1.372157
1.217440,1.085641
0.804327,1.390253
1.206297,1.255547
1.142718,1.042264
0.885697,1.105501
1.580081,0.623592
1.511162,1.442391
1.183295,1.339290
1.464634,0.795374
1.410212,1.365851
1.163770,1.268304
1.108462,0.896357
0.702811,1.662046
1.293523,1.381899
1.177842,0.999062
0.753914,1.563493
1.226928,1.301780
1.122666,0.971727
0.702316,1.386969
1.099582,1.162576
1.031948,0.905624
0.641577,1.216284
0.987755,1.040735
0.953835,0.848522
0.729778,0.960800
1.426219,0.418511
1.331329,1.258604
1.036627,1.198448
1.341870,0.640781
1.275452,1.226698
1.049933,1.161094
1.026117,0.797603
0.588391,1.616435
1.260975,1.352760
1.155291,0.968517
0.714450,1.559009
1.237010,1.314854
1.135225,0.978760
0.700173,1.411947
1.134051,1.200975
1.066655,0.933893
0.658973,1.266447
1.039396,1.097236
1.003672,0.889818
0.631016,1.152853
0.973451,1.022445
0.956994,0.859580
0.736062,0.948367
1.404010,0.471536
1.287063,1.214387
1.006248,1.161555
1.345423,0.664095
1.250240,1.200360
1.022310,1.134652
1.040506,0.809311
0.571922,1.612967
1.334419,1.428110
1.231595,1.041915
0.747461,1.607219
1.344213,1.424646
1.230520,1.069208
0.746497,1.480373
1.243935,1.313087
1.159795,1.021923
0.700549,1.329351
1.132413,1.191609
1.081881,0.964498
0.660917,1.197688
1.042473,1.093144
1.017845,0.918051
0.758154,0.977974
1.471723,0.514526
1.333420,1.264274
1.027952,1.182446
1.359747,0.691522
1.255942,1.209690
1.026785,1.132696
1.032212,0.814860
0.585401,1.563930
1.272579,1.359917
1.182021,1.004551
0.720235,1.523224
1.258845,1.332942
1.166622,1.017907
0.710680,1.387738
1.159808,1.223722
1.097600,0.971176
0.670921,1.250514
1.063775,1.119676
1.030953,0.921819
0.640829,1.143828
0.994468,1.043441
0.981336,0.886001
0.740621,0.951189
1.420160,0.502424
1.276960,1.209312
0.994687,1.142343
1.320771,0.671007
2.809933,-0.438874
1.355933,0.803648
1.319271,1.278966
1.124603,1.216350
1.049049,0.861426
0.711720,1.559579
1.076668,1.154980
1.012902,0.855848
0.678752,1.394023
0.999375,1.066745
0.959917,0.826381
0.639080,1.250056
0.932642,0.990606
0.913861,0.799801
0.613646,1.137119
0.884579,0.934494
0.879384,0.781758
0.719423,0.935122
1.327233,0.389116
1.267553,1.201720
1.030682,1.178356
1.268575,0.630806
1.237468,1.194264
1.056466,1.155840
1.013498,0.809881
0.645819,1.563018
1.130506,1.212842
1.058329,0.891057
0.690982,1.447755
1.087037,1.156313
1.026056,0.886938
0.667213,1.300344
1.007269,1.066442
0.970586,0.853543
0.634970,1.171726
0.937945,0.989571
0.922277,0.821931
0.734822,0.957585
1.383390,0.417278
1.315496,1.248742
1.053311,1.204725
1.303031,0.652088
1.264721,1.221491
1.070372,1.170374
1.025399,0.820049
0.652494,1.573805
1.160268,1.239649
1.080343,0.913929
0.708287,1.445633
1.118791,1.178625
1.042373,0.915227
0.677911,1.240797
0.994618,1.039526
0.940415,0.844985
0.723944,0.926731
1.309556,0.411798
1.168295,1.097700
0.893245,1.043259
1.183628,0.519503
1.051519,0.999366
0.836781,0.947605
0.857035,0.621532
0.348015,1.390605
1.038203,1.120291
0.960407,0.785969
0.480983,1.253234
0.958881,1.019664
0.891613,0.762448
0.465323,1.037147
0.817918,0.862154
0.785582,0.691579
0.551780,0.751537
1.165345,0.281004
0.931943,0.863818
0.696229,0.840993
1.051403,0.410518
0.872302,0.822873
0.695915,0.800949
0.784412,0.561213
0.268608,1.256727
0.973109,1.049682
0.942869,0.780151
0.458411,1.178779
0.959107,1.015400
0.918926,0.799303
0.490849,1.020430
0.862897,0.903893
0.842622,0.755505
0.598339,0.783462
1.200921,0.381366
0.925700,0.861917
0.700402,0.835940
1.065502,0.465466
0.857263,0.810744
0.689323,0.788175
0.797504,0.587442
0.277983,1.207944
0.969546,1.041399
0.951549,0.798861
0.457434,1.133396
0.950802,1.003443
0.921232,0.809370
0.621460,0.859166
1.403660,0.351316
1.169198,1.086241
0.838937,1.015219
1.306704,0.526286
1.105019,1.043145
0.839522,0.971005
1.106096,0.524009
0.953961,0.908498
0.773485,0.870095
0.819799,0.614504
0.355978,1.264835
0.963847,1.034783
0.922427,0.771688
0.481822,1.149158
0.913069,0.965194
0.873726,0.762961
0.617708,0.853085
1.348141,0.306109
1.163883,1.082350
0.857889,1.031147
1.269595,0.502567
1.115830,1.055311
0.866471,0.996058
1.088709,0.519903
0.977284,0.936506
0.813300,0.904632
0.824350,0.635927
0.428318,1.276072
0.906159,0.980014
0.887999,0.738981
0.522159,1.199522
0.910496,0.972685
0.903655,0.780765
0.570642,1.134419
0.912653,0.966496
0.916439,0.811583
0.735113,0.967413
1.435058,0.426120
1.386007,1.315027
1.112146,1.271965
1.393163,0.703937
1.372898,1.325788
1.156251,1.264780
1.106086,0.883742
0.714243,1.715614
1.341433,1.432402
1.224459,1.039228
0.816976,1.653853
1.323999,1.401571
1.210678,1.054040
0.794541,1.505320
1.225040,1.291783
1.144040,1.010848
0.741997,1.350050
1.121081,1.179250
1.072329,0.957987
0.696428,1.222387
1.037233,1.088884
1.011865,0.911963
0.783833,1.006089
1.468364,0.505220
1.383934,1.316681
1.086903,1.239480
1.358270,0.702085
1.298046,1.253787
1.080147,1.181949
1.043463,0.833718
0.645852,1.585045
1.223561,1.303489
1.129891,0.961211
0.722369,1.471511
1.177919,1.242153
1.093513,0.962085
0.693701,1.289152
1.055864,1.111262
1.011288,0.902078
0.647946,1.150368
0.967385,1.016569
0.950967,0.856080
0.736676,0.947975
1.385073,0.469619
1.278425,1.215179
1.012478,1.156134
1.278015,0.660876
1.205766,1.165273
1.012434,1.107072
0.990787,0.798060
0.611299,1.481566
1.111881,1.190204
1.051394,0.892822
0.669614,1.387757
1.078199,1.143724
1.024711,0.893060
0.655821,1.254393
1.005102,1.060382
0.972559,0.862671
0.632102,1.134496
0.939544,0.986906
0.925486,0.832681
0.728862,0.934053
1.347310,0.455888
1.246689,1.184508
0.996394,1.137077
1.252397,0.647856
1.184961,1.145795
1.001027,1.093475
0.978012,0.790976
0.610442,1.458406
1.071981,1.150029
1.021441,0.865233
0.654251,1.365584
1.041305,1.107652
0.997945,0.865601
0.643572,1.245834
0.983876,1.038598
0.955703,0.844795
0.758393,0.997713
1.466848,0.410640
1.410897,1.326152
1.108174,1.285347
1.471846,0.677548
1.430919,1.360193
1.155144,1.297949
1.361556,0.711884
1.327271,1.265849
1.109973,1.231093
1.250830,0.694603
1.230961,1.176832
1.063844,1.169256
1.042934,0.809454
0.636104,1.650368
1.332841,1.406841
1.203424,1.037315
0.766905,1.484298
1.242422,1.292624
1.132895,1.017998
0.848808,1.084926
1.601044,0.539298
1.504864,1.411027
1.125714,1.317452
1.615897,0.751229
1.515683,1.436889
1.162290,1.322176
1.483140,0.759534
1.388578,1.321861
1.105894,1.239959
1.324523,0.714721
1.251384,1.194353
1.038135,1.151210
1.196061,0.678170
1.147524,1.097828
0.987164,1.084036
0.992222,0.777412
0.590447,1.522303
1.232210,1.298221
1.135746,0.985925
0.712614,1.355781
1.149683,1.191899
1.066929,0.967684
0.803187,1.004834
1.456297,0.545345
1.293346,1.212213
0.985530,1.150946
1.422433,0.678348
1.274781,1.210652
1.004719,1.139022
1.277967,0.684051
1.165696,1.120703
0.965654,1.065724
0.990878,0.784273
0.552844,1.482699
1.204503,1.287562
1.136797,0.969211
0.683755,1.445144
1.194628,1.265885
1.124164,0.982408
0.681606,1.329229
1.114643,1.176167
1.066946,0.945541
0.654043,1.210522
1.036137,1.089257
1.010661,0.906452
0.758529,0.988427
1.491165,0.490582
1.382035,1.309911
1.065934,1.227111
1.394392,0.697065
1.313161,1.264510
1.072797,1.183791
1.061142,0.832847
0.612354,1.638771
1.332412,1.423849
1.220192,1.033503
0.756627,1.599137
1.318221,1.395368
1.204650,1.048639
0.741137,1.448655
1.204704,1.270533
1.126325,0.994911
0.690039,1.289929
1.090977,1.147969
1.048216,0.936250
0.650551,1.165712
1.007733,1.058049
0.990261,0.892975
0.746556,0.962950
1.437755,0.499696
1.308058,1.242432
1.019171,1.167490
1.319244,0.679643
1.226666,1.182538
1.015365,1.115053
1.012658,0.805126
0.595544,1.519216
1.218761,1.294092
1.132541,0.974622
0.701960,1.409701
1.158370,1.221410
1.088611,0.961744
0.676435,1.254943
1.052690,1.107697
1.016722,0.909114
0.770576,1.008793
1.509724,0.475238
1.426970,1.353681
1.105055,1.270328
1.414332,0.702167
1.357481,1.309008
1.115274,1.227219
1.077431,0.848262
0.646984,1.679227
1.330993,1.424074
1.210621,1.020924
0.770177,1.626522
1.309716,1.388215
1.191405,1.032291
0.748849,1.469136
1.196067,1.262354
1.113205,0.979896
0.693946,1.299872
1.079735,1.135944
1.033075,0.921304
0.651715,1.162730
0.991947,1.040308
0.971451,0.876739
0.743049,0.952545
1.400602,0.490716
1.275707,1.211911
1.002830,1.147274
1.287444,0.666944
1.199744,1.159425
1.000607,1.095778
0.988214,0.795595
0.597140,1.470017
1.120457,1.200445
1.061841,0.901241
0.666926,1.396583
1.097325,1.164466
1.041969,0.906689
0.659796,1.271548
1.031347,1.084818
0.992129,0.881234
0.770812,1.006988
1.495515,0.446256
1.422764,1.335105
1.098946,1.279711
1.509370,0.694773
1.442908,1.368633
1.142082,1.291215
1.399241,0.719821
1.338028,1.273515
1.094939,1.222378
1.277689,0.693395
1.232221,1.175867
1.042636,1.152987
1.180095,0.672396
1.152460,1.103170
1.005164,1.101152
0.994631,0.782125
0.615004,1.538448
1.203567,1.270366
1.109885,0.959970
0.715209,1.362587
1.120698,1.165230
1.042374,0.940113
0.801481,1.011209
1.454511,0.510292
1.337868,1.254725
1.029149,1.198233
1.443950,0.679444
1.333283,1.263628
1.053924,1.194065
1.328158,0.691021
1.234994,1.175590
1.012371,1.130207
1.207461,0.667848
1.138951,1.087199
0.966903,1.067813
0.995311,0.771600
0.558269,1.528937
1.284099,1.352887
1.183185,1.027345
0.715827,1.385701
1.209119,1.253846
1.120216,1.016120
0.819088,1.031844
1.533247,0.575562
1.349714,1.265836
1.008727,1.182045
1.485005,0.711264
1.320482,1.256523
1.030460,1.161820
1.306791,0.700371
1.176963,1.108843
0.951037,1.068661
1.216962,0.624965
1.074504,0.988743
0.842571,0.985639
1.237969,0.530543
1.028982,0.943303
0.762229,0.920268
1.204034,0.464735
0.956836,0.883777
0.696175,0.839197
1.057651,0.403587
0.817595,0.758795
0.607073,0.724949
0.874679,0.340172
0.675054,0.629308
0.525155,0.617698
0.613557,0.412739
0.111732,0.992950
0.678750,0.741480
0.679819,0.543437
0.256483,0.854432
0.631572,0.673924
0.626379,0.534073
0.406013,0.600070
1.002035,0.138980
0.704512,0.637851
0.502159,0.642273
0.872583,0.249417
0.645002,0.596946
0.496797,0.597826
0.616431,0.400789
0.078342,1.031292
0.720805,0.791655
0.736912,0.585808
0.279374,0.947500
0.732580,0.782966
0.737846,0.630738
0.495019,0.722804
1.230246,0.222715
0.992116,0.915171
0.735617,0.900136
1.175241,0.449657
1.001310,0.946272
0.795164,0.913952
1.037818,0.515914
0.921259,0.882470
0.779179,0.862823
0.815804,0.638384
0.427923,1.213380
0.911033,0.972431
0.884853,0.754381
0.515197,1.092806
0.863357,0.908397
0.835084,0.739376
0.623609,0.826989
1.231199,0.330818
1.056641,0.986674
0.805614,0.954293
1.130975,0.472762
0.987121,0.935813
0.790343,0.899372
0.841048,0.609360
0.332026,1.357727
1.041315,1.121782
0.978906,0.807914
0.493357,1.250357
0.990873,1.050498
0.929204,0.802501
0.493867,1.054791
0.863192,0.906737
0.832193,0.739661
0.586934,0.783564
1.208978,0.338479
0.963659,0.896089
0.721961,0.865549
1.087665,0.451991
0.897578,0.848264
0.715506,0.820299
0.811314,0.588630
0.284627,1.270466
1.007612,1.084180
0.974770,0.812064
0.472239,1.192552
0.986877,1.043282
0.944140,0.824280
0.499675,1.030304
0.882823,0.923958
0.863594,0.776182
0.610971,0.796721
1.229510,0.407180
0.946315,0.882056
0.727521,0.864071
1.120016,0.515499
0.926407,0.879172
0.771850,0.872223
0.907920,0.694629
0.405648,1.349909
1.190254,1.264693
1.170491,1.012308
0.657105,1.357398
1.243189,1.299449
1.195873,1.076320
0.711368,1.240638
1.163195,1.205523
1.134248,1.044301
0.827842,1.018982
1.516606,0.670417
1.221273,1.152445
0.937270,1.083530
1.372170,0.724666
1.142673,1.090344
0.907896,1.019094
1.023006,0.786710
0.400120,1.446224
1.239361,1.322381
1.136909,0.960491
0.454050,1.235066
0.976008,1.037277
0.863821,0.733626
0.261045,0.837432
0.606035,0.649267
0.599425,0.507556
0.342936,0.538157
