0.000000,0.000000
0.000432,0.000431
0.003348,0.003349
0.010534,0.010528
0.023130,0.023121
0.041896,0.041845
0.067281,0.067208
0.099686,0.099430
0.139152,0.138875
0.186195,0.185298
0.240116,0.239538
0.300912,0.298308
0.360660,0.360792
0.423655,0.416326
0.471731,0.478686
0.538013,0.513236
0.548174,0.589833
0.663585,0.563048
0.549497,0.752054
1.000962,0.553298
1.099127,1.016070
0.872230,1.037882
1.141793,0.775142
1.210069,1.139208
0.966956,1.107557
1.127811,0.816295
1.181448,1.120236
0.967425,1.088057
1.065915,0.797969
1.118985,1.065437
0.942650,1.047035
1.004696,0.771674
0.785910,1.276941
1.332443,1.403270
1.233153,1.071695
0.895209,1.230537
1.261890,1.306977
1.166643,1.059552
0.823397,1.040910
1.323829,0.844405
1.325796,1.234687
0.954200,1.137227
1.297604,0.893264
1.265635,1.187384
0.935828,1.092644
1.175122,0.829750
1.137326,1.072711
0.874843,1.006804
1.034390,0.748369
1.011320,0.963986
0.820377,0.922593
0.902439,0.687108
0.644625,1.112183
1.119657,1.200840
1.081094,0.914694
0.773200,1.137863
1.127986,1.196004
1.082803,0.946593
0.772885,1.073846
1.069997,1.128541
1.047603,0.932354
0.758875,1.015027
1.025707,1.076846
1.020707,0.921105
0.753088,0.975219
1.248977,0.780679
1.338116,1.269890
1.032030,1.186240
1.209873,0.888064
1.266381,1.221130
1.036512,1.141055
1.051321,0.836012
0.848644,1.319679
1.296650,1.382801
1.210242,1.034256
0.944344,1.330000
1.290583,1.363297
1.199851,1.052813
0.906485,1.229795
1.195156,1.257344
1.132979,1.008905
0.843810,1.118104
1.098542,1.152654
1.065135,0.958960
0.793695,1.030127
1.291217,0.792408
1.447512,1.374969
1.110217,1.274933
1.257154,0.914163
1.359593,1.312131
1.107356,1.218125
1.081353,0.853894
0.898342,1.396499
1.332734,1.423887
1.217929,1.029861
0.977787,1.386673
1.314690,1.386931
1.197680,1.044599
0.915425,1.243429
1.191084,1.245834
1.104970,0.988271
0.814827,1.064399
1.031711,1.072658
0.978399,0.891187
0.717817,0.904036
1.091476,0.691786
1.057775,0.993034
0.791973,0.930042
0.963018,0.667409
0.915208,0.867677
0.718483,0.819754
0.795508,0.579108
0.510757,0.975939
0.939158,1.012674
0.908233,0.751375
0.595020,0.931185
0.890480,0.944027
0.857414,0.743287
0.568466,0.812504
0.787959,0.826544
0.775459,0.693288
0.542910,0.718317
0.910472,0.534197
0.802262,0.742786
0.607946,0.734751
0.818085,0.546755
0.741896,0.699094
0.604672,0.695843
0.726229,0.531515
0.451444,0.869548
0.862015,0.927378
0.870711,0.731309
0.574690,0.873169
0.866918,0.914251
0.857863,0.757016
0.588970,0.804461
1.053248,0.590043
1.031697,0.957621
0.756774,0.914832
1.001992,0.663235
0.968398,0.913879
0.754384,0.870590
0.871430,0.622919
0.852002,0.812376
0.706623,0.791012
0.762849,0.582685
0.546448,0.933022
0.854347,0.915588
0.838883,0.708302
0.599189,0.878654
0.816446,0.860897
0.798622,0.703929
0.580791,0.783064
0.973066,0.538564
0.997302,0.928426
0.758193,0.905115
0.940103,0.625396
0.947329,0.897010
0.760557,0.867785
0.834546,0.605344
0.577194,1.070210
1.038258,1.117038
0.988820,0.820681
0.684974,1.045524
1.002838,1.061099
0.948506,0.824302
0.648069,0.913798
0.885333,0.927890
0.858064,0.767414
0.605155,0.798749
1.009727,0.594050
0.962432,0.896034
0.722522,0.864136
0.934927,0.631672
0.891335,0.842423
0.712183,0.814623
0.820170,0.598140
0.535574,1.008593
1.024339,1.094116
0.998136,0.843036
0.672746,0.997934
1.019717,1.064414
0.985688,0.882148
0.694688,0.907043
1.190496,0.724573
1.184163,1.098677
0.885096,1.057909
1.225361,0.844782
1.218928,1.146344
0.950049,1.095359
1.180819,0.860051
1.182229,1.120000
0.955724,1.079430
1.110823,0.837264
1.123161,1.069562
0.936967,1.042776
1.040713,0.806156
0.783419,1.279570
1.399225,1.472806
1.317021,1.151819
0.936966,1.282789
1.371173,1.420901
1.286095,1.171776
0.900159,1.136018
1.489122,0.972647
1.538478,1.442190
1.108105,1.304679
1.508262,1.076582
1.520962,1.437533
1.126854,1.295193
1.394065,1.022950
1.391769,1.318788
1.065501,1.211077
1.248376,0.926319
1.248349,1.184674
0.989763,1.115966
1.118450,0.839240
1.129622,1.075388
0.928370,1.036750
1.015212,0.777606
0.755874,1.262852
1.346942,1.427995
1.265118,1.092238
0.905606,1.278872
1.323162,1.389820
1.243537,1.107374
0.868647,1.167559
1.201115,1.258847
1.160540,1.046439
0.813782,1.067311
1.106307,1.157517
1.095420,0.996051
0.779281,1.001436
1.303271,0.835530
1.325303,1.257165
1.000084,1.154702
1.213221,0.891095
1.217647,1.172809
0.981791,1.085866
1.025456,0.811475
0.787102,1.255467
1.265884,1.350993
1.194897,1.021120
0.895808,1.276524
1.264873,1.336020
1.185022,1.040915
0.865457,1.181869
1.170365,1.230389
1.116909,0.996635
0.809309,1.074454
1.075167,1.126478
1.049344,0.947993
0.767033,0.991853
1.259766,0.784911
1.350027,1.280364
1.030460,1.187870
1.206436,0.878267
1.261332,1.216016
1.024918,1.130886
1.034460,0.817683
0.828822,1.304884
1.264530,1.353156
1.179818,1.000321
0.920739,1.315561
1.258669,1.333741
1.168740,1.016910
0.885238,1.218060
1.169334,1.230723
1.103272,0.976876
0.820944,1.093983
1.071225,1.116556
1.026324,0.929752
0.766041,0.972349
1.199342,0.756080
1.254943,1.182351
0.953668,1.108548
1.142008,0.810117
1.154651,1.100081
0.904507,1.020819
0.957502,0.708760
0.958603,0.918427
0.786173,0.871738
0.792437,0.609752
0.587348,0.979384
0.828936,0.891439
0.795339,0.662057
0.576018,0.861303
0.745516,0.790743
0.725625,0.629275
0.531793,0.737626
0.893138,0.450909
0.937467,0.868273
0.715487,0.863088
0.870824,0.554651
0.895472,0.845453
0.722461,0.829048
0.779469,0.551646
0.539611,1.029629
0.943977,1.021830
0.902619,0.736469
0.634844,0.991094
0.911480,0.968608
0.869898,0.748114
0.609988,0.870505
0.818593,0.860070
0.799160,0.710819
0.579892,0.768533
0.954996,0.550056
0.940099,0.875869
0.719234,0.856210
0.903561,0.610311
0.885158,0.838413
0.716435,0.816027
0.801441,0.588645
0.543883,1.001233
0.970568,1.043187
0.940908,0.785971
0.643312,0.975326
0.940186,0.993448
0.903744,0.790226
0.620224,0.862954
1.120125,0.597657
1.184778,1.100943
0.857776,1.036750
1.104549,0.720549
1.129608,1.067179
0.864063,0.997184
0.960862,0.675922
0.978478,0.932621
0.798102,0.895796
0.829440,0.620722
0.610662,1.059154
0.964362,1.036267
0.917622,0.764214
0.662815,0.991525
0.906092,0.958972
0.864333,0.751632
0.618621,0.859592
1.075640,0.557004
1.175068,1.092363
0.871592,1.048144
1.075054,0.696299
1.134908,1.073563
0.885766,1.016568
0.948732,0.668790
0.994274,0.949278
0.825618,0.921473
0.834252,0.628659
0.643989,1.083418
0.942703,1.010022
0.896013,0.747807
0.677761,0.989524
0.891356,0.935135
0.854855,0.754336
0.652875,0.859649
1.049841,0.596800
1.148834,1.067394
0.898449,1.062904
1.130504,0.768141
1.214182,1.145285
0.981272,1.118541
1.118410,0.814760
1.196106,1.136778
0.997865,1.115044
1.077563,0.817723
1.154813,1.103296
0.989404,1.090490
1.030758,0.806137
0.843591,1.317972
1.348202,1.418718
1.247742,1.089070
0.944384,1.276125
1.293130,1.340618
1.200057,1.090675
0.879480,1.104938
1.391391,0.897830
1.494517,1.403357
1.111082,1.296994
1.426806,1.018630
1.488650,1.410244
1.135867,1.293816
1.327511,0.979219
1.371603,1.303169
1.080935,1.216935
1.201249,0.899862
1.243500,1.183307
1.012026,1.130330
1.090721,0.827748
1.137649,1.085039
0.954497,1.057806
1.005377,0.776551
0.787687,1.272832
1.309239,1.383837
1.215630,1.052867
0.894303,1.241739
1.250014,1.308745
1.170807,1.048664
0.838767,1.105053
1.114825,1.165096
1.080558,0.981061
0.782992,1.004186
1.276329,0.810169
1.341571,1.274051
1.021828,1.175601
1.199706,0.880174
1.236838,1.193439
1.006132,1.108139
1.020333,0.811829
0.811690,1.269182
1.227234,1.311716
1.153530,0.981935
0.891929,1.268660
1.215397,1.286433
1.138414,0.995014
0.856150,1.171374
1.126957,1.186904
1.074914,0.954858
0.799748,1.064335
1.038435,1.089366
1.011709,0.910803
0.756853,0.980208
1.222203,0.749877
1.340067,1.270473
1.035101,1.191501
1.187998,0.861041
1.265154,1.219174
1.036482,1.142840
1.034388,0.815765
0.843172,1.322324
1.261670,1.350283
1.171856,0.991992
0.926589,1.322262
1.247257,1.323181
1.156455,1.004237
0.886439,1.222540
1.154226,1.219691
1.091249,0.960979
0.823126,1.110881
1.062668,1.118004
1.025990,0.915039
0.772150,1.015049
0.991858,1.035336
0.970491,0.879734
0.738978,0.932911
1.147677,0.731264
1.188494,1.120611
0.923818,1.068614
1.105118,0.794999
1.117299,1.066460
0.896798,1.005138
0.951837,0.720245
0.679975,1.178192
1.172856,1.253705
1.082815,0.910242
0.736375,1.106518
1.064325,1.124612
0.983238,0.854700
0.644157,0.919221
0.886827,0.930869
0.851632,0.757814
0.576253,0.776648
0.996061,0.565633
0.921349,0.852850
0.672099,0.818212
0.901483,0.588521
0.833575,0.783815
0.650998,0.757030
0.772008,0.545375
0.461323,0.948751
0.941767,1.018289
0.929498,0.766200
0.592764,0.942845
0.932873,0.988647
0.907612,0.788726
0.595839,0.850119
0.851521,0.891908
0.844159,0.758142
0.590191,0.773846
0.997228,0.603091
0.879755,0.816763
0.664262,0.798588
0.900056,0.612518
0.812983,0.767143
0.654742,0.752402
0.786769,0.578125
0.482747,0.931082
0.948760,1.019268
0.947628,0.797214
0.611776,0.934022
0.943670,0.995103
0.925169,0.815560
0.615998,0.850321
1.134617,0.630458
1.128376,1.047140
0.806194,0.979596
1.088530,0.716593
1.056930,0.996524
0.802119,0.930913
0.936523,0.660907
0.913617,0.869376
0.740653,0.834898
0.803383,0.602070
0.560965,0.993385
0.940575,1.009348
0.910492,0.763793
0.633580,0.947808
0.898208,0.948511
0.866501,0.759307
0.607176,0.836306
1.067179,0.574319
1.119416,1.040695
0.824413,0.992425
1.044050,0.683774
1.064336,1.006131
0.828424,0.952510
0.913714,0.648239
0.931405,0.888888
0.771618,0.862182
0.799931,0.606521
0.598313,1.013591
0.894113,0.960489
0.863710,0.722142
0.638771,0.941924
0.853308,0.901857
0.833927,0.730482
0.630569,0.851641
1.057182,0.581846
1.178020,1.102063
0.927197,1.089286
1.121471,0.774002
1.225007,1.168145
1.011751,1.132963
1.069823,0.810536
1.161556,1.119028
1.005028,1.095616
0.999706,0.806244
0.855235,1.270625
1.154846,1.223790
1.090274,0.943207
0.883344,1.198364
1.111146,1.163464
1.053737,0.942237
0.829514,1.067903
1.279702,0.766689
1.490926,1.406571
1.143706,1.323797
1.282617,0.896201
1.392287,1.327837
1.064496,1.201941
1.014528,0.720264
1.031290,0.983604
0.798927,0.900528
0.723583,0.506471
0.490736,0.957464
0.537580,0.611121
0.501608,0.344696
0.313322,0.649603
