0.000000,0.000000
0.000432,0.000431
0.003348,0.003349
0.010534,0.010528
0.023130,0.023121
0.041896,0.041845
0.067281,0.067208
0.099686,0.099430
0.139152,0.138875
0.186195,0.185298
0.240116,0.239538
0.300912,0.298308
0.360660,0.360792
0.423655,0.416326
0.471731,0.478686
0.538013,0.513236
0.548174,0.589833
0.663585,0.563048
0.549497,0.752054
1.000962,0.553298
1.099127,1.016070
0.872230,1.037882
1.141793,0.775142
1.210069,1.139208
0.966956,1.107557
1.127811,0.816295
1.181448,1.120236
0.967425,1.088057
1.065915,0.797969
1.118985,1.065437
0.942650,1.047035
1.004696,0.771674
0.785910,1.276941
1.332443,1.403270
1.233153,1.071695
0.895209,1.230537
1.261890,1.306977
1.166643,1.059552
0.823397,1.040910
1.323829,0.844405
1.325796,1.234687
0.954200,1.137227
1.297604,0.893264
1.265635,1.187384
0.935828,1.092644
1.175122,0.829750
1.137326,1.072711
0.874843,1.006804
1.034390,0.748369
1.011320,0.963986
0.820377,0.922593
0.902439,0.687108
0.644625,1.112183
1.119657,1.200840
1.081094,0.914694
0.773200,1.137863
1.127986,1.196004
1.082803,0.946593
0.772885,1.073846
1.069997,1.128541
1.047603,0.932354
0.758875,1.015027
1.025707,1.076846
1.020707,0.921105
0.753088,0.975219
1.248977,0.780679
1.338116,1.269890
1.032030,1.186240
1.209873,0.888064
1.266381,1.221130
1.036512,1.141055
1.051321,0.836012
0.848644,1.319679
1.296650,1.382801
1.210242,1.034256
0.944344,1.330000
1.290583,1.363297
1.199851,1.052813
0.906485,1.229795
1.195156,1.257344
1.132979,1.008905
0.843810,1.118104
1.098542,1.152654
1.065135,0.958960
0.793695,1.030127
1.291217,0.792408
1.447512,1.374969
1.110217,1.274933
1.257154,0.914163
1.359593,1.312131
1.107356,1.218125
1.081353,0.853894
0.898342,1.396499
1.332734,1.423887
1.217929,1.029861
0.977787,1.386673
1.314690,1.386931
1.197681,1.044598
0.916426,1.243118
1.194413,1.245544
1.107739,0.993552
0.823749,1.061154
1.316704,0.797728
1.476265,1.381896
1.101211,1.293492
1.384625,0.961951
1.490911,1.409957
1.137449,1.300424
1.300571,0.941274
1.378503,1.308743
1.087343,1.226778
1.181185,0.873339
1.252242,1.192350
1.025304,1.144315
1.076288,0.813161
1.149226,1.097833
0.975256,1.076692
0.998861,0.774080
0.811815,1.287126
1.276360,1.347217
1.177455,1.018588
0.891195,1.223898
1.207407,1.255164
1.119286,1.009869
0.820393,1.046487
1.307589,0.813243
1.413592,1.323899
1.051521,1.234925
1.338895,0.936831
1.402063,1.326166
1.074312,1.227575
1.240548,0.903081
1.287287,1.221971
1.024052,1.153998
1.125120,0.837338
1.173156,1.116095
0.968383,1.080253
1.034283,0.785229
1.088664,1.038453
0.927280,1.025032
0.970615,0.752989
0.773428,1.233131
1.233407,1.302179
1.151468,0.999412
0.860097,1.182252
1.169765,1.221655
1.102284,0.990788
0.807447,1.042726
1.314279,0.802933
1.447893,1.356947
1.077769,1.264308
1.358839,0.949701
1.440925,1.363008
1.102932,1.259650
1.264563,0.918769
1.324705,1.257198
1.050218,1.184470
1.149021,0.851904
1.207159,1.148733
0.992490,1.107870
1.052768,0.796972
1.115357,1.064831
0.948308,1.047488
0.982396,0.762107
0.790447,1.255691
1.250034,1.318731
1.160460,1.006052
0.871687,1.194655
1.183895,1.229825
1.103465,0.997980
0.809366,1.027107
1.282424,0.806414
1.359691,1.273381
1.016396,1.192831
1.297076,0.910466
1.339481,1.266850
1.033834,1.180548
1.197785,0.874953
1.230936,1.168798
0.987531,1.111174
1.088292,0.814564
1.126825,1.072640
0.937983,1.043976
1.004965,0.768644
0.771955,1.270354
1.337237,1.409482
1.240705,1.076896
0.892825,1.234478
1.276926,1.325029
1.188146,1.077604
0.837622,1.066874
1.373715,0.874768
1.423649,1.336464
1.039479,1.223766
1.358981,0.963948
1.381332,1.317469
1.058937,1.199753
1.187654,0.892425
1.211066,1.169398
0.992248,1.089364
1.002899,0.804543
0.800703,1.236456
1.174865,1.256338
1.113151,0.949068
0.863750,1.225485
1.158496,1.228059
1.096171,0.957233
0.831682,1.138542
1.084002,1.143504
1.042214,0.924116
0.784384,1.045619
1.010669,1.061635
0.989083,0.888617
0.747918,0.970664
1.202675,0.731827
1.330234,1.261053
1.033848,1.189142
1.176421,0.851439
1.261600,1.215447
1.038375,1.144349
1.032368,0.813643
0.847329,1.325605
1.257039,1.344370
1.165950,0.987554
0.925010,1.316152
1.236985,1.310841
1.146842,0.997870
0.879573,1.207682
1.138213,1.201684
1.078128,0.952050
0.814135,1.093511
1.043897,1.099355
1.012778,0.904314
0.764696,1.006439
1.247142,0.736848
1.426801,1.352631
1.102816,1.270044
1.236092,0.885908
1.361273,1.310194
1.115554,1.230300
1.089610,0.848535
0.912269,1.433469
1.398729,1.486849
1.259959,1.074122
1.001984,1.405256
1.340616,1.414845
1.217967,1.066852
0.924608,1.256768
1.195302,1.259724
1.120584,0.992623
0.836432,1.120075
1.077967,1.134416
1.040473,0.929889
0.776626,1.022796
1.000531,1.050088
0.985630,0.889274
0.742012,0.956968
1.190710,0.737746
1.287971,1.222500
1.003459,1.151482
1.146668,0.837919
1.209510,1.166549
1.000229,1.099612
1.002306,0.797810
0.816524,1.263790
1.184301,1.265832
1.114014,0.947657
0.876759,1.241282
1.161348,1.229587
1.092808,0.955037
0.835959,1.138929
1.075435,1.133339
1.031842,0.916560
0.782233,1.037206
0.995764,1.045892
0.975553,0.877488
0.743627,0.962221
1.182319,0.721892
1.307363,1.241680
1.024039,1.173763
1.147185,0.836348
1.231186,1.189629
1.024440,1.122629
1.005301,0.805065
0.838816,1.278199
1.149187,1.230333
1.081653,0.915898
0.872950,1.234643
1.124518,1.189136
1.058941,0.923777
0.827572,1.117447
1.044123,1.091836
0.993957,0.892296
0.763486,0.980726
1.175658,0.708652
1.301133,1.225115
0.996709,1.158926
1.145435,0.797689
1.208616,1.151512
0.952085,1.073817
0.968199,0.707792
1.007477,0.965406
0.836657,0.926268
0.817789,0.626424
0.636098,1.046942
0.832584,0.898611
0.793490,0.652668
0.598992,0.900538
0.736552,0.784552
0.715735,0.613462
0.539398,0.757953
0.892037,0.422172
0.974872,0.901598
0.753838,0.910178
0.891812,0.556768
0.951228,0.898170
0.774229,0.887311
0.811384,0.569592
0.584052,1.104475
0.999130,1.082461
0.938704,0.760809
0.683504,1.065166
0.962506,1.024211
0.903728,0.772155
0.643913,0.925516
0.851580,0.896677
0.821033,0.724959
0.595028,0.800264
0.989320,0.548384
1.020698,0.950681
0.773507,0.922870
0.954424,0.634446
0.966222,0.914981
0.773487,0.882685
0.844997,0.611558
0.586329,1.088565
1.058802,1.139193
1.003839,0.832247
0.697122,1.065141
1.022370,1.081960
0.962821,0.835772
0.656736,0.928592
0.898952,0.942556
0.868574,0.775688
0.609473,0.807866
1.023862,0.597776
0.985568,0.917444
0.735869,0.881181
0.951791,0.640557
0.912444,0.862573
0.724038,0.830308
0.829661,0.602518
0.539080,1.027617
1.031346,1.108953
0.999094,0.833471
0.663947,1.019057
1.009820,1.067011
0.966370,0.844452
0.643082,0.903888
0.901376,0.943106
0.881517,0.792634
0.613558,0.803362
1.030402,0.622941
0.929912,0.864565
0.694760,0.834126
0.930536,0.632130
0.851182,0.803449
0.678459,0.780161
0.807210,0.589883
0.498675,0.965869
0.985291,1.058995
0.975312,0.818049
0.630332,0.967371
0.976578,1.030551
0.950244,0.835206
0.627691,0.873690
0.886583,0.925833
0.877493,0.793906
0.615165,0.793609
1.018923,0.636072
0.863897,0.802432
0.652954,0.784014
0.895235,0.614737
0.785098,0.740377
0.634845,0.730116
0.777156,0.573643
0.463280,0.900476
0.926571,0.995093
0.936585,0.790421
0.597162,0.910233
0.929227,0.979069
0.919080,0.812871
0.611445,0.838457
1.122150,0.633897
1.082793,1.004126
0.775830,0.943724
1.061267,0.701246
1.007827,0.949513
0.768595,0.892915
0.911895,0.645918
0.875199,0.832615
0.713021,0.803726
0.785255,0.591541
0.540654,0.956591
0.911515,0.977422
0.891106,0.750539
0.615782,0.916777
0.875807,0.923840
0.851264,0.748920
0.597714,0.816419
1.042066,0.571875
1.067835,0.992826
0.790818,0.950874
1.007198,0.664122
1.009388,0.954157
0.791197,0.908923
0.881745,0.629963
0.887994,0.847800
0.740147,0.825750
0.775853,0.593084
0.576781,0.968997
0.853584,0.916017
0.831866,0.698735
0.610413,0.895374
0.806183,0.851594
0.786167,0.689424
0.582266,0.788942
0.963694,0.519636
1.018566,0.948351
0.780564,0.930353
0.945574,0.624677
0.976804,0.925490
0.788290,0.897646
0.845915,0.612138
0.602232,1.105205
1.055697,1.136399
0.995237,0.822979
0.704648,1.074110
1.014020,1.073913
0.951480,0.823783
0.658388,0.931641
0.888726,0.932568
0.856261,0.762868
0.606446,0.805927
1.012733,0.584288
0.995701,0.927332
0.746774,0.892611
0.950873,0.638508
0.926850,0.876812
0.737491,0.844119
0.832329,0.604415
0.552548,1.042763
1.036015,1.114051
0.997282,0.830738
0.671647,1.028747
1.009249,1.066831
0.961605,0.838852
0.644934,0.907537
0.896999,0.939031
0.874313,0.784785
0.610513,0.801701
1.023995,0.613534
0.941460,0.875717
0.704009,0.844223
0.932535,0.632301
0.864862,0.816833
0.689134,0.791469
0.810590,0.591902
0.509032,0.979187
0.992765,1.067062
0.977122,0.818592
0.636979,0.976757
0.979823,1.034295
0.949583,0.833480
0.629453,0.877745
0.885856,0.925485
0.874191,0.789794
0.612746,0.792927
1.016481,0.629869
0.876341,0.814321
0.661513,0.793761
0.899989,0.616933
0.799333,0.754184
0.647178,0.743361
0.789061,0.583589
0.486877,0.928324
0.966812,1.036262
0.982223,0.834074
0.659108,0.976463
1.024381,1.075385
1.022867,0.914175
0.725213,0.957563
1.281466,0.781598
1.342431,1.260098
1.007076,1.182829
1.310129,0.933103
1.347040,1.283845
1.057538,1.192300
1.185983,0.897505
1.220288,1.172323
1.009735,1.111934
1.050337,0.831943
0.834386,1.303901
1.335735,1.413575
1.247477,1.081353
0.937031,1.293224
1.295741,1.355437
1.190658,1.063384
0.828952,1.101293
1.070914,1.115724
0.977967,0.882508
0.624197,0.828115
1.002773,0.564698
0.814890,0.745163
0.479888,0.628629
0.654083,0.335449
0.426200,0.377467
0.216584,0.320422
0.327027,0.105111
