0.000000,0.000000
0.000519,0.000519
0.004029,0.004029
0.012675,0.012671
0.027834,0.027824
0.050409,0.050367
0.080968,0.080885
0.119928,0.119713
0.166986,0.166667
0.218113,0.217472
0.268385,0.267800
0.315399,0.314054
0.355922,0.355598
0.391469,0.388451
0.415367,0.417623
0.439764,0.430427
0.439316,0.454248
0.473927,0.436817
0.423509,0.496654
0.557152,0.394553
0.331867,0.673031
0.639984,0.684062
0.663506,0.560304
0.444977,0.654656
0.877666,0.414090
0.837561,0.750520
0.591430,0.759353
0.889890,0.507859
0.827810,0.742072
0.590267,0.742978
0.858429,0.496481
0.772195,0.679740
0.535933,0.698943
0.847780,0.468097
0.741591,0.659586
0.517740,0.677943
0.813203,0.463534
0.716359,0.661946
0.540869,0.658090
0.712538,0.463998
0.650433,0.614723
0.539853,0.619712
0.638046,0.472300
0.419282,0.780301
0.728924,0.791277
0.769509,0.643732
0.558103,0.835310
0.815195,0.867660
0.850592,0.748068
0.655352,0.884271
1.142658,0.660595
1.294645,1.226764
1.033933,1.188879
1.191886,0.870079
1.310702,1.267147
1.104531,1.206947
1.091627,0.882267
0.938446,1.397801
1.320867,1.407084
1.230369,1.055156
1.015457,1.400224
1.325517,1.399363
1.231037,1.082085
0.979325,1.307170
1.248006,1.311822
1.178686,1.051341
0.918455,1.199948
1.162474,1.218378
1.119960,1.010008
0.865746,1.110342
1.090705,1.140707
1.067419,0.970721
0.823482,1.040222
1.272408,0.817054
1.411388,1.346423
1.106559,1.255504
1.216574,0.907968
1.304191,1.262754
1.081575,1.179477
1.046546,0.846532
0.881657,1.319742
1.188270,1.268418
1.107287,0.941968
0.895131,1.253669
1.143918,1.205590
1.069512,0.937642
0.833255,1.112846
1.047055,1.088584
0.992914,0.898334
0.768385,0.962955
1.154391,0.728008
1.233815,1.155326
0.959315,1.117327
1.177489,0.828927
1.228827,1.161602
0.979732,1.113361
1.110448,0.814640
1.155734,1.097747
0.951021,1.065414
1.032628,0.778906
1.081842,1.031720
0.918365,1.016636
0.968841,0.750463
0.765142,1.226199
1.237868,1.305555
1.156822,1.004551
0.856996,1.175331
1.178519,1.223548
1.103633,1.000066
0.804503,1.018125
1.278596,0.811549
1.328815,1.243968
0.992228,1.165548
1.280318,0.900481
1.302318,1.230958
1.005814,1.149846
1.179510,0.862515
1.197539,1.136523
0.961867,1.083163
1.072532,0.803914
1.099147,1.045925
0.915813,1.019790
0.992083,0.760132
0.752954,1.241865
1.311055,1.381483
1.224307,1.064351
0.874639,1.207885
1.253875,1.300288
1.172851,1.065731
0.828376,1.050012
1.350499,0.867781
1.369292,1.284538
1.004421,1.183012
1.322118,0.938887
1.322886,1.260801
1.019753,1.156370
1.157538,0.871036
1.166819,1.126515
0.960352,1.054372
0.982479,0.790642
0.776697,1.198225
1.142664,1.221478
1.092259,0.933864
0.840731,1.190177
1.130353,1.197691
1.077761,0.943624
0.814059,1.110608
1.063244,1.120954
1.028484,0.914267
0.773101,1.026027
0.997118,1.046687
0.980014,0.882568
0.741689,0.957976
1.187096,0.730305
1.295442,1.228629
1.010120,1.160352
1.152825,0.838773
1.224186,1.179954
1.011316,1.113179
1.011573,0.801664
0.826012,1.285100
1.209543,1.293372
1.132314,0.961389
0.893460,1.268382
1.187996,1.258772
1.112273,0.969844
0.851679,1.165607
1.098450,1.159279
1.049468,0.928989
0.794459,1.061722
1.015097,1.068386
0.991275,0.887425
0.752305,0.984126
1.215005,0.726332
1.372424,1.302050
1.067750,1.226966
1.194401,0.861710
1.302325,1.254623
1.075030,1.182873
1.054157,0.828319
0.880508,1.369021
1.302717,1.384780
1.192112,1.015092
0.946713,1.322497
1.264730,1.322262
1.155041,1.025403
0.865563,1.134832
1.109216,1.145004
1.038630,0.953131
0.785107,0.957963
1.154942,0.774186
1.122998,1.050899
0.871799,1.015925
1.118023,0.799666
1.090367,1.028878
0.874381,0.996404
1.043113,0.773106
1.029276,0.976648
0.853686,0.957442
0.972085,0.742036
0.696662,1.183186
1.281486,1.352714
1.222246,1.062457
0.847190,1.181809
1.254029,1.301734
1.188685,1.079411
0.826010,1.051883
1.378881,0.885158
1.372378,1.282131
0.991905,1.176735
1.360960,0.956097
1.333112,1.256879
1.000576,1.154925
1.242055,0.902639
1.215869,1.150627
0.951578,1.081759
1.115914,0.827993
1.104763,1.048041
0.899949,1.011287
1.019033,0.771160
1.024325,0.974210
0.862586,0.959664
0.953255,0.736243
0.710664,1.167736
1.228836,1.294738
1.166683,1.018459
0.829769,1.140702
1.180559,1.226878
1.123257,1.021489
0.802591,1.019146
1.305080,0.841038
1.323788,1.250333
0.993788,1.155888
1.240691,0.900172
1.249371,1.200577
0.999638,1.112480
1.066682,0.835033
0.814102,1.322739
1.386407,1.480763
1.306882,1.115706
0.994335,1.415360
1.452418,1.533897
1.348938,1.185157
1.006957,1.368222
1.396563,1.467391
1.313611,1.172051
0.967412,1.280035
1.313912,1.375546
1.259563,1.137141
0.923714,1.194601
1.238133,1.292040
1.208106,1.101930
0.889673,1.125420
1.446305,0.948096
1.591330,1.516083
1.212261,1.381800
1.415276,1.060994
1.513793,1.462610
1.220538,1.339139
1.219752,0.976006
1.305864,1.274947
1.128452,1.204605
1.066831,0.915037
0.957003,1.293324
1.031827,1.099171
0.995191,0.862310
0.858327,1.153234
0.940573,0.998912
0.905382,0.789704
0.740481,0.995495
0.804334,0.851938
0.760273,0.663760
0.574668,0.784522
0.830125,0.381752
0.858820,0.791000
0.621211,0.766854
0.661745,0.350363
0.633776,0.586342
0.482890,0.584090
0.508589,0.292399
0.263235,0.727979
0.319140,0.389835
0.373794,0.222977
0.210197,0.533312
