0.000000,0.000000
0.000461,0.000461
0.003579,0.003579
0.011256,0.011256
0.024718,0.024718
0.044755,0.044755
0.071877,0.071877
0.106419,0.106419
0.148596,0.148596
0.198556,0.198556
0.256392,0.256392
0.322172,0.322172
0.395940,0.395940
0.476959,0.476959
0.560934,0.560934
0.643916,0.643916
0.723363,0.723363
0.797637,0.797637
0.865693,0.865693
0.926858,0.926858
0.980708,0.980708
1.026976,1.026976
1.065495,1.065495
1.096162,1.096162
1.118917,1.118917
1.134047,1.134047
1.143638,1.143638
1.149716,1.149716
1.153567,1.153567
1.156007,1.156007
1.157552,1.157552
1.158532,1.158532
1.159152,1.159152
1.159545,1.159545
1.159794,1.159794
1.159951,1.159951
1.160051,1.160051
1.160049,1.160049
1.159456,1.159456
1.157758,1.157758
1.154630,1.154630
1.149867,1.149867
1.143337,1.143337
1.134959,1.134959
1.124681,1.124681
1.112470,1.112470
1.098305,1.098305
1.082175,1.082175
1.064071,1.064071
1.044090,1.044090
1.023187,1.023187
1.002424,1.002424
0.982477,0.982477
0.963774,0.963774
0.946587,0.946587
0.931088,0.931088
0.917387,0.917387
0.905553,0.905553
0.895630,0.895630
0.887648,0.887648
0.881623,0.881623
0.877776,0.877244
0.875371,0.873872
0.872762,0.871421
0.870957,0.867736
0.866173,0.865750
0.865563,0.858322
0.853091,0.859756
0.863489,0.840246
0.822161,0.862378
0.895734,0.800819
0.741879,0.935409
1.179139,0.754417
1.280330,1.202198
1.017473,1.175779
1.255318,0.907715
1.320519,1.254686
1.062423,1.195175
1.186907,0.895220
1.241979,1.186308
1.029392,1.140999
1.093207,0.847586
1.152578,1.105332
0.988230,1.082185
1.019364,0.811966
0.838611,1.277437
1.274491,1.340667
1.190937,1.043217
0.911906,1.221644
1.218227,1.263318
1.142102,1.039412
0.855736,1.068414
1.323604,0.859501
1.414471,1.330395
1.074630,1.247069
1.342955,0.965778
1.401840,1.331054
1.098719,1.242232
1.248034,0.932888
1.300635,1.240129
1.059567,1.180543
1.145098,0.878000
1.204791,1.152227
1.018522,1.122060
1.069846,0.839911
0.865790,1.351522
1.427357,1.499835
1.320998,1.158051
0.988537,1.329774
1.382862,1.433116
1.284725,1.171016
0.930915,1.168340
1.495288,0.979781
1.627469,1.537125
1.204814,1.396483
1.523704,1.111815
1.617856,1.545679
1.245017,1.396873
1.372683,1.044510
1.445793,1.386802
1.165917,1.288147
1.202251,0.936979
1.274926,1.226758
1.074718,1.173409
1.068866,0.853984
0.889095,1.346842
1.314462,1.386906
1.203640,1.045009
0.924860,1.260682
1.221527,1.273556
1.127121,1.012029
0.830886,1.072646
1.331167,0.806230
1.494445,1.403053
1.112050,1.302477
1.370490,0.956615
1.479261,1.404431
1.137959,1.292183
1.250939,0.914615
1.333526,1.271332
1.072635,1.198770
1.115011,0.838094
1.193982,1.140961
1.003898,1.108885
1.017061,0.783905
0.827357,1.319231
1.315931,1.387252
1.201216,1.037844
0.904576,1.242378
1.235264,1.278406
1.132422,1.026168
0.822952,1.034421
1.292150,0.820651
1.332849,1.237560
0.979325,1.164918
1.335694,0.918964
1.345625,1.258401
1.004516,1.174138
1.296727,0.917548
1.295461,1.218941
0.991209,1.143564
1.215560,0.880621
1.218427,1.157321
0.967366,1.095288
1.101290,0.827484
1.120548,1.075504
0.937027,1.032986
0.991274,0.786284
0.782715,1.223115
1.243022,1.315418
1.189356,1.034896
0.911630,1.242614
1.269864,1.325087
1.219599,1.101889
0.934140,1.185887
1.242011,1.284040
1.221003,1.131484
0.965833,1.157002
1.445892,1.035473
1.529131,1.459259
1.242133,1.391186
1.487612,1.168303
1.577105,1.521892
1.326019,1.443708
1.418376,1.166673
1.517667,1.474245
1.322140,1.414637
1.330157,1.132599
1.191586,1.615861
1.693435,1.767275
1.574483,1.416931
1.294854,1.632517
1.707146,1.766584
1.587476,1.460751
1.243374,1.514532
1.603026,1.650331
1.521590,1.420804
1.178245,1.393604
1.734361,1.271442
1.898271,1.816730
1.467963,1.642019
1.720615,1.347260
1.829486,1.763229
1.429863,1.571178
1.467917,1.165307
1.525414,1.473137
1.207012,1.318424
1.128280,0.890080
0.861557,1.374157
1.271320,1.356764
1.056160,0.873736
0.675354,1.066826
0.854793,0.918030
0.697136,0.562284
0.337824,0.626493
0.419546,0.463660
0.354987,0.261015
0.103740,0.304466
0.397002,-0.034145
