0.000000,0.000000
0.001453,0.001453
0.011284,0.011284
0.035496,0.035496
0.077953,0.077953
0.136416,0.136416
0.197898,0.197898
0.252289,0.252289
0.293131,0.293131
0.319729,0.319729
0.336770,0.336770
0.347682,0.347682
0.354598,0.354598
0.357706,0.357706
0.356144,0.356144
0.349332,0.349332
0.337220,0.337220
0.322542,0.322542
0.308471,0.308471
0.297047,0.297047
0.289622,0.289466
0.286811,0.286608
0.289283,0.288774
0.296972,0.296656
0.310897,0.309637
0.329454,0.329569
0.356420,0.352867
0.383986,0.387353
0.428945,0.416597
0.455625,0.475557
0.539454,0.489536
0.515359,0.613091
0.744461,0.526011
0.516019,0.975067
1.086641,1.148553
1.114491,0.971476
0.812786,1.107835
1.217147,1.254759
1.190287,1.099507
0.894369,1.077747
1.370869,0.966945
1.281876,1.203980
0.994127,1.150714
1.337791,0.992585
1.279127,1.211589
1.021809,1.156633
1.264355,0.966411
1.232352,1.173160
1.014606,1.131524
1.187682,0.928117
1.178895,1.126099
0.995837,1.098629
1.121209,0.891491
0.846325,1.329951
1.505815,1.575837
1.421286,1.261304
0.996221,1.328199
1.454945,1.500294
1.365650,1.258310
0.948486,1.167235
1.521602,1.040685
1.431739,1.339819
1.021517,1.208615
1.439182,1.029112
1.346212,1.269411
0.995137,1.153390
1.280349,0.937240
1.206577,1.147338
0.939083,1.065937
1.105913,0.837296
1.067868,1.028275
0.884987,0.975544
0.950129,0.764275
0.716316,1.123859
1.120733,1.196033
1.091372,0.940215
0.808207,1.141960
1.125436,1.190023
1.086725,0.958731
0.796496,1.080138
1.068593,1.124420
1.043526,0.933730
0.766373,1.010181
1.010499,1.058896
1.000105,0.905498
0.742764,0.953251
1.201706,0.757767
1.260904,1.196135
0.977041,1.123053
1.143445,0.838607
1.178977,1.136332
0.970441,1.068910
0.992862,0.790183
0.789305,1.232578
1.185708,1.266332
1.122624,0.958360
0.864986,1.225232
1.170698,1.238453
1.105864,0.969560
0.831347,1.131675
1.087804,1.145823
1.046723,0.931852
0.782220,1.037019
1.010491,1.061310
0.992144,0.893313
0.746463,0.967362
1.203102,0.738216
1.318962,1.252695
1.025948,1.176972
1.160876,0.846878
1.236952,1.193927
1.023500,1.123311
1.013448,0.807414
0.836407,1.285089
1.194004,1.272514
1.116395,0.951014
0.884377,1.239572
1.163410,1.224876
1.087607,0.960918
0.828909,1.106074
1.047466,1.100320
1.009034,0.904654
0.767669,0.999816
1.222351,0.732680
1.386906,1.316495
1.079796,1.239815
1.198272,0.865227
1.311928,1.266295
1.084885,1.191543
1.050494,0.831856
0.886121,1.365484
1.247971,1.336825
1.150823,0.969707
0.938361,1.335578
1.219402,1.294219
1.127068,0.975470
0.885840,1.218681
1.121463,1.184529
1.058773,0.932002
0.815352,1.094379
1.025192,1.078610
0.991395,0.885191
0.761506,0.996287
1.214120,0.717008
1.391393,1.318132
1.085250,1.249602
1.210258,0.866240
1.335762,1.287010
1.101114,1.213541
1.069336,0.837829
0.900098,1.407455
1.319494,1.413720
1.204049,1.012294
0.983212,1.404792
1.301789,1.382765
1.187382,1.024362
0.934270,1.293660
1.197445,1.267062
1.115515,0.976042
0.856725,1.163840
1.091358,1.149480
1.041161,0.923354
0.791729,1.048241
1.007249,1.051736
0.976719,0.882242
0.747833,0.947615
1.159235,0.725979
1.234190,1.157868
0.958334,1.114093
1.171583,0.829507
1.217353,1.152114
0.973848,1.103606
1.097044,0.809554
1.138552,1.081653
0.940971,1.052507
1.020954,0.772717
1.067693,1.017793
0.908871,1.005930
0.962161,0.745661
0.758342,1.214626
1.226945,1.293160
1.148626,0.998979
0.849172,1.161396
1.165914,1.209517
1.093944,0.993171
0.799516,1.006981
1.260951,0.807226
1.291943,1.209422
0.969201,1.137677
1.251941,0.882836
1.261386,1.192329
0.980037,1.119570
1.151473,0.844718
1.161695,1.103115
0.939367,1.056117
1.048062,0.789957
1.069341,1.018678
0.897257,0.996496
0.971127,0.750043
0.739668,1.205538
1.256500,1.323309
1.180695,1.028578
0.848820,1.164830
1.199921,1.242433
1.127223,1.026974
0.808868,1.013482
1.286710,0.837743
1.263621,1.180763
0.938212,1.107484
1.255503,0.885998
1.226227,1.159938
0.948387,1.086837
1.138116,0.840867
1.124412,1.073776
0.916631,1.020839
1.008016,0.779796
0.737706,1.221488
1.310758,1.381968
1.236421,1.075719
0.865039,1.200027
1.266257,1.312234
1.190630,1.082934
0.831113,1.051453
1.367697,0.883949
1.347744,1.257437
0.975535,1.159005
1.347195,0.944118
1.311111,1.234549
0.984240,1.138941
1.235216,0.895103
1.203408,1.138582
0.941794,1.071961
1.111103,0.824479
1.095939,1.041024
0.894364,1.003692
1.009946,0.768473
0.723292,1.235099
1.350011,1.426019
1.277246,1.107337
0.882617,1.239079
1.324290,1.375780
1.245545,1.127861
0.851481,1.094969
1.169349,1.201289
1.131417,1.054983
0.836325,0.990707
1.235277,0.895357
0.945373,0.879674
0.734898,0.865632
1.050490,0.760981
0.852850,0.796016
0.696630,0.808011
0.949966,0.701978
0.816591,0.767087
0.692164,0.788470
0.896367,0.681949
0.538752,0.991630
1.120841,1.186118
1.146434,1.002093
0.747452,1.053237
1.162184,1.210829
1.163780,1.058929
0.799277,1.019990
1.373610,0.893723
1.261897,1.175018
0.912016,1.089692
1.308596,0.918566
1.205302,1.130867
0.907931,1.057157
1.189326,0.859713
1.108314,1.044012
0.870235,0.997649
1.078317,0.795973
1.024319,0.968768
0.836008,0.945279
0.992397,0.749786
0.668851,1.182049
1.319056,1.393805
1.273470,1.105658
0.851798,1.203357
1.312372,1.362662
1.252909,1.137917
0.848150,1.086219
1.457204,0.936929
1.435511,1.340208
1.015642,1.211524
1.439410,1.010883
1.394576,1.314131
1.025727,1.189579
1.308440,0.949050
1.263955,1.195579
0.971159,1.108743
1.162340,0.859192
1.134783,1.076031
0.910952,1.027325
1.046488,0.788389
1.038990,0.987528
0.866042,0.966194
0.967896,0.744121
0.707303,1.178421
1.261880,1.328851
1.197818,1.045344
0.837826,1.155065
1.215197,1.258870
1.151800,1.050857
0.814530,1.023336
1.318275,0.864018
1.271834,1.192612
0.941967,1.109498
0.467579,1.685031
1.088769,1.282751
1.427671,1.006156
1.476473,1.398614
1.109289,1.267824
1.297939,0.949477
1.327036,1.259475
1.039134,1.173704
1.159682,0.861736
1.192599,1.133582
0.971307,1.087406
1.054507,0.796515
1.096685,1.045121
0.924149,1.024863
0.981033,0.756786
0.765633,1.238853
1.271810,1.341025
1.185928,1.029943
0.867978,1.193962
1.211831,1.257945
1.132688,1.026604
0.815089,1.034001
1.311700,0.833119
1.358684,1.271707
1.004579,1.182606
1.312360,0.922557
1.329759,1.256813
1.017997,1.165811
1.204367,0.879674
1.217245,1.155329
0.970708,1.094509
1.087646,0.814259
1.109924,1.056479
0.920452,1.025528
0.998858,0.765116
0.754300,1.247578
1.322939,1.394388
1.235383,1.073255
0.879630,1.217214
1.268878,1.315252
1.184966,1.076536
0.832969,1.055310
1.362520,0.875281
1.373102,1.283731
0.998505,1.182259
1.349581,0.949394
1.339217,1.267963
1.014324,1.164381
1.216846,0.894714
1.214327,1.158131
0.970438,1.085681
1.067333,0.814675
1.078754,1.029946
0.904106,0.999766
0.969800,0.756345
0.740993,1.190019
1.230967,1.294706
1.158533,1.012809
0.835473,1.137681
1.166460,1.206734
1.099766,1.004580
0.798057,0.992093
1.247636,0.821749
1.202667,1.123563
0.904030,1.064275
1.204894,0.852886
1.161928,1.095533
0.907143,1.040735
1.106865,0.812911
1.078970,1.022961
0.876815,0.988509
1.012168,0.765617
1.003357,0.955617
0.845708,0.939785
0.940508,0.731790
0.695421,1.135897
1.192886,1.256528
1.141170,0.997413
0.811084,1.110634
1.152536,1.193430
1.097262,1.001610
0.791470,0.986936
1.253637,0.824616
1.194523,1.114381
0.894329,1.055880
1.209611,0.853458
1.154530,1.085854
0.896414,1.033109
1.117031,0.814546
1.077528,1.018453
0.868339,0.985329
1.027813,0.769258
1.007840,0.958480
0.841649,0.940880
0.952398,0.736021
0.688508,1.151223
1.222336,1.297097
1.180676,1.021151
0.836457,1.178383
1.230208,1.286663
1.179814,1.059471
0.837369,1.094785
1.154630,1.197015
1.134792,1.044511
0.844500,1.037303
1.331936,0.917975
1.301823,1.232500
1.036626,1.184505
1.329470,1.012696
1.343925,1.290332
1.132760,1.246985
1.287523,1.043274
1.336619,1.295214
1.176748,1.264938
1.245406,1.057090
1.077234,1.481471
1.600431,1.669638
1.525527,1.377896
1.224105,1.540343
1.645170,1.700268
1.555940,1.438498
1.203882,1.455055
1.563294,1.606848
1.502319,1.409541
1.163122,1.361283
1.695943,1.270361
1.757186,1.682319
1.387238,1.546991
1.668913,1.326494
1.739960,1.679418
1.420420,1.549506
1.527886,1.251641
1.605827,1.557574
1.349055,1.451869
1.342262,1.122545
1.139618,1.612007
1.697855,1.779611
1.506481,1.331965
1.118269,1.492618
1.476969,1.541364
1.276406,1.139077
0.810454,1.104466
1.026161,1.074442
0.898736,0.795863
0.502142,0.721986
0.909506,0.436841
0.669045,0.595160
0.355328,0.512976
0.587810,0.249940
0.332656,0.281638
0.161720,0.270442
