0.000000,0.000000
0.001453,0.001453
0.011284,0.011284
0.035496,0.035496
0.077953,0.077953
0.136416,0.136416
0.197898,0.197898
0.252289,0.252289
0.293131,0.293131
0.319729,0.319729
0.336770,0.336770
0.347682,0.347682
0.354598,0.354598
0.357706,0.357706
0.356144,0.356144
0.349332,0.349332
0.337220,0.337220
0.322542,0.322542
0.308471,0.308471
0.297047,0.297047
0.289382,0.289484
0.285672,0.285786
0.285666,0.285961
0.289565,0.289660
0.296737,0.297418
0.308390,0.307965
0.321883,0.323917
0.342779,0.339661
0.359251,0.367119
0.396410,0.380912
0.399912,0.434029
0.481935,0.410315
0.404694,0.558317
0.702201,0.373616
0.732180,0.681910
0.622478,0.729617
0.762017,0.532711
0.518436,1.011053
1.007242,1.084349
0.988486,0.822689
0.690085,1.043970
1.032051,1.087367
0.985827,0.865644
0.682439,0.936803
0.934373,0.972213
0.906032,0.821852
0.654138,0.829648
1.040624,0.659162
0.941485,0.874437
0.717231,0.853657
0.962760,0.662854
0.884800,0.827535
0.705053,0.816234
0.880007,0.629013
0.825342,0.769418
0.677661,0.777338
0.836494,0.599351
0.509559,0.989943
1.080730,1.123095
1.033537,0.906207
0.665206,0.899746
1.249630,0.709415
1.139009,1.022097
0.748725,0.976105
1.306826,0.801066
1.206654,1.112836
0.834610,1.030333
1.260459,0.840336
1.170633,1.103083
0.863514,1.011177
1.094703,0.783381
1.027747,0.982778
0.819978,0.922735
0.918210,0.706436
0.638041,1.101802
1.134832,1.218340
1.112998,0.943971
0.793505,1.165636
1.186650,1.257288
1.146887,1.005804
0.820443,1.132247
1.153609,1.214269
1.125310,1.005229
0.810527,1.076569
1.105418,1.157878
1.091432,0.988300
0.794900,1.023881
1.320827,0.836904
1.414402,1.342263
1.075385,1.237415
1.276058,0.936908
1.332887,1.284016
1.075517,1.187628
1.098487,0.866893
0.878259,1.384854
1.412236,1.505029
1.303471,1.113662
1.012169,1.428362
1.423282,1.502558
1.302678,1.142400
0.975231,1.328086
1.312558,1.381291
1.224373,1.087329
0.896591,1.199899
1.190274,1.250560
1.137976,1.019424
0.827232,1.090890
1.092415,1.145530
1.067019,0.963328
0.778642,1.009353
1.284801,0.797057
1.393339,1.320076
1.058141,1.220393
1.242744,0.899262
1.307620,1.252628
1.050874,1.168287
1.088925,0.837196
1.145700,1.103093
0.973150,1.062259
0.968144,0.775816
0.799502,1.210057
1.101892,1.166955
1.031728,0.890259
0.799324,1.099373
1.008948,1.055213
0.947365,0.845733
0.712756,0.926714
1.108806,0.645508
1.204469,1.126312
0.915797,1.078947
1.095682,0.742003
1.152027,1.090366
0.911931,1.039069
0.984368,0.707598
1.031993,0.982272
0.858348,0.958871
0.887181,0.666412
0.680437,1.148424
1.085776,1.154545
1.012822,0.858218
0.742908,1.065255
1.012439,1.055150
0.944852,0.842853
0.683671,0.889051
1.103705,0.647898
1.129389,1.039939
0.831999,1.004852
1.129038,0.737619
1.123262,1.037394
0.839180,0.998717
1.103891,0.736992
1.080466,0.996776
0.813878,0.969921
1.078537,0.723733
1.049350,0.975078
0.804120,0.949577
1.031040,0.710378
1.007662,0.951127
0.801464,0.921491
0.940347,0.684209
0.935978,0.895869
0.786969,0.874005
0.848891,0.665118
0.642459,1.039351
0.997960,1.064531
0.981879,0.842965
0.740268,1.041074
1.015936,1.068362
1.000076,0.892094
0.767029,1.001832
1.268512,0.767549
1.455281,1.377152
1.142701,1.313815
1.339013,0.976581
1.489950,1.433371
1.226683,1.351924
1.242486,0.979304
1.372489,1.333013
1.194141,1.283086
1.141045,0.956128
1.036114,1.438214
1.263137,1.336777
1.188202,1.036468
1.025219,1.355972
1.229369,1.291174
1.165981,1.040195
0.971602,1.247101
1.162958,1.215780
1.121807,1.016174
0.921268,1.154482
1.357664,0.864014
1.635606,1.561656
1.318835,1.485578
1.397285,1.049514
1.610086,1.561055
1.357292,1.472726
1.263169,1.028186
1.157310,1.675869
1.572202,1.675532
1.402198,1.195448
1.239589,1.698775
1.584059,1.679446
1.406972,1.218373
1.201784,1.621965
1.506635,1.594288
1.353867,1.180516
1.123595,1.508401
1.408279,1.485820
1.287176,1.131463
1.037737,1.379500
1.308280,1.372202
1.217785,1.085121
0.954542,1.239702
1.206199,1.255570
1.142910,1.041952
0.884389,1.106591
1.336295,0.866829
1.511205,1.442198
1.182565,1.339773
1.292974,0.966629
1.410219,1.365759
1.163420,1.268499
1.109473,0.895134
0.946691,1.417535
1.293250,1.382016
1.178531,0.998162
0.960427,1.356465
1.226729,1.301860
1.123151,0.971077
0.877481,1.211450
1.099443,1.162635
1.032287,0.905166
0.788998,1.068626
0.987658,1.040778
0.954069,0.848203
0.728371,0.962042
1.169751,0.674574
1.331401,1.258411
1.035874,1.198999
1.162220,0.820104
1.275473,1.226601
1.049557,1.161334
1.027318,0.796212
0.849418,1.354819
1.260687,1.352893
1.156053,0.967544
0.929732,1.343211
1.236795,1.314942
1.135747,0.978063
0.882164,1.229579
1.133894,1.201041
1.067028,0.933387
0.814678,1.110473
1.039280,1.097287
1.003944,0.889444
0.765039,1.018632
0.973367,1.022481
0.957190,0.859303
0.734867,0.949411
1.166294,0.708863
1.287139,1.214198
1.005556,1.162065
1.170756,0.838435
1.250264,1.200260
1.021930,1.134901
1.041734,0.807886
0.836181,1.348123
1.334111,1.428240
1.232368,1.040898
0.966526,1.387591
1.343975,1.424731
1.231061,1.068454
0.934027,1.292411
1.243760,1.313150
1.160186,1.021367
0.861630,1.167961
1.132286,1.191657
1.082164,0.964093
0.798721,1.059662
1.042379,1.093179
1.018047,0.917756
0.756872,0.979091
1.227812,0.757990
1.333481,1.264096
1.027263,1.182946
1.188383,0.862551
1.255960,1.209602
1.026443,1.132914
1.033293,0.813595
0.834138,1.314661
1.272313,1.360032
1.182698,1.003662
0.925112,1.317868
1.258645,1.333017
1.167085,1.017268
0.883928,1.214135
1.159661,1.223779
1.097931,0.970710
0.819571,1.101609
1.063664,1.119721
1.031198,0.921469
0.770068,1.014398
0.994382,1.043475
0.981521,0.885732
0.739444,0.952215
1.186116,0.736065
1.277022,1.209145
0.994060,1.142802
1.154083,0.837387
2.021095,0.347914
1.213926,0.945347
1.319278,1.278891
1.124330,1.216497
1.049839,0.860466
0.927828,1.342954
1.076466,1.155084
1.013448,0.855165
0.861630,1.210779
0.999225,1.066823
0.960308,0.825883
0.795675,1.093200
0.932531,0.990663
0.914143,0.799434
0.748088,1.002485
0.884495,0.934536
0.879588,0.781486
0.718194,0.936204
1.088139,0.627882
1.267611,1.201562
1.030049,1.178810
1.104935,0.794171
1.237483,1.194185
1.056159,1.156026
1.014444,0.808767
0.879263,1.329045
1.130280,1.212955
1.058945,0.890281
0.884284,1.254043
1.086873,1.156389
1.026475,0.886392
0.829397,1.137868
1.007149,1.066498
0.970879,0.853153
0.772777,1.033710
0.937855,0.989613
0.922490,0.821642
0.733511,0.958737
1.137295,0.663002
1.315553,1.248576
1.052643,1.205199
1.136051,0.818772
1.264735,1.221410
1.070060,1.170561
1.026360,0.818914
0.886959,1.338800
1.160053,1.239749
1.080949,0.913158
0.896704,1.256811
1.118662,1.178675
1.042715,0.914763
0.822330,1.096131
0.994544,1.039553
0.940604,0.844720
0.722853,0.927684
1.080547,0.640492
1.168374,1.097530
0.892614,1.043749
1.013352,0.689549
1.051559,0.999270
0.836430,0.947868
0.858347,0.620092
0.612764,1.125484
1.037987,1.120412
0.961098,0.785146
0.678242,1.055698
0.958759,1.019727
0.891985,0.761988
0.612054,0.890261
0.817853,0.862188
0.785777,0.691332
0.550746,0.752486
0.939737,0.506391
0.932031,0.863675
0.695664,0.841472
0.887031,0.574726
0.872345,0.822794
0.695610,0.801195
0.785598,0.559926
0.519862,1.005199
0.972923,1.049789
0.943468,0.779431
0.642640,0.994319
0.959000,1.015452
0.919238,0.798902
0.626866,0.884268
0.862839,0.903919
0.842784,0.755288
0.597443,0.784270
0.991525,0.590516
0.925776,0.861790
0.699904,0.836357
0.911461,0.619338
0.857301,0.810673
0.689052,0.788392
0.798550,0.586296
0.514755,0.970928
0.969381,1.041492
0.952071,0.798222
0.630481,0.960145
0.950708,1.003487
0.921502,0.809016
0.619993,0.860502
1.136111,0.618481
1.169317,1.086017
0.838088,1.015917
1.107099,0.725580
1.105079,1.043013
0.839037,0.971382
0.956594,0.673327
0.953993,0.908426
0.773219,0.870295
0.820793,0.613404
0.587461,1.033068
0.963686,1.034874
0.922939,0.771067
0.652688,0.978080
0.912978,0.965239
0.873995,0.762618
0.616270,0.854395
1.083175,0.570736
1.163997,1.082132
0.857065,1.031817
1.073367,0.698509
1.115886,1.055183
0.865996,0.996421
0.942578,0.665859
0.977307,0.936445
0.813057,0.904807
0.825182,0.634994
0.644512,1.059585
0.905990,0.980117
0.888502,0.738378
0.695542,1.025900
0.910371,0.972754
0.903988,0.780345
0.715312,0.989552
0.912556,0.966544
0.916674,0.811270
0.733690,0.968668
1.178280,0.682485
1.386069,1.314837
1.111397,1.272488
1.216487,0.880252
1.372911,1.325689
1.155878,1.264995
1.107203,0.882405
0.968585,1.460578
1.341139,1.432522
1.225194,1.038257
1.030290,1.439936
1.323777,1.401650
1.211189,1.053329
0.976247,1.323168
1.224876,1.291842
1.144405,1.010329
0.897824,1.193905
1.120958,1.179296
1.072596,0.957602
0.831482,1.087102
1.037137,1.088921
1.012068,0.911668
0.782518,1.007226
1.222972,0.750168
1.383986,1.316507
1.086220,1.239957
1.189948,0.870075
1.298059,1.253702
1.079823,1.182143
1.044464,0.832533
0.884774,1.345571
1.223338,1.303585
1.130507,0.960411
0.913743,1.279710
1.177769,1.242209
1.093874,0.961585
0.846357,1.136217
1.055754,1.111306
1.011535,0.901731
0.777036,1.021083
0.967300,1.016605
0.951153,0.855816
0.735492,0.949009
1.151613,0.702704
1.278476,1.215030
1.011879,1.156564
1.119592,0.819023
1.205778,1.165204
1.012157,1.107242
0.991633,0.797060
0.833050,1.259364
1.111676,1.190306
1.051945,0.892121
0.853218,1.203792
1.078051,1.143791
1.025082,0.892568
0.809276,1.100677
1.004996,1.060429
0.972814,0.862324
0.761188,1.005222
0.939466,0.986940
0.925665,0.832430
0.727745,0.935028
1.119870,0.682984
1.246739,1.184366
0.995821,1.137490
1.097170,0.802823
1.184973,1.145730
1.000763,1.093638
0.978808,0.790033
0.826620,1.241798
1.071781,1.150133
1.021979,0.864556
0.836147,1.183343
1.041157,1.107724
0.998324,0.865107
0.797964,1.091186
0.983773,1.038644
0.955965,0.844443
0.756880,0.999041
1.198311,0.678736
1.410998,1.325893
1.107267,1.286002
1.268693,0.880266
1.430976,1.359999
1.154529,1.298350
1.194879,0.878229
1.327314,1.265703
1.109524,1.231376
1.107851,0.837331
1.230995,1.176720
1.063501,1.169467
1.044186,0.808002
0.893688,1.392160
1.332635,1.406909
1.204007,1.036525
0.950284,1.300487
1.242318,1.292647
1.133158,1.017602
0.847315,1.086199
1.331067,0.808702
1.504985,1.410708
1.124658,1.318223
1.395036,0.971518
1.515753,1.436649
1.161531,1.322689
1.297764,0.944479
1.388628,1.321689
1.105354,1.240315
1.167943,0.870998
1.251423,1.194229
1.037748,1.151461
1.062832,0.811181
1.147554,1.097735
0.986878,1.084218
0.993284,0.776182
0.827568,1.284690
1.232049,1.298277
1.136221,0.985282
0.877317,1.190750
1.149609,1.191915
1.067124,0.967386
0.802094,1.005762
1.223933,0.777277
1.293447,1.211985
0.984755,1.151532
1.231923,0.868469
1.274834,1.210500
1.004192,1.139395
1.125424,0.836321
1.165717,1.120623
0.965353,1.065922
0.991857,0.783132
0.789484,1.245603
1.204267,1.287670
1.137403,0.968419
0.878217,1.250271
1.194447,1.265958
1.124586,0.981829
0.847443,1.163080
1.114508,1.176221
1.067252,0.945112
0.796844,1.067489
1.036036,1.089297
1.010884,0.906133
0.757130,0.989650
1.236440,0.744842
1.382100,1.309716
1.065182,1.227652
1.215672,0.875422
1.313180,1.264410
1.072419,1.184028
1.062333,0.831451
0.872965,1.377548
1.332117,1.423972
1.220941,1.032518
0.971378,1.383834
1.318002,1.395447
1.205157,1.047935
0.922043,1.267347
1.204546,1.270591
1.126682,0.994407
0.843819,1.135870
1.090860,1.148014
1.048473,0.935882
0.782875,1.033185
1.007643,1.058085
0.990454,0.892696
0.745314,0.964034
1.198631,0.738402
1.308113,1.242271
1.018534,1.167949
1.155126,0.843457
1.226682,1.182457
1.015060,1.115244
1.013642,0.803970
0.830624,1.283647
1.218560,1.294175
1.133074,0.973914
0.882936,1.228350
1.158226,1.221465
1.088945,0.961276
0.824810,1.106312
1.052582,1.107740
1.016960,0.908776
0.769074,1.010107
1.246561,0.737920
1.427034,1.353477
1.104259,1.270892
1.231865,0.884256
1.357496,1.308906
1.114885,1.227455
1.078629,0.846853
0.909021,1.416534
1.330689,1.424203
1.211398,1.019912
0.988379,1.407740
1.309490,1.388298
1.191938,1.031563
0.932963,1.284602
1.195907,1.262414
1.113575,0.979380
0.849250,1.144280
1.079621,1.135989
1.033333,0.920939
0.782986,1.031257
0.991863,1.040341
0.971634,0.876475
0.741883,0.953560
1.168527,0.722405
1.275759,1.211760
1.002227,1.147711
1.128167,0.825938
1.199757,1.159356
1.000328,1.095952
0.989059,0.794596
0.819549,1.247167
1.120243,1.200551
1.062405,0.900522
0.853425,1.209715
1.097169,1.164536
1.042361,0.906169
0.816582,1.114490
1.031246,1.084860
0.992387,0.880879
0.769335,1.008279
1.228690,0.712614
1.422873,1.334830
1.098006,1.280396
1.301106,0.902568
1.442973,1.368422
1.141418,1.291659
1.225038,0.893661
1.338077,1.273356
1.094449,1.222698
1.127584,0.843228
1.232259,1.175747
1.042266,1.153224
1.049462,0.802821
1.152489,1.103077
1.004881,1.101329
0.995668,0.780920
0.850018,1.302927
1.203405,1.270426
1.110364,0.959330
0.880974,1.196490
1.120619,1.165250
1.042585,0.939801
0.800302,1.012216
1.213844,0.750528
1.337971,1.254483
1.028333,1.198840
1.248295,0.874691
1.333346,1.263448
1.053346,1.194466
1.164660,0.854209
1.235039,1.175459
1.011957,1.130486
1.068711,0.806372
1.138986,1.087100
0.966597,1.068015
0.996466,0.770270
0.805064,1.281642
1.283921,1.352945
1.183694,1.026646
0.887264,1.213913
1.209035,1.253862
1.120427,1.015790
0.817873,1.032877
1.289186,0.819120
1.349819,1.265589
1.007877,1.182689
1.287012,0.908815
1.320531,1.256368
1.029951,1.162172
1.151073,0.855798
1.177034,1.108683
0.950632,1.068946
1.064922,0.776766
1.074642,0.988514
0.842001,0.986089
1.056753,0.711495
1.029124,0.943078
0.761551,0.920834
1.014800,0.653723
0.956939,0.883613
0.695623,0.839664
0.889947,0.571124
0.817663,0.758690
0.606700,0.725269
0.737291,0.477465
0.675097,0.629246
0.524926,0.617896
0.614532,0.411710
0.336384,0.768170
0.678635,0.741562
0.680257,0.542947
0.409867,0.700960
0.631518,0.673960
0.626576,0.533845
0.405053,0.600981
0.781796,0.359084
0.704608,0.637725
0.501647,0.642739
0.712726,0.409180
0.645050,0.596879
0.496527,0.598065
0.617557,0.399607
0.320901,0.788593
0.720659,0.791760
0.737447,0.585206
0.450485,0.776268
0.732502,0.783015
0.738107,0.630426
0.493689,0.724049
0.973898,0.478810
0.992229,0.914988
0.734889,0.900754
0.989468,0.635201
1.001359,0.946170
0.794768,0.914261
0.903603,0.649978
0.921281,0.882417
0.778976,0.862969
0.816540,0.637554
0.628512,1.012538
0.910911,0.972498
0.885233,0.753913
0.663382,0.944441
0.863289,0.908429
0.835283,0.739117
0.622527,0.827963
1.001561,0.560194
1.056727,0.986515
0.805006,0.954785
0.962206,0.641329
0.987163,0.935724
0.790007,0.899630
0.842319,0.607967
0.592591,1.096814
1.041106,1.121897
0.979565,0.807118
0.686784,1.056656
0.990753,1.050556
0.929557,0.802054
0.637831,0.910666
0.863127,0.906767
0.832378,0.739418
0.585927,0.784479
0.986819,0.560390
0.963744,0.895945
0.721402,0.866017
0.924602,0.614874
0.897620,0.848184
0.715201,0.820542
0.812490,0.587345
0.535309,1.019501
1.007424,1.084284
0.975364,0.811340
0.656451,1.008102
0.986768,1.043332
0.944451,0.823875
0.635957,0.893874
0.882764,0.923983
0.863755,0.775962
0.610067,0.797533
1.019410,0.617018
0.946391,0.881926
0.727013,0.864492
0.964829,0.670494
0.926443,0.879097
0.771564,0.872440
0.908982,0.693430
0.645938,1.109275
1.190059,1.264776
1.171020,1.011591
0.836222,1.177943
1.243064,1.299483
1.196152,1.075887
0.847258,1.104507
1.163120,1.205538
1.134397,1.044045
0.826853,1.019809
1.300419,0.886126
1.221343,1.152278
0.936663,1.083988
1.206038,0.890460
1.142708,1.090243
0.907536,1.019351
1.024295,0.785228
0.665717,1.180206
1.239121,1.322485
1.137587,0.959620
0.653517,1.035333
0.975883,1.037339
0.864202,0.733162
0.408969,0.689425
0.605979,0.649305
0.599621,0.507331
0.341970,0.539085
