50.000000,50.000000,0.000000
50.000461,50.000000,0.000000
50.004032,50.000000,0.000000
50.015219,50.000000,0.000000
50.039693,50.000000,0.000000
50.083853,50.000000,0.000000
50.154559,50.000000,0.000000
50.258959,50.000000,0.000000
50.404389,50.000000,0.000000
50.598306,50.000000,0.000000
50.848241,50.000000,0.000000
51.161782,50.000000,0.000000
51.546552,50.000000,0.000000
52.009430,50.000000,0.000000
52.553009,50.000000,0.000000
53.176021,50.000000,0.000000
53.874780,50.000000,0.000000
54.644088,50.000000,0.000000
55.477805,50.000000,0.000000
56.369206,50.000000,0.000000
57.311208,50.000000,0.000000
58.296504,50.000000,0.000000
59.317655,50.000000,0.000000
60.367144,50.000000,0.000000
61.437406,50.000000,0.000000
62.521175,50.000000,0.000000
63.613268,50.000000,0.000000
64.710491,50.000000,0.000000
65.810873,50.000000,0.000000
66.913202,50.000000,0.000000
68.016729,50.000000,0.000000
69.120995,50.000000,0.000000
70.225716,50.000000,0.000000
71.330717,50.000000,0.000000
72.435890,50.000000,0.000000
73.541170,50.000000,0.000000
74.646515,50.000000,0.000000
75.751835,50.000000,0.000000
76.856549,50.000000,0.000000
77.959569,50.000000,0.000000
79.059496,50.000000,0.000000
80.154738,50.000000,0.000000
81.243587,50.000000,0.000000
82.324261,50.000000,0.000000
83.394934,50.000000,0.000000
84.453754,50.000000,0.000000
85.498851,50.000000,0.000000
86.528347,50.000000,0.000000
87.540355,50.000000,0.000000
88.533089,50.000000,0.000000
89.505716,50.000000,0.000000
90.458444,50.000000,0.000000
91.392130,50.000000,0.000000
92.308028,50.000000,0.000000
93.207637,50.000000,0.000000
94.092607,50.000000,0.000000
94.964684,50.000000,0.000000
95.825669,50.000000,0.000000
96.677401,50.000000,0.000000
97.521739,50.000000,0.000000
98.360559,50.000000,0.000000
99.195684,50.000000,0.003324
100.028248,50.002767,0.018093
100.858412,50.017789,0.039000
101.685540,50.050064,0.066486
102.508296,50.104846,0.098152
103.324898,50.185256,0.133175
104.133244,50.293549,0.170163
104.931133,50.430646,0.208285
105.716379,50.596608,0.246706
106.486940,50.790663,0.284863
107.240964,51.011462,0.322309
107.976927,51.257239,0.358765
108.694049,51.526155,0.394132
109.392181,51.816504,0.428379
110.071576,52.126756,0.461526
110.732728,52.455581,0.493635
111.376273,52.801851,0.524780
112.002924,53.164635,0.555062
112.613413,53.543195,0.584580
113.208474,53.936967,0.613447
113.788803,54.345555,0.641776
114.355051,54.768717,0.669676
114.907740,55.206295,0.697250
115.447108,55.658070,0.724568
115.973196,56.123753,0.751711
116.485900,56.603028,0.778752
116.985024,57.095560,0.805776
117.470290,57.601017,0.832858
117.941361,58.119068,0.860080
118.397846,58.649387,0.887518
118.839305,59.191655,0.915250
119.265251,59.745555,0.943351
119.675151,60.310772,0.971894
120.068448,60.887008,1.000953
120.444571,61.474016,1.030605
120.802922,62.071576,1.060911
121.142867,62.679480,1.091934
121.463729,63.297515,1.123707
121.764803,63.925445,1.156255
122.045355,64.563005,1.189571
122.304648,65.209888,1.223609
122.541963,65.865737,1.258279
122.756638,66.530146,1.293430
122.948104,67.202656,1.328839
123.115932,67.882692,1.364172
123.259909,68.569550,1.398987
123.380142,69.262457,1.432741
123.477147,69.960644,1.464770
123.551940,70.663417,1.494299
123.606114,71.370223,1.520453
123.641914,72.080721,1.542272
123.662288,72.794822,1.558742
123.670942,73.512708,1.568837
123.672357,74.234796,1.571575
123.671792,74.961410,1.572517
123.670536,75.691003,1.580128
123.663723,76.421076,1.589460
123.650114,77.150217,1.601838
123.627547,77.876962,1.615533
123.595169,78.600220,1.630524
123.552191,79.318926,1.646146
123.498349,80.032135,1.662247
123.433533,80.738917,1.678576
123.357852,81.438372,1.695041
123.271515,82.129690,1.711572
123.174763,82.812415,1.728189
123.067799,83.486394,1.744923
122.950770,84.151680,1.761826
122.823758,84.808455,1.778966
122.686769,85.456982,1.796423
122.539733,86.097566,1.814284
122.382496,86.730525,1.832647
122.214820,87.356169,1.851629
122.036378,87.974781,1.871355
121.846759,88.586554,1.891953
121.645515,89.191485,1.913550
121.432159,89.789391,1.936290
121.206170,90.379924,1.960340
120.966979,90.962574,1.985879
120.713981,91.536673,2.013120
120.446524,92.101377,2.042296
120.163921,92.655660,2.073668
119.865452,93.198293,2.107533
119.550383,93.727819,2.144208
119.217976,94.242546,2.184054
118.867508,94.740527,2.227446
118.498313,95.219533,2.274768
118.109846,95.677038,2.326365
117.701757,96.110229,2.382504
117.273990,96.516060,2.443293
116.826871,96.891365,2.508587
116.361190,97.233048,2.577887
115.878217,97.538347,2.650241
115.379629,97.805154,2.724212
114.867344,98.032319,2.797890
114.343245,98.219898,2.869089
113.808852,98.369237,2.935602
113.265059,98.482865,2.995408
112.712018,98.564292,3.046810
112.149210,98.617797,3.088428
111.575618,98.648321,3.119102
110.989941,98.661495,3.137720
110.390774,98.663816,3.143034
109.776979,98.662931,3.140794
109.149447,98.663432,3.141914
108.510145,98.663226,3.141354
107.859578,98.663381,3.141634
107.197957,98.663354,3.141494
106.524700,98.663420,3.141564
105.838809,98.663439,3.141529
105.138816,98.663484,3.141547
104.422929,98.663516,3.141538
103.689065,98.663556,3.141542
102.934935,98.663594,3.141540
102.158177,98.663635,3.141541
101.357288,98.663676,3.141541
100.531945,98.663719,3.141541
99.682746,98.663763,3.141541
98.810971,98.663808,3.141541
97.918385,98.663854,3.141541
97.007086,98.663901,3.141541
96.079386,98.663949,3.141541
95.137731,98.663997,3.141541
94.184648,98.664047,3.141541
93.222699,98.664096,3.141541
92.254424,98.664146,3.141541
91.281861,98.664197,3.141541
90.306403,98.664247,3.141541
89.328990,98.664297,3.141541
88.350260,98.664348,3.141541
87.370641,98.664399,3.141541
86.390424,98.664449,3.141541
85.409805,98.664500,3.141541
84.428914,98.664551,3.141541
83.447840,98.664601,3.141541
82.466644,98.664652,3.141541
81.485474,98.664703,3.141541
80.505995,98.664753,3.141541
79.531920,98.664803,3.141541
78.568335,98.664853,3.141541
77.621205,98.664902,3.141541
76.697013,98.664950,3.141541
75.802491,98.664996,3.141541
74.944388,98.665040,3.141541
74.129251,98.665083,3.141541
73.363128,98.665122,3.141541
72.651133,98.665159,3.141541
71.996547,98.665193,3.141541
71.397739,98.665224,3.141541
70.846436,98.665252,3.141541
70.327507,98.665279,3.141541
69.817705,98.665305,3.141541
69.283627,98.665333,3.141541
68.679424,98.665364,3.141541
67.944342,98.665402,3.141541
66.999013,98.665451,3.141541
65.738896,98.665516,3.141541
64.023390,98.665605,3.141541
