4.000000,4.000000,0.000000
4.000431,4.000000,0.000004
4.003772,4.000000,0.000006
4.014239,4.000000,0.000030
4.037136,4.000001,0.000143
4.078450,4.000007,0.000514
4.144599,4.000041,0.001469
4.242268,4.000184,0.003564
4.378320,4.000669,0.007647
4.559721,4.002056,0.014895
4.793484,4.005538,0.026804
5.084921,4.013352,0.044798
5.434895,4.029041,0.069553
5.840931,4.057327,0.101217
6.298235,4.103773,0.139241
6.800304,4.174137,0.182554
7.339392,4.273658,0.229729
7.906929,4.406381,0.279231
8.493952,4.574693,0.329615
9.091520,4.779118,0.379662
9.691109,5.018366,0.428452
10.285993,5.290079,0.475687
10.871807,5.591856,0.521404
11.445692,5.921511,0.565672
12.005737,6.277072,0.608666
12.550602,6.656808,0.650584
13.079285,7.059203,0.691664
13.590959,7.482938,0.732147
14.084872,7.926864,0.772290
14.560282,8.389971,0.812348
15.016390,8.871349,0.852574
15.452201,9.370030,0.893175
15.866534,9.884899,0.934343
16.258093,10.414718,0.976258
16.625522,10.958131,1.019068
16.967443,11.513661,1.062882
17.282516,12.079705,1.107750
17.569493,12.654523,1.153636
17.827290,13.236233,1.200395
18.055078,13.822824,1.247737
18.252411,14.412252,1.295235
18.419389,15.002790,1.342384
18.556609,15.593061,1.388435
18.665215,16.182003,1.432416
18.746952,16.768892,1.473098
18.804240,17.353401,1.509023
18.840255,17.935679,1.538525
18.859002,18.516405,1.559790
18.865391,19.096814,1.570939
18.865308,19.678623,1.570364
18.865560,20.263577,1.562192
18.870629,20.852591,1.547296
18.884584,21.446308,1.526614
18.911056,22.045077,1.501051
18.953242,22.648953,1.471480
19.013905,23.257742,1.438705
19.095391,23.871048,1.403460
19.199661,24.488333,1.366388
19.328324,25.108982,1.328044
19.482687,25.732327,1.288893
19.663710,26.357373,1.249405
19.871895,26.982679,1.209983
20.107303,27.606552,1.170921
20.369612,28.227189,1.132437
20.658190,28.842785,1.094665
20.972155,29.451593,1.057680
21.310437,30.051963,1.021506
21.671833,30.642354,0.986126
22.055043,31.221340,0.951497
22.458731,31.787639,0.917542
22.881693,32.340276,0.884130
23.322908,32.878510,0.851133
23.781504,33.401739,0.818413
24.256735,33.909433,0.785833
24.747954,34.401079,0.753255
25.254597,34.876156,0.720541
25.776162,35.334104,0.687553
26.312196,35.774311,0.654156
26.862276,36.196103,0.620217
27.425966,36.598711,0.585618
28.002760,36.981256,0.550257
28.592079,37.342779,0.514048
29.193266,37.682261,0.476929
29.805575,37.998649,0.438870
30.428164,38.290893,0.399890
31.060078,38.557980,0.360069
31.700239,38.798988,0.319568
32.347448,39.013156,0.278649
33.000395,39.199959,0.237691
33.657788,39.359226,0.197189
34.318417,39.491210,0.157789
34.981156,39.596660,0.120305
35.644997,39.676911,0.085717
36.309105,39.733976,0.055163
36.972880,39.770629,0.029912
37.636015,39.790471,0.011322
38.298510,39.797972,0.000782
38.960638,39.798490,-0.000375
39.622811,39.798241,0.008194
40.285301,39.803670,0.025080
40.948041,39.820295,0.048924
41.610589,39.852735,0.078308
42.272153,39.904647,0.111926
42.931669,39.978774,0.148587
43.587904,40.077006,0.187262
44.239557,40.200482,0.227091
44.885347,40.349710,0.267388
45.524077,40.524688,0.307626
46.154672,40.725036,0.347425
46.776200,40.950099,0.386527
47.387866,41.199047,0.424773
47.989004,41.470948,0.462086
48.579058,41.764824,0.498448
49.157556,42.079694,0.533886
49.724096,42.414604,0.568461
50.278320,42.768642,0.602256
50.819900,43.140953,0.635369
51.348520,43.530742,0.667912
51.863863,43.937275,0.699999
52.365598,44.359881,0.731751
52.853375,44.797941,0.763292
53.326810,45.250893,0.794744
53.785480,45.718218,0.826235
54.228919,46.199438,0.857886
54.656609,46.694105,0.889823
55.067976,47.201795,0.922167
55.462390,47.722100,0.955036
55.839157,48.254611,0.988542
56.197525,48.798917,1.022790
56.536685,49.354584,1.057869
56.855778,49.921147,1.093851
57.153906,50.498094,1.130778
57.430156,51.084855,1.168651
57.683621,51.680788,1.207419
57.913446,52.285172,1.246958
58.118877,52.897203,1.287054
58.299326,53.516004,1.327378
58.454450,54.140640,1.367465
58.584243,54.770154,1.406696
58.689138,55.403622,1.444282
58.770109,56.040217,1.479262
58.828770,56.679293,1.510509
58.867472,57.320466,1.536756
58.889375,57.963680,1.556634
58.898519,58.609235,1.568731
58.899858,59.257762,1.571681
58.899281,59.909753,1.575850
58.895978,60.563354,1.592713
58.881673,61.215941,1.614723
58.853087,61.866295,1.643553
58.805950,62.513033,1.676329
58.737930,63.155174,1.712609
58.647055,63.791680,1.750947
58.532320,64.421663,1.790645
58.393192,65.044268,1.830890
58.229665,65.658750,1.871176
58.042049,66.264444,1.911074
57.830915,66.860784,1.950317
57.596987,67.447281,1.988725
57.341085,68.023519,2.026209
57.064074,68.589139,2.062741
56.766828,69.143819,2.098342
56.450203,69.687264,2.133066
56.115026,70.219193,2.166994
55.762081,70.739324,2.200223
55.392107,71.247365,2.232860
55.005793,71.743010,2.265020
54.603784,72.225926,2.296823
54.186681,72.695748,2.328393
53.755046,73.152077,2.359852
53.309403,73.594472,2.391327
52.850249,74.022446,2.422940
52.378060,74.435464,2.454816
51.893293,74.832939,2.487078
51.396400,75.214231,2.519844
50.887832,75.578646,2.553227
50.368053,75.925438,2.587335
49.837545,76.253812,2.622259
49.296821,76.562932,2.658074
48.746434,76.851935,2.694829
48.186989,77.119948,2.732534
47.619145,77.366116,2.771147
47.043620,77.589636,2.810561
46.461188,77.789805,2.850577
45.872661,77.966080,2.890890
45.278867,78.118145,2.931061
44.680606,78.245992,2.970500
44.078592,78.350009,3.008448
43.473381,78.431070,3.043975
42.865289,78.490620,3.075984
42.254315,78.530763,3.103230
41.640073,78.554338,3.124358
41.021769,78.564996,3.137959
40.398233,78.567262,3.142654
39.768045,78.566593,3.137466
39.129907,78.569226,3.123403
38.483233,78.580990,3.101907
37.828276,78.606996,3.074357
37.166060,78.651588,3.042120
36.498250,78.718236,3.006427
35.826954,78.809529,2.968369
35.154520,78.927190,2.928867
34.483352,79.072157,2.888671
33.815756,79.244702,2.848360
33.153834,79.444560,2.808368
32.499427,79.671072,2.768992
31.854087,79.923308,2.730425
31.219089,80.200180,2.692771
30.595455,80.500524,2.656068
29.983991,80.823165,2.620303
29.385327,81.166964,2.585425
28.799956,81.530843,2.551361
28.228275,81.913808,2.518014
27.670611,82.314950,2.485279
27.127256,82.733450,2.453042
26.598487,83.168575,2.421183
26.084585,83.619675,2.389581
25.585852,84.086171,2.358110
25.102624,84.567551,2.326648
24.635283,85.063358,2.295069
24.184264,85.573183,2.263249
23.750062,86.096652,2.231065
23.333243,86.633420,2.198399
22.934439,87.183153,2.165135
22.554360,87.745519,2.131165
22.193786,88.320173,2.096394
21.853565,88.906741,2.060744
21.534607,89.504803,2.024160
21.237862,90.113873,1.986625
20.964302,90.733378,1.948169
20.714880,91.362643,1.908888
20.490485,92.000870,1.868961
20.291872,92.647132,1.828673
20.119582,93.300367,1.788437
19.973842,93.959396,1.748816
19.854452,94.622951,1.710536
19.760666,95.289726,1.674497
19.691069,95.958450,1.641767
19.643473,96.627968,1.613566
19.614827,97.297318,1.591234
19.601164,97.965791,1.576173
19.597576,98.632947,1.569778
19.598254,99.298586,1.569330
19.599228,99.963186,1.555253
19.609560,100.627809,1.535746
19.632867,101.292513,1.508806
19.674107,101.956922,1.477507
19.736162,102.620180,1.442255
19.821592,103.281130,1.404598
19.931856,103.938457,1.365272
20.067848,104.590795,1.325165
20.229804,105.236829,1.284833
20.417543,105.875347,1.244760
20.630526,106.505285,1.205255
20.867996,107.125729,1.166533
21.129050,107.735914,1.128710
21.412712,108.335202,1.091836
21.717984,108.923066,1.055904
22.043881,109.499060,1.020872
22.389457,110.062805,0.986668
22.753817,110.613960,0.953199
23.136128,111.152209,0.920363
23.535621,111.677243,0.888044
23.951590,112.188749,0.856127
24.383388,112.686395,0.824487
24.830427,113.169823,0.793002
25.292168,113.638641,0.761548
25.768118,114.092412,0.729999
26.257819,114.530654,0.698231
26.760845,114.952828,0.666122
27.276787,115.358338,0.633551
27.805246,115.746528,0.600403
28.345826,116.116678,0.566568
28.898115,116.468009,0.531947
29.461678,116.799686,0.496460
30.036040,117.110827,0.460047
30.620673,117.400516,0.422682
31.214982,117.667833,0.384387
31.818296,117.911879,0.345244
32.429855,118.131825,0.305416
33.048817,118.326971,0.265166
33.674264,118.496818,0.224884
34.305225,118.641153,0.185104
34.940717,118.760147,0.146521
35.579809,118.854463,0.110004
36.221688,118.925359,0.076593
36.865747,118.974786,0.047481
37.511657,119.005477,0.023989
38.159424,119.021020,0.007516
38.809394,119.025905,-0.000538
39.462178,119.025554,0.000267
40.117587,119.025729,-0.000136
40.773372,119.025640,0.000066
41.427169,119.025683,-0.000035
42.076287,119.025660,0.000015
42.717963,119.025670,-0.000010
43.349338,119.025663,0.000003
43.967554,119.025665,-0.000004
44.569882,119.025663,-0.000000
45.154839,119.025663,-0.000002
45.722392,119.025661,-0.000001
46.273464,119.025661,-0.000002
46.809581,119.025660,-0.000001
47.332653,119.025659,-0.000002
47.844826,119.025658,-0.000001
48.348395,119.025658,-0.000001
48.845587,119.025657,-0.000001
49.338084,119.025656,-0.000001
49.827093,119.025655,-0.000001
50.313498,119.025655,-0.000001
50.797947,119.025654,-0.000001
51.280923,119.025653,-0.000001
51.762787,119.025653,-0.000001
52.243810,119.025652,-0.000001
52.724284,119.025651,-0.000001
53.204611,119.025650,-0.000001
53.685287,119.025650,-0.000001
54.166880,119.025649,-0.000001
54.650018,119.025648,-0.000001
55.135378,119.025648,-0.000001
55.623678,119.025647,-0.000001
56.115637,119.025646,-0.000001
56.611726,119.025645,-0.000001
57.112111,119.025645,-0.000001
57.616716,119.025644,-0.000001
58.125275,119.025643,-0.000001
58.637374,119.025642,-0.000001
59.152491,119.025642,-0.000001
59.670020,119.025641,-0.000001
60.189355,119.025640,-0.000001
60.710023,119.025639,-0.000001
61.231672,119.025638,-0.000001
61.754042,119.025638,-0.000001
62.276938,119.025637,-0.000001
62.800216,119.025636,-0.000001
63.323769,119.025635,-0.000001
63.847519,119.025635,-0.000001
64.371407,119.025634,-0.000001
64.895391,119.025633,-0.000001
65.419442,119.025632,-0.000001
65.943537,119.025631,-0.000001
66.467664,119.025631,-0.000001
66.991811,119.025630,-0.000001
67.515972,119.025629,-0.000001
68.040144,119.025628,-0.000001
68.564323,119.025628,-0.000001
69.088508,119.025627,-0.000001
69.612697,119.025626,-0.000001
70.136888,119.025625,-0.000001
70.661082,119.025624,-0.000001
71.185278,119.025624,-0.000001
71.709475,119.025623,-0.000001
72.233673,119.025622,-0.000001
72.757873,119.025621,-0.000001
73.282076,119.025620,-0.000001
73.806284,119.025620,-0.000001
74.330500,119.025619,-0.000001
74.854725,119.025618,-0.000001
75.378964,119.025617,-0.000001
75.903217,119.025617,-0.000001
76.427488,119.025616,-0.000001
76.951776,119.025615,-0.000001
77.476081,119.025614,-0.000001
78.000402,119.025613,-0.000001
78.524737,119.025613,-0.000001
79.049084,119.025612,-0.000001
79.573441,119.025611,-0.000001
80.097805,119.025610,-0.000001
80.622173,119.025610,-0.000001
81.146543,119.025609,-0.000001
81.670911,119.025608,-0.000001
82.195275,119.025607,-0.000001
82.719631,119.025606,-0.000001
83.243977,119.025606,-0.000001
83.768309,119.025605,-0.000001
84.292625,119.025604,-0.000001
84.816924,119.025603,-0.000001
85.341206,119.025603,-0.000001
85.865472,119.025602,-0.000001
86.389724,119.025601,-0.000001
86.913963,119.025600,-0.000001
87.438192,119.025599,-0.000001
87.962413,119.025599,-0.000001
88.486629,119.025598,-0.000001
89.010840,119.025597,-0.000001
89.535048,119.025596,-0.000001
90.059255,119.025595,-0.000001
90.583459,119.025595,-0.000001
91.107662,119.025594,-0.000001
91.631865,119.025593,-0.000001
92.156067,119.025592,-0.000001
92.680269,119.025592,-0.000001
93.204474,119.025591,-0.000001
93.728683,119.025590,-0.000001
94.252899,119.025589,-0.000001
94.777124,119.025588,-0.000001
95.301360,119.025588,-0.000001
95.825612,119.025587,-0.000001
96.349880,119.025586,-0.000001
96.874165,119.025585,-0.000001
97.398468,119.025585,-0.000001
97.922787,119.025584,-0.000001
98.447120,119.025583,-0.000001
98.971465,119.025582,-0.000001
99.495821,119.025581,-0.000001
100.020184,119.025581,-0.000001
100.544551,119.025580,-0.000001
101.068921,119.025579,-0.000001
101.593290,119.025578,-0.000001
102.117655,119.025578,-0.000001
102.642012,119.025577,-0.000001
103.166360,119.025576,-0.000001
103.690694,119.025575,-0.000001
104.215013,119.025574,-0.000001
104.739315,119.025574,-0.000001
105.263599,119.025573,-0.000001
105.787868,119.025572,-0.000001
106.312122,119.025571,-0.000001
106.836363,119.025570,-0.000001
107.360593,119.025570,-0.000001
107.884816,119.025569,-0.000001
108.409032,119.025568,-0.000001
108.933244,119.025567,-0.000001
109.457453,119.025567,-0.000001
109.981659,119.025566,-0.000001
110.505864,119.025565,-0.000001
111.030068,119.025564,-0.000001
111.554270,119.025563,-0.000001
112.078472,119.025563,-0.000001
112.602674,119.025562,-0.000001
113.126879,119.025561,-0.000001
113.651087,119.025560,-0.000001
114.175301,119.025560,-0.000001
114.699525,119.025559,-0.000001
115.223759,119.025558,-0.000001
115.748008,119.025557,-0.000001
116.272273,119.025556,-0.000001
116.796556,119.025556,-0.000001
117.320856,119.025555,-0.000001
117.845172,119.025554,-0.000001
118.369503,119.025553,-0.000001
118.893847,119.025553,-0.000001
119.418201,119.025552,-0.000001
119.942563,119.025551,-0.000001
120.466930,119.025550,-0.000001
120.991300,119.025549,-0.000001
121.515669,119.025549,-0.000001
122.040034,119.025548,-0.000001
122.564393,119.025547,-0.000001
123.088743,119.025546,-0.000001
123.613079,119.025545,-0.000001
124.137401,119.025545,-0.000001
124.661705,119.025544,-0.000001
125.185993,119.025543,-0.000001
125.710264,119.025542,-0.000001
126.234520,119.025542,-0.000001
126.758763,119.025541,-0.000001
127.282995,119.025540,-0.000001
127.807218,119.025539,-0.000001
128.331435,119.025538,-0.000001
128.855648,119.025538,-0.000001
129.379857,119.025537,-0.000001
129.904064,119.025536,-0.000001
130.428269,119.025535,-0.000001
130.952473,119.025535,-0.000001
131.476675,119.025534,-0.000001
132.000877,119.025533,-0.000001
132.525080,119.025532,-0.000001
133.049284,119.025531,-0.000001
133.573491,119.025531,-0.000001
134.097704,119.025530,-0.000001
134.621926,119.025529,-0.000001
135.146158,119.025528,-0.000001
135.670405,119.025528,-0.000001
136.194667,119.025527,-0.000001
136.718947,119.025526,-0.000001
137.243244,119.025525,-0.000001
137.767558,119.025524,-0.000001
138.291887,119.025524,-0.000001
138.816229,119.025523,-0.000001
139.340581,119.025522,-0.000001
139.864962,119.025521,-0.000001
140.389802,119.025520,-0.000001
140.916207,119.025520,-0.000001
141.445803,119.025519,-0.000001
141.980620,119.025518,-0.000001
142.523010,119.025517,-0.000001
143.075594,119.025516,-0.000001
143.641213,119.025516,-0.000001
144.222669,119.025515,-0.000001
144.821554,119.025514,-0.000001
145.438113,119.025513,-0.000001
146.071564,119.025512,-0.000001
146.720365,119.025511,-0.000001
147.382433,119.025510,-0.000001
148.055321,119.025509,-0.000001
148.736344,119.025508,-0.000001
149.423003,119.025507,-0.000001
150.113512,119.025506,-0.000001
150.806646,119.025505,-0.000001
151.501566,119.025504,-0.000001
152.197700,119.025503,-0.000001
152.894658,119.025502,-0.000001
153.592176,119.025501,-0.000001
154.289913,119.025500,-0.000001
154.985330,119.025499,-0.000001
155.672893,119.025498,-0.000001
156.345095,119.025497,-0.000001
156.993261,119.025496,-0.000001
157.608224,119.025495,-0.000001
158.181003,119.025494,-0.000001
158.703722,119.025493,-0.000001
159.172224,119.025493,-0.000001
159.591321,119.025492,-0.000001
159.975258,119.025491,-0.000001
160.347823,119.025491,-0.000001
160.742600,119.025490,-0.000001
161.202542,119.025489,-0.000001
161.779831,119.025489,-0.000001
