50.000000,-55.000000,0.000000
50.000519,-55.000000,-0.000002
50.004539,-55.000000,-0.000004
50.017134,-55.000000,-0.000025
50.044688,-55.000001,-0.000130
50.094407,-55.000007,-0.000475
50.174014,-55.000045,-0.001379
50.291562,-55.000207,-0.003377
50.454822,-55.000758,-0.007234
50.667393,-55.002296,-0.013540
50.928302,-55.005829,-0.022552
51.233677,-55.012717,-0.034218
51.577810,-55.024498,-0.048277
51.953825,-55.042665,-0.064408
52.354098,-55.068481,-0.082310
52.770633,-55.102844,-0.101722
53.196845,-55.146349,-0.122712
53.628458,-55.199581,-0.145558
54.062639,-55.263229,-0.170595
54.497412,-55.338128,-0.198293
54.931261,-55.425302,-0.229253
55.362857,-55.526018,-0.264268
55.790854,-55.641832,-0.304364
56.213625,-55.774635,-0.350863
56.628978,-55.926657,-0.405451
57.033962,-56.100490,-0.470288
57.424596,-56.299060,-0.548029
57.795506,-56.525462,-0.641627
58.139554,-56.782492,-0.753585
58.447769,-57.071695,-0.884220
58.710264,-57.391969,-1.029084
58.918810,-57.738528,-1.177531
59.070208,-58.103451,-1.314898
59.168325,-58.478467,-1.428666
59.222646,-58.858079,-1.511900
59.245201,-59.240602,-1.561540
59.248782,-59.627403,-1.574662
59.247259,-60.021357,-1.566799
59.248866,-60.423269,-1.563043
59.252041,-60.832775,-1.551754
59.260012,-61.251348,-1.538915
59.273702,-61.680613,-1.521614
59.295473,-62.122911,-1.501344
59.327326,-62.580810,-1.477375
59.371953,-63.057116,-1.450105
59.432295,-63.554655,-1.419406
59.511853,-64.076152,-1.385483
59.614448,-64.623430,-1.348629
59.743784,-65.195977,-1.309591
59.902936,-65.791354,-1.269006
60.094219,-66.405821,-1.227537
60.319049,-67.034876,-1.185744
60.577937,-67.673659,-1.144095
60.870535,-68.317249,-1.102952
61.195726,-68.960863,-1.062570
61.551734,-69.599978,-1.023118
61.936254,-70.230426,-0.984690
62.346924,-70.848969,-0.947194
62.781774,-71.453462,-0.910463
63.239192,-72.042434,-0.874344
63.717842,-72.614817,-0.838665
64.216607,-73.169763,-0.803252
64.734542,-73.706531,-0.767928
65.270839,-74.224408,-0.732515
65.824788,-74.722662,-0.696839
66.395756,-75.200505,-0.660726
66.983123,-75.657047,-0.624016
67.586082,-76.091172,-0.586593
68.203612,-76.501602,-0.548358
68.834507,-76.886983,-0.509239
69.477397,-77.245948,-0.469200
70.130751,-77.577172,-0.428262
70.792876,-77.879445,-0.386506
71.461925,-78.151732,-0.344115
72.135898,-78.393266,-0.301367
72.812675,-78.603632,-0.258673
73.490267,-78.782923,-0.216516
74.167169,-78.931817,-0.175465
74.842277,-79.051506,-0.136268
75.514829,-79.143725,-0.099807
76.184398,-79.210776,-0.067130
76.850905,-79.255586,-0.039405
77.514650,-79.281754,-0.017906
78.176311,-79.293603,-0.003960
78.836914,-79.296220,0.001106
79.497712,-79.295489,-0.003690
80.159773,-79.297932,-0.017430
80.823564,-79.309503,-0.038654
81.488925,-79.335235,-0.065988
82.155163,-79.379263,-0.098063
82.821163,-79.444783,-0.133640
83.485528,-79.534101,-0.171623
84.146725,-79.648704,-0.211081
84.803202,-79.789370,-0.251262
85.453486,-79.956289,-0.291578
86.096245,-80.149202,-0.331590
86.730317,-80.367514,-0.370994
87.354723,-80.610413,-0.409596
87.968651,-80.876950,-0.447287
88.571437,-81.166115,-0.484030
89.162539,-81.476883,-0.519830
89.741512,-81.808251,-0.554743
90.307977,-82.159261,-0.588838
90.861603,-82.529013,-0.622211
91.402084,-82.916675,-0.654969
91.929125,-83.321481,-0.687223
92.442421,-83.742732,-0.719096
92.941651,-84.179793,-0.750705
93.426468,-84.632085,-0.782179
93.896485,-85.099085,-0.813639
94.351271,-85.580313,-0.845210
94.790347,-86.075325,-0.877020
95.213174,-86.583710,-0.909185
95.619155,-87.105075,-0.941830
96.007629,-87.639036,-0.975068
96.377871,-88.185210,-1.009009
96.729094,-88.743199,-1.043745
97.060451,-89.312578,-1.079359
97.371049,-89.892880,-1.115905
97.659962,-90.483582,-1.153403
97.926257,-91.084089,-1.191823
98.169028,-91.693722,-1.231074
98.387440,-92.311711,-1.270979
98.580798,-92.937189,-1.311261
98.748614,-93.569208,-1.351507
98.890706,-94.206753,-1.391166
99.007292,-94.848793,-1.429516
99.099105,-95.494330,-1.465664
99.167498,-96.142477,-1.498549
99.214546,-96.792543,-1.526956
99.243128,-97.444099,-1.549550
99.257003,-98.097036,-1.564928
99.260844,-98.751562,-1.571696
99.260253,-99.408134,-1.568678
99.261649,-100.067247,-1.556419
99.271165,-100.729055,-1.536452
99.293984,-101.393212,-1.510108
99.334434,-102.058914,-1.478795
99.395885,-102.724969,-1.443762
99.480814,-103.389919,-1.406140
99.590854,-104.052168,-1.366885
99.726905,-104.710101,-1.326786
99.889254,-105.362181,-1.286459
100.077710,-106.007013,-1.246366
100.291729,-106.643380,-1.206834
100.530524,-107.270249,-1.168078
100.793162,-107.886768,-1.130217
101.078634,-108.492238,-1.093306
101.385909,-109.086093,-1.057336
101.713978,-109.667867,-1.022270
102.061868,-110.237172,-0.988034
102.428668,-110.793667,-0.954538
102.813531,-111.337047,-0.921678
103.215677,-111.867014,-0.889342
103.634397,-112.383269,-0.857410
104.069043,-112.885498,-0.825761
104.519029,-113.373359,-0.794272
104.983820,-113.846474,-0.762819
105.462932,-114.304424,-0.731276
105.955917,-114.746739,-0.699520
106.462358,-115.172894,-0.667427
106.981862,-115.582302,-0.634878
107.514046,-115.974315,-0.601754
108.058530,-116.348220,-0.567948
108.614920,-116.703240,-0.533360
109.182800,-117.038539,-0.497909
109.761713,-117.353231,-0.461534
110.351150,-117.646393,-0.424207
110.950529,-117.917090,-0.385950
111.559188,-118.164405,-0.346836
112.176374,-118.387485,-0.307031
112.801237,-118.585603,-0.266792
113.432837,-118.758224,-0.226502
114.070168,-118.905101,-0.186690
114.712188,-119.026372,-0.148044
115.357879,-119.122667,-0.111426
116.006319,-119.195221,-0.077868
116.656758,-119.245972,-0.048559
117.308701,-119.277654,-0.024817
117.961957,-119.293869,-0.008034
118.616659,-119.299129,0.000382
119.273205,-119.298879,-0.000837
119.932087,-119.299431,-0.011561
120.593529,-119.307078,-0.030230
121.257272,-119.327149,-0.055537
121.922597,-119.364137,-0.086048
122.588387,-119.421569,-0.120502
123.253242,-119.502075,-0.157733
123.915601,-119.607426,-0.196757
124.573868,-119.738643,-0.236755
125.226505,-119.896111,-0.277079
125.872107,-120.079717,-0.317242
126.509438,-120.288973,-0.356893
127.137446,-120.523132,-0.395800
127.755257,-120.781285,-0.433828
128.362152,-121.062436,-0.470912
128.957548,-121.365560,-0.507049
129.540965,-121.689643,-0.542272
130.112005,-122.033707,-0.576653
130.670319,-122.396831,-0.610273
131.215596,-122.778157,-0.643240
131.747537,-123.176896,-0.675662
132.265844,-123.592325,-0.707658
132.770202,-124.023785,-0.739348
133.260275,-124.470679,-0.770856
133.735690,-124.932465,-0.802307
134.196034,-125.408646,-0.833824
134.640846,-125.898769,-0.865533
135.069609,-126.402410,-0.897557
135.481748,-126.919172,-0.930015
135.876625,-127.448669,-0.963028
136.253536,-127.990519,-0.996703
136.611719,-128.544330,-1.031142
136.950346,-129.109689,-1.066433
137.268540,-129.686147,-1.102640
137.565383,-130.273201,-1.139794
137.839943,-130.870286,-1.177889
138.091298,-131.476753,-1.216856
138.318582,-132.091864,-1.256554
138.521040,-132.714789,-1.296738
138.698101,-133.344607,-1.337054
138.849461,-133.980322,-1.376998
138.975183,-134.620903,-1.415913
139.075800,-135.265331,-1.452968
139.152430,-135.912671,-1.487159
139.206877,-136.562150,-1.517328
139.241723,-137.213237,-1.542173
139.260404,-137.865703,-1.560312
139.267260,-138.519643,-1.570336
139.267562,-139.175440,-1.570911
139.267487,-139.833672,-1.561783
139.273447,-140.494935,-1.544403
139.290992,-141.159520,-1.520034
139.324923,-141.827366,-1.490037
139.379205,-142.498052,-1.455634
139.457033,-143.170871,-1.417961
139.560860,-143.844915,-1.377991
139.692495,-144.519171,-1.336561
139.853187,-145.192605,-1.294332
140.043748,-145.864232,-1.251831
140.264651,-146.533147,-1.209428
140.516091,-147.198391,-1.167424
140.797885,-147.858680,-1.126064
141.109506,-148.512558,-1.085485
141.450174,-149.158519,-1.045742
141.818926,-149.795075,-1.006833
142.214681,-150.420790,-0.968709
142.636277,-151.034284,-0.931283
143.082512,-151.634234,-0.894441
143.552165,-152.219361,-0.858061
144.044001,-152.788421,-0.821999
144.556788,-153.340190,-0.786114
145.089366,-153.873531,-0.750235
145.640764,-154.387455,-0.714173
146.210168,-154.881020,-0.677750
146.796863,-155.353278,-0.640778
147.400203,-155.803221,-0.603091
148.019570,-156.229770,-0.564520
148.654345,-156.631749,-0.524921
149.303873,-157.007901,-0.484178
149.967435,-157.356890,-0.442213
150.644218,-157.677338,-0.399017
151.333252,-157.967859,-0.354675
152.032455,-158.226799,-0.309641
152.737759,-158.452448,-0.264725
153.443667,-158.643810,-0.220836
154.143815,-158.800992,-0.179046
154.831418,-158.925437,-0.140442
155.499623,-159.019903,-0.106046
156.141786,-159.088258,-0.076645
156.751641,-159.135092,-0.052702
157.323407,-159.165254,-0.034270
157.851879,-159.183372,-0.020984
158.332747,-159.193464,-0.012123
158.764782,-159.198701,-0.006564
159.151077,-159.201237,-0.003282
159.498560,-159.202377,-0.001491
159.818220,-159.202854,-0.000597
160.125988,-159.203038,-0.000206
160.443984,-159.203103,-0.000061
160.801620,-159.203125,-0.000019
161.236586,-159.203133,-0.000011
161.796551,-159.203140,-0.000009
162.542590,-159.203147,-0.000009
