50.000000,-50.000000,0.000000
50.000461,-50.000000,0.000000
50.004032,-50.000000,0.000000
50.015219,-50.000000,0.000000
50.039693,-50.000000,0.000000
50.083853,-50.000000,0.000000
50.154559,-50.000000,0.000000
50.258959,-50.000000,0.000000
50.404389,-50.000000,0.000000
50.598306,-50.000000,0.000000
50.848241,-50.000000,0.000000
51.161782,-50.000000,0.000000
51.546552,-50.000000,0.000000
52.009430,-50.000000,0.000000
52.553009,-50.000000,0.000000
53.176021,-50.000000,0.000000
53.874780,-50.000000,0.000000
54.644088,-50.000000,0.000000
55.477805,-50.000000,0.000000
56.369206,-50.000000,0.000000
57.311208,-50.000000,0.000000
58.296504,-50.000000,0.000000
59.317655,-50.000000,0.000000
60.367144,-50.000000,0.000000
61.437406,-50.000000,0.000000
62.521175,-50.000000,0.000000
63.613268,-50.000000,0.000000
64.710491,-50.000000,0.000000
65.810873,-50.000000,0.000000
66.913202,-50.000000,0.000000
68.016729,-50.000000,0.000000
69.120995,-50.000000,0.000000
70.225716,-50.000000,0.000000
71.330717,-50.000000,0.000000
72.435890,-50.000000,0.000000
73.541170,-50.000000,0.000000
74.646515,-50.000000,0.000000
75.751835,-50.000000,0.000000
76.856549,-50.000000,0.000000
77.959569,-50.000000,0.000000
79.059496,-50.000000,0.000000
80.154738,-50.000000,0.000000
81.243587,-50.000000,0.000000
82.324261,-50.000000,0.000000
83.394934,-50.000000,0.000000
84.453754,-50.000000,0.000000
85.498851,-50.000000,0.000000
86.528347,-50.000000,0.000000
87.540355,-50.000000,0.000000
88.533089,-50.000000,0.000000
89.505716,-50.000000,0.000000
90.458444,-50.000000,0.000000
91.392130,-50.000000,0.000000
92.308028,-50.000000,0.000000
93.207637,-50.000000,0.000000
94.092607,-50.000000,0.000000
94.964684,-50.000000,0.000000
95.825669,-50.000000,0.000000
96.677401,-50.000000,0.000000
97.521739,-50.000000,0.000000
98.360559,-50.000000,0.000000
99.195684,-50.000000,-0.003324
100.028247,-50.002768,-0.018095
100.858411,-50.017791,-0.039003
101.685537,-50.050067,-0.066491
102.508292,-50.104854,-0.098158
103.324894,-50.185268,-0.133182
104.133238,-50.293566,-0.170171
104.931126,-50.430670,-0.208293
105.716371,-50.596638,-0.246714
106.486930,-50.790699,-0.284871
107.240953,-51.011503,-0.322316
107.976914,-51.257287,-0.358772
108.694034,-51.526208,-0.394139
109.392166,-51.816561,-0.428385
110.071559,-52.126818,-0.461532
110.732709,-52.455647,-0.493640
111.376253,-52.801920,-0.524785
112.002902,-53.164708,-0.555067
112.613391,-53.543271,-0.584585
113.208450,-53.937046,-0.613452
113.788778,-54.345637,-0.641780
114.355025,-54.768801,-0.669680
114.907711,-55.206382,-0.697254
115.447078,-55.658159,-0.724572
115.973164,-56.123844,-0.751715
116.485867,-56.603121,-0.778756
116.984988,-57.095656,-0.805780
117.470252,-57.601115,-0.832862
117.941321,-58.119167,-0.860084
118.397804,-58.649488,-0.887522
118.839261,-59.191757,-0.915254
119.265205,-59.745659,-0.943355
119.675102,-60.310878,-0.971899
120.068396,-60.887116,-1.000958
120.444516,-61.474125,-1.030610
120.802864,-62.071687,-1.060916
121.142806,-62.679592,-1.091939
121.463665,-63.297628,-1.123712
121.764735,-63.925560,-1.156261
122.045284,-64.563121,-1.189577
122.304572,-65.210005,-1.223615
122.541884,-65.865856,-1.258285
122.756554,-66.530266,-1.293437
122.948016,-67.202776,-1.328846
123.115839,-67.882813,-1.364178
123.259811,-68.569671,-1.398994
123.380040,-69.262579,-1.432747
123.477041,-69.960767,-1.464776
123.551830,-70.663539,-1.494303
123.606001,-71.370345,-1.520456
123.641798,-72.080842,-1.542274
123.662171,-72.794943,-1.558743
123.670824,-73.512828,-1.568837
123.672239,-74.234915,-1.571574
123.671673,-74.961529,-1.572517
123.670418,-75.691120,-1.580128
123.663605,-76.421191,-1.589460
123.649995,-77.150331,-1.601839
123.627427,-77.877075,-1.615534
123.595049,-78.600332,-1.630525
123.552070,-79.319037,-1.646148
123.498227,-80.032246,-1.662248
123.433410,-80.739027,-1.678578
123.357728,-81.438483,-1.695043
123.271389,-82.129800,-1.711574
123.174637,-82.812526,-1.728190
123.067672,-83.486506,-1.744925
122.950642,-84.151792,-1.761828
122.823628,-84.808568,-1.778968
122.686638,-85.457097,-1.796425
122.539600,-86.097681,-1.814285
122.382362,-86.730641,-1.832649
122.214685,-87.356285,-1.851631
122.036241,-87.974898,-1.871357
121.846621,-88.586671,-1.891955
121.645376,-89.191601,-1.913553
121.432019,-89.789506,-1.936293
121.206027,-90.380038,-1.960343
120.966836,-90.962686,-1.985883
120.713836,-91.536783,-2.013125
120.446378,-92.101484,-2.042301
120.163772,-92.655764,-2.073674
119.865302,-93.198393,-2.107540
119.550230,-93.727915,-2.144215
119.217821,-94.242638,-2.184063
118.867350,-94.740613,-2.227457
118.498152,-95.219613,-2.274781
118.109680,-95.677111,-2.326380
117.701587,-96.110294,-2.382522
117.273814,-96.516116,-2.443314
116.826689,-96.891410,-2.508610
116.361001,-97.233082,-2.577914
115.878021,-97.538367,-2.650270
115.379426,-97.805160,-2.724242
114.867134,-98.032309,-2.797919
114.343031,-98.219873,-2.869115
113.808636,-98.369198,-2.935624
113.264844,-98.482813,-2.995426
112.711807,-98.564229,-3.046822
112.149005,-98.617726,-3.088435
111.575422,-98.648245,-3.119105
110.989756,-98.661417,-3.137721
110.390601,-98.663737,-3.143034
109.776818,-98.662852,-3.140794
109.149297,-98.663353,-3.141914
108.510005,-98.663148,-3.141354
107.859448,-98.663303,-3.141634
107.197836,-98.663275,-3.141494
106.524586,-98.663341,-3.141564
105.838702,-98.663361,-3.141529
105.138715,-98.663405,-3.141547
104.422833,-98.663438,-3.141538
103.688975,-98.663478,-3.141542
102.934850,-98.663516,-3.141540
102.158097,-98.663556,-3.141541
101.357212,-98.663597,-3.141541
100.531874,-98.663640,-3.141541
99.682678,-98.663684,-3.141541
98.810906,-98.663729,-3.141541
97.918323,-98.663775,-3.141541
97.007027,-98.663822,-3.141541
96.079329,-98.663870,-3.141541
95.137677,-98.663919,-3.141541
94.184595,-98.663968,-3.141541
93.222647,-98.664018,-3.141541
92.254373,-98.664068,-3.141541
91.281811,-98.664118,-3.141541
90.306353,-98.664168,-3.141541
89.328941,-98.664219,-3.141541
88.350211,-98.664269,-3.141541
87.370592,-98.664320,-3.141541
86.390376,-98.664371,-3.141541
85.409756,-98.664421,-3.141541
84.428865,-98.664472,-3.141541
83.447792,-98.664523,-3.141541
82.466595,-98.664573,-3.141541
81.485425,-98.664624,-3.141541
80.505947,-98.664675,-3.141541
79.531871,-98.664725,-3.141541
78.568286,-98.664775,-3.141541
77.621156,-98.664824,-3.141541
76.696963,-98.664871,-3.141541
75.802439,-98.664918,-3.141541
74.944335,-98.664962,-3.141541
74.129194,-98.665004,-3.141541
73.363067,-98.665044,-3.141541
72.651067,-98.665080,-3.141541
71.996474,-98.665114,-3.141541
71.397655,-98.665145,-3.141541
70.846337,-98.665174,-3.141541
70.327385,-98.665200,-3.141541
69.817552,-98.665227,-3.141541
69.283427,-98.665254,-3.141541
68.679159,-98.665285,-3.141541
67.943983,-98.665323,-3.141541
66.998522,-98.665372,-3.141541
65.738221,-98.665437,-3.141541
64.022455,-98.665526,-3.141541
