0.500000,0.500000,1.000000,0.000000
0.499976,0.500024,1.000000,0.000000
0.499812,0.500188,1.000000,0.000000
0.499409,0.500591,1.000000,0.000000
0.498702,0.501298,1.000000,0.000000
0.497730,0.502270,1.000000,0.000000
0.496709,0.503291,1.000000,0.000000
0.495807,0.504193,1.000000,0.000000
0.495130,0.504870,1.000000,0.000000
0.494690,0.505310,1.000000,0.000000
0.494408,0.505592,1.000000,0.000000
0.494228,0.505772,1.000000,0.000000
0.494113,0.505887,1.000000,0.000000
0.494062,0.505938,1.000000,0.000000
0.494088,0.505912,1.000000,0.000000
0.494200,0.505800,1.000000,0.000000
0.494401,0.505599,1.000000,0.000000
0.494643,0.505357,1.000000,0.000000
0.494876,0.505124,1.000000,0.000000
0.495065,0.504935,1.000000,0.000000
0.495192,0.504808,0.999998,0.000002
0.495253,0.504747,0.999997,0.000003
0.495251,0.504749,0.999993,0.000007
0.495189,0.504811,0.999998,0.000002
0.495065,0.504935,0.999984,0.000016
0.494881,0.505119,0.999990,0.000010
0.494638,0.505362,0.999953,0.000047
0.494334,0.505666,0.999928,0.000072
0.493971,0.506029,0.999818,0.000182
0.493550,0.506450,0.999642,0.000358
0.493082,0.506918,0.999212,0.000788
0.492601,0.507399,0.998348,0.001652
0.492017,0.507983,0.996471,0.003529
0.491087,0.508913,0.992514,0.007486
0.488307,0.511693,0.998839,0.001161
0.488816,0.511184,0.997533,0.002467
0.489286,0.510714,0.994751,0.005249
0.487358,0.512642,0.988860,0.011140
0.482767,0.517233,0.998222,0.001778
0.485055,0.514945,0.996193,0.003807
0.485684,0.514316,0.991947,0.008053
0.482541,0.517459,0.998723,0.001277
0.484726,0.515274,0.997234,0.002766
0.486624,0.513376,0.994184,0.005816
0.484276,0.515724,0.999126,0.000874
0.485736,0.514264,0.998060,0.001940
0.487735,0.512265,0.995972,0.004028
0.485964,0.514036,0.991330,0.008670
0.485017,0.514983,0.998453,0.001547
0.487021,0.512979,0.996863,0.003137
0.486572,0.513428,0.993158,0.006842
0.485863,0.514137,0.998678,0.001322
0.487427,0.512573,0.997440,0.002560
0.487527,0.512473,0.994261,0.005739
0.486826,0.513174,0.998709,0.001291
0.487971,0.512029,0.997704,0.002296
0.488128,0.511872,0.994574,0.005426
0.487604,0.512396,0.989131,0.010869
0.481854,0.518146,0.999021,0.000979
0.484005,0.515995,0.997071,0.002929
0.487069,0.512931,0.994633,0.005367
0.483844,0.516156,0.987809,0.012191
0.482201,0.517799,0.997309,0.002691
0.485760,0.514240,0.994795,0.005205
0.482631,0.517369,0.988569,0.011431
0.480913,0.519087,0.997838,0.002162
0.484615,0.515385,0.995513,0.004487
0.482689,0.517311,0.990468,0.009532
0.481285,0.518715,0.998442,0.001558
0.484536,0.515464,0.996607,0.003393
0.484507,0.515493,0.992901,0.007099
0.483428,0.516572,0.998961,0.001039
0.485615,0.514385,0.997633,0.002367
0.486580,0.513420,0.995148,0.004852
0.485636,0.514364,0.989499,0.010501
0.480639,0.519361,0.998075,0.001925
0.483049,0.516951,0.996120,0.003880
0.483845,0.516155,0.991538,0.008462
0.479902,0.520098,0.998371,0.001629
0.482269,0.517731,0.996757,0.003243
0.483898,0.516102,0.992890,0.007110
0.480520,0.519480,0.998600,0.001400
0.482450,0.517550,0.997237,0.002763
0.484434,0.515566,0.993921,0.006079
0.481370,0.518630,0.998789,0.001211
0.482864,0.517136,0.997625,0.002375
0.484992,0.515008,0.994758,0.005242
0.482225,0.517775,0.989052,0.010948
0.477368,0.522632,0.998336,0.001664
0.480966,0.519034,0.996279,0.003721
0.481777,0.518223,0.992277,0.007723
0.478500,0.521500,0.998871,0.001129
0.481371,0.518629,0.997419,0.002581
0.483795,0.516205,0.994699,0.005301
0.481367,0.518633,0.988551,0.011449
0.476070,0.523930,0.997862,0.002138
0.480118,0.519882,0.995647,0.004353
0.479926,0.520074,0.990556,0.009444
0.476001,0.523999,0.998172,0.001828
0.479892,0.520108,0.996319,0.003681
0.481042,0.518958,0.991970,0.008030
0.477877,0.522123,0.998414,0.001586
0.480976,0.519024,0.996849,0.003151
0.482725,0.517275,0.993081,0.006919
0.479928,0.520072,0.998609,0.001391
0.482231,0.517769,0.997272,0.002728
0.484180,0.515820,0.993975,0.006025
0.481576,0.518424,0.998774,0.001226
0.483266,0.516734,0.997612,0.002388
0.485244,0.514756,0.994719,0.005281
0.482843,0.517157,0.988968,0.011032
0.477718,0.522282,0.998310,0.001690
0.481245,0.518755,0.996274,0.003726
0.482354,0.517646,0.992180,0.007820
0.478959,0.521041,0.998731,0.001269
0.481728,0.518272,0.997298,0.002702
0.484115,0.515885,0.994244,0.005756
0.481488,0.518512,0.999016,0.000984
0.483225,0.516775,0.997946,0.002054
0.485604,0.514396,0.995590,0.004410
0.483433,0.516567,0.990681,0.009319
0.481325,0.518675,0.998499,0.001501
0.484150,0.515850,0.996748,0.003252
0.484339,0.515661,0.993155,0.006845
0.482991,0.517009,0.998932,0.001068
0.485203,0.514797,0.997659,0.002341
0.486459,0.513541,0.995099,0.004901
0.485518,0.514482,0.989509,0.010491
0.480821,0.519179,0.998198,0.001802
0.483556,0.516444,0.996254,0.003746
0.484837,0.515163,0.991951,0.008049
0.481540,0.518460,0.998577,0.001423
0.483913,0.516087,0.997075,0.002925
0.486029,0.513971,0.993679,0.006321
0.483398,0.516602,0.998852,0.001148
0.485006,0.514994,0.997685,0.002315
0.487162,0.512838,0.994944,0.005056
0.484908,0.515092,0.989405,0.010595
0.481557,0.518443,0.998414,0.001586
0.484566,0.515434,0.996448,0.003552
0.485078,0.514922,0.992654,0.007346
0.482963,0.517037,0.999013,0.000987
0.485247,0.514753,0.997651,0.002349
0.487006,0.512994,0.995293,0.004707
0.485540,0.514460,0.989675,0.010325
0.482134,0.517866,0.997939,0.002061
0.484845,0.515155,0.996033,0.003967
0.484600,0.515400,0.991108,0.008892
0.482205,0.517795,0.998021,0.001979
0.484836,0.515164,0.996336,0.003664
0.484811,0.515189,0.991655,0.008345
0.482884,0.517116,0.998071,0.001929
0.485278,0.514722,0.996416,0.003584
0.485126,0.514874,0.991926,0.008074
0.483315,0.516685,0.998287,0.001713
0.485525,0.514475,0.996657,0.003343
0.485624,0.514376,0.992691,0.007309
0.483850,0.516150,0.998695,0.001305
0.485776,0.514224,0.997238,0.002762
0.486581,0.513419,0.994144,0.005856
0.484887,0.515113,0.999073,0.000927
0.486283,0.513717,0.997994,0.002006
0.487487,0.512513,0.995784,0.004216
0.486111,0.513889,0.990986,0.009014
0.483005,0.516995,0.998464,0.001536
0.484943,0.515057,0.996806,0.003194
0.485298,0.514702,0.993138,0.006862
0.482827,0.517173,0.998790,0.001210
0.484393,0.515607,0.997514,0.002486
0.485400,0.514600,0.994627,0.005373
0.483216,0.516784,0.988675,0.011325
0.476755,0.523245,0.998198,0.001802
0.479799,0.520201,0.996072,0.003928
0.480942,0.519058,0.991755,0.008245
0.476021,0.523979,0.998694,0.001306
0.478809,0.521191,0.997119,0.002881
0.481706,0.518294,0.993985,0.006015
0.477783,0.522217,0.999088,0.000912
0.479632,0.520368,0.997950,0.002050
0.482721,0.517279,0.995758,0.004242
0.479652,0.520348,0.990870,0.009130
0.478637,0.521363,0.998302,0.001698
0.481683,0.518317,0.996514,0.003486
0.480409,0.519591,0.992465,0.007535
0.479281,0.520719,0.998574,0.001426
0.481834,0.518166,0.997106,0.002894
0.481731,0.518269,0.993707,0.006293
0.480432,0.519568,0.998780,0.001220
0.482389,0.517611,0.997568,0.002432
0.482895,0.517105,0.994663,0.005337
0.481704,0.518296,0.988837,0.011163
0.473812,0.526188,0.998294,0.001706
0.476980,0.523020,0.996172,0.003828
0.479876,0.520124,0.992083,0.007917
0.474023,0.525977,0.998868,0.001132
0.476774,0.523226,0.997343,0.002657
0.481140,0.518860,0.994623,0.005377
0.476743,0.523257,0.988287,0.011713
0.473405,0.526595,0.997620,0.002380
0.478654,0.521346,0.995262,0.004738
0.475893,0.524107,0.989600,0.010400
0.473278,0.526722,0.997802,0.002198
0.478430,0.521570,0.995674,0.004326
0.476820,0.523180,0.990467,0.009533
0.474588,0.525412,0.997980,0.002020
0.479167,0.520833,0.996021,0.003979
0.478373,0.521627,0.991255,0.008745
0.476257,0.523743,0.998212,0.001788
0.480107,0.519893,0.996423,0.003577
0.480116,0.519884,0.992218,0.007782
0.477985,0.522015,0.998525,0.001475
0.481047,0.518953,0.996949,0.003051
0.481930,0.518070,0.993490,0.006510
0.479758,0.520242,0.998860,0.001140
0.482008,0.517992,0.997675,0.002325
0.483586,0.516414,0.994912,0.005088
0.481856,0.518144,0.989372,0.010628
0.475778,0.524222,0.998408,0.001592
0.479265,0.520735,0.996389,0.003611
0.481397,0.518603,0.992564,0.007436
0.477212,0.522788,0.998973,0.001027
0.479999,0.520001,0.997580,0.002420
0.483475,0.516525,0.995090,0.004910
0.480545,0.519455,0.989342,0.010658
0.478027,0.521973,0.997954,0.002046
0.482073,0.517927,0.995862,0.004138
0.480931,0.519069,0.991005,0.008995
0.479215,0.520785,0.998267,0.001733
0.482745,0.517255,0.996506,0.003494
0.482787,0.517213,0.992393,0.007607
0.481380,0.518620,0.998542,0.001458
0.484024,0.515976,0.997076,0.002924
0.484674,0.515326,0.993614,0.006386
0.483282,0.516718,0.998774,0.001226
0.485128,0.514872,0.997562,0.002438
0.486042,0.513958,0.994652,0.005348
0.484782,0.515218,0.988803,0.011197
0.478719,0.521281,0.998317,0.001683
0.481600,0.518400,0.996254,0.003746
0.483656,0.516344,0.992210,0.007790
0.479431,0.520569,0.998871,0.001129
0.481796,0.518204,0.997427,0.002573
0.484953,0.515047,0.994710,0.005290
0.481846,0.518154,0.988577,0.011423
0.478526,0.521474,0.997875,0.002125
0.482506,0.517494,0.995677,0.004323
0.481288,0.518712,0.990616,0.009384
0.479028,0.520972,0.998198,0.001802
0.482586,0.517414,0.996378,0.003622
0.482601,0.517399,0.992091,0.007909
0.480788,0.519212,0.998451,0.001549
0.483510,0.516490,0.996927,0.003073
0.484123,0.515877,0.993250,0.006750
0.482401,0.517599,0.998661,0.001339
0.484383,0.515617,0.997365,0.002635
0.485279,0.514721,0.994202,0.005798
0.483548,0.516452,0.998866,0.001134
0.485012,0.514988,0.997745,0.002255
0.486092,0.513908,0.995086,0.004914
0.484530,0.515470,0.989639,0.010361
0.479436,0.520564,0.998318,0.001682
0.482147,0.517853,0.996405,0.003595
0.483437,0.516563,0.992430,0.007570
0.479849,0.520151,0.998845,0.001155
0.482236,0.517764,0.997400,0.002600
0.484740,0.515260,0.994648,0.005352
0.482008,0.517992,0.988433,0.011567
0.477322,0.522678,0.997831,0.002169
0.481288,0.518712,0.995609,0.004391
0.480628,0.519372,0.990447,0.009553
0.477271,0.522729,0.998138,0.001862
0.481074,0.518926,0.996266,0.003734
0.481667,0.518333,0.991846,0.008154
0.478986,0.521014,0.998399,0.001601
0.482034,0.517966,0.996809,0.003191
0.483271,0.516729,0.993013,0.006987
0.480877,0.519123,0.998630,0.001370
0.483136,0.516864,0.997283,0.002717
0.484668,0.515332,0.994036,0.005964
0.482409,0.517591,0.998827,0.001173
0.484037,0.515963,0.997690,0.002310
0.485669,0.514331,0.994912,0.005088
0.483627,0.516373,0.989364,0.010636
0.478656,0.521344,0.998399,0.001601
0.481801,0.518199,0.996424,0.003576
0.483097,0.516903,0.992575,0.007425
0.479727,0.520273,0.998929,0.001071
0.482215,0.517785,0.997548,0.002452
0.484763,0.515237,0.994969,0.005031
0.482298,0.517702,0.989127,0.010873
0.478374,0.521626,0.997978,0.002022
0.481995,0.518005,0.995892,0.004108
0.481532,0.518468,0.991078,0.008922
0.478704,0.521296,0.998285,0.001715
0.482011,0.517989,0.996558,0.003442
0.482712,0.517288,0.992477,0.007523
0.480394,0.519606,0.998521,0.001479
0.482954,0.517046,0.997074,0.002926
0.484155,0.515845,0.993560,0.006440
0.482020,0.517980,0.998706,0.001294
0.483900,0.516100,0.997474,0.002526
0.485272,0.514728,0.994411,0.005589
0.483205,0.516795,0.998866,0.001134
0.484597,0.515403,0.997793,0.002207
0.486032,0.513968,0.995126,0.004874
0.484146,0.515854,0.989803,0.010197
0.479560,0.520440,0.998434,0.001566
0.482398,0.517602,0.996582,0.003418
0.483582,0.516418,0.992780,0.007220
0.480495,0.519505,0.963902,0.036098
0.482214,0.517786,0.993864,0.006136
0.478652,0.521348,0.999067,0.000933
0.480739,0.519261,0.997876,0.002124
0.484245,0.515755,0.995657,0.004343
0.481305,0.518695,0.990579,0.009421
0.481628,0.518372,0.998187,0.001813
0.484585,0.515415,0.996364,0.003636
0.482921,0.517079,0.992053,0.007947
0.482976,0.517024,0.998440,0.001560
0.485259,0.514741,0.996909,0.003091
0.484419,0.515581,0.993211,0.006789
0.484141,0.515859,0.998658,0.001342
0.485853,0.514147,0.997360,0.002640
0.485549,0.514451,0.994184,0.005816
0.484991,0.515009,0.998845,0.001155
0.486283,0.513717,0.997740,0.002260
0.486337,0.513663,0.995007,0.004993
0.485831,0.514169,0.989576,0.010424
0.479698,0.520302,0.998476,0.001524
0.481812,0.518188,0.996582,0.003418
0.484335,0.515665,0.992914,0.007086
0.480002,0.519998,0.999000,0.001000
0.481785,0.518215,0.997700,0.002300
0.484956,0.515044,0.995287,0.004713
0.481814,0.518186,0.989809,0.010191
0.480720,0.519280,0.998094,0.001906
0.483927,0.516073,0.996128,0.003872
0.482384,0.517616,0.991591,0.008409
0.481533,0.518467,0.998396,0.001604
0.484224,0.515776,0.996780,0.003220
0.483779,0.516221,0.992965,0.007035
0.482914,0.517086,0.998630,0.001370
0.484950,0.515050,0.997291,0.002709
0.485092,0.514908,0.994036,0.005964
0.484106,0.515894,0.998805,0.001195
0.485603,0.514397,0.997677,0.002323
0.486027,0.513973,0.994843,0.005157
0.485142,0.514858,0.989265,0.010735
0.478927,0.521073,0.998455,0.001545
0.481413,0.518587,0.996495,0.003505
0.483881,0.516119,0.992767,0.007233
0.479560,0.520440,0.998999,0.001001
0.481554,0.518446,0.997685,0.002315
0.484776,0.515224,0.995247,0.004753
0.481671,0.518329,0.989763,0.010237
0.480260,0.519740,0.998162,0.001838
0.483561,0.516439,0.996148,0.003852
0.482260,0.517740,0.991807,0.008193
0.481093,0.518907,0.998615,0.001385
0.483860,0.516140,0.997057,0.002943
0.484178,0.515822,0.993746,0.006254
0.483236,0.516764,0.998960,0.001040
0.485266,0.514734,0.997791,0.002209
0.486368,0.513632,0.995306,0.004694
0.485790,0.514210,0.990025,0.009975
0.481349,0.518651,0.998366,0.001634
0.484032,0.515968,0.996527,0.003473
0.485939,0.514061,0.992621,0.007379
0.483100,0.516900,0.998793,0.001207
0.485275,0.514725,0.997435,0.002565
0.487778,0.512222,0.994549,0.005451
0.485649,0.514351,0.988416,0.011584
0.482223,0.517777,0.998100,0.001900
0.485585,0.514415,0.995962,0.004038
0.485685,0.514315,0.991419,0.008581
0.483689,0.516311,0.998593,0.001407
0.486341,0.513659,0.997010,0.002990
0.487582,0.512418,0.993646,0.006354
0.486128,0.513872,0.998976,0.001024
0.487790,0.512210,0.997824,0.002176
0.489217,0.510783,0.995376,0.004624
0.488042,0.511958,0.990174,0.009826
0.485182,0.514818,0.998423,0.001577
0.487297,0.512703,0.996649,0.003351
0.487915,0.512085,0.992879,0.007121
0.486004,0.513996,0.998856,0.001144
0.487628,0.512372,0.997569,0.002431
0.488869,0.511131,0.994833,0.005167
0.487395,0.512605,0.989021,0.010979
0.483329,0.516671,0.998227,0.001773
0.485776,0.514224,0.996233,0.003767
0.486479,0.513521,0.991996,0.008004
0.483722,0.516278,0.998697,0.001303
0.485816,0.514184,0.997231,0.002769
0.487510,0.512490,0.994116,0.005884
0.485418,0.514582,0.999051,0.000949
0.486798,0.513202,0.997983,0.002017
0.488572,0.511428,0.995715,0.004285
0.486928,0.513072,0.990894,0.009106
0.485248,0.514752,0.998524,0.001476
0.487305,0.512695,0.996863,0.003137
0.487349,0.512651,0.993333,0.006667
0.486226,0.513774,0.998923,0.001077
0.487787,0.512213,0.997712,0.002288
0.488546,0.511454,0.995137,0.004863
0.487718,0.512282,0.989667,0.010333
0.483425,0.516575,0.998337,0.001663
0.485552,0.514448,0.996466,0.003534
0.486858,0.513142,0.992489,0.007511
0.483888,0.516112,0.998781,0.001219
0.485714,0.514286,0.997411,0.002589
0.487761,0.512239,0.994498,0.005502
0.485515,0.514485,0.988307,0.011693
0.481434,0.518566,0.998080,0.001920
0.484705,0.515295,0.995919,0.004081
0.484878,0.515122,0.991329,0.008671
0.482307,0.517693,0.998568,0.001432
0.485061,0.514939,0.996956,0.003044
0.486537,0.513463,0.993532,0.006468
0.484637,0.515363,0.998948,0.001052
0.486426,0.513574,0.997764,0.002236
0.488141,0.511859,0.995248,0.004752
0.486613,0.513387,0.989902,0.010098
0.483526,0.516474,0.998358,0.001642
0.486013,0.513987,0.996511,0.003489
0.486529,0.513471,0.992585,0.007415
0.484508,0.515492,0.998793,0.001207
0.486483,0.513517,0.997436,0.002564
0.487842,0.512158,0.994551,0.005449
0.486339,0.513661,0.988422,0.011578
0.481509,0.518491,0.998113,0.001887
0.484420,0.515580,0.995989,0.004011
0.485375,0.514625,0.991477,0.008523
0.482120,0.517880,0.998599,0.001401
0.484636,0.515364,0.997000,0.003000
0.486713,0.513287,0.993680,0.006320
0.484218,0.515782,0.999056,0.000944
0.485818,0.514182,0.997886,0.002114
0.487928,0.512072,0.995638,0.004362
0.485929,0.514071,0.990581,0.009419
0.484443,0.515557,0.998290,0.001710
0.486562,0.513438,0.996550,0.003450
0.485787,0.514213,0.992474,0.007526
0.484468,0.515532,0.998560,0.001440
0.486092,0.513908,0.997155,0.002845
0.485923,0.514077,0.993736,0.006264
0.484501,0.515499,0.998754,0.001246
0.485735,0.514265,0.997573,0.002427
0.485944,0.514056,0.994623,0.005377
0.484647,0.515353,0.988790,0.011210
0.477819,0.522181,0.998357,0.001643
0.480389,0.519611,0.996300,0.003700
0.482723,0.517277,0.992342,0.007658
0.477838,0.522162,0.998909,0.001091
0.480089,0.519911,0.997488,0.002512
0.483597,0.516403,0.994853,0.005147
0.480017,0.519983,0.988874,0.011126
0.477230,0.522770,0.997894,0.002106
0.481367,0.518633,0.995712,0.004288
0.479685,0.520315,0.990701,0.009299
0.477621,0.522379,0.998204,0.001796
0.481359,0.518641,0.996374,0.003626
0.481073,0.518927,0.992102,0.007898
0.479312,0.520688,0.998455,0.001545
0.482253,0.517747,0.996917,0.003083
0.482764,0.517236,0.993244,0.006756
0.481069,0.518931,0.998654,0.001346
0.483267,0.516733,0.997353,0.002647
0.484177,0.515823,0.994156,0.005844
0.482487,0.517513,0.998804,0.001196
0.484136,0.515864,0.997687,0.002313
0.485229,0.514771,0.994855,0.005145
0.483730,0.516270,0.989298,0.010702
0.477823,0.522177,0.998443,0.001557
0.480858,0.519142,0.996468,0.003532
0.483023,0.516977,0.992709,0.007291
0.479028,0.520972,0.998975,0.001025
0.481380,0.518620,0.997643,0.002357
0.484517,0.515483,0.995145,0.004855
0.481634,0.518366,0.989565,0.010435
0.479229,0.520771,0.998150,0.001850
0.482772,0.517228,0.996095,0.003905
0.481935,0.518065,0.991676,0.008324
0.480097,0.519903,0.998513,0.001487
0.483061,0.516939,0.996958,0.003042
0.483654,0.516346,0.993384,0.006616
0.482153,0.517847,0.998718,0.001282
0.484221,0.515779,0.997472,0.002528
0.485161,0.514839,0.994418,0.005582
0.483645,0.516355,0.998861,0.001139
0.485089,0.514911,0.997804,0.002196
0.486090,0.513910,0.995109,0.004891
0.484700,0.515300,0.989828,0.010172
0.479500,0.520500,0.998536,0.001464
0.482141,0.517859,0.996675,0.003325
0.484013,0.515987,0.993143,0.006857
0.480495,0.519505,0.999063,0.000937
0.482541,0.517459,0.997809,0.002191
0.485238,0.514762,0.995539,0.004461
0.482758,0.517242,0.990330,0.009670
0.481055,0.518945,0.998187,0.001813
0.483970,0.516030,0.996329,0.003671
0.483047,0.516953,0.992021,0.007979
0.481707,0.518293,0.998483,0.001517
0.484185,0.515815,0.996953,0.003047
0.484247,0.515753,0.993349,0.006651
0.482981,0.517019,0.998720,0.001280
0.484859,0.515141,0.997456,0.002544
0.485420,0.514580,0.994418,0.005582
0.484114,0.515886,0.998904,0.001096
0.485489,0.514511,0.997852,0.002148
0.486268,0.513732,0.995250,0.004750
0.485121,0.514879,0.990095,0.009905
0.480007,0.519993,0.998561,0.001439
0.482427,0.517573,0.996743,0.003257
0.484328,0.515672,0.993283,0.006717
0.480822,0.519178,0.999093,0.000907
0.482744,0.517256,0.997860,0.002140
0.485401,0.514599,0.995670,0.004330
0.482953,0.517047,0.990578,0.009422
0.481706,0.518294,0.998193,0.001807
0.484439,0.515561,0.996384,0.003616
0.483353,0.516647,0.992096,0.007904
0.482301,0.517699,0.998464,0.001536
0.484628,0.515372,0.996936,0.003064
0.484417,0.515583,0.993308,0.006692
0.483331,0.516669,0.998733,0.001267
0.485143,0.514857,0.997433,0.002567
0.485506,0.514494,0.994460,0.005540
0.484514,0.515486,0.988264,0.011736
0.477528,0.522472,0.998038,0.001962
0.480312,0.519688,0.995899,0.004101
0.482297,0.517703,0.991174,0.008826
0.477091,0.522909,0.998363,0.001637
0.479829,0.520171,0.996694,0.003306
0.482916,0.517084,0.992781,0.007219
0.478693,0.521307,0.998578,0.001422
0.480738,0.519262,0.997196,0.002804
0.483960,0.516040,0.993820,0.006180
0.480197,0.519803,0.998747,0.001253
0.481616,0.518384,0.997560,0.002440
0.484719,0.515281,0.994595,0.005405
0.481182,0.518818,0.988730,0.011270
0.477507,0.522493,0.998287,0.001713
0.481554,0.518446,0.996155,0.003845
0.481469,0.518531,0.992029,0.007971
0.479164,0.520836,0.998838,0.001162
0.482285,0.517715,0.997340,0.002660
0.484055,0.515945,0.994534,0.005466
0.482371,0.517629,0.988203,0.011797
0.476082,0.523918,0.997828,0.002172
0.479909,0.520091,0.995562,0.004438
0.480527,0.519473,0.990393,0.009607
0.475786,0.524214,0.998176,0.001824
0.479574,0.520426,0.996299,0.003701
0.481538,0.518462,0.991960,0.008040
0.477743,0.522257,0.998456,0.001544
0.480700,0.519300,0.996897,0.003103
0.483195,0.516805,0.993224,0.006776
0.479889,0.520111,0.998680,0.001320
0.481972,0.518028,0.997383,0.002617
0.484541,0.515459,0.994246,0.005754
0.481516,0.518484,0.998850,0.001150
0.482934,0.517066,0.997758,0.002242
0.485395,0.514605,0.995028,0.004972
0.482596,0.517404,0.989646,0.010354
0.479201,0.520799,0.998472,0.001528
0.482523,0.517477,0.996532,0.003468
0.482957,0.517043,0.992854,0.007146
0.480734,0.519266,0.999023,0.000977
0.483232,0.516768,0.997703,0.002297
0.485082,0.514918,0.995332,0.004668
0.483501,0.516499,0.989878,0.010122
0.479403,0.520597,0.998122,0.001878
0.482402,0.517598,0.996171,0.003829
0.482693,0.517307,0.991732,0.008268
0.479566,0.520434,0.998516,0.001484
0.482343,0.517657,0.996891,0.003109
0.483824,0.516176,0.993401,0.006599
0.481183,0.518817,0.998959,0.001041
0.483259,0.516741,0.997684,0.002316
0.485350,0.514650,0.995217,0.004783
0.483225,0.516775,0.989668,0.010332
0.479513,0.520487,0.998077,0.001923
0.482651,0.517349,0.996121,0.003879
0.482464,0.517536,0.991540,0.008460
0.479769,0.520231,0.998351,0.001649
0.482646,0.517354,0.996719,0.003281
0.483426,0.516574,0.992804,0.007196
0.481147,0.518853,0.998576,0.001424
0.483413,0.516587,0.997190,0.002810
0.484620,0.515380,0.993817,0.006183
0.482493,0.517507,0.998770,0.001230
0.484191,0.515809,0.997588,0.002412
0.485581,0.514419,0.994678,0.005322
0.483663,0.516337,0.988882,0.011118
0.477893,0.522107,0.998330,0.001670
0.481129,0.518871,0.996269,0.003731
0.482769,0.517231,0.992252,0.007748
0.478819,0.521181,0.998874,0.001126
0.481425,0.518575,0.997431,0.002569
0.484379,0.515621,0.994715,0.005285
0.481470,0.518530,0.988595,0.011405
0.477372,0.522628,0.997883,0.002117
0.481449,0.518551,0.995678,0.004322
0.480619,0.519381,0.990639,0.009361
0.477718,0.522282,0.998214,0.001786
0.481452,0.518548,0.996389,0.003611
0.481968,0.518032,0.992139,0.007861
0.479649,0.520351,0.998476,0.001524
0.482527,0.517473,0.996958,0.003042
0.483678,0.516322,0.993335,0.006665
0.481569,0.518431,0.998681,0.001319
0.483641,0.516359,0.997408,0.002592
0.485014,0.514986,0.994276,0.005724
0.482978,0.517022,0.998835,0.001165
0.484467,0.515533,0.997748,0.002252
0.485887,0.514113,0.994991,0.005009
0.484025,0.515975,0.989577,0.010423
0.479039,0.520961,0.998481,0.001519
0.481994,0.518006,0.996567,0.003433
0.483524,0.516476,0.992893,0.007107
0.480185,0.519815,0.998979,0.001021
0.482452,0.517548,0.997692,0.002308
0.485002,0.514998,0.995196,0.004804
0.482579,0.517421,0.989737,0.010263
0.479344,0.520656,0.998256,0.001744
0.482641,0.517359,0.996344,0.003656
0.482605,0.517395,0.992136,0.007864
0.480424,0.519576,0.998541,0.001459
0.483104,0.516896,0.997063,0.002937
0.484074,0.515926,0.993572,0.006428
0.482208,0.517792,0.998727,0.001273
0.484119,0.515881,0.997509,0.002491
0.485316,0.514684,0.994486,0.005514
0.483637,0.516363,0.988506,0.011494
0.477175,0.522825,0.998304,0.001696
0.480460,0.519540,0.996174,0.003826
0.482565,0.517435,0.992087,0.007913
0.478099,0.521901,0.998878,0.001122
0.480727,0.519273,0.997409,0.002591
0.484121,0.515879,0.994695,0.005305
0.480859,0.519141,0.988531,0.011469
0.477382,0.522618,0.997845,0.002155
0.481629,0.518371,0.995609,0.004391
0.480287,0.519713,0.990485,0.009515
0.477844,0.522156,0.998183,0.001817
0.481693,0.518307,0.996317,0.003683
0.481739,0.518261,0.991997,0.008003
0.479786,0.520214,0.998466,0.001534
0.482756,0.517244,0.996914,0.003086
0.483565,0.516435,0.993267,0.006733
0.481758,0.518242,0.998699,0.001301
0.483887,0.516113,0.997413,0.002587
0.485029,0.514971,0.994322,0.005678
0.483252,0.516748,0.998881,0.001119
0.484753,0.515247,0.997808,0.002192
0.486001,0.513999,0.995151,0.004849
0.484401,0.515599,0.989890,0.010110
0.479549,0.520451,0.998523,0.001477
0.482292,0.517708,0.996656,0.003344
0.483887,0.516113,0.993106,0.006894
0.480591,0.519409,0.999067,0.000933
0.482729,0.517271,0.997797,0.002203
0.485279,0.514721,0.995541,0.004459
0.482967,0.517033,0.990301,0.009699
0.480902,0.519098,0.998148,0.001852
0.483816,0.516184,0.996282,0.003718
0.482997,0.517003,0.991893,0.008107
0.481383,0.518617,0.998446,0.001554
0.483933,0.516067,0.996869,0.003131
0.484075,0.515925,0.993203,0.006797
0.482568,0.517432,0.998762,0.001238
0.484548,0.515452,0.997433,0.002567
0.485329,0.514671,0.994533,0.005467
0.483989,0.516011,0.988342,0.011658
0.477359,0.522641,0.997971,0.002029
0.480433,0.519567,0.995816,0.004184
0.481852,0.518148,0.990949,0.009051
0.476925,0.523075,0.998281,0.001719
0.479989,0.520011,0.996548,0.003452
0.482544,0.517456,0.992451,0.007549
0.478544,0.521456,0.998507,0.001493
0.480931,0.519069,0.997050,0.002950
0.483750,0.516250,0.993508,0.006492
0.480194,0.519806,0.998696,0.001304
0.481921,0.518079,0.997446,0.002554
0.484718,0.515282,0.994359,0.005641
0.481433,0.518567,0.998859,0.001141
0.482648,0.517352,0.997778,0.002222
0.485337,0.514663,0.995081,0.004919
0.482264,0.517736,0.989740,0.010260
0.479660,0.520340,0.998454,0.001546
0.482945,0.517055,0.996530,0.003470
0.482880,0.517120,0.992807,0.007193
0.481187,0.518813,0.998969,0.001031
0.483657,0.516343,0.997633,0.002367
0.485043,0.514957,0.995145,0.004855
0.483802,0.516198,0.989509,0.010491
0.478698,0.521302,0.998075,0.001925
0.481663,0.518337,0.996086,0.003914
0.482509,0.517491,0.991505,0.008495
0.478663,0.521337,0.998388,0.001612
0.481495,0.518505,0.996756,0.003244
0.483358,0.516642,0.992921,0.007079
0.480174,0.519826,0.998625,0.001375
0.482353,0.517647,0.997272,0.002728
0.484532,0.515468,0.994004,0.005996
0.481673,0.518327,0.998802,0.001198
0.483231,0.516769,0.997664,0.002336
0.485418,0.514582,0.994822,0.005178
0.482804,0.517196,0.989215,0.010785
0.478338,0.521662,0.998408,0.001592
0.481800,0.518200,0.996393,0.003607
0.482687,0.517313,0.992557,0.007443
0.479749,0.520251,0.998965,0.001035
0.482404,0.517596,0.997590,0.002410
0.484731,0.515269,0.995075,0.004925
0.482628,0.517372,0.989359,0.010641
0.478512,0.521488,0.998058,0.001942
0.481961,0.518039,0.995988,0.004012
0.481916,0.518084,0.991403,0.008597
0.478824,0.521176,0.998519,0.001481
0.481948,0.518052,0.996959,0.003041
0.483456,0.516544,0.993262,0.006738
0.481188,0.518812,0.998423,0.001577
0.483354,0.516646,0.997277,0.002723
0.484805,0.515195,0.993422,0.006578
0.482999,0.517001,0.998015,0.001985
0.484917,0.515083,0.996688,0.003312
0.485404,0.514596,0.992140,0.007860
0.483741,0.516259,0.998017,0.001983
0.486108,0.513892,0.996342,0.003658
0.486220,0.513780,0.991786,0.008214
0.484815,0.515185,0.998309,0.001691
0.487313,0.512687,0.996689,0.003311
0.487920,0.512080,0.992733,0.007267
0.486976,0.513024,0.998639,0.001361
0.488981,0.511019,0.997271,0.002729
0.489944,0.510056,0.994061,0.005939
0.489208,0.510792,0.998941,0.001059
0.490536,0.509464,0.997858,0.002142
0.491496,0.508504,0.995351,0.004649
0.490850,0.509150,0.990209,0.009791
0.488257,0.511743,0.998548,0.001452
0.489875,0.510125,0.996843,0.003157
0.490799,0.509201,0.993356,0.006644
0.489199,0.510801,0.999020,0.000980
0.490391,0.509609,0.997863,0.002137
0.491662,0.508338,0.995508,0.004492
0.490551,0.509449,0.990410,0.009590
0.488896,0.511104,0.998457,0.001543
0.490523,0.509477,0.996757,0.003243
0.490708,0.509292,0.993076,0.006924
0.489721,0.510279,0.998888,0.001112
0.490933,0.509067,0.997661,0.002339
0.491571,0.508429,0.995008,0.004992
0.490809,0.509191,0.989412,0.010588
0.487500,0.512500,0.998360,0.001640
0.489057,0.510943,0.996502,0.003498
0.489845,0.510155,0.992576,0.007424
0.487475,0.512525,0.998834,0.001166
0.488681,0.511319,0.997521,0.002479
0.489919,0.510081,0.994727,0.005273
0.487988,0.512012,0.988805,0.011195
0.484271,0.515729,0.998219,0.001781
0.486490,0.513510,0.996192,0.003808
0.486579,0.513421,0.991938,0.008062
0.483942,0.516058,0.998726,0.001274
0.485890,0.514110,0.997250,0.002750
0.487162,0.512838,0.994201,0.005799
0.485117,0.514883,0.999102,0.000898
0.486439,0.513561,0.998064,0.001936
0.487978,0.512022,0.995893,0.004107
0.486445,0.513555,0.991273,0.008727
0.484465,0.515535,0.998579,0.001421
0.486462,0.513538,0.996980,0.003020
0.486718,0.513282,0.993582,0.006418
0.485378,0.514622,0.998957,0.001043
0.486992,0.513008,0.997785,0.002215
0.488008,0.511992,0.995292,0.004708
0.487094,0.512906,0.989996,0.010004
0.483161,0.516839,0.998380,0.001620
0.485475,0.514525,0.996558,0.003442
0.486753,0.513247,0.992687,0.007313
0.484143,0.515857,0.998812,0.001188
0.486049,0.513951,0.997476,0.002524
0.488009,0.511991,0.994637,0.005363
0.486048,0.513952,0.988603,0.011397
0.482186,0.517814,0.998137,0.001863
0.485255,0.514745,0.996042,0.003958
0.485607,0.514393,0.991589,0.008411
0.483177,0.516823,0.998620,0.001380
0.485705,0.514295,0.997067,0.002933
0.487204,0.512796,0.993768,0.006232
0.485393,0.514607,0.998992,0.001008
0.487014,0.512986,0.997858,0.002142
0.488665,0.511335,0.995448,0.004552
0.487214,0.512786,0.990328,0.009672
0.484659,0.515341,0.998436,0.001564
0.486885,0.513115,0.996676,0.003324
0.487277,0.512723,0.992937,0.007063
0.485590,0.514410,0.998858,0.001142
0.487309,0.512691,0.997574,0.002426
0.488423,0.511577,0.994845,0.005155
0.487151,0.512849,0.989046,0.010954
0.482766,0.517234,0.998228,0.001772
0.485255,0.514745,0.996234,0.003766
0.486253,0.513747,0.991997,0.008003
0.483269,0.516731,0.998694,0.001306
0.485405,0.514595,0.997225,0.002775
0.487357,0.512643,0.994104,0.005896
0.485092,0.514908,0.999048,0.000952
0.486457,0.513543,0.997977,0.002023
0.488360,0.511640,0.995700,0.004300
0.486483,0.513517,0.990863,0.009137
0.484915,0.515085,0.998513,0.001487
0.486852,0.513148,0.996839,0.003161
0.486492,0.513508,0.993283,0.006717
0.485101,0.514899,0.998907,0.001093
0.486422,0.513578,0.997677,0.002323
0.486762,0.513238,0.995063,0.004937
0.485510,0.514490,0.989508,0.010492
0.479814,0.520186,0.998277,0.001723
0.482025,0.517975,0.996338,0.003662
0.483396,0.516604,0.992219,0.007781
0.479102,0.520898,0.998698,0.001302
0.481298,0.518702,0.997233,0.002767
0.483906,0.516094,0.994119,0.005881
0.480514,0.519486,0.999020,0.000980
0.482060,0.517940,0.997918,0.002082
0.484765,0.515235,0.995575,0.004425
0.481991,0.518009,0.990598,0.009402
0.480473,0.519527,0.998407,0.001593
0.483345,0.516655,0.996614,0.003386
0.482725,0.517275,0.992806,0.007194
0.481617,0.518383,0.998789,0.001211
0.484110,0.515890,0.997426,0.002574
0.485068,0.514932,0.994530,0.005470
0.484768,0.515232,0.988377,0.011623
0.478948,0.521052,0.998078,0.001922
0.482721,0.517279,0.995916,0.004084
0.486054,0.513946,0.991322,0.008678
0.483406,0.516594,0.998582,0.001418
0.486804,0.513196,0.996986,0.003014
0.490901,0.509099,0.993596,0.006404
0.489611,0.510389,0.998999,0.001001
0.490831,0.509169,0.997873,0.002127
0.492693,0.507307,0.995481,0.004519
