0.500000,0.500000,1.000000,0.000000
0.499992,0.500008,1.000000,0.000000
0.499940,0.500060,1.000000,0.000000
0.499812,0.500188,1.000000,0.000000
0.499588,0.500412,1.000000,0.000000
0.499254,0.500746,1.000000,0.000000
0.498803,0.501197,1.000000,0.000000
0.498228,0.501772,1.000000,0.000000
0.497527,0.502473,1.000000,0.000000
0.496698,0.503302,1.000000,0.000000
0.495739,0.504261,1.000000,0.000000
0.494650,0.505350,1.000000,0.000000
0.493430,0.506570,1.000000,0.000000
0.492092,0.507908,1.000000,0.000000
0.490709,0.509291,1.000000,0.000000
0.489344,0.510656,1.000000,0.000000
0.488039,0.511961,1.000000,0.000000
0.486822,0.513178,1.000000,0.000000
0.485708,0.514292,1.000000,0.000000
0.484708,0.515292,1.000000,0.000000
0.483829,0.516171,1.000000,0.000000
0.483075,0.516925,1.000000,0.000000
0.482447,0.517553,1.000000,0.000000
0.481948,0.518052,1.000000,0.000000
0.481578,0.518422,1.000000,0.000000
0.481332,0.518668,1.000000,0.000000
0.481176,0.518824,1.000000,0.000000
0.481077,0.518923,1.000000,0.000000
0.481014,0.518986,1.000000,0.000000
0.480975,0.519025,1.000000,0.000000
0.480949,0.519051,1.000000,0.000000
0.480933,0.519067,1.000000,0.000000
0.480923,0.519077,1.000000,0.000000
0.480917,0.519083,1.000000,0.000000
0.480913,0.519087,1.000000,0.000000
0.480910,0.519090,1.000000,0.000000
0.480909,0.519091,1.000000,0.000000
0.480909,0.519091,1.000000,0.000000
0.480918,0.519082,1.000000,0.000000
0.480946,0.519054,1.000000,0.000000
0.480997,0.519003,1.000000,0.000000
0.481074,0.518926,1.000000,0.000000
0.481180,0.518820,1.000000,0.000000
0.481317,0.518683,1.000000,0.000000
0.481484,0.518516,1.000000,0.000000
0.481683,0.518317,1.000000,0.000000
0.481913,0.518087,1.000000,0.000000
0.482176,0.517824,1.000000,0.000000
0.482470,0.517530,1.000000,0.000000
0.482796,0.517204,1.000000,0.000000
0.483136,0.516864,1.000000,0.000000
0.483475,0.516525,1.000000,0.000000
0.483800,0.516200,1.000000,0.000000
0.484106,0.515894,1.000000,0.000000
0.484386,0.515614,1.000000,0.000000
0.484639,0.515361,1.000000,0.000000
0.484863,0.515137,1.000000,0.000000
0.485056,0.514944,1.000000,0.000000
0.485218,0.514782,1.000000,0.000000
0.485349,0.514651,1.000000,0.000000
0.485447,0.514553,1.000000,0.000000
0.485515,0.514485,0.999988,0.000012
0.485562,0.514438,0.999965,0.000035
0.485603,0.514397,0.999969,0.000031
0.485648,0.514352,0.999925,0.000075
0.485704,0.514296,0.999990,0.000010
0.485769,0.514231,0.999832,0.000168
0.485860,0.514140,0.999846,0.000154
0.485934,0.514066,0.999463,0.000537
0.486091,0.513909,0.999071,0.000929
0.485992,0.514008,0.997813,0.002187
0.486149,0.513851,0.995562,0.004438
0.484053,0.515947,0.990366,0.009634
0.479589,0.520411,0.998198,0.001802
0.481939,0.518061,0.996364,0.003636
0.482183,0.517817,0.992087,0.007913
0.478838,0.521162,0.998481,0.001519
0.481416,0.518584,0.996947,0.003053
0.482843,0.517157,0.993343,0.006657
0.480029,0.519971,0.998715,0.001285
0.482125,0.517875,0.997431,0.002569
0.483996,0.516004,0.994382,0.005618
0.481414,0.518586,0.998909,0.001091
0.482940,0.517060,0.997835,0.002165
0.484890,0.515110,0.995248,0.004752
0.482565,0.517435,0.990052,0.009948
0.478514,0.521486,0.998473,0.001527
0.481606,0.518394,0.996605,0.003395
0.482424,0.517576,0.992937,0.007063
0.479597,0.520403,0.998959,0.001041
0.482035,0.517965,0.997635,0.002365
0.484132,0.515868,0.995128,0.004872
0.482019,0.517981,0.989491,0.010509
0.477463,0.522537,0.998062,0.001938
0.480894,0.519106,0.996042,0.003958
0.480997,0.519003,0.991426,0.008574
0.477560,0.522440,0.998367,0.001633
0.480738,0.519262,0.996701,0.003299
0.482038,0.517962,0.992815,0.007185
0.479117,0.520883,0.998604,0.001396
0.481558,0.518442,0.997216,0.002784
0.483324,0.516676,0.993897,0.006103
0.480608,0.519392,0.998786,0.001214
0.482368,0.517632,0.997616,0.002384
0.484249,0.515751,0.994737,0.005263
0.481740,0.518260,0.989012,0.010988
0.475990,0.524010,0.998328,0.001672
0.479616,0.520384,0.996258,0.003742
0.480920,0.519080,0.992230,0.007770
0.476889,0.523111,0.998840,0.001160
0.479806,0.520194,0.997383,0.002617
0.482704,0.517296,0.994567,0.005433
0.479644,0.520356,0.988354,0.011646
0.474075,0.525925,0.997918,0.002082
0.478624,0.521376,0.995605,0.004395
0.478344,0.521656,0.990651,0.009349
0.474083,0.525917,0.998335,0.001665
0.478296,0.521704,0.996511,0.003489
0.480116,0.519884,0.992523,0.007477
0.476754,0.523246,0.998638,0.001362
0.479819,0.520181,0.997188,0.002812
0.482378,0.517622,0.993938,0.006062
0.479434,0.520566,0.998888,0.001112
0.481493,0.518507,0.997727,0.002273
0.484142,0.515858,0.995078,0.004922
0.481589,0.518411,0.989632,0.010368
0.477816,0.522184,0.998329,0.001671
0.481488,0.518512,0.996357,0.003643
0.482000,0.518000,0.992351,0.007649
0.479487,0.520513,0.998799,0.001201
0.482380,0.517620,0.997351,0.002649
0.484300,0.515700,0.994469,0.005531
0.482390,0.517610,0.988146,0.011854
0.476229,0.523771,0.997894,0.002106
0.480140,0.519860,0.995633,0.004367
0.480848,0.519152,0.990607,0.009393
0.476341,0.523659,0.998274,0.001726
0.480013,0.519987,0.996457,0.003543
0.482163,0.517837,0.992340,0.007660
0.478597,0.521403,0.998565,0.001435
0.481303,0.518697,0.997098,0.002902
0.483895,0.516105,0.993675,0.006325
0.480788,0.519212,0.998776,0.001224
0.482594,0.517406,0.997582,0.002418
0.485138,0.514862,0.994664,0.005336
0.482316,0.517684,0.988876,0.011124
0.477801,0.522199,0.998355,0.001645
0.481566,0.518434,0.996248,0.003752
0.482314,0.517686,0.992307,0.007693
0.479337,0.520663,0.999003,0.000997
0.482221,0.517779,0.997553,0.002447
0.484677,0.515323,0.995155,0.004845
0.482591,0.517409,0.989327,0.010673
0.478876,0.521124,0.997805,0.002195
0.482338,0.517662,0.995743,0.004257
0.481437,0.518563,0.990544,0.009456
0.478604,0.521396,0.997990,0.002010
0.482058,0.517942,0.996106,0.003894
0.481766,0.518234,0.991381,0.008619
0.479330,0.520670,0.998235,0.001765
0.482415,0.517585,0.996500,0.003500
0.482728,0.517272,0.992371,0.007629
0.480456,0.519544,0.998590,0.001410
0.483003,0.516997,0.997057,0.002943
0.484093,0.515907,0.993746,0.006254
0.481917,0.518083,0.998960,0.001040
0.483758,0.516242,0.997789,0.002211
0.485329,0.514671,0.995302,0.004698
0.483463,0.516537,0.990017,0.009983
0.478973,0.521027,0.998330,0.001670
0.481687,0.518313,0.996452,0.003548
0.482255,0.517745,0.992460,0.007540
0.478678,0.521322,0.998725,0.001275
0.480896,0.519104,0.997291,0.002709
0.482534,0.517466,0.994243,0.005757
0.479236,0.520764,0.999029,0.000971
0.480645,0.519355,0.997937,0.002063
0.482512,0.517488,0.995616,0.004384
0.479594,0.520406,0.990684,0.009316
0.475496,0.524504,0.998388,0.001612
0.478366,0.521634,0.996575,0.003425
0.478180,0.521820,0.992722,0.007278
0.474604,0.525396,0.998725,0.001275
0.477262,0.522738,0.997292,0.002708
0.478755,0.521245,0.994245,0.005755
0.475468,0.524532,0.998997,0.001003
0.477529,0.522471,0.997869,0.002131
0.479748,0.520252,0.995471,0.004529
0.476952,0.523048,0.990376,0.009624
0.471693,0.528307,0.998297,0.001703
0.475470,0.524530,0.996381,0.003619
0.475984,0.524016,0.992310,0.007690
0.471589,0.528411,0.998628,0.001372
0.475012,0.524988,0.997085,0.002915
0.477355,0.522645,0.993805,0.006195
0.473361,0.526639,0.998908,0.001092
0.475867,0.524133,0.997679,0.002321
0.478863,0.521137,0.995067,0.004933
0.475348,0.524652,0.989517,0.010483
0.469653,0.530347,0.998120,0.001880
0.474513,0.525487,0.996005,0.003995
0.474849,0.525151,0.991511,0.008489
0.470634,0.529366,0.998471,0.001529
0.475392,0.524608,0.996752,0.003248
0.478364,0.521636,0.993097,0.006903
0.475414,0.524586,0.998793,0.001207
0.479241,0.520759,0.997435,0.002565
0.483363,0.516637,0.994550,0.005450
0.481590,0.518410,0.988418,0.011582
0.478409,0.521591,0.998031,0.001969
0.484085,0.515915,0.995815,0.004185
0.485617,0.514383,0.991107,0.008893
0.485369,0.514631,0.998541,0.001459
0.489577,0.510423,0.996899,0.003101
0.492006,0.507994,0.993411,0.006589
0.492676,0.507324,0.998981,0.001019
0.494884,0.505116,0.997835,0.002165
0.496606,0.503394,0.995399,0.004601
0.496982,0.503018,0.990223,0.009777
