0.500000,0.500000,1.000000,0.000000
0.499976,0.500024,1.000000,0.000000
0.499812,0.500188,1.000000,0.000000
0.499409,0.500591,1.000000,0.000000
0.498702,0.501298,1.000000,0.000000
0.497730,0.502270,1.000000,0.000000
0.496709,0.503291,1.000000,0.000000
0.495807,0.504193,1.000000,0.000000
0.495130,0.504870,1.000000,0.000000
0.494690,0.505310,1.000000,0.000000
0.494408,0.505592,1.000000,0.000000
0.494228,0.505772,1.000000,0.000000
0.494113,0.505887,1.000000,0.000000
0.494062,0.505938,1.000000,0.000000
0.494088,0.505912,1.000000,0.000000
0.494200,0.505800,1.000000,0.000000
0.494401,0.505599,1.000000,0.000000
0.494643,0.505357,1.000000,0.000000
0.494876,0.505124,1.000000,0.000000
0.495065,0.504935,1.000000,0.000000
0.495190,0.504810,0.999996,0.000004
0.495237,0.504763,0.999995,0.000005
0.495198,0.504802,0.999988,0.000012
0.495069,0.504931,0.999993,0.000007
0.494847,0.505153,0.999971,0.000029
0.494528,0.505472,0.999997,0.000003
0.494112,0.505888,0.999918,0.000082
0.493599,0.506401,0.999922,0.000078
0.492987,0.507013,0.999714,0.000286
0.492280,0.507720,0.999539,0.000461
0.491473,0.508527,0.998847,0.001153
0.490654,0.509346,0.997749,0.002251
0.489486,0.510514,0.994997,0.005003
0.487674,0.512326,0.989603,0.010397
0.481598,0.518402,0.998571,0.001429
0.482813,0.517187,0.996713,0.003287
0.484160,0.515840,0.993267,0.006733
0.479676,0.520324,0.999131,0.000869
0.481154,0.518846,0.997908,0.002092
0.483740,0.516260,0.995793,0.004207
0.480761,0.519239,0.990829,0.009171
0.479562,0.520438,0.998204,0.001796
0.482333,0.517667,0.996403,0.003597
0.480822,0.519178,0.992141,0.007859
0.479523,0.520477,0.998442,0.001558
0.482060,0.517940,0.996900,0.003100
0.481632,0.518368,0.993202,0.006798
0.480214,0.519786,0.998634,0.001366
0.482323,0.517677,0.997309,0.002691
0.482569,0.517431,0.994067,0.005933
0.481031,0.518969,0.998781,0.001219
0.482744,0.517256,0.997633,0.002367
0.483409,0.516591,0.994742,0.005258
0.482074,0.517926,0.989059,0.010941
0.474743,0.525257,0.998385,0.001615
0.477966,0.522034,0.996326,0.003674
0.480870,0.519130,0.992437,0.007563
0.475764,0.524236,0.998953,0.001047
0.478442,0.521558,0.997528,0.002472
0.482570,0.517430,0.994990,0.005010
0.478937,0.521063,0.989119,0.010881
0.477247,0.522753,0.997882,0.002118
0.481638,0.518362,0.995709,0.004291
0.479701,0.520299,0.990692,0.009308
0.478510,0.521490,0.998229,0.001771
0.482303,0.517697,0.996365,0.003635
0.481739,0.518261,0.992188,0.007812
0.480633,0.519367,0.998633,0.001367
0.483473,0.516527,0.997082,0.002918
0.483976,0.516024,0.993863,0.006137
0.482731,0.517269,0.999085,0.000915
0.484652,0.515348,0.997913,0.002087
0.485846,0.514154,0.995737,0.004263
0.484816,0.515184,0.990748,0.009252
0.480935,0.519065,0.998263,0.001737
0.483256,0.516744,0.996527,0.003473
0.483918,0.516082,0.992398,0.007602
0.480946,0.519054,0.998510,0.001490
0.483143,0.516857,0.997056,0.002944
0.484519,0.515481,0.993524,0.006476
0.481942,0.518058,0.998711,0.001289
0.483699,0.516301,0.997472,0.002528
0.485337,0.514663,0.994423,0.005577
0.482948,0.517052,0.998882,0.001118
0.484284,0.515716,0.997820,0.002180
0.485996,0.514004,0.995178,0.004822
0.483842,0.516158,0.989939,0.010061
0.479796,0.520204,0.998506,0.001494
0.482697,0.517303,0.996644,0.003356
0.483658,0.516342,0.993047,0.006953
0.480947,0.519053,0.999015,0.000985
0.483193,0.516807,0.997732,0.002268
0.485284,0.514716,0.995355,0.004645
0.483333,0.516667,0.989953,0.010047
0.479836,0.520164,0.998141,0.001859
0.482853,0.517147,0.996228,0.003772
0.482776,0.517224,0.991804,0.008196
0.480185,0.519815,0.998437,0.001563
0.482899,0.517101,0.996866,0.003134
0.483814,0.516186,0.993148,0.006852
0.481611,0.518389,0.998661,0.001339
0.483688,0.516312,0.997356,0.002644
0.484988,0.515012,0.994175,0.005825
0.482929,0.517071,0.998827,0.001173
0.484448,0.515552,0.997723,0.002277
0.485850,0.514150,0.994941,0.005059
0.483990,0.516010,0.989474,0.010526
0.478866,0.521134,0.998471,0.001529
0.481860,0.518140,0.996530,0.003470
0.483449,0.516551,0.992841,0.007159
0.480009,0.519991,0.999006,0.000994
0.482317,0.517683,0.997701,0.002299
0.484975,0.515025,0.995279,0.004721
0.482521,0.517479,0.989833,0.010167
0.479719,0.520281,0.998190,0.001810
0.482964,0.517036,0.996203,0.003797
0.482501,0.517499,0.991917,0.008083
0.480354,0.519646,0.998582,0.001418
0.483118,0.516882,0.997086,0.002914
0.484043,0.515957,0.993670,0.006330
0.482310,0.517690,0.998780,0.001220
0.484218,0.515782,0.997596,0.002404
0.485411,0.514589,0.994687,0.005313
0.483878,0.516122,0.988925,0.011075
0.477799,0.522201,0.998376,0.001624
0.480911,0.519089,0.996325,0.003675
0.482994,0.517006,0.992413,0.007587
0.478813,0.521187,0.998946,0.001054
0.481263,0.518737,0.997544,0.002456
0.484473,0.515527,0.994993,0.005007
0.481461,0.518539,0.989153,0.010847
0.478760,0.521240,0.997952,0.002048
0.482531,0.517469,0.995845,0.004155
0.481280,0.518720,0.990978,0.009022
0.479337,0.520663,0.998275,0.001725
0.482678,0.517322,0.996517,0.003483
0.482660,0.517340,0.992418,0.007582
0.481023,0.518977,0.998545,0.001455
0.483589,0.516411,0.997084,0.002916
0.484249,0.515751,0.993628,0.006372
0.482668,0.517332,0.998767,0.001233
0.484521,0.515479,0.997554,0.002446
0.485491,0.514509,0.994627,0.005373
0.484073,0.515927,0.988760,0.011240
0.477750,0.522250,0.998310,0.001690
0.480787,0.519213,0.996226,0.003774
0.482888,0.517112,0.992167,0.007833
0.478452,0.521548,0.998874,0.001126
0.480952,0.519048,0.997412,0.002588
0.484270,0.515730,0.994701,0.005299
0.481006,0.518994,0.988534,0.011466
0.477558,0.522442,0.997829,0.002171
0.481751,0.518249,0.995603,0.004397
0.480352,0.519648,0.990436,0.009564
0.477952,0.522048,0.998133,0.001867
0.481788,0.518212,0.996257,0.003743
0.481655,0.518345,0.991823,0.008177
0.479735,0.520265,0.998394,0.001606
0.482767,0.517233,0.996794,0.003206
0.483344,0.516656,0.992996,0.007004
0.481553,0.518447,0.998658,0.001342
0.483803,0.516197,0.997289,0.002711
0.484819,0.515181,0.994136,0.005864
0.483033,0.516967,0.998972,0.001028
0.484665,0.515335,0.997823,0.002177
0.486001,0.513999,0.995420,0.004580
0.484448,0.515552,0.990176,0.009824
0.480323,0.519677,0.998240,0.001760
0.482923,0.517077,0.996422,0.003578
0.483503,0.516497,0.992211,0.007789
0.480507,0.519493,0.998495,0.001505
0.482882,0.517118,0.997016,0.002984
0.484274,0.515726,0.993437,0.006563
0.481720,0.518280,0.998687,0.001313
0.483567,0.516433,0.997432,0.002568
0.485197,0.514803,0.994323,0.005677
0.482817,0.517183,0.998848,0.001152
0.484209,0.515791,0.997764,0.002236
0.485899,0.514101,0.995041,0.004959
0.483731,0.516269,0.989665,0.010335
0.479284,0.520716,0.998472,0.001528
0.482310,0.517690,0.996561,0.003439
0.483426,0.516574,0.992881,0.007119
0.480459,0.519541,0.998993,0.001007
0.482804,0.517196,0.997679,0.002321
0.485093,0.514907,0.995246,0.004754
0.482955,0.517045,0.989721,0.010279
0.479436,0.520564,0.998098,0.001902
0.482642,0.517358,0.996132,0.003868
0.482413,0.517587,0.991606,0.008394
0.479823,0.520177,0.998407,0.001593
0.482701,0.517299,0.996792,0.003208
0.483543,0.516457,0.993004,0.006996
0.481358,0.518642,0.998648,0.001352
0.483550,0.516450,0.997313,0.002687
0.484835,0.515165,0.994100,0.005900
0.482797,0.517203,0.998830,0.001170
0.484381,0.515619,0.997714,0.002286
0.485790,0.514210,0.994937,0.005063
0.483958,0.516042,0.989452,0.010548
0.478800,0.521200,0.998459,0.001541
0.481808,0.518192,0.996505,0.003495
0.483401,0.516599,0.992796,0.007204
0.479915,0.520085,0.999018,0.000982
0.482257,0.517743,0.997691,0.002309
0.484963,0.515037,0.995311,0.004689
0.482496,0.517504,0.989827,0.010173
0.479898,0.520102,0.998090,0.001910
0.483141,0.516859,0.996114,0.003886
0.482358,0.517642,0.991597,0.008403
0.480371,0.519629,0.998471,0.001529
0.483226,0.516774,0.996817,0.003183
0.483684,0.516316,0.993218,0.006782
0.481900,0.518100,0.998831,0.001169
0.484024,0.515976,0.997600,0.002400
0.485245,0.514755,0.994776,0.005224
0.483844,0.516156,0.989055,0.010945
0.477886,0.522114,0.998357,0.001643
0.480972,0.519028,0.996309,0.003691
0.482981,0.517019,0.992370,0.007630
0.478811,0.521189,0.998938,0.001062
0.481286,0.518714,0.997520,0.002480
0.484471,0.515529,0.994954,0.005046
0.481461,0.518539,0.989056,0.010944
0.478594,0.521406,0.997919,0.002081
0.482417,0.517583,0.995791,0.004209
0.481139,0.518861,0.990848,0.009152
0.479077,0.520923,0.998234,0.001766
0.482509,0.517491,0.996446,0.003554
0.482450,0.517550,0.992255,0.007745
0.480730,0.519270,0.998504,0.001496
0.483401,0.516599,0.997006,0.002994
0.484038,0.515962,0.993457,0.006543
0.482398,0.517602,0.998732,0.001268
0.484345,0.515655,0.997483,0.002517
0.485322,0.514678,0.994476,0.005524
0.483850,0.516150,0.988436,0.011564
0.477211,0.522789,0.998247,0.001753
0.480383,0.519617,0.996100,0.003900
0.482520,0.517480,0.991889,0.008111
0.477826,0.522174,0.998811,0.001189
0.480474,0.519526,0.997292,0.002708
0.483949,0.516051,0.994430,0.005570
0.480498,0.519502,0.999262,0.000738
0.481995,0.518005,0.998237,0.001763
0.484925,0.515075,0.996453,0.003547
0.482447,0.517553,0.992259,0.007741
0.484942,0.515058,0.998484,0.001516
0.486778,0.513222,0.996993,0.003007
0.485051,0.514949,0.993392,0.006608
0.486383,0.513617,0.998688,0.001312
0.487564,0.512436,0.997436,0.002564
0.486357,0.513643,0.994328,0.005672
0.486917,0.513083,0.998857,0.001143
0.487761,0.512239,0.997781,0.002219
0.486960,0.513040,0.995088,0.004912
0.487351,0.512649,0.989740,0.010260
0.481015,0.518985,0.998494,0.001506
0.482303,0.517697,0.996682,0.003318
0.485139,0.514861,0.993026,0.006974
0.480478,0.519522,0.998877,0.001123
0.481700,0.518300,0.997585,0.002415
0.484988,0.515012,0.994946,0.005054
0.481333,0.518667,0.989142,0.010858
0.479959,0.520041,0.997998,0.002002
0.483499,0.516501,0.995923,0.004077
0.481661,0.518339,0.991139,0.008861
0.480777,0.519223,0.998283,0.001717
0.483798,0.516202,0.996571,0.003429
0.483112,0.516888,0.992490,0.007510
0.482273,0.517727,0.998516,0.001484
0.484592,0.515408,0.997069,0.002931
0.484538,0.515462,0.993553,0.006447
0.483570,0.516430,0.998718,0.001282
0.485299,0.514701,0.997484,0.002516
0.485618,0.514382,0.994450,0.005550
0.484728,0.515272,0.988405,0.011595
0.477723,0.522277,0.998276,0.001724
0.480427,0.519573,0.996147,0.003853
0.483062,0.516938,0.991999,0.008001
0.478029,0.521971,0.998839,0.001161
0.480333,0.519667,0.997353,0.002647
0.484048,0.515952,0.994553,0.005447
0.480302,0.519698,0.988249,0.011751
0.477214,0.522786,0.997804,0.002196
0.481662,0.518338,0.995509,0.004491
0.479847,0.520153,0.990281,0.009719
0.477756,0.522244,0.998145,0.001855
0.481759,0.518241,0.996238,0.003762
0.481414,0.518586,0.991823,0.008177
0.479776,0.520224,0.998423,0.001577
0.482862,0.517138,0.996837,0.003163
0.483336,0.516664,0.993085,0.006915
0.481797,0.518203,0.998644,0.001356
0.484017,0.515983,0.997322,0.002678
0.484860,0.515140,0.994100,0.005900
0.483298,0.516702,0.998812,0.001188
0.484883,0.515117,0.997693,0.002307
0.485865,0.514135,0.994876,0.005124
0.484444,0.515556,0.989336,0.010664
0.478712,0.521288,0.998455,0.001545
0.481533,0.518467,0.996497,0.003503
0.483570,0.516430,0.992768,0.007232
0.479658,0.520342,0.998991,0.001009
0.481863,0.518137,0.997675,0.002325
0.484836,0.515164,0.995216,0.004784
0.482025,0.517975,0.989710,0.010290
0.479736,0.520264,0.998173,0.001827
0.483094,0.516906,0.996154,0.003846
0.482261,0.517739,0.973286,0.026714
0.480489,0.519511,0.995552,0.004448
0.479980,0.520020,0.990437,0.009563
0.476411,0.523589,0.998205,0.001795
0.480444,0.519556,0.996359,0.003641
0.481496,0.518504,0.992068,0.007932
0.478746,0.521254,0.998441,0.001559
0.481780,0.518220,0.996906,0.003094
0.483337,0.516663,0.993202,0.006798
0.480859,0.519141,0.998638,0.001362
0.483035,0.516965,0.997328,0.002672
0.484728,0.515272,0.994102,0.005898
0.482359,0.517641,0.998809,0.001191
0.483930,0.516070,0.997680,0.002320
0.485654,0.514346,0.994866,0.005134
0.483474,0.516526,0.989289,0.010711
0.478533,0.521467,0.998403,0.001597
0.481755,0.518245,0.996417,0.003583
0.483007,0.516993,0.992572,0.007428
0.479693,0.520307,0.998935,0.001065
0.482216,0.517784,0.997557,0.002443
0.484745,0.515255,0.994986,0.005014
0.482330,0.517670,0.989170,0.010830
0.478390,0.521610,0.997995,0.002005
0.481988,0.518012,0.995915,0.004085
0.481598,0.518402,0.991144,0.008856
0.478745,0.521255,0.998318,0.001682
0.482016,0.517984,0.996603,0.003397
0.482827,0.517173,0.992601,0.007399
0.480482,0.519518,0.998571,0.001429
0.482982,0.517018,0.997152,0.002848
0.484313,0.515687,0.993755,0.006245
0.482158,0.517842,0.998766,0.001234
0.483954,0.516046,0.997580,0.002420
0.485440,0.514560,0.994651,0.005349
0.483495,0.516505,0.988845,0.011155
0.477686,0.522314,0.998352,0.001648
0.481000,0.519000,0.996277,0.003723
0.482722,0.517278,0.992312,0.007688
0.478766,0.521234,0.998929,0.001071
0.481384,0.518616,0.997503,0.002497
0.484424,0.515576,0.994909,0.005091
0.481573,0.518427,0.988979,0.011021
0.478176,0.521824,0.997940,0.002060
0.482040,0.517960,0.995785,0.004215
0.481076,0.518924,0.990912,0.009088
0.478578,0.521422,0.998356,0.001644
0.482057,0.517943,0.996552,0.003448
0.482603,0.517397,0.992658,0.007342
0.480483,0.519517,0.998703,0.001297
0.483056,0.516944,0.997348,0.002652
0.484475,0.515525,0.994223,0.005777
0.482628,0.517372,0.998873,0.001127
0.484298,0.515702,0.997796,0.002204
0.485750,0.514250,0.995110,0.004890
0.484074,0.515926,0.989826,0.010174
0.479239,0.520761,0.998529,0.001471
0.482117,0.517883,0.996651,0.003349
0.483731,0.516269,0.993106,0.006894
0.480477,0.519523,0.999070,0.000930
0.482663,0.517337,0.997807,0.002193
0.485226,0.514774,0.995551,0.004449
0.482945,0.517055,0.990340,0.009660
0.480858,0.519142,0.998176,0.001824
0.483772,0.516228,0.996320,0.003680
0.483041,0.516959,0.991989,0.008011
0.481417,0.518583,0.998468,0.001532
0.483939,0.516061,0.996928,0.003072
0.484167,0.515833,0.993292,0.006708
0.482683,0.517317,0.998707,0.001293
0.484613,0.515387,0.997429,0.002571
0.485327,0.514673,0.994361,0.005639
0.483849,0.516151,0.998898,0.001102
0.485265,0.514735,0.997832,0.002168
0.486190,0.513810,0.995218,0.004782
0.484888,0.515112,0.990016,0.009984
0.479858,0.520142,0.998531,0.001469
0.482384,0.517616,0.996696,0.003304
0.484151,0.515849,0.993166,0.006834
0.480698,0.519302,0.999055,0.000945
0.482708,0.517292,0.997796,0.002204
0.485322,0.514678,0.995518,0.004482
0.482873,0.517127,0.990270,0.009730
0.480999,0.519001,0.998152,0.001848
0.483919,0.516081,0.996290,0.003710
0.482997,0.517003,0.991896,0.008104
0.481556,0.518444,0.998416,0.001584
0.484088,0.515912,0.996857,0.003143
0.484070,0.515930,0.993100,0.006900
0.482732,0.517268,0.998637,0.001363
0.484708,0.515292,0.997308,0.002692
0.485169,0.514831,0.994090,0.005910
0.483789,0.516211,0.998860,0.001140
0.485289,0.514711,0.997714,0.002286
0.486058,0.513942,0.995044,0.004956
0.484819,0.515181,0.989522,0.010478
0.479290,0.520710,0.998276,0.001724
0.481869,0.518131,0.996336,0.003664
0.483391,0.516609,0.992214,0.007786
0.479311,0.520689,0.998697,0.001303
0.481565,0.518435,0.997231,0.002769
0.484066,0.515934,0.994115,0.005885
0.480652,0.519348,0.999021,0.000979
0.482053,0.517947,0.997920,0.002080
0.484478,0.515522,0.995579,0.004421
0.481475,0.518525,0.990605,0.009395
0.479169,0.520831,0.998401,0.001599
0.481712,0.518288,0.996602,0.003398
0.480726,0.519274,0.992779,0.007221
0.478359,0.521641,0.998763,0.001237
0.480423,0.519577,0.997371,0.002629
0.480819,0.519181,0.994413,0.005587
0.478379,0.521621,0.999044,0.000956
0.479920,0.520080,0.997967,0.002033
0.481050,0.518950,0.995681,0.004319
0.478967,0.521033,0.990822,0.009178
0.473226,0.526774,0.998403,0.001597
0.476181,0.523819,0.996607,0.003393
0.477302,0.522698,0.992791,0.007209
0.472620,0.527380,0.998728,0.001272
0.475446,0.524554,0.997297,0.002703
0.478157,0.521843,0.994256,0.005744
0.474031,0.525969,0.998994,0.001006
0.476113,0.523887,0.997862,0.002138
0.479248,0.520752,0.995457,0.004543
0.475668,0.524332,0.990347,0.009653
0.471863,0.528137,0.998273,0.001727
0.475931,0.524069,0.996331,0.003669
0.475434,0.524566,0.992203,0.007797
0.472025,0.527975,0.998603,0.001397
0.475644,0.524356,0.997031,0.002969
0.477180,0.522820,0.993691,0.006309
0.474085,0.525915,0.998886,0.001114
0.477010,0.522990,0.997632,0.002368
0.479731,0.520269,0.994968,0.005032
0.477403,0.522597,0.989308,0.010692
0.471558,0.528442,0.998115,0.001885
0.476705,0.523295,0.995995,0.004005
0.478544,0.521456,0.991489,0.008511
0.475254,0.524746,0.998514,0.001486
0.480132,0.519868,0.996843,0.003157
0.484206,0.515794,0.993290,0.006710
0.482694,0.517306,0.998885,0.001115
0.486008,0.513992,0.997631,0.002369
0.489867,0.510133,0.994965,0.005035
0.488861,0.511139,0.989301,0.010699
0.489538,0.510462,0.998296,0.001704
0.492798,0.507202,0.996379,0.003621
0.493050,0.506950,0.992305,0.007695
0.494898,0.505102,0.998822,0.001178
0.496407,0.503593,0.997497,0.002503
