0.500000,0.500000,1.000000,0.000000
0.499988,0.500012,1.000000,0.000000
0.499906,0.500094,1.000000,0.000000
0.499703,0.500297,1.000000,0.000000
0.499348,0.500652,1.000000,0.000000
0.498820,0.501180,1.000000,0.000000
0.498105,0.501895,1.000000,0.000000
0.497196,0.502804,1.000000,0.000000
0.496088,0.503912,1.000000,0.000000
0.494838,0.505162,1.000000,0.000000
0.493568,0.506432,1.000000,0.000000
0.492360,0.507640,1.000000,0.000000
0.491268,0.508732,1.000000,0.000000
0.490326,0.509674,1.000000,0.000000
0.489555,0.510445,1.000000,0.000000
0.488970,0.511030,1.000000,0.000000
0.488572,0.511428,1.000000,0.000000
0.488319,0.511681,1.000000,0.000000
0.488157,0.511843,1.000000,0.000000
0.488054,0.511946,1.000000,0.000000
0.487989,0.512011,1.000000,0.000000
0.487947,0.512053,1.000000,0.000000
0.487921,0.512079,1.000000,0.000000
0.487904,0.512096,1.000000,0.000000
0.487897,0.512103,1.000000,0.000000
0.487913,0.512087,1.000000,0.000000
0.487963,0.512037,1.000000,0.000000
0.488052,0.511948,1.000000,0.000000
0.488186,0.511814,1.000000,0.000000
0.488367,0.511633,1.000000,0.000000
0.488596,0.511404,1.000000,0.000000
0.488874,0.511126,1.000000,0.000000
0.489185,0.510815,1.000000,0.000000
0.489499,0.510501,1.000000,0.000000
0.489795,0.510205,1.000000,0.000000
0.490062,0.509938,1.000000,0.000000
0.490292,0.509708,1.000000,0.000000
0.490478,0.509522,1.000000,0.000000
0.490619,0.509381,1.000000,0.000000
0.490714,0.509286,1.000000,0.000000
0.490774,0.509226,1.000000,0.000000
0.490813,0.509187,1.000000,0.000000
0.490837,0.509163,1.000000,0.000000
0.490853,0.509147,1.000000,0.000000
0.490863,0.509137,1.000000,0.000000
0.490870,0.509130,1.000000,0.000000
0.490874,0.509126,1.000000,0.000000
0.490877,0.509123,1.000000,0.000000
0.490879,0.509121,1.000000,0.000000
0.490881,0.509119,1.000000,0.000000
0.490881,0.509119,1.000000,0.000000
0.490882,0.509118,1.000000,0.000000
0.490883,0.509117,1.000000,0.000000
0.490883,0.509117,1.000000,0.000000
0.490883,0.509117,1.000000,0.000000
0.490883,0.509117,1.000000,0.000000
0.490883,0.509117,1.000000,0.000000
0.490884,0.509116,1.000000,0.000000
0.490884,0.509116,1.000000,0.000000
0.490884,0.509116,1.000000,0.000000
0.490884,0.509116,1.000000,0.000000
0.490884,0.509116,1.000000,0.000000
0.490884,0.509116,1.000000,0.000000
0.490884,0.509116,1.000000,0.000000
0.490884,0.509116,1.000000,0.000000
0.490883,0.509117,1.000000,0.000000
0.490883,0.509117,1.000000,0.000000
0.490883,0.509117,1.000000,0.000000
0.490883,0.509117,1.000000,0.000000
0.490883,0.509117,1.000000,0.000000
0.490882,0.509118,1.000000,0.000000
0.490882,0.509118,1.000000,0.000000
0.490882,0.509118,1.000000,0.000000
0.490881,0.509119,1.000000,0.000000
0.490881,0.509119,1.000000,0.000000
0.490881,0.509119,1.000000,0.000000
0.490881,0.509119,1.000000,0.000000
0.490881,0.509119,1.000000,0.000000
0.490881,0.509119,1.000000,0.000000
0.490881,0.509119,1.000000,0.000000
0.490881,0.509119,1.000000,0.000000
0.490881,0.509119,1.000000,0.000000
0.490881,0.509119,1.000000,0.000000
0.490881,0.509119,1.000000,0.000000
0.490881,0.509119,1.000000,0.000000
0.490882,0.509118,1.000000,0.000000
0.490882,0.509118,1.000000,0.000000
0.490882,0.509118,1.000000,0.000000
0.490883,0.509117,1.000000,0.000000
0.490883,0.509117,1.000000,0.000000
0.490883,0.509117,1.000000,0.000000
0.490883,0.509117,1.000000,0.000000
0.490883,0.509117,1.000000,0.000000
0.490883,0.509116,1.000000,0.000000
0.490884,0.509116,1.000000,0.000000
0.490884,0.509116,1.000000,0.000000
0.490884,0.509116,1.000000,0.000000
0.490884,0.509116,1.000000,0.000000
0.490884,0.509116,1.000000,0.000000
0.490884,0.509116,1.000000,0.000000
0.490884,0.509116,1.000000,0.000000
0.490884,0.509116,1.000000,0.000000
0.490884,0.509116,1.000000,0.000000
0.490883,0.509117,1.000000,0.000000
0.490883,0.509117,1.000000,0.000000
0.490883,0.509117,1.000000,0.000000
0.490883,0.509117,1.000000,0.000000
0.490883,0.509117,1.000000,0.000000
0.490882,0.509118,1.000000,0.000000
0.490882,0.509118,1.000000,0.000000
0.490882,0.509118,1.000000,0.000000
0.490881,0.509119,1.000000,0.000000
0.490881,0.509119,1.000000,0.000000
0.490881,0.509119,1.000000,0.000000
0.490881,0.509119,1.000000,0.000000
0.490881,0.509119,1.000000,0.000000
0.490881,0.509119,1.000000,0.000000
0.490881,0.509119,1.000000,0.000000
0.490881,0.509119,1.000000,0.000000
0.490881,0.509119,1.000000,0.000000
0.490881,0.509119,1.000000,0.000000
0.490881,0.509119,1.000000,0.000000
0.490881,0.509119,1.000000,0.000000
0.490882,0.509118,1.000000,0.000000
0.490882,0.509118,1.000000,0.000000
0.490882,0.509118,1.000000,0.000000
0.490883,0.509117,1.000000,0.000000
0.490883,0.509117,1.000000,0.000000
0.490883,0.509117,1.000000,0.000000
0.490883,0.509117,1.000000,0.000000
0.490883,0.509117,1.000000,0.000000
0.490883,0.509117,1.000000,0.000000
0.490884,0.509116,1.000000,0.000000
0.490884,0.509116,1.000000,0.000000
0.490884,0.509116,1.000000,0.000000
0.490884,0.509116,1.000000,0.000000
0.490884,0.509116,1.000000,0.000000
0.490884,0.509116,1.000000,0.000000
0.490884,0.509116,1.000000,0.000000
0.490884,0.509116,1.000000,0.000000
0.490884,0.509116,1.000000,0.000000
0.490884,0.509116,1.000000,0.000000
0.490883,0.509117,1.000000,0.000000
0.490883,0.509117,1.000000,0.000000
0.490883,0.509117,1.000000,0.000000
0.490883,0.509117,1.000000,0.000000
0.490882,0.509118,1.000000,0.000000
0.490882,0.509118,1.000000,0.000000
0.490882,0.509118,1.000000,0.000000
0.490881,0.509119,1.000000,0.000000
0.490881,0.509119,1.000000,0.000000
0.490881,0.509119,1.000000,0.000000
0.490881,0.509119,1.000000,0.000000
0.490881,0.509119,1.000000,0.000000
0.490881,0.509119,1.000000,0.000000
0.490881,0.509119,1.000000,0.000000
0.490881,0.509119,1.000000,0.000000
0.490881,0.509119,1.000000,0.000000
0.490881,0.509119,1.000000,0.000000
0.490881,0.509119,1.000000,0.000000
0.490881,0.509119,1.000000,0.000000
0.490882,0.509118,1.000000,0.000000
0.490882,0.509118,1.000000,0.000000
0.490882,0.509118,1.000000,0.000000
0.490883,0.509117,1.000000,0.000000
0.490883,0.509117,1.000000,0.000000
0.490883,0.509117,1.000000,0.000000
0.490883,0.509117,1.000000,0.000000
0.490883,0.509117,1.000000,0.000000
0.490883,0.509117,1.000000,0.000000
0.490884,0.509116,1.000000,0.000000
0.490884,0.509116,1.000000,0.000000
0.490884,0.509116,1.000000,0.000000
0.490884,0.509116,1.000000,0.000000
0.490884,0.509116,1.000000,0.000000
0.490884,0.509116,1.000000,0.000000
0.490884,0.509116,1.000000,0.000000
0.490884,0.509116,1.000000,0.000000
0.490884,0.509116,1.000000,0.000000
0.490884,0.509116,1.000000,0.000000
0.490883,0.509117,1.000000,0.000000
0.490883,0.509117,1.000000,0.000000
0.490883,0.509117,1.000000,0.000000
0.490883,0.509117,1.000000,0.000000
0.490882,0.509118,1.000000,0.000000
0.490882,0.509118,1.000000,0.000000
0.490882,0.509118,1.000000,0.000000
0.490881,0.509119,1.000000,0.000000
0.490881,0.509119,1.000000,0.000000
0.490881,0.509119,1.000000,0.000000
0.490881,0.509119,1.000000,0.000000
0.490881,0.509119,1.000000,0.000000
0.490881,0.509119,1.000000,0.000000
0.490881,0.509119,1.000000,0.000000
0.490881,0.509119,1.000000,0.000000
0.490881,0.509119,1.000000,0.000000
0.490881,0.509119,1.000000,0.000000
0.490881,0.509119,1.000000,0.000000
0.490881,0.509119,1.000000,0.000000
0.490882,0.509118,1.000000,0.000000
0.490882,0.509118,1.000000,0.000000
0.490882,0.509118,1.000000,0.000000
0.490883,0.509117,1.000000,0.000000
0.490883,0.509117,1.000000,0.000000
0.490883,0.509117,1.000000,0.000000
0.490883,0.509117,1.000000,0.000000
0.490883,0.509117,1.000000,0.000000
0.490883,0.509117,1.000000,0.000000
0.490884,0.509116,1.000000,0.000000
0.490884,0.509116,1.000000,0.000000
0.490884,0.509116,1.000000,0.000000
0.490884,0.509116,1.000000,0.000000
0.490884,0.509116,1.000000,0.000000
0.490884,0.509116,1.000000,0.000000
0.490884,0.509116,1.000000,0.000000
0.490884,0.509116,1.000000,0.000000
0.490884,0.509116,1.000000,0.000000
0.490884,0.509116,1.000000,0.000000
0.490883,0.509117,1.000000,0.000000
0.490883,0.509117,1.000000,0.000000
0.490883,0.509117,1.000000,0.000000
0.490883,0.509117,1.000000,0.000000
0.490883,0.509117,1.000000,0.000000
0.490882,0.509118,1.000000,0.000000
0.490882,0.509118,1.000000,0.000000
0.490882,0.509118,1.000000,0.000000
0.490881,0.509119,1.000000,0.000000
0.490881,0.509119,1.000000,0.000000
0.490881,0.509119,1.000000,0.000000
0.490881,0.509119,1.000000,0.000000
0.490881,0.509119,1.000000,0.000000
0.490881,0.509119,1.000000,0.000000
0.490881,0.509119,1.000000,0.000000
0.490881,0.509119,1.000000,0.000000
0.490881,0.509119,1.000000,0.000000
0.490881,0.509119,1.000000,0.000000
0.490881,0.509119,1.000000,0.000000
0.490882,0.509118,1.000000,0.000000
0.490882,0.509118,1.000000,0.000000
0.490882,0.509118,1.000000,0.000000
0.490882,0.509118,1.000000,0.000000
0.490883,0.509117,1.000000,0.000000
0.490883,0.509117,1.000000,0.000000
0.490883,0.509117,1.000000,0.000000
0.490883,0.509117,1.000000,0.000000
0.490883,0.509117,1.000000,0.000000
0.490884,0.509116,1.000000,0.000000
0.490884,0.509116,1.000000,0.000000
0.490884,0.509116,1.000000,0.000000
0.490884,0.509116,1.000000,0.000000
0.490884,0.509116,1.000000,0.000000
0.490884,0.509116,1.000000,0.000000
0.490884,0.509116,1.000000,0.000000
0.490884,0.509116,1.000000,0.000000
0.490884,0.509116,1.000000,0.000000
0.490884,0.509116,1.000000,0.000000
0.490883,0.509117,1.000000,0.000000
0.490883,0.509117,1.000000,0.000000
0.490883,0.509117,1.000000,0.000000
0.490883,0.509117,1.000000,0.000000
0.490883,0.509117,1.000000,0.000000
0.490882,0.509118,1.000000,0.000000
0.490882,0.509118,1.000000,0.000000
0.490882,0.509118,1.000000,0.000000
0.490881,0.509119,1.000000,0.000000
0.490881,0.509119,1.000000,0.000000
0.490881,0.509119,1.000000,0.000000
0.490881,0.509119,1.000000,0.000000
0.490881,0.509119,1.000000,0.000000
0.490881,0.509119,1.000000,0.000000
0.490881,0.509119,1.000000,0.000000
0.490881,0.509119,1.000000,0.000000
0.490881,0.509119,1.000000,0.000000
0.490881,0.509119,1.000000,0.000000
0.490881,0.509119,1.000000,0.000000
0.490881,0.509119,1.000000,0.000000
0.490882,0.509118,1.000000,0.000000
0.490882,0.509118,1.000000,0.000000
0.490882,0.509118,1.000000,0.000000
0.490883,0.509117,1.000000,0.000000
0.490883,0.509117,1.000000,0.000000
0.490883,0.509117,1.000000,0.000000
0.490883,0.509117,1.000000,0.000000
0.490883,0.509117,1.000000,0.000000
0.490884,0.509116,1.000000,0.000000
0.490884,0.509116,1.000000,0.000000
0.490884,0.509116,1.000000,0.000000
0.490884,0.509116,1.000000,0.000000
0.490884,0.509116,1.000000,0.000000
0.490884,0.509116,1.000000,0.000000
0.490884,0.509116,1.000000,0.000000
0.490884,0.509116,1.000000,0.000000
0.490884,0.509116,1.000000,0.000000
0.490884,0.509116,1.000000,0.000000
0.490883,0.509117,1.000000,0.000000
0.490883,0.509117,1.000000,0.000000
0.490883,0.509117,1.000000,0.000000
0.490883,0.509117,1.000000,0.000000
0.490883,0.509117,1.000000,0.000000
0.490882,0.509118,1.000000,0.000000
0.490882,0.509118,1.000000,0.000000
0.490882,0.509118,1.000000,0.000000
0.490881,0.509119,1.000000,0.000000
0.490881,0.509119,1.000000,0.000000
0.490881,0.509119,1.000000,0.000000
0.490881,0.509119,1.000000,0.000000
0.490881,0.509119,1.000000,0.000000
0.490881,0.509119,1.000000,0.000000
0.490881,0.509119,1.000000,0.000000
0.490881,0.509119,1.000000,0.000000
0.490881,0.509119,1.000000,0.000000
0.490881,0.509119,1.000000,0.000000
0.490881,0.509119,1.000000,0.000000
0.490881,0.509119,1.000000,0.000000
0.490882,0.509118,1.000000,0.000000
0.490882,0.509118,1.000000,0.000000
0.490882,0.509118,1.000000,0.000000
0.490883,0.509117,1.000000,0.000000
0.490883,0.509117,1.000000,0.000000
0.490883,0.509117,1.000000,0.000000
0.490883,0.509117,1.000000,0.000000
0.490883,0.509117,1.000000,0.000000
0.490884,0.509116,1.000000,0.000000
0.490884,0.509116,1.000000,0.000000
0.490884,0.509116,1.000000,0.000000
0.490884,0.509116,1.000000,0.000000
0.490884,0.509116,1.000000,0.000000
0.490884,0.509116,1.000000,0.000000
0.490884,0.509116,1.000000,0.000000
0.490884,0.509116,1.000000,0.000000
0.490884,0.509116,1.000000,0.000000
0.490884,0.509116,1.000000,0.000000
0.490883,0.509117,1.000000,0.000000
0.490883,0.509117,1.000000,0.000000
0.490883,0.509117,1.000000,0.000000
0.490883,0.509117,1.000000,0.000000
0.490883,0.509117,1.000000,0.000000
0.490882,0.509118,1.000000,0.000000
0.490882,0.509118,1.000000,0.000000
0.490882,0.509118,1.000000,0.000000
0.490881,0.509119,1.000000,0.000000
0.490881,0.509119,1.000000,0.000000
0.490881,0.509119,1.000000,0.000000
0.490881,0.509119,1.000000,0.000000
0.490882,0.509118,1.000000,0.000000
0.490907,0.509093,1.000000,0.000000
0.490992,0.509008,1.000000,0.000000
0.491158,0.508842,1.000000,0.000000
0.491420,0.508580,1.000000,0.000000
0.491787,0.508213,1.000000,0.000000
0.492243,0.507757,1.000000,0.000000
0.492722,0.507278,1.000000,0.000000
0.493170,0.506830,1.000000,0.000000
0.493556,0.506444,1.000000,0.000000
0.493857,0.506143,1.000000,0.000000
0.494064,0.505936,1.000000,0.000000
0.494197,0.505803,1.000000,0.000000
0.494282,0.505718,1.000000,0.000000
0.494336,0.505664,1.000000,0.000000
0.494371,0.505629,1.000000,0.000000
0.494393,0.505607,1.000000,0.000000
0.494402,0.505598,1.000000,0.000000
0.494393,0.505607,1.000000,0.000000
0.494361,0.505639,1.000000,0.000000
0.494303,0.505697,1.000000,0.000000
0.494217,0.505783,1.000000,0.000000
0.494106,0.505894,1.000000,0.000000
0.493986,0.506014,1.000000,0.000000
0.493872,0.506128,1.000000,0.000000
0.493772,0.506228,1.000000,0.000000
0.493693,0.506307,1.000000,0.000000
0.493637,0.506363,1.000000,0.000000
0.493601,0.506399,1.000000,0.000000
0.493578,0.506422,1.000000,0.000000
0.493564,0.506436,1.000000,0.000000
0.493555,0.506445,1.000000,0.000000
0.493549,0.506451,1.000000,0.000000
0.493546,0.506454,1.000000,0.000000
0.493544,0.506456,1.000000,0.000000
0.493543,0.506457,1.000000,0.000000
0.493543,0.506457,1.000000,0.000000
0.493543,0.506457,1.000000,0.000000
0.493543,0.506457,1.000000,0.000000
0.493542,0.506458,1.000000,0.000000
0.493542,0.506458,1.000000,0.000000
0.493542,0.506458,1.000000,0.000000
0.493542,0.506458,1.000000,0.000000
0.493542,0.506458,1.000000,0.000000
0.493542,0.506458,1.000000,0.000000
0.493542,0.506458,1.000000,0.000000
0.493542,0.506458,1.000000,0.000000
0.493542,0.506458,1.000000,0.000000
0.493541,0.506459,1.000000,0.000000
0.493541,0.506459,1.000000,0.000000
0.493540,0.506460,1.000000,0.000000
0.493539,0.506461,1.000000,0.000000
0.493539,0.506461,1.000000,0.000000
0.493538,0.506462,1.000000,0.000000
0.493538,0.506462,1.000000,0.000000
0.493538,0.506462,1.000000,0.000000
0.493538,0.506462,1.000000,0.000000
0.493538,0.506462,1.000000,0.000000
0.493538,0.506462,1.000000,0.000000
0.493539,0.506461,1.000000,0.000000
0.493539,0.506461,1.000000,0.000000
0.493540,0.506460,1.000000,0.000000
0.493541,0.506459,1.000000,0.000000
0.493541,0.506459,1.000000,0.000000
0.493542,0.506458,1.000000,0.000000
0.493542,0.506458,1.000000,0.000000
0.493542,0.506458,1.000000,0.000000
0.493542,0.506458,1.000000,0.000000
0.493542,0.506458,1.000000,0.000000
0.493542,0.506458,1.000000,0.000000
0.493542,0.506458,1.000000,0.000000
0.493542,0.506458,1.000000,0.000000
0.493542,0.506458,1.000000,0.000000
0.493542,0.506458,1.000000,0.000000
0.493542,0.506458,1.000000,0.000000
0.493541,0.506459,1.000000,0.000000
0.493541,0.506459,1.000000,0.000000
0.493540,0.506460,1.000000,0.000000
0.493539,0.506461,1.000000,0.000000
0.493539,0.506461,1.000000,0.000000
0.493538,0.506462,1.000000,0.000000
0.493538,0.506462,1.000000,0.000000
0.493538,0.506462,1.000000,0.000000
0.493538,0.506462,1.000000,0.000000
0.493538,0.506462,1.000000,0.000000
0.493538,0.506462,1.000000,0.000000
0.493539,0.506461,1.000000,0.000000
0.493539,0.506461,1.000000,0.000000
0.493540,0.506460,1.000000,0.000000
0.493541,0.506459,1.000000,0.000000
0.493541,0.506459,1.000000,0.000000
0.493542,0.506458,1.000000,0.000000
0.493542,0.506458,1.000000,0.000000
0.493542,0.506458,1.000000,0.000000
0.493542,0.506458,1.000000,0.000000
0.493542,0.506458,1.000000,0.000000
0.493542,0.506458,1.000000,0.000000
0.493542,0.506458,1.000000,0.000000
0.493542,0.506458,1.000000,0.000000
0.493542,0.506458,1.000000,0.000000
0.493542,0.506458,1.000000,0.000000
0.493542,0.506458,1.000000,0.000000
0.493541,0.506459,1.000000,0.000000
0.493541,0.506459,1.000000,0.000000
0.493540,0.506460,1.000000,0.000000
0.493539,0.506461,1.000000,0.000000
0.493539,0.506461,1.000000,0.000000
0.493538,0.506462,1.000000,0.000000
0.493537,0.506463,1.000000,0.000000
0.493519,0.506481,1.000000,0.000000
0.493465,0.506535,1.000000,0.000000
0.493360,0.506640,1.000000,0.000000
0.493197,0.506803,1.000000,0.000000
0.492970,0.507030,1.000000,0.000000
0.492692,0.507308,1.000000,0.000000
0.492403,0.507597,1.000000,0.000000
0.492135,0.507865,1.000000,0.000000
0.491906,0.508094,1.000000,0.000000
0.491729,0.508271,1.000000,0.000000
0.491608,0.508392,1.000000,0.000000
0.491531,0.508469,1.000000,0.000000
0.491482,0.508518,1.000000,0.000000
0.491451,0.508549,1.000000,0.000000
0.491431,0.508569,1.000000,0.000000
0.491420,0.508580,1.000000,0.000000
0.491465,0.508535,1.000000,0.000000
0.491650,0.508350,1.000000,0.000000
0.492030,0.507970,1.000000,0.000000
0.492641,0.507359,1.000000,0.000000
0.493505,0.506495,1.000000,0.000000
0.494594,0.505406,1.000000,0.000000
0.495750,0.504250,1.000000,0.000000
0.496843,0.503157,1.000000,0.000000
0.497791,0.502209,1.000000,0.000000
0.498540,0.501460,1.000000,0.000000
