0.500000,0.500000,1.000000,0.000000
0.499991,0.500009,1.000000,0.000000
0.499933,0.500067,1.000000,0.000000
0.499789,0.500211,1.000000,0.000000
0.499536,0.500464,1.000000,0.000000
0.499161,0.500839,0.999999,0.000001
0.498652,0.501348,0.999998,0.000002
0.498006,0.501994,0.999995,0.000005
0.497225,0.502775,0.999993,0.000007
0.496379,0.503621,0.999985,0.000015
0.495545,0.504455,0.999986,0.000014
0.494773,0.505227,0.999969,0.000031
0.494094,0.505906,0.999992,0.000008
0.493529,0.506471,0.999930,0.000070
0.493090,0.506910,0.999948,0.000052
0.492783,0.507217,0.999784,0.000216
0.492590,0.507410,0.999655,0.000345
0.492448,0.507552,0.999143,0.000857
0.492371,0.507629,0.998313,0.001687
0.492110,0.507890,0.996266,0.003734
0.491671,0.508329,0.992231,0.007769
0.489046,0.510954,0.998982,0.001018
0.489870,0.510130,0.997623,0.002377
0.490891,0.509109,0.995196,0.004804
0.489310,0.510690,0.989503,0.010497
0.486880,0.513120,0.997994,0.002006
0.488826,0.511174,0.996145,0.003855
0.488440,0.511560,0.991317,0.008683
0.487029,0.512971,0.998024,0.001976
0.488970,0.511030,0.996491,0.003509
0.488791,0.511209,0.991766,0.008234
0.487996,0.512004,0.997870,0.002130
0.489778,0.510222,0.996257,0.003743
0.489112,0.510888,0.991370,0.008630
0.488413,0.511587,0.998109,0.001891
0.490101,0.509899,0.996321,0.003679
0.489434,0.510566,0.992041,0.007959
0.488601,0.511399,0.998744,0.001256
0.490074,0.509926,0.997302,0.002698
0.490258,0.509742,0.994316,0.005684
0.489530,0.510470,0.999175,0.000825
0.490398,0.509602,0.998159,0.001841
0.490803,0.509197,0.996194,0.003806
0.490068,0.509932,0.991787,0.008213
0.487437,0.512563,0.998561,0.001439
0.488314,0.511686,0.997107,0.002893
0.488476,0.511524,0.993669,0.006331
0.486105,0.513895,0.998789,0.001211
0.486794,0.513206,0.997639,0.002361
0.487277,0.512723,0.994760,0.005240
0.485117,0.514883,0.989093,0.010907
0.479274,0.520726,0.998434,0.001566
0.481698,0.518302,0.996441,0.003559
0.483007,0.516993,0.992666,0.007334
0.478816,0.521184,0.998994,0.001006
0.480978,0.519022,0.997641,0.002359
0.483726,0.516274,0.995203,0.004797
0.480773,0.519227,0.989597,0.010403
0.477600,0.522400,0.998013,0.001987
0.481188,0.518812,0.995979,0.004021
0.480128,0.519872,0.991256,0.008744
0.477625,0.522375,0.998297,0.001703
0.480964,0.519036,0.996577,0.003423
0.481179,0.518821,0.992530,0.007470
0.478962,0.521038,0.998527,0.001473
0.481640,0.518360,0.997071,0.002929
0.482547,0.517453,0.993572,0.006428
0.480415,0.519585,0.998710,0.001290
0.482454,0.517546,0.997469,0.002531
0.483708,0.516292,0.994405,0.005595
0.481629,0.518371,0.998845,0.001155
0.483203,0.516797,0.997772,0.002228
0.484625,0.515375,0.995036,0.004964
0.482781,0.517219,0.989685,0.010315
0.477359,0.522641,0.998501,0.001499
0.480566,0.519434,0.996577,0.003423
0.482497,0.517503,0.992962,0.007038
0.478905,0.521095,0.999043,0.000957
0.481388,0.518612,0.997745,0.002255
0.484385,0.515615,0.995415,0.004585
0.481870,0.518130,0.990069,0.009931
0.479799,0.520201,0.998152,0.001848
0.483112,0.516888,0.996204,0.003796
0.482299,0.517701,0.991842,0.008158
0.480669,0.519331,0.998577,0.001423
0.483455,0.516545,0.996967,0.003033
0.483952,0.516048,0.993615,0.006385
0.482409,0.517591,0.999041,0.000959
0.484401,0.515599,0.997821,0.002179
0.485707,0.514293,0.995539,0.004461
0.484471,0.515529,0.990329,0.009671
0.480347,0.519653,0.998190,0.001810
0.482888,0.517112,0.996371,0.003629
0.483459,0.516541,0.992066,0.007934
0.480337,0.519663,0.998449,0.001551
0.482755,0.517245,0.996927,0.003073
0.484123,0.515877,0.993250,0.006750
0.481450,0.518550,0.998662,0.001338
0.483380,0.516620,0.997367,0.002633
0.485051,0.514949,0.994199,0.005801
0.482589,0.517411,0.998843,0.001157
0.484044,0.515956,0.997736,0.002264
0.485805,0.514195,0.994999,0.005001
0.483582,0.516418,0.989559,0.010441
0.479095,0.520905,0.998438,0.001562
0.482198,0.517802,0.996502,0.003498
0.483248,0.516752,0.992744,0.007256
0.480242,0.519758,0.998960,0.001040
0.482668,0.517332,0.997615,0.002385
0.484961,0.515039,0.995106,0.004894
0.482776,0.517224,0.989426,0.010574
0.478857,0.521143,0.998044,0.001956
0.482227,0.517773,0.996022,0.003978
0.482038,0.517962,0.991366,0.008634
0.479177,0.520823,0.998354,0.001646
0.482245,0.517755,0.996690,0.003310
0.483169,0.516831,0.992774,0.007226
0.480795,0.519205,0.998592,0.001408
0.483146,0.516854,0.997209,0.002791
0.484521,0.515479,0.993863,0.006137
0.482332,0.517668,0.998771,0.001229
0.484039,0.515961,0.997605,0.002395
0.485536,0.514464,0.994691,0.005309
0.483553,0.516447,0.988942,0.011058
0.477887,0.522113,0.998375,0.001625
0.481163,0.518837,0.996326,0.003674
0.482839,0.517161,0.992409,0.007591
0.479008,0.520992,0.998928,0.001072
0.481570,0.518430,0.997533,0.002467
0.484505,0.515495,0.994925,0.005075
0.481732,0.518268,0.989079,0.010921
0.478200,0.521800,0.998046,0.001954
0.481986,0.518014,0.995902,0.004098
0.481385,0.518615,0.991290,0.008710
0.478769,0.521231,0.998567,0.001433
0.482078,0.517922,0.996859,0.003141
0.483279,0.516721,0.993460,0.006540
0.481126,0.518874,0.999069,0.000931
0.483394,0.516606,0.997834,0.002166
0.485366,0.514634,0.995601,0.004399
0.483716,0.516284,0.990437,0.009563
0.480550,0.519450,0.998183,0.001817
0.483300,0.516700,0.996362,0.003638
0.483260,0.516740,0.992046,0.007954
0.480844,0.519156,0.998446,0.001554
0.483339,0.516661,0.996915,0.003085
0.484127,0.515873,0.993233,0.006767
0.482013,0.517987,0.998668,0.001332
0.483981,0.516019,0.997371,0.002629
0.485153,0.514847,0.994217,0.005783
0.483157,0.516843,0.998855,0.001145
0.484635,0.515365,0.997755,0.002245
0.485966,0.514034,0.995046,0.004954
0.484185,0.515815,0.989653,0.010347
0.479252,0.520748,0.998459,0.001541
0.482124,0.517876,0.996548,0.003452
0.483581,0.516419,0.992840,0.007160
0.480226,0.519774,0.998978,0.001022
0.482499,0.517501,0.997654,0.002346
0.485038,0.514962,0.995191,0.004809
0.482605,0.517395,0.989602,0.010398
0.479424,0.520576,0.998068,0.001932
0.482749,0.517251,0.996077,0.003923
0.482193,0.517807,0.991476,0.008524
0.479879,0.520121,0.998367,0.001633
0.482844,0.517156,0.996726,0.003274
0.483371,0.516629,0.992843,0.007157
0.481415,0.518585,0.998596,0.001404
0.483689,0.516311,0.997228,0.002772
0.484686,0.515314,0.993893,0.006107
0.482834,0.517166,0.998770,0.001230
0.484503,0.515497,0.997608,0.002392
0.485665,0.514335,0.994694,0.005306
0.483989,0.516011,0.988947,0.011053
0.478033,0.521967,0.998377,0.001623
0.481113,0.518887,0.996343,0.003657
0.483054,0.516946,0.992421,0.007579
0.478986,0.521014,0.998898,0.001102
0.481413,0.518587,0.997517,0.002483
0.484472,0.515528,0.994830,0.005170
0.481478,0.518522,0.988951,0.011049
0.477928,0.522072,0.998108,0.001892
0.481825,0.518175,0.995938,0.004062
0.481319,0.518681,0.991457,0.008543
0.478742,0.521258,0.998672,0.001328
0.482043,0.517957,0.997018,0.002982
0.483509,0.516491,0.993848,0.006152
0.481444,0.518556,0.999173,0.000827
0.483581,0.516419,0.998029,0.001971
0.485611,0.514389,0.996033,0.003967
0.484090,0.515910,0.991346,0.008654
0.482097,0.517903,0.998337,0.001663
0.484430,0.515570,0.996687,0.003313
0.484184,0.515816,0.992743,0.007257
0.482542,0.517458,0.998581,0.001419
0.484568,0.515432,0.997192,0.002808
0.485013,0.514987,0.993831,0.006169
0.483466,0.516534,0.998785,0.001215
0.485055,0.514945,0.997611,0.002389
0.485848,0.514152,0.994734,0.005266
0.484491,0.515509,0.988995,0.011005
0.478360,0.521640,0.998357,0.001643
0.481195,0.518805,0.996330,0.003670
0.483275,0.516725,0.992378,0.007622
0.478995,0.521005,0.998898,0.001102
0.481330,0.518670,0.997484,0.002516
0.484509,0.515491,0.994829,0.005171
0.481360,0.518640,0.988835,0.011165
0.478195,0.521805,0.997920,0.002080
0.482139,0.517861,0.995760,0.004240
0.480929,0.519071,0.990808,0.009192
0.478718,0.521282,0.998242,0.001758
0.482246,0.517754,0.996454,0.003546
0.482332,0.517668,0.992271,0.007729
0.480531,0.519469,0.998495,0.001505
0.483242,0.516758,0.997006,0.002994
0.483970,0.516030,0.993428,0.006572
0.482269,0.517731,0.998691,0.001309
0.484238,0.515762,0.997437,0.002563
0.485226,0.514774,0.994331,0.005669
0.483526,0.516474,0.998843,0.001157
0.484965,0.515035,0.997764,0.002236
0.486049,0.513951,0.995030,0.004970
0.484504,0.515496,0.989647,0.010353
0.479256,0.520744,0.998479,0.001521
0.482005,0.517995,0.996594,0.003406
0.483753,0.516247,0.992910,0.007090
0.480199,0.519801,0.998930,0.001070
0.482334,0.517666,0.997656,0.002344
0.484968,0.515032,0.995040,0.004960
0.482320,0.517680,0.989493,0.010507
0.478846,0.521154,0.998306,0.001694
0.482294,0.517706,0.996277,0.003723
0.482364,0.517636,0.992246,0.007754
0.479854,0.520146,0.998873,0.001127
0.482600,0.517400,0.997402,0.002598
0.484315,0.515685,0.994698,0.005302
0.482395,0.517605,0.988506,0.011494
0.476474,0.523526,0.997826,0.002174
0.480074,0.519926,0.995616,0.004384
0.480176,0.519824,0.990448,0.009552
0.475512,0.524488,0.998122,0.001878
0.479170,0.520830,0.996239,0.003761
0.480457,0.519543,0.991781,0.008219
0.476501,0.523499,0.998366,0.001634
0.479563,0.520437,0.996746,0.003254
0.481496,0.518504,0.992872,0.007128
0.477912,0.522088,0.998578,0.001422
0.480285,0.519715,0.997183,0.002817
0.482548,0.517452,0.993811,0.006189
0.479203,0.520797,0.998755,0.001245
0.480989,0.519011,0.997555,0.002445
0.483390,0.516610,0.994605,0.005395
0.480300,0.519700,0.988736,0.011264
0.474536,0.525464,0.998265,0.001735
0.478683,0.521317,0.996108,0.003892
0.479636,0.520364,0.991938,0.008062
0.475593,0.524407,0.998818,0.001182
0.478963,0.521037,0.997271,0.002729
0.481918,0.518082,0.994424,0.005576
0.478793,0.521207,0.999285,0.000715
0.480803,0.519197,0.998244,0.001756
0.483661,0.516339,0.996512,0.003488
0.481473,0.518527,0.992340,0.007660
0.482446,0.517554,0.998446,0.001554
0.484676,0.515324,0.996944,0.003056
0.483418,0.516582,0.993270,0.006730
0.484008,0.515992,0.998653,0.001347
0.486004,0.513996,0.997338,0.002662
0.485669,0.514331,0.994170,0.005830
0.486322,0.513678,0.998901,0.001099
0.488225,0.511775,0.997777,0.002223
0.488757,0.511243,0.995192,0.004808
0.489967,0.510033,0.989840,0.010160
0.486375,0.513625,0.998435,0.001565
0.488520,0.511480,0.996653,0.003347
0.491612,0.508388,0.992900,0.007100
0.489900,0.510100,0.998905,0.001095
0.491160,0.508840,0.997669,0.002331
0.493354,0.506646,0.995048,0.004952
0.491784,0.508216,0.989477,0.010523
0.494115,0.505885,0.998369,0.001631
0.495043,0.504957,0.996535,0.003465
0.493829,0.506171,0.992636,0.007364
