0.500000,0.500000,1.000000,0.000000
0.499993,0.500007,1.000000,0.000000
0.499944,0.500056,1.000000,0.000000
0.499825,0.500175,1.000000,0.000000
0.499615,0.500385,1.000000,0.000000
0.499302,0.500698,0.999999,0.000001
0.498880,0.501120,0.999998,0.000002
0.498343,0.501657,0.999994,0.000006
0.497687,0.502313,0.999994,0.000006
0.496911,0.503089,0.999979,0.000021
0.496013,0.503987,0.999987,0.000013
0.495023,0.504977,0.999940,0.000060
0.494012,0.505988,0.999997,0.000003
0.493033,0.506967,0.999830,0.000170
0.492121,0.507879,0.999839,0.000161
0.491290,0.508710,0.999427,0.000573
0.490576,0.509424,0.999038,0.000962
0.489846,0.510154,0.997684,0.002316
0.489230,0.510770,0.995357,0.004643
0.487156,0.512844,0.989856,0.010144
0.482575,0.517425,0.998085,0.001915
0.484247,0.515753,0.996197,0.003803
0.484189,0.515811,0.991661,0.008339
0.480671,0.519329,0.998365,0.001635
0.482906,0.517094,0.996768,0.003232
0.483968,0.516032,0.992897,0.007103
0.481058,0.518942,0.998587,0.001413
0.483061,0.516939,0.997224,0.002776
0.484623,0.515377,0.993878,0.006122
0.482012,0.517988,0.998764,0.001236
0.483598,0.516402,0.997596,0.002404
0.485339,0.514661,0.994667,0.005333
0.482998,0.517002,0.988895,0.011105
0.477538,0.522462,0.998366,0.001634
0.481031,0.518969,0.996292,0.003708
0.482487,0.517513,0.992362,0.007638
0.478889,0.521111,0.998959,0.001041
0.481671,0.518329,0.997534,0.002466
0.484620,0.515380,0.995018,0.004982
0.482140,0.517860,0.989152,0.010848
0.478957,0.521043,0.997901,0.002099
0.482768,0.517232,0.995801,0.004199
0.481956,0.518044,0.990820,0.009180
0.479828,0.520172,0.998196,0.001804
0.483281,0.516719,0.996398,0.003602
0.483472,0.516528,0.992137,0.007863
0.481803,0.518197,0.998509,0.001491
0.484479,0.515521,0.996965,0.003035
0.485286,0.514714,0.993470,0.006530
0.483716,0.516284,0.998907,0.001093
0.485613,0.514387,0.997646,0.002354
0.486868,0.513132,0.995068,0.004932
0.485497,0.514503,0.989415,0.010585
0.480905,0.519095,0.998128,0.001872
0.483548,0.516452,0.996180,0.003820
0.484237,0.515763,0.991705,0.008295
0.480876,0.519124,0.998431,0.001569
0.483274,0.516726,0.996868,0.003132
0.484763,0.515237,0.993134,0.006866
0.481897,0.518103,0.998649,0.001351
0.483677,0.516323,0.997347,0.002653
0.485359,0.514641,0.994144,0.005856
0.482678,0.517322,0.998819,0.001181
0.483988,0.516012,0.997706,0.002294
0.485732,0.514268,0.994914,0.005086
0.483269,0.516731,0.989398,0.010602
0.478572,0.521428,0.998426,0.001574
0.481735,0.518265,0.996457,0.003543
0.482714,0.517286,0.992666,0.007334
0.479549,0.520451,0.998955,0.001045
0.482067,0.517933,0.997593,0.002407
0.484432,0.515568,0.995068,0.004932
0.482139,0.517861,0.989338,0.010662
0.477993,0.522007,0.998014,0.001986
0.481522,0.518478,0.995961,0.004039
0.481277,0.518723,0.991236,0.008764
0.478200,0.521800,0.998323,0.001677
0.481456,0.518544,0.996621,0.003379
0.482401,0.517599,0.992632,0.007368
0.479833,0.520167,0.998565,0.001435
0.482357,0.517643,0.997145,0.002855
0.483823,0.516177,0.993735,0.006265
0.481468,0.518532,0.998751,0.001249
0.483317,0.516683,0.997555,0.002445
0.484951,0.515049,0.994590,0.005410
0.482829,0.517171,0.988723,0.011277
0.476836,0.523164,0.998327,0.001673
0.480378,0.519622,0.996218,0.003782
0.482116,0.517884,0.992190,0.007810
0.478056,0.521944,0.998904,0.001096
0.480864,0.519136,0.997450,0.002550
0.484041,0.515959,0.994793,0.005207
0.481109,0.518891,0.988737,0.011263
0.477368,0.522632,0.997900,0.002100
0.481495,0.518505,0.995687,0.004313
0.480544,0.519456,0.990718,0.009282
0.477814,0.522186,0.998334,0.001666
0.481540,0.518460,0.996483,0.003517
0.482212,0.517788,0.992556,0.007444
0.479935,0.520065,0.998819,0.001181
0.482688,0.517312,0.997372,0.002628
0.484452,0.515548,0.994568,0.005432
0.482577,0.517423,0.988278,0.011722
0.476547,0.523453,0.997826,0.002174
0.480301,0.519699,0.995591,0.004409
0.480689,0.519311,0.990411,0.009589
0.476202,0.523798,0.998134,0.001866
0.479950,0.520050,0.996258,0.003742
0.481541,0.518459,0.991825,0.008175
0.477930,0.522070,0.998391,0.001609
0.480956,0.519044,0.996794,0.003206
0.483067,0.516933,0.992979,0.007021
0.479897,0.520103,0.998618,0.001382
0.482132,0.517868,0.997261,0.002739
0.484415,0.515585,0.993987,0.006013
0.481502,0.518498,0.998813,0.001187
0.483090,0.516910,0.997664,0.002336
0.485367,0.514633,0.994854,0.005146
0.482704,0.517296,0.989243,0.010757
0.478446,0.521554,0.998366,0.001634
0.481916,0.518084,0.996351,0.003649
0.482574,0.517426,0.992421,0.007579
0.479751,0.520249,0.998897,0.001103
0.482461,0.517539,0.997481,0.002519
0.484599,0.515401,0.994824,0.005176
0.482526,0.517474,0.988822,0.011178
0.477523,0.522477,0.997933,0.002067
0.481180,0.518820,0.995793,0.004207
0.481265,0.518735,0.990870,0.009130
0.477598,0.522402,0.998250,0.001750
0.481055,0.518945,0.996479,0.003521
0.482341,0.517659,0.992314,0.007686
0.479372,0.520628,0.998493,0.001507
0.482063,0.517937,0.997011,0.002989
0.483818,0.516182,0.993431,0.006569
0.481159,0.518841,0.998683,0.001317
0.483117,0.516883,0.997425,0.002575
0.484986,0.515014,0.994304,0.005696
0.482478,0.517522,0.998841,0.001159
0.483903,0.516097,0.997748,0.002252
0.485770,0.514230,0.995016,0.004984
0.483457,0.516543,0.989589,0.010411
0.479159,0.520841,0.998413,0.001587
0.482284,0.517716,0.996506,0.003494
0.483167,0.516833,0.992658,0.007342
0.480329,0.519671,0.998802,0.001198
0.482755,0.517245,0.997433,0.002567
0.484736,0.515264,0.994616,0.005384
0.482555,0.517445,0.988446,0.011554
0.476978,0.523022,0.997904,0.002096
0.480728,0.519272,0.995721,0.004279
0.480998,0.519002,0.990713,0.009287
0.476986,0.523014,0.998203,0.001797
0.480562,0.519438,0.996400,0.003600
0.482018,0.517982,0.992128,0.007872
0.478783,0.521217,0.998443,0.001557
0.481602,0.518398,0.996913,0.003087
0.483505,0.516495,0.993221,0.006779
0.480617,0.519383,0.998651,0.001349
0.482696,0.517304,0.997344,0.002656
0.484739,0.515261,0.994152,0.005848
0.482046,0.517954,0.998833,0.001167
0.483548,0.516452,0.997715,0.002285
0.485599,0.514401,0.994955,0.005045
0.483135,0.516865,0.989466,0.010534
0.478890,0.521110,0.998415,0.001585
0.482157,0.517843,0.996453,0.003547
0.482971,0.517029,0.992640,0.007360
0.480148,0.519852,0.998939,0.001061
0.482687,0.517313,0.997571,0.002429
0.484848,0.515152,0.995013,0.004987
0.482786,0.517214,0.989227,0.010773
0.478368,0.521632,0.998011,0.001989
0.481809,0.518191,0.995951,0.004049
0.481820,0.518180,0.991215,0.008785
0.478585,0.521415,0.998325,0.001675
0.481767,0.518233,0.996628,0.003372
0.482919,0.517081,0.992643,0.007357
0.480261,0.519739,0.998566,0.001434
0.482709,0.517291,0.997155,0.002845
0.484305,0.515695,0.993747,0.006253
0.481889,0.518111,0.998749,0.001251
0.483661,0.516339,0.997559,0.002441
0.485361,0.514639,0.994592,0.005408
0.483166,0.516834,0.988732,0.011268
0.477449,0.522551,0.998334,0.001666
0.480927,0.519073,0.996239,0.003761
0.482474,0.517526,0.992220,0.007780
0.478621,0.521379,0.998889,0.001111
0.481349,0.518651,0.997455,0.002545
0.484292,0.515708,0.994752,0.005248
0.481486,0.518514,0.988720,0.011280
0.477340,0.522660,0.997991,0.002009
0.481369,0.518631,0.995772,0.004228
0.480882,0.519118,0.991027,0.008973
0.477837,0.522163,0.998526,0.001474
0.481407,0.518593,0.996763,0.003237
0.482859,0.517141,0.993263,0.006737
0.480418,0.519582,0.999037,0.000963
0.482848,0.517152,0.997763,0.002237
0.485085,0.514915,0.995453,0.004547
0.483208,0.516792,0.990121,0.009879
0.480005,0.519995,0.998122,0.001878
0.483006,0.516994,0.996232,0.003768
0.482784,0.517216,0.991771,0.008229
0.480368,0.519632,0.998395,0.001605
0.483078,0.516922,0.996806,0.003194
0.483755,0.516245,0.993001,0.006999
0.481661,0.518339,0.998627,0.001373
0.483788,0.516212,0.997282,0.002718
0.484900,0.515100,0.994029,0.005971
0.482925,0.517075,0.998823,0.001177
0.484512,0.515488,0.997686,0.002314
0.485811,0.514189,0.994900,0.005100
0.484045,0.515955,0.989342,0.010658
0.478707,0.521293,0.998404,0.001596
0.481697,0.518303,0.996433,0.003567
0.483285,0.516715,0.992594,0.007406
0.479634,0.520366,0.998934,0.001066
0.482025,0.517975,0.997560,0.002440
0.484770,0.515230,0.994991,0.005009
0.482101,0.517899,0.989177,0.010823
0.478625,0.521375,0.997987,0.002013
0.482262,0.517738,0.995906,0.004094
0.481547,0.518453,0.991114,0.008886
0.479059,0.520941,0.998297,0.001703
0.482334,0.517666,0.996577,0.003423
0.482801,0.517199,0.992524,0.007476
0.480747,0.519253,0.998535,0.001465
0.483267,0.516733,0.997100,0.002900
0.484266,0.515734,0.993620,0.006380
0.482347,0.517653,0.998720,0.001280
0.484190,0.515810,0.997503,0.002497
0.485381,0.514619,0.994470,0.005530
0.483641,0.516359,0.988469,0.011531
0.477184,0.522816,0.998289,0.001711
0.480478,0.519522,0.996161,0.003839
0.482517,0.517483,0.992029,0.007971
0.478058,0.521942,0.998821,0.001179
0.480698,0.519302,0.997359,0.002641
0.484017,0.515983,0.994485,0.005515
0.480695,0.519305,0.988229,0.011771
0.476326,0.523674,0.997969,0.002031
0.480793,0.519207,0.995737,0.004263
0.480196,0.519804,0.990843,0.009157
0.477378,0.522622,0.998288,0.001712
0.481194,0.518806,0.996528,0.003472
0.482034,0.517966,0.992433,0.007567
0.479812,0.520188,0.998514,0.001486
0.482591,0.517409,0.997057,0.002943
0.483867,0.516133,0.993524,0.006476
0.481784,0.518216,0.998697,0.001303
0.483755,0.516245,0.997454,0.002546
0.485150,0.514850,0.994370,0.005630
0.483101,0.516899,0.998856,0.001144
0.484535,0.515465,0.997780,0.002220
0.485972,0.514028,0.995076,0.004924
0.484095,0.515905,0.989738,0.010262
0.479362,0.520638,0.998489,0.001511
0.482251,0.517749,0.996598,0.003402
0.483638,0.516362,0.992959,0.007041
0.480454,0.519546,0.999008,0.000992
0.482700,0.517300,0.997711,0.002289
0.485145,0.514855,0.995313,0.004687
0.482856,0.517144,0.989865,0.010135
0.479852,0.520148,0.998120,0.001880
0.483010,0.516990,0.996181,0.003819
0.482549,0.517451,0.991708,0.008292
0.480333,0.519667,0.998426,0.001574
0.483123,0.516877,0.996832,0.003168
0.483717,0.516283,0.993089,0.006911
0.481813,0.518187,0.998663,0.001337
0.483934,0.516066,0.997347,0.002653
0.484987,0.515013,0.994171,0.005829
0.483174,0.516826,0.998843,0.001157
0.484713,0.515287,0.997741,0.002259
0.485916,0.514084,0.994994,0.005006
0.484293,0.515707,0.989573,0.010427
0.479050,0.520950,0.998485,0.001515
0.481902,0.518098,0.996560,0.003440
0.483646,0.516354,0.992912,0.007088
0.480090,0.519910,0.999040,0.000960
0.482315,0.517685,0.997738,0.002262
0.485061,0.514939,0.995410,0.004590
0.482557,0.517443,0.990040,0.009960
0.480425,0.519575,0.998129,0.001871
0.483533,0.516467,0.996194,0.003806
0.482635,0.517365,0.991772,0.008228
0.480961,0.519039,0.998509,0.001491
0.483654,0.516346,0.996892,0.003108
0.483961,0.516039,0.993384,0.006616
0.482406,0.517594,0.998898,0.001102
0.484442,0.515558,0.997659,0.002341
0.485602,0.514398,0.995024,0.004976
0.484455,0.515545,0.989427,0.010573
0.479234,0.520766,0.998247,0.001753
0.482245,0.517755,0.996275,0.003725
0.483976,0.516024,0.992084,0.007916
0.480583,0.519417,0.998682,0.001318
0.483302,0.516698,0.997199,0.002801
0.486160,0.513840,0.994048,0.005952
0.483735,0.516265,0.999028,0.000972
0.485450,0.514550,0.997935,0.002065
0.488059,0.511941,0.995612,0.004388
0.486101,0.513899,0.990675,0.009325
0.485709,0.514291,0.998477,0.001523
0.488043,0.511957,0.996763,0.003237
0.487605,0.512395,0.993121,0.006879
0.487429,0.512571,0.998892,0.001108
0.489004,0.510996,0.997645,0.002355
0.489265,0.510735,0.994995,0.005005
0.489125,0.510875,0.989364,0.010636
0.484522,0.515478,0.998310,0.001690
0.486258,0.513742,0.996409,0.003591
0.488023,0.511977,0.992369,0.007631
0.484743,0.515257,0.998775,0.001225
0.486279,0.513721,0.997397,0.002603
0.488578,0.511422,0.994469,0.005531
0.486056,0.513944,0.988246,0.011754
0.482849,0.517151,0.998079,0.001921
0.485968,0.514032,0.995918,0.004082
0.485564,0.514436,0.991325,0.008675
0.483622,0.516378,0.998576,0.001424
0.486161,0.513839,0.996974,0.003026
0.487032,0.512968,0.993570,0.006430
0.485570,0.514430,0.998958,0.001042
0.487225,0.512775,0.997787,0.002213
0.488461,0.511539,0.995297,0.004703
0.487291,0.512709,0.990005,0.009995
0.483747,0.516253,0.998385,0.001615
0.485993,0.514007,0.996568,0.003432
0.486873,0.513127,0.992707,0.007293
0.484483,0.515517,0.998817,0.001183
0.486323,0.513677,0.997486,0.002514
0.487958,0.512042,0.994658,0.005342
0.486167,0.513833,0.988647,0.011353
0.481901,0.518099,0.998147,0.001853
0.484851,0.515149,0.996061,0.003939
0.485453,0.514547,0.991630,0.008370
0.482664,0.517336,0.998625,0.001375
0.485158,0.514842,0.997077,0.002923
0.486902,0.513098,0.993790,0.006210
0.484808,0.515192,0.998993,0.001007
0.486420,0.513580,0.997860,0.002140
0.488280,0.511720,0.995452,0.004548
0.486604,0.513396,0.990335,0.009665
0.484305,0.515695,0.998428,0.001572
0.486643,0.513357,0.996660,0.003340
0.486844,0.513156,0.992903,0.007097
0.485351,0.514649,0.998848,0.001152
0.487157,0.512843,0.997553,0.002447
0.488158,0.511842,0.994800,0.005200
0.487054,0.512946,0.988950,0.011050
0.482371,0.517629,0.998210,0.001790
0.484880,0.515120,0.996197,0.003803
0.486102,0.513898,0.991919,0.008081
0.482888,0.517112,0.998680,0.001320
0.485058,0.514942,0.997195,0.002805
0.487216,0.512784,0.994039,0.005961
0.484783,0.515217,0.999036,0.000964
0.486176,0.513824,0.997952,0.002048
0.488283,0.511717,0.995647,0.004353
0.486344,0.513656,0.990750,0.009250
0.485192,0.514808,0.998492,0.001508
0.487365,0.512635,0.996796,0.003204
0.487087,0.512913,0.993192,0.006808
0.486336,0.513664,0.998898,0.001102
0.487941,0.512059,0.997658,0.002342
0.488446,0.511554,0.995022,0.004978
0.487891,0.512109,0.989423,0.010577
0.483153,0.516847,0.998300,0.001700
0.485200,0.514800,0.996388,0.003612
0.486800,0.513200,0.992324,0.007676
0.483456,0.516544,0.998754,0.001246
0.485265,0.514735,0.997352,0.002648
0.487590,0.512410,0.994373,0.005627
0.485045,0.514955,0.999093,0.000907
0.486198,0.513802,0.998073,0.001927
0.488350,0.511650,0.995905,0.004095
0.486331,0.513669,0.991299,0.008701
0.486240,0.513760,0.998582,0.001418
0.488119,0.511881,0.996986,0.003014
0.487519,0.512481,0.993595,0.006405
0.487393,0.512607,0.998967,0.001033
0.488710,0.511290,0.997805,0.002195
0.488826,0.511174,0.995336,0.004664
0.488719,0.511281,0.990088,0.009912
0.484153,0.515847,0.998419,0.001581
0.485743,0.514257,0.996641,0.003359
0.487540,0.512460,0.992862,0.007138
0.484262,0.515738,0.998849,0.001151
0.485703,0.514297,0.997554,0.002446
0.488012,0.511988,0.994803,0.005197
0.485503,0.514497,0.988956,0.011044
0.482805,0.517195,0.998186,0.001814
0.485804,0.514196,0.996146,0.003854
0.485451,0.514549,0.991809,0.008191
0.483862,0.516138,0.998654,0.001346
0.486279,0.513721,0.997140,0.002860
0.487127,0.512873,0.993922,0.006078
0.485900,0.514100,0.999016,0.000984
0.487465,0.512535,0.997910,0.002090
0.488612,0.511388,0.995558,0.004442
0.487623,0.512377,0.990561,0.009439
0.484420,0.515580,0.998479,0.001521
0.486441,0.513559,0.996769,0.003231
0.487334,0.512666,0.993133,0.006867
0.485150,0.514850,0.998891,0.001109
0.486781,0.513219,0.997643,0.002357
0.488306,0.511694,0.994991,0.005009
0.486667,0.513333,0.989356,0.010644
0.483019,0.516981,0.998270,0.001730
0.485623,0.514377,0.996324,0.003676
0.486197,0.513803,0.992189,0.007811
0.483811,0.516189,0.998725,0.001275
0.485963,0.514037,0.997291,0.002709
0.487505,0.512495,0.994243,0.005757
0.485672,0.514328,0.999071,0.000929
0.487062,0.512938,0.998027,0.001973
0.488677,0.511323,0.995807,0.004193
0.487225,0.512775,0.991090,0.008910
0.485395,0.514605,0.998559,0.001441
0.487351,0.512649,0.996938,0.003062
0.487554,0.512446,0.993494,0.006506
0.486310,0.513690,0.998951,0.001049
0.487802,0.512198,0.997771,0.002229
0.488658,0.511342,0.995264,0.004736
0.487737,0.512263,0.989936,0.010064
0.483784,0.516216,0.998380,0.001620
0.485874,0.514126,0.996558,0.003442
0.487025,0.512975,0.992686,0.007314
0.484311,0.515689,0.998815,0.001185
0.486079,0.513921,0.997482,0.002518
0.487945,0.512055,0.994650,0.005350
0.485901,0.514099,0.988631,0.011369
0.481949,0.518051,0.998139,0.001861
0.484997,0.515003,0.996046,0.003954
0.485318,0.514682,0.991598,0.008402
0.482797,0.517203,0.998618,0.001382
0.485348,0.514652,0.997063,0.002937
0.486863,0.513137,0.993758,0.006242
0.484973,0.515027,0.998987,0.001013
0.486626,0.513374,0.997848,0.002152
0.488320,0.511680,0.995427,0.004573
0.486805,0.513195,0.990283,0.009717
0.484142,0.515858,0.998423,0.001577
0.486460,0.513540,0.996648,0.003352
0.486868,0.513132,0.992878,0.007122
0.485117,0.514883,0.998845,0.001155
0.486933,0.513067,0.997545,0.002455
0.488120,0.511880,0.994783,0.005217
0.486819,0.513181,0.988913,0.011087
0.482291,0.517709,0.998201,0.001799
0.484917,0.515083,0.996176,0.003824
0.485959,0.514041,0.991875,0.008125
0.482894,0.517106,0.998671,0.001329
0.485143,0.514857,0.997176,0.002824
0.487171,0.512829,0.993998,0.006002
0.484852,0.515148,0.999029,0.000971
0.486299,0.513701,0.997937,0.002063
0.488322,0.511678,0.995616,0.004384
0.486474,0.513526,0.990683,0.009317
0.485006,0.514994,0.998483,0.001517
0.487206,0.512794,0.996777,0.003223
0.487070,0.512930,0.993150,0.006850
0.486114,0.513886,0.998891,0.001109
0.487761,0.512239,0.997643,0.002357
0.488401,0.511599,0.994992,0.005008
0.487697,0.512303,0.989357,0.010643
0.483026,0.516974,0.998287,0.001713
0.485181,0.514819,0.996359,0.003641
0.486669,0.513331,0.992262,0.007738
0.483399,0.516601,0.998742,0.001258
0.485285,0.514715,0.997328,0.002672
0.487542,0.512458,0.994322,0.005678
0.485054,0.514946,0.999084,0.000916
0.486259,0.513741,0.998055,0.001945
0.488375,0.511625,0.995866,0.004134
0.486402,0.513598,0.991215,0.008785
0.486041,0.513959,0.998569,0.001431
0.487969,0.512031,0.996959,0.003041
0.487462,0.512538,0.993537,0.006463
0.487164,0.512836,0.998957,0.001043
0.488500,0.511500,0.997784,0.002216
0.488646,0.511354,0.995291,0.004709
0.488296,0.511704,0.989994,0.010006
0.483489,0.516511,0.998398,0.001602
0.485013,0.514987,0.996596,0.003404
0.486490,0.513510,0.992766,0.007234
0.482701,0.517299,0.998822,0.001178
0.484027,0.515973,0.997497,0.002503
0.486104,0.513896,0.994682,0.005318
0.482996,0.517004,0.988700,0.011300
0.478616,0.521384,0.998102,0.001898
0.481966,0.518034,0.995967,0.004033
0.481530,0.518470,0.991429,0.008571
0.478386,0.521614,0.998542,0.001458
0.481479,0.518521,0.996901,0.003099
0.482832,0.517168,0.993415,0.006585
0.480319,0.519681,0.998892,0.001108
0.482522,0.517478,0.997646,0.002354
0.484473,0.515527,0.994998,0.005002
0.482384,0.517616,0.989371,0.010629
0.477428,0.522572,0.998205,0.001795
0.480836,0.519164,0.996186,0.003814
0.481636,0.518364,0.991895,0.008105
0.478222,0.521778,0.998622,0.001378
0.481445,0.518555,0.997072,0.002928
0.484081,0.515919,0.993779,0.006221
0.481994,0.518006,0.998965,0.001035
0.484652,0.515348,0.997801,0.002199
0.487993,0.512007,0.995327,0.004673
0.487047,0.512953,0.990069,0.009931
0.487110,0.512890,0.998392,0.001608
0.490818,0.509182,0.996582,0.003418
0.491798,0.508202,0.992737,0.007263
0.493332,0.506668,0.998875,0.001125
0.495538,0.504462,0.997609,0.002391
0.496407,0.503593,0.994918,0.005082
