0.500000,0.500000,1.000000,0.000000
0.499993,0.500007,1.000000,0.000000
0.499944,0.500056,1.000000,0.000000
0.499825,0.500175,1.000000,0.000000
0.499615,0.500385,1.000000,0.000000
0.499302,0.500698,0.999999,0.000001
0.498880,0.501120,0.999998,0.000002
0.498343,0.501657,0.999994,0.000006
0.497687,0.502313,0.999994,0.000006
0.496911,0.503089,0.999979,0.000021
0.496013,0.503987,0.999987,0.000013
0.495023,0.504977,0.999940,0.000060
0.494012,0.505988,0.999997,0.000003
0.493033,0.506967,0.999830,0.000170
0.492121,0.507879,0.999839,0.000161
0.491290,0.508710,0.999427,0.000573
0.490576,0.509424,0.999038,0.000962
0.489846,0.510154,0.997684,0.002316
0.489230,0.510770,0.995357,0.004643
0.487156,0.512844,0.989856,0.010144
0.482575,0.517425,0.998085,0.001915
0.484247,0.515753,0.996197,0.003803
0.484189,0.515811,0.991661,0.008339
0.480671,0.519329,0.998365,0.001635
0.482906,0.517094,0.996768,0.003232
0.483968,0.516032,0.992897,0.007103
0.481058,0.518942,0.998587,0.001413
0.483061,0.516939,0.997224,0.002776
0.484623,0.515377,0.993878,0.006122
0.482012,0.517988,0.998764,0.001236
0.483598,0.516402,0.997596,0.002404
0.485339,0.514661,0.994667,0.005333
0.482998,0.517002,0.988895,0.011105
0.477538,0.522462,0.998366,0.001634
0.481031,0.518969,0.996292,0.003708
0.482487,0.517513,0.992362,0.007638
0.478889,0.521111,0.998959,0.001041
0.481671,0.518329,0.997534,0.002466
0.484620,0.515380,0.995018,0.004982
0.482140,0.517860,0.989152,0.010848
0.478957,0.521043,0.997901,0.002099
0.482768,0.517232,0.995801,0.004199
0.481956,0.518044,0.990820,0.009180
0.479828,0.520172,0.998196,0.001804
0.483281,0.516719,0.996398,0.003602
0.483472,0.516528,0.992137,0.007863
0.481803,0.518197,0.998509,0.001491
0.484479,0.515521,0.996965,0.003035
0.485286,0.514714,0.993470,0.006530
0.483716,0.516284,0.998907,0.001093
0.485613,0.514387,0.997646,0.002354
0.486868,0.513132,0.995068,0.004932
0.485497,0.514503,0.989415,0.010585
0.480905,0.519095,0.998128,0.001872
0.483548,0.516452,0.996180,0.003820
0.484237,0.515763,0.991705,0.008295
0.480876,0.519124,0.998431,0.001569
0.483274,0.516726,0.996868,0.003132
0.484763,0.515237,0.993134,0.006866
0.481897,0.518103,0.998649,0.001351
0.483677,0.516323,0.997347,0.002653
0.485359,0.514641,0.994144,0.005856
0.482678,0.517322,0.998819,0.001181
0.483988,0.516012,0.997706,0.002294
0.485732,0.514268,0.994914,0.005086
0.483269,0.516731,0.989398,0.010602
0.478572,0.521428,0.998426,0.001574
0.481735,0.518265,0.996457,0.003543
0.482714,0.517286,0.992666,0.007334
0.479549,0.520451,0.998955,0.001045
0.482067,0.517933,0.997593,0.002407
0.484432,0.515568,0.995068,0.004932
0.482139,0.517861,0.989338,0.010662
0.477993,0.522007,0.998014,0.001986
0.481522,0.518478,0.995961,0.004039
0.481277,0.518723,0.991236,0.008764
0.478200,0.521800,0.998323,0.001677
0.481456,0.518544,0.996621,0.003379
0.482401,0.517599,0.992632,0.007368
0.479833,0.520167,0.998565,0.001435
0.482357,0.517643,0.997145,0.002855
0.483823,0.516177,0.993735,0.006265
0.481468,0.518532,0.998751,0.001249
0.483317,0.516683,0.997555,0.002445
0.484951,0.515049,0.994590,0.005410
0.482829,0.517171,0.988723,0.011277
0.476836,0.523164,0.998327,0.001673
0.480378,0.519622,0.996218,0.003782
0.482116,0.517884,0.992190,0.007810
0.478056,0.521944,0.998904,0.001096
0.480864,0.519136,0.997450,0.002550
0.484041,0.515959,0.994793,0.005207
0.481109,0.518891,0.988737,0.011263
0.477368,0.522632,0.997900,0.002100
0.481495,0.518505,0.995687,0.004313
0.480544,0.519456,0.990718,0.009282
0.477814,0.522186,0.998334,0.001666
0.481540,0.518460,0.996483,0.003517
0.482217,0.517783,0.992527,0.007473
0.479959,0.520041,0.998736,0.001264
0.482754,0.517246,0.997314,0.002686
0.484498,0.515502,0.994293,0.005707
0.482664,0.517336,0.999054,0.000946
0.484578,0.515422,0.997990,0.002010
0.486603,0.513397,0.995729,0.004271
0.485281,0.514719,0.990923,0.009077
0.483100,0.516900,0.998506,0.001494
0.485784,0.514216,0.996826,0.003174
0.486532,0.513468,0.993254,0.006746
0.485287,0.514713,0.998902,0.001098
0.487289,0.512711,0.997668,0.002332
0.488630,0.511370,0.995043,0.004957
0.487709,0.512291,0.989467,0.010533
0.483907,0.516093,0.998304,0.001696
0.486294,0.513706,0.996397,0.003603
0.487386,0.512614,0.992343,0.007657
0.484865,0.515135,0.998764,0.001236
0.486777,0.513223,0.997373,0.002627
0.488578,0.511422,0.994418,0.005582
0.486664,0.513336,0.999109,0.000891
0.487858,0.512142,0.998106,0.001894
0.489562,0.510438,0.995974,0.004026
0.488055,0.511945,0.991446,0.008554
0.487233,0.512767,0.998627,0.001373
0.488893,0.511107,0.997083,0.002917
0.488710,0.511290,0.993801,0.006199
0.488086,0.511914,0.999011,0.000989
0.489239,0.510761,0.997899,0.002101
0.489590,0.510410,0.995536,0.004464
0.489070,0.510930,0.990513,0.009487
0.485233,0.514767,0.998492,0.001508
0.486766,0.513234,0.996795,0.003205
0.488029,0.511971,0.993190,0.006810
0.485301,0.514699,0.998907,0.001093
0.486661,0.513339,0.997677,0.002323
0.488476,0.511524,0.995064,0.004936
0.486426,0.513574,0.989511,0.010489
0.483601,0.516399,0.998292,0.001708
0.486196,0.513804,0.996370,0.003630
0.486247,0.513753,0.992285,0.007715
0.484475,0.515525,0.998741,0.001259
0.486578,0.513422,0.997325,0.002675
0.487648,0.512352,0.994317,0.005683
0.486256,0.513744,0.999085,0.000915
0.487621,0.512379,0.998055,0.001945
0.488869,0.511131,0.995866,0.004134
0.487769,0.512231,0.991216,0.008784
0.485392,0.514608,0.998587,0.001413
0.487215,0.512785,0.996997,0.003003
0.487783,0.512217,0.993618,0.006382
0.486150,0.513850,0.998973,0.001027
0.487581,0.512419,0.997818,0.002182
0.488719,0.511281,0.995364,0.004636
0.487505,0.512495,0.990148,0.009852
0.484120,0.515880,0.998411,0.001589
0.486264,0.513736,0.996624,0.003376
0.487064,0.512936,0.992825,0.007175
0.484784,0.515216,0.998838,0.001162
0.486550,0.513450,0.997531,0.002469
0.488094,0.511906,0.994753,0.005247
0.486392,0.513608,0.988851,0.011149
0.482249,0.517751,0.998184,0.001816
0.485068,0.514932,0.996140,0.003860
0.485713,0.514287,0.991797,0.008203
0.482993,0.517007,0.998655,0.001345
0.485369,0.514631,0.997142,0.002858
0.487094,0.512906,0.993928,0.006072
0.485039,0.514961,0.999017,0.000983
0.486574,0.513426,0.997911,0.002089
0.488390,0.511610,0.995561,0.004439
0.486750,0.513250,0.990567,0.009433
0.484669,0.515331,0.998468,0.001532
0.486892,0.513108,0.996745,0.003255
0.487055,0.512945,0.993082,0.006918
0.485688,0.514312,0.998871,0.001129
0.487382,0.512618,0.997641,0.002359
0.488272,0.511728,0.994916,0.005084
0.487238,0.512762,0.989294,0.010706
0.482549,0.517451,0.998390,0.001610
0.484810,0.515190,0.996437,0.003563
0.486203,0.513797,0.992590,0.007410
0.482828,0.517172,0.998968,0.001032
0.484592,0.515408,0.997615,0.002385
0.486768,0.513232,0.995135,0.004865
0.484204,0.515796,0.989451,0.010549
0.481211,0.518789,0.998030,0.001970
0.483978,0.516022,0.996034,0.003966
0.482940,0.517060,0.991350,0.008650
0.480541,0.519459,0.998326,0.001674
0.483143,0.516857,0.996660,0.003340
0.483179,0.516821,0.992689,0.007311
0.481053,0.518947,0.998564,0.001436
0.483227,0.516773,0.997154,0.002846
0.483936,0.516064,0.993751,0.006249
0.481944,0.518056,0.998763,0.001237
0.483679,0.516321,0.997564,0.002436
0.484763,0.515237,0.994632,0.005368
0.482997,0.517003,0.988782,0.011218
0.476435,0.523565,0.998303,0.001697
0.479699,0.520301,0.996207,0.003793
0.481721,0.518279,0.992127,0.007873
0.477082,0.522918,0.998852,0.001148
0.479789,0.520211,0.997369,0.002631
0.483218,0.516782,0.994603,0.005397
0.479752,0.520248,0.988333,0.011667
0.475558,0.524442,0.997782,0.002218
0.480154,0.519846,0.995493,0.004507
0.478755,0.521245,0.990211,0.009789
0.475737,0.524263,0.998077,0.001923
0.480079,0.519921,0.996135,0.003865
0.480117,0.519883,0.991561,0.008439
0.477741,0.522259,0.998317,0.001683
0.481261,0.518739,0.996654,0.003346
0.482088,0.517912,0.992660,0.007340
0.479991,0.520009,0.998531,0.001469
0.482652,0.517348,0.997097,0.002903
0.483857,0.516143,0.993624,0.006376
0.481844,0.518156,0.998748,0.001252
0.483798,0.516202,0.997505,0.002495
0.485204,0.514796,0.994563,0.005437
0.483358,0.516642,0.988542,0.011458
0.477220,0.522780,0.998131,0.001869
0.480604,0.519396,0.996032,0.003968
0.482008,0.517992,0.991513,0.008487
0.477722,0.522278,0.998462,0.001538
0.480657,0.519343,0.996869,0.003131
0.483217,0.516783,0.993180,0.006820
0.479772,0.520228,0.998667,0.001333
0.481828,0.518172,0.997374,0.002626
0.484483,0.515517,0.994203,0.005797
0.481366,0.518634,0.998818,0.001182
0.482768,0.517232,0.997711,0.002289
0.485303,0.514697,0.994913,0.005087
0.482379,0.517621,0.989411,0.010589
0.478779,0.521221,0.998428,0.001572
0.482252,0.517748,0.996448,0.003552
0.482662,0.517338,0.992658,0.007342
0.480337,0.519663,0.998964,0.001036
0.482962,0.517038,0.997603,0.002397
0.484844,0.515156,0.995098,0.004902
0.483164,0.516836,0.989397,0.010603
0.478500,0.521500,0.998038,0.001962
0.481753,0.518247,0.996012,0.003988
0.482107,0.517893,0.991347,0.008653
0.478629,0.521371,0.998359,0.001641
0.481673,0.518327,0.996688,0.003312
0.483126,0.516874,0.992787,0.007213
0.480253,0.519747,0.998615,0.001385
0.482588,0.517412,0.997232,0.002768
0.484461,0.515539,0.993941,0.006059
0.481872,0.518128,0.998815,0.001185
0.483535,0.516465,0.997666,0.002334
0.485482,0.514518,0.994853,0.005147
0.483146,0.516854,0.989253,0.010747
0.478390,0.521610,0.998393,0.001607
0.481735,0.518265,0.996384,0.003616
0.482821,0.517179,0.992523,0.007477
0.479631,0.520369,0.998953,0.001047
0.482244,0.517756,0.997560,0.002440
0.484720,0.515280,0.995035,0.004965
0.482421,0.517579,0.989226,0.010774
0.478493,0.521507,0.997957,0.002043
0.482045,0.517955,0.995881,0.004119
0.481586,0.518414,0.991032,0.008968
0.478698,0.521302,0.998269,0.001731
0.482001,0.517999,0.996512,0.003488
0.482670,0.517330,0.992418,0.007582
0.480259,0.519741,0.998583,0.001417
0.482860,0.517140,0.997092,0.002908
0.484207,0.515793,0.993763,0.006237
0.481984,0.518016,0.998953,0.001047
0.483872,0.516128,0.997775,0.002225
0.485649,0.514351,0.995272,0.004728
0.483875,0.516125,0.989954,0.010046
0.479956,0.520044,0.998326,0.001674
0.483006,0.516994,0.996442,0.003558
0.483902,0.516098,0.992439,0.007561
0.481440,0.518560,0.998740,0.001260
0.484123,0.515877,0.997323,0.002677
0.486239,0.513761,0.994311,0.005689
0.484518,0.515482,0.999072,0.000928
0.486309,0.513691,0.998028,0.001972
0.488404,0.511596,0.995809,0.004191
0.487054,0.512946,0.991094,0.008906
0.485798,0.514202,0.998558,0.001442
0.487951,0.512049,0.996935,0.003065
0.488115,0.511885,0.993487,0.006513
0.487305,0.512695,0.998955,0.001045
0.488793,0.511207,0.997780,0.002220
0.489494,0.510506,0.995283,0.004717
0.488880,0.511120,0.989977,0.010023
0.485100,0.514900,0.998404,0.001596
0.486958,0.513042,0.996608,0.003392
0.488212,0.511788,0.992792,0.007208
0.485630,0.514370,0.998845,0.001155
0.487180,0.512820,0.997546,0.002454
0.488987,0.511013,0.994785,0.005215
0.487033,0.512967,0.988917,0.011083
0.483793,0.516207,0.998205,0.001795
0.486462,0.513538,0.996185,0.003815
0.486569,0.513431,0.991894,0.008106
0.484492,0.515508,0.998681,0.001319
0.486635,0.513365,0.997198,0.002802
0.487761,0.512239,0.994045,0.005955
0.486139,0.513861,0.999042,0.000958
0.487520,0.512480,0.997964,0.002036
0.488845,0.511155,0.995674,0.004326
0.487559,0.512441,0.990806,0.009194
0.485016,0.514984,0.998518,0.001482
0.486984,0.513016,0.996851,0.003149
0.487487,0.512513,0.993308,0.006692
0.485772,0.514228,0.998920,0.001080
0.487336,0.512664,0.997706,0.002294
0.488503,0.511497,0.995125,0.004875
0.487231,0.512769,0.989641,0.010359
0.483402,0.516598,0.998325,0.001675
0.485744,0.514256,0.996441,0.003559
0.486629,0.513371,0.992437,0.007563
0.484055,0.515945,0.998770,0.001230
0.486013,0.513987,0.997387,0.002613
0.487739,0.512261,0.994447,0.005553
0.485816,0.514184,0.988201,0.011799
0.481187,0.518813,0.998067,0.001933
0.484374,0.515626,0.995893,0.004107
0.484939,0.515061,0.991273,0.008727
0.481911,0.518089,0.998559,0.001441
0.484646,0.515354,0.996939,0.003061
0.486480,0.513520,0.993495,0.006505
0.484239,0.515761,0.998941,0.001059
0.486014,0.513986,0.997749,0.002251
0.488010,0.511990,0.995218,0.004782
0.486209,0.513791,0.989838,0.010162
0.483509,0.516491,0.998341,0.001659
0.486112,0.513888,0.996476,0.003524
0.486336,0.513664,0.992511,0.007489
0.484615,0.515385,0.998779,0.001221
0.486652,0.513348,0.997406,0.002594
0.487780,0.512220,0.994487,0.005513
0.486513,0.513487,0.988285,0.011715
0.481336,0.518664,0.998093,0.001907
0.484168,0.515832,0.995948,0.004052
0.485379,0.514621,0.991390,0.008610
0.481816,0.518184,0.998584,0.001416
0.484310,0.515690,0.996992,0.003008
0.486638,0.513362,0.993607,0.006393
0.483975,0.516025,0.998961,0.001039
0.485579,0.514421,0.997792,0.002208
0.487906,0.512094,0.995289,0.004711
0.485738,0.514262,0.990039,0.009961
0.483900,0.516100,0.998447,0.001553
0.486424,0.513576,0.996594,0.003406
0.486231,0.513769,0.992891,0.007109
0.484930,0.515070,0.998989,0.001011
0.486707,0.513293,0.997685,0.002315
0.487499,0.512501,0.995262,0.004738
0.486399,0.513601,0.989737,0.010263
0.481753,0.518247,0.998122,0.001878
0.483828,0.516172,0.996224,0.003776
0.484339,0.515661,0.991757,0.008243
0.480588,0.519412,0.998411,0.001589
0.482700,0.517300,0.996844,0.003156
0.484057,0.515943,0.993074,0.006926
0.480804,0.519196,0.998631,0.001369
0.482593,0.517407,0.997303,0.002697
0.484367,0.515633,0.994061,0.005939
0.481412,0.518588,0.998811,0.001189
0.482862,0.517138,0.997672,0.002328
0.484844,0.515156,0.994857,0.005143
0.482194,0.517806,0.989263,0.010737
0.477285,0.522715,0.998373,0.001627
0.480771,0.519229,0.996356,0.003644
0.481715,0.518285,0.992443,0.007557
0.478364,0.521636,0.998903,0.001097
0.481146,0.518854,0.997482,0.002518
0.483640,0.516360,0.994838,0.005162
0.481155,0.518845,0.988839,0.011161
0.476226,0.523774,0.997899,0.002101
0.480192,0.519808,0.995736,0.004264
0.479886,0.520114,0.990734,0.009266
0.476218,0.523782,0.998192,0.001808
0.480017,0.519983,0.996372,0.003628
0.481014,0.518986,0.992072,0.007928
0.478031,0.521969,0.998421,0.001579
0.481088,0.518912,0.996873,0.003127
0.482688,0.517312,0.993124,0.006876
0.480041,0.519959,0.998611,0.001389
0.482354,0.517646,0.997277,0.002723
0.484178,0.515822,0.993990,0.006010
0.481700,0.518300,0.998785,0.001215
0.483413,0.516587,0.997621,0.002379
0.485293,0.514707,0.994762,0.005238
0.483017,0.516983,0.989025,0.010975
0.477883,0.522117,0.998280,0.001720
0.481327,0.518673,0.996262,0.003738
0.482403,0.517597,0.992091,0.007909
0.478971,0.521029,0.998644,0.001356
0.481726,0.518274,0.997190,0.002810
0.483971,0.516029,0.993915,0.006085
0.481235,0.518765,0.998839,0.001161
0.483011,0.516989,0.997708,0.002292
0.485250,0.514750,0.994935,0.005065
0.482806,0.517194,0.989446,0.010554
0.478510,0.521490,0.998442,0.001558
0.481905,0.518095,0.996467,0.003533
0.482861,0.517139,0.992717,0.007283
0.480013,0.519987,0.998998,0.001002
0.482582,0.517418,0.997651,0.002349
0.484883,0.515117,0.995222,0.004778
0.482851,0.517149,0.989638,0.010362
0.479131,0.520869,0.998053,0.001947
0.482409,0.517591,0.996061,0.003939
0.482203,0.517797,0.991436,0.008564
0.479433,0.520567,0.998361,0.001639
0.482426,0.517574,0.996704,0.003296
0.483288,0.516712,0.992813,0.007187
0.480959,0.519041,0.998616,0.001384
0.483271,0.516729,0.997237,0.002763
0.484622,0.515378,0.993954,0.006046
0.482473,0.517527,0.998824,0.001176
0.484146,0.515854,0.997676,0.002324
0.485660,0.514340,0.994886,0.005114
0.483739,0.516261,0.989309,0.010691
0.478551,0.521449,0.998395,0.001605
0.481667,0.518333,0.996407,0.003593
0.483112,0.516888,0.992550,0.007450
0.479575,0.520425,0.998938,0.001062
0.482053,0.517947,0.997551,0.002449
0.484736,0.515264,0.994993,0.005007
0.482162,0.517838,0.989158,0.010842
0.478540,0.521460,0.997958,0.002042
0.482178,0.517822,0.995873,0.004127
0.481484,0.518516,0.991013,0.008987
0.478876,0.521124,0.998249,0.001751
0.482204,0.517796,0.996503,0.003497
0.482623,0.517377,0.992345,0.007655
0.480471,0.519529,0.998490,0.001510
0.483088,0.516912,0.997004,0.002996
0.484051,0.515949,0.993431,0.006569
0.482042,0.517958,0.998723,0.001277
0.483995,0.516005,0.997446,0.002554
0.485250,0.514750,0.994444,0.005556
0.483292,0.516708,0.998996,0.001004
0.484736,0.515264,0.997909,0.002091
0.486194,0.513806,0.995553,0.004447
0.484499,0.515501,0.990551,0.009449
0.480997,0.519003,0.998434,0.001566
0.483575,0.516425,0.996672,0.003328
0.484327,0.515673,0.992928,0.007072
0.482017,0.517983,0.998826,0.001174
0.484314,0.515686,0.997506,0.002494
0.486192,0.513808,0.994699,0.005301
0.484669,0.515331,0.988736,0.011264
0.480043,0.519957,0.998136,0.001864
0.483570,0.516430,0.996039,0.003961
0.484794,0.515206,0.991583,0.008417
0.481975,0.518025,0.998609,0.001391
0.484836,0.515164,0.997043,0.002957
0.487082,0.512918,0.993717,0.006283
0.485002,0.514998,0.998983,0.001017
0.486705,0.513295,0.997838,0.002162
0.488809,0.511191,0.995407,0.004593
0.487095,0.512905,0.990239,0.009761
0.485357,0.514643,0.998420,0.001580
0.487681,0.512319,0.996642,0.003358
0.487683,0.512317,0.992864,0.007136
0.486640,0.513360,0.998851,0.001149
0.488356,0.511644,0.997558,0.002442
0.489100,0.510900,0.994812,0.005188
0.488338,0.511662,0.988975,0.011025
0.483840,0.516160,0.998235,0.001765
0.485999,0.514001,0.996250,0.003750
0.487309,0.512691,0.992032,0.007968
0.484154,0.515846,0.998713,0.001287
0.485994,0.514006,0.997264,0.002736
0.488045,0.511955,0.994186,0.005814
0.485609,0.514391,0.999067,0.000933
0.486764,0.513236,0.998017,0.001983
0.488717,0.511283,0.995787,0.004213
0.486778,0.513222,0.991047,0.008953
0.485993,0.514007,0.998546,0.001454
0.487906,0.512094,0.996911,0.003089
0.487498,0.512502,0.993436,0.006564
0.486946,0.513054,0.998941,0.001059
0.488364,0.511636,0.997750,0.002250
0.488710,0.511290,0.995219,0.004781
0.488307,0.511693,0.989841,0.010159
0.483775,0.516225,0.998374,0.001626
0.485597,0.514403,0.996544,0.003456
0.487226,0.512774,0.992656,0.007344
0.484014,0.515986,0.998812,0.001188
0.485631,0.514369,0.997476,0.002524
0.487878,0.512122,0.994638,0.005362
0.485429,0.514571,0.988605,0.011395
0.482084,0.517916,0.998127,0.001873
0.485262,0.514738,0.996020,0.003980
0.485103,0.514897,0.991543,0.008457
0.483078,0.516922,0.998606,0.001394
0.485694,0.514306,0.997038,0.002962
0.486803,0.513197,0.993705,0.006295
0.485286,0.514714,0.998978,0.001022
0.486983,0.513017,0.997829,0.002171
0.488377,0.511623,0.995386,0.004614
0.487155,0.512845,0.990195,0.009805
0.483922,0.516078,0.998413,0.001587
0.486174,0.513826,0.996629,0.003371
0.486934,0.513066,0.992836,0.007164
0.484765,0.515235,0.998838,0.001162
0.486571,0.513429,0.997532,0.002468
0.488065,0.511935,0.994755,0.005245
0.486441,0.513559,0.988854,0.011146
0.482209,0.517791,0.998185,0.001815
0.485008,0.514992,0.996143,0.003857
0.485735,0.514265,0.991804,0.008196
0.482940,0.517060,0.998657,0.001343
0.485302,0.514698,0.997145,0.002855
0.487093,0.512907,0.993934,0.006066
0.484981,0.515019,0.999018,0.000982
0.486506,0.513494,0.997913,0.002087
0.488369,0.511631,0.995565,0.004435
0.486683,0.513317,0.990576,0.009424
0.484701,0.515299,0.998469,0.001531
0.486898,0.513102,0.996746,0.003254
0.486940,0.513060,0.993085,0.006915
0.485513,0.514487,0.998879,0.001121
0.487074,0.512926,0.997618,0.002382
0.487747,0.512253,0.994938,0.005062
0.486461,0.513539,0.989242,0.010758
0.481233,0.518767,0.998248,0.001752
0.483379,0.516621,0.996278,0.003722
0.484365,0.515635,0.992090,0.007910
0.480315,0.519685,0.998687,0.001313
0.482334,0.517666,0.997211,0.002789
0.484489,0.515511,0.994073,0.005927
0.481230,0.518770,0.999018,0.000982
0.482693,0.517307,0.997912,0.002088
0.485097,0.514903,0.995564,0.004436
0.482485,0.517515,0.990573,0.009427
0.480432,0.519568,0.998410,0.001590
0.483240,0.516760,0.996620,0.003380
0.482846,0.517154,0.992818,0.007182
0.481278,0.518722,0.998792,0.001208
0.483546,0.516454,0.997433,0.002567
0.484350,0.515650,0.994545,0.005455
0.483132,0.516868,0.988409,0.011591
0.476229,0.523771,0.998055,0.001945
0.479710,0.520290,0.995868,0.004132
0.482054,0.517946,0.991219,0.008781
0.477664,0.522336,0.998513,0.001487
0.481344,0.518656,0.996840,0.003160
0.485678,0.514322,0.993285,0.006715
0.483393,0.516607,0.998899,0.001101
0.485969,0.514031,0.997660,0.002340
0.489818,0.510182,0.995027,0.004973
0.488025,0.511975,0.989433,0.010567
0.490488,0.509512,0.998304,0.001696
0.492980,0.507020,0.996396,0.003604
0.492017,0.507983,0.992341,0.007659
