0.000000,0.000000,0.000000
2.171640,0.000000,0.000004
4.345555,0.000009,0.000013
6.525690,0.000037,0.000046
8.718016,0.000138,0.000204
10.930617,0.000590,0.000790
13.173832,0.002361,0.002515
15.460476,0.008113,0.006814
17.806122,0.024095,0.016243
20.229353,0.063459,0.034961
22.751669,0.151679,0.069211
25.394645,0.334895,0.127409
28.171854,0.690663,0.219356
31.075444,1.337999,0.355341
34.050143,2.441891,0.545179
36.950460,4.200909,0.797339
39.486166,6.797906,1.118328
41.183539,10.289700,1.512404
41.425557,14.429704,1.981614
39.660534,18.481604,2.526063
35.826039,21.193288,3.144327
30.850820,21.179685,3.834222
26.806504,17.823848,4.593453
26.149616,12.326862,5.419812
29.930093,7.905548,6.311298
36.026017,8.076968,7.266202
39.563359,13.385540,8.283144
36.792293,19.441095,9.361110
29.867316,19.882593,10.499460
26.431632,13.535112,11.697940
31.273636,7.814008,12.956676
38.460041,10.770579,14.276125
37.345813,18.737359,15.657042
29.041661,19.160581,17.100457
27.519565,10.714629,20.240419
29.102482,19.416728,23.516253
28.686701,10.323325,26.931201
26.575180,19.437273,30.488481
32.334961,11.755165,34.190972
23.147812,15.282076,38.040798
32.638336,18.657245,42.038894
28.889611,9.066400,46.184693
22.681198,17.552849,50.475548
33.171159,19.789419,54.906001
32.386268,8.887248,59.467028
21.532699,11.351178,64.145282
24.415289,22.303093,68.922427
35.719763,20.098395,73.774612
35.101618,8.405488,78.672180
23.303231,6.834627,83.580166
19.405814,18.289249,88.470529
30.166602,24.251094,93.321349
37.681996,14.248595,98.113567
28.147903,5.815520,102.830991
19.516182,15.475761,107.460183
30.048729,23.416912,111.990295
36.059244,11.399139,116.412842
22.571898,9.029565,120.721444
25.753152,22.624082,124.911546
36.151955,12.894556,128.980145
21.843089,10.366894,132.925696
30.118389,22.673195,136.747983
31.459430,7.594491,140.447827
22.144173,19.925905,144.026804
36.091236,12.550047,147.487001
20.211587,15.240819,150.830800
36.641302,15.805449,154.060709
19.990828,13.752640,155.557598
20.825128,-3.343431,157.002168
38.230944,-4.694478,158.395467
42.720591,12.531362,159.738377
26.649605,20.956364,161.031584
13.905409,7.559550,162.275571
22.662442,-9.116350,163.470620
41.731614,-7.052664,164.616800
47.814561,11.500966,165.713978
33.835566,25.621439,166.761810
14.288611,20.475920,167.759751
7.911470,0.935325,168.707055
20.252952,-15.925794,169.602791
41.466492,-16.843059,170.445867
56.495750,-1.372584,171.235054
56.095979,20.524809,171.969018
40.907480,36.756190,172.646364
18.578592,39.930879,173.265701
-1.729132,29.407330,173.825727
-13.503632,9.433727,174.325342
-14.279940,-14.046541,174.763788
-4.896122,-35.911662,175.140817
12.085493,-52.994550,175.456866
33.790881,-64.083653,175.713262
57.872141,-69.365792,175.912472
82.795621,-69.782461,176.058351
107.779996,-66.537348,176.156381
132.582415,-60.803444,176.213879
157.262706,-53.581008,176.240160
181.989391,-45.633878,176.246604
206.908963,-37.447214,176.246602
232.075259,-29.179556,176.246600
257.489662,-20.830454,176.246597
283.152273,-12.399874,176.246595
309.061859,-3.888223,176.246593
335.215820,4.703644,176.246591
361.610140,13.374406,176.246588
388.239355,22.122266,176.246586
415.096552,30.944955,176.246584
442.174455,39.840078,176.246582
469.466768,48.805568,176.246579
496.968309,57.839722,176.246577
524.675045,66.941212,176.246575
552.584139,76.109106,176.246573
580.693981,85.342875,176.246571
609.004226,94.642404,176.246568
637.515710,104.007967,176.246566
666.229625,113.439954,176.246564
695.147155,122.938753,176.246562
724.269476,132.504749,176.246559
753.597756,142.138325,176.246557
783.133153,151.839861,176.246555
812.876817,161.609733,176.246553
842.829891,171.448316,176.246550
872.993599,181.356010,176.246548
903.369471,191.333317,176.246546
933.959393,201.380855,176.246544
964.765608,211.499361,176.246541
995.790729,221.689691,176.246539
1027.037740,231.952824,176.246537
1058.510011,242.289867,176.246535
1090.211282,252.702045,176.246533
1122.145307,263.190592,176.246530
1154.315521,273.756634,176.246528
1186.725014,284.401186,176.246526
1219.376530,295.125146,176.246524
1252.272452,305.929297,176.246521
1285.414802,316.814300,176.246519
1318.805226,327.780697,176.246517
1352.445042,338.828919,176.246515
1386.335476,349.959366,176.246512
1420.477746,361.172437,176.246510
1454.873061,372.468529,176.246508
1489.522620,383.848033,176.246506
1524.427616,395.311342,176.246503
1559.589232,406.858841,176.246501
1595.008644,418.490915,176.246499
1630.687018,430.207947,176.246497
1666.625519,442.010317,176.246495
1702.825303,453.898404,176.246492
1739.287525,465.872586,176.246490
1776.013334,477.933239,176.246488
1813.003874,490.080738,176.246486
1850.260285,502.315455,176.246483
1887.783705,514.637762,176.246481
1925.575265,527.048031,176.246479
1963.624589,539.542851,176.246477
2001.889880,552.108497,176.246474
2040.371536,564.745099,176.246472
2079.069951,577.452784,176.246470
2117.985512,590.231678,176.246468
2157.118600,603.081906,176.246465
2196.469588,616.003589,176.246463
2236.038845,628.996846,176.246461
2275.826736,642.061798,176.246459
2315.833621,655.198561,176.246457
2356.059855,668.407249,176.246454
2396.505789,681.687979,176.246452
2437.171771,695.040862,176.246450
2478.058142,708.466010,176.246448
2519.165240,721.963532,176.246445
2560.493397,735.533537,176.246443
2602.042937,749.176129,176.246441
2643.814179,762.891413,176.246439
2685.807435,776.679490,176.246436
2728.023010,790.540458,176.246434
2770.461205,804.474416,176.246432
2813.122412,818.481491,176.248907
2855.973010,832.668320,176.262399
2898.854285,847.510195,176.294961
2941.457066,863.827369,176.353831
2983.253168,882.725586,176.445467
3023.367496,905.495735,176.575583
3060.399511,933.437520,176.749182
3092.235379,967.556028,176.970597
3115.944799,1008.078324,177.243518
3127.928951,1053.777240,177.571042
3124.552936,1101.208345,177.955633
3103.488610,1144.193262,178.398943
3065.767000,1174.191373,178.901856
3017.927600,1182.350421,179.464595
2972.797378,1163.597912,180.086858
2946.874533,1121.761066,180.767946
2953.121496,1072.590148,181.506885
2991.123106,1040.223597,182.302527
3041.187338,1044.749312,183.153640
3070.989790,1085.664562,184.058975
3057.110407,1134.705230,185.017377
3008.676903,1151.652340,186.027887
2968.313776,1119.416084,187.089764
2976.854390,1068.125800,188.202485
3026.956471,1053.006826,189.365756
3060.909685,1093.268455,190.579508
3034.892244,1139.439234,191.843903
2982.705759,1128.493188,193.159332
2980.098846,1074.913622,194.526406
3032.348905,1061.441776,195.945957
3053.661375,1111.351038,197.418993
3005.803749,1137.579343,200.601672
3054.964864,1113.206737,203.900883
3002.310561,1129.647052,207.319472
3057.735561,1128.225491,210.860331
3005.862892,1107.889451,214.526223
3040.751910,1151.668004,218.319561
3039.563878,1095.446203,222.242135
3000.661098,1136.389112,226.294762
3057.087894,1142.055839,230.476950
3033.348602,1090.308548,234.786573
2994.904655,1132.587968,239.219400
3046.331591,1157.962311,243.768592
3063.069276,1102.911772,248.424199
3006.978325,1089.281677,253.172706
2991.283459,1145.015001,257.996655
3045.083294,1166.882124,262.874397
3075.596942,1117.270295,267.780046
3032.643751,1077.680763,272.684021
2985.459976,1112.412321,277.557104
3012.276034,1164.704279,282.373956
3067.252428,1143.420010,287.113614
3047.409796,1087.700506,291.759421
2992.946602,1111.287482,296.298757
3025.677130,1161.054848,300.722626
3064.219388,1115.344849,305.025161
3006.711724,1098.141658,309.203087
3021.260003,1156.630252,313.255195
3058.689918,1109.066321,317.181845
2998.330958,1116.283932,320.984526
3050.638069,1147.786079,324.665484
3021.804645,1093.645019,328.227421
3026.054207,1155.124894,331.673255
3040.485489,1094.910869,335.005936
3014.757184,1151.559615,338.228315
3045.120437,1096.906609,339.723385
3102.193727,1123.176903,341.167927
3083.225423,1183.401538,342.562934
3020.298578,1175.217256,343.909233
3014.238698,1111.730097,345.207479
3074.051263,1088.688223,346.458141
3114.950826,1138.461108,347.661506
3083.031286,1194.793803,348.817675
3018.287057,1188.239478,349.926561
2995.184408,1127.051447,350.987890
3037.547081,1076.788233,352.001204
3102.939259,1086.192052,352.965865
3132.612247,1145.588369,353.881056
3103.475352,1205.617534,354.745796
3038.572602,1222.478814,355.558950
2981.442277,1186.742107,356.319254
2964.590089,1121.157400,357.025346
2994.466268,1060.025476,357.675811
3055.550563,1029.322509,358.269244
3123.679656,1038.068912,358.804338
3178.076945,1080.529334,359.279994
3207.124176,1143.472036,359.695465
3208.300481,1213.094831,360.050534
3185.097106,1279.072577,360.345719
3143.524950,1335.689287,360.582512
3089.604959,1381.164817,360.763631
3028.122801,1416.328349,360.893277
2962.345883,1443.356880,360.977377
2894.262299,1464.849414,361.023780
2824.985994,1483.232055,361.042398
2755.111272,1500.387620,361.045244
2684.920276,1517.409179,361.045242
2614.461733,1534.495764,361.045241
2543.736956,1551.647058,361.045239
2472.748562,1568.862428,361.045237
2401.500476,1586.140924,361.045235
2329.997937,1603.481274,361.045233
2258.247508,1620.881889,361.045231
2186.257080,1638.340857,361.045229
2114.035696,1655.855985,361.045227
2041.591965,1673.425186,361.045225
1968.933238,1691.046677,361.045223
1896.065598,1708.718986,361.045221
1822.993847,1726.440949,361.045219
1749.721500,1744.211712,361.045217
1676.250785,1762.030738,361.045215
1602.582629,1779.897801,361.045213
1528.716972,1797.812918,361.045211
1454.653612,1815.776138,361.045209
1380.392347,1833.787511,361.045207
1305.932979,1851.847085,361.045205
1231.275310,1869.954910,361.045203
1156.419144,1888.111035,361.045202
1081.364286,1906.315506,361.045200
1006.110537,1924.568373,361.045198
930.657544,1942.869723,361.045196
855.004630,1961.219721,361.045194
779.150787,1979.618611,361.045192
703.094679,1998.066720,361.045190
626.834632,2016.564453,361.045188
550.368641,2035.112298,361.045186
473.694364,2053.710824,361.045184
396.809190,2072.360665,361.045182
319.710670,2091.062416,361.045180
242.396680,2109.816593,361.045178
164.865427,2128.623632,361.045176
87.115449,2147.483889,361.045174
9.145615,2166.397638,361.045172
-69.044870,2185.365073,361.045170
-147.456470,2204.386309,361.045168
-226.089414,2223.461401,361.045166
-304.943900,2242.590398,361.045164
-384.020127,2261.773350,361.045163
-463.318288,2281.010304,361.045161
-542.838574,2300.301308,361.045159
-622.581172,2319.646408,361.045157
-702.546269,2339.045649,361.045155
-782.734045,2358.499078,361.045153
-863.144682,2378.006737,361.045151
-943.778359,2397.568674,361.045149
-1024.635258,2417.184931,361.045147
-1105.715557,2436.855554,361.045145
-1187.019436,2456.580586,361.045143
-1268.547075,2476.360073,361.045141
-1350.298653,2496.194059,361.045139
-1432.274350,2516.082588,361.045137
-1514.474342,2536.025704,361.045135
-1596.898807,2556.023452,361.045133
-1679.547918,2576.075873,361.045131
-1762.421851,2596.183012,361.045129
-1845.520776,2616.344911,361.045127
-1928.844865,2636.561613,361.045125
-2012.394286,2656.833159,361.045124
-2096.169208,2677.159591,361.045122
-2180.169800,2697.540950,361.045120
-2264.396229,2717.977280,361.045118
-2348.848665,2738.468621,361.045116
-2433.527275,2759.015016,361.045114
-2518.432229,2779.616505,361.045112
-2603.563694,2800.273132,361.045110
-2688.921840,2820.984938,361.045108
-2774.506833,2841.751963,361.045106
-2860.318839,2862.574251,361.045104
-2946.358017,2883.451839,361.045102
-3032.624529,2904.384768,361.045100
-3119.118531,2925.373077,361.045098
-3205.840175,2946.416805,361.045096
-3292.789615,2967.515988,361.045106
-3379.967538,2988.669744,361.050179
-3467.481983,3009.435573,361.068937
-3555.605077,3028.607259,361.109169
-3644.669029,3044.261424,361.177859
-3734.846828,3053.792083,361.281222
-3825.784861,3053.967923,361.424741
-3916.077093,3041.097743,361.613201
-4002.620757,3011.449943,361.850726
-4080.000390,2962.116834,362.140811
-4140.231273,2892.486033,362.486366
-4173.427854,2806.280837,362.889606
-4170.123487,2713.643518,363.351928
-4125.690088,2631.916065,363.873989
-4046.133904,2583.056604,364.455830
-3952.474755,2585.968682,365.097009
-3878.887438,2644.539887,365.796726
-3860.242116,2737.081756,366.553940
-3910.444805,2817.442372,367.367470
-4003.674919,2836.231465,368.236069
-4078.510562,2776.975637,369.158502
-4076.463827,2681.194418,370.133673
-3995.737679,2628.965004,371.160692
-3908.967744,2671.175286,372.238885
-3905.110547,2767.930662,373.367803
-3991.221505,2812.949637,374.547225
-4065.939460,2750.308935,375.777154
-4031.766375,2658.640614,377.057827
-3933.829323,2665.183610,378.389705
-3916.954700,2762.202068,379.773473
-4009.437893,2796.932580,381.210022
-4056.380417,2709.658375,382.700413
-3972.905028,2655.693925,385.920081
-4060.594204,2703.123387,389.257179
-3965.088059,2673.547390,392.714583
-4065.334687,2671.993316,396.295164
-3975.012528,2716.125103,400.001600
-4027.817538,2630.280108,403.836139
-4042.064407,2730.303947,407.800298
-3958.870341,2672.559966,411.894508
-4054.355226,2638.151403,416.117798
-4039.837315,2738.819450,420.467422
-3950.694919,2689.424731,424.938370
-4020.102157,2614.536933,429.522860
-4085.642783,2693.069958,434.209848
-4005.333420,2756.703526,438.984594
-3936.706532,2680.390632,443.828316
-4003.481210,2602.236912,448.718006
-4092.325885,2654.261952,453.626439
-4058.550719,2751.691285,458.523547
-3956.412672,2736.361102,463.381185
-3956.798664,2632.909678,468.175408
-4060.112311,2624.824207,472.886646
-4068.093206,2728.332725,477.499573
-3964.107917,2725.991575,482.002778
-3988.039083,2624.558611,486.388324
-4076.602688,2679.903190,490.651232
-3988.082669,2735.743895,494.788944
-3989.330856,2630.853146,498.800804
-4068.901954,2699.583348,502.687580
-3963.558322,2703.035119,506.451038
-4047.379415,2638.700651,510.093601
-4004.647320,2735.635482,513.618064
-4008.081172,2629.476323,517.027371
-4032.918268,2733.039817,520.324454
-3992.231444,2634.302664,523.512109
-4037.547202,2731.330643,524.990892
-4138.612578,2695.019754,526.419483
-4116.930252,2589.528237,527.798822
-4008.929973,2590.743928,529.129682
-3984.374409,2696.245100,530.412658
-4078.841285,2749.895082,531.648164
-4160.828439,2678.130979,532.836424
-4124.748484,2574.977481,533.977481
-4015.618659,2564.769338,535.071188
-3956.262005,2657.300689,536.117211
-4006.753806,2755.321766,537.115035
-4116.821424,2766.066254,538.063962
-4189.892535,2682.614981,538.963124
-4169.976924,2573.160068,539.811486
-4074.412064,2515.556935,540.607872
-3966.087302,2543.671365,541.350981
-3905.162853,2637.941511,542.039427
-3918.045989,2749.774451,542.671792
-3994.759590,2832.607929,543.246691
-4104.497062,2860.492676,543.762871
-4214.010754,2830.497007,544.219328
-4299.330410,2755.090481,544.615464
-4349.084231,2652.318376,544.951272
-4362.228032,2538.581841,545.227556
-4343.798770,2425.270351,545.446172
-4301.121267,2318.372086,545.610285
-4241.398477,2219.628131,545.724624
-4170.620713,2128.110894,545.795710
-4093.328893,2041.636314,545.832043
-4012.748617,1957.820173,545.844208
-3930.955156,1874.787940,545.844877
-3848.906833,1791.608305,545.844875
-3766.659781,1708.226924,545.844873
-3684.215446,1624.645260,545.844872
-3601.576232,1540.865750,545.844870
-3518.745510,1456.891810,545.844868
-3435.727616,1372.727835,545.844867
-3352.527860,1288.379205,545.844865
-3269.152520,1203.852285,545.844863
-3185.608458,1119.154032,545.844862
-3101.901851,1034.290705,545.844860
-3018.037925,949.267601,545.844858
-2934.020957,864.089056,545.844857
-2849.854268,778.758437,545.844855
-2765.540224,693.278141,545.844853
-2681.080235,607.649594,545.844852
-2596.474761,521.873265,545.844850
-2511.723746,435.949094,545.844848
-2426.827109,349.876999,545.844847
-2341.784768,263.656896,545.844845
-2256.596643,177.288702,545.844843
-2171.262653,90.772334,545.844842
-2085.782718,4.107710,545.844840
-2000.156758,-82.705252,545.844838
-1914.384673,-169.666653,545.844837
-1828.466194,-256.776769,545.844835
-1742.400807,-344.036121,545.844833
-1656.187755,-431.445478,545.844832
-1569.826039,-519.005853,545.844830
-1483.314414,-606.718510,545.844828
-1396.651392,-694.584958,545.844827
-1309.835239,-782.606958,545.844825
-1222.864104,-870.786385,545.844823
-1135.736331,-959.124920,545.844822
-1048.450507,-1047.623998,545.844820
-961.005458,-1136.284809,545.844818
-873.400257,-1225.108295,545.844817
-785.634216,-1314.095154,545.844815
-697.706894,-1403.245834,545.844813
-609.618086,-1492.560544,545.844812
-521.367701,-1582.039378,545.844810
-432.955654,-1671.682423,545.844808
-344.381860,-1761.489765,545.844807
-255.646238,-1851.461489,545.844805
-166.748706,-1941.597679,545.844803
-77.689184,-2031.898417,545.844802
11.532406,-2122.363783,545.844800
100.916141,-2212.993856,545.844798
190.462098,-2303.788715,545.844797
280.170355,-2394.748440,545.844795
370.040990,-2485.873112,545.844793
460.074081,-2577.162812,545.844792
550.269708,-2668.617620,545.844790
640.627950,-2760.237619,545.844788
731.148888,-2852.022892,545.844787
821.832602,-2943.973520,545.844785
912.679172,-3036.089586,545.844783
1003.688679,-3128.371173,545.844782
1094.861200,-3220.818361,545.844780
1186.196816,-3313.431232,545.844778
1277.695603,-3406.209866,545.844777
1369.357641,-3499.154343,545.844775
1461.183007,-3592.264743,545.844773
1553.171779,-3685.541146,545.844772
1645.324034,-3778.983633,545.844770
1737.639852,-3872.592284,545.844768
1830.119312,-3966.367182,545.844767
1922.762495,-4060.308408,545.844765
2015.569481,-4154.416045,545.844763
2108.540350,-4248.690178,545.844762
2201.675186,-4343.130889,545.844760
2294.974068,-4437.738262,545.844758
2388.437075,-4532.512377,545.844757
2482.064285,-4627.453315,545.844755
2575.855774,-4722.561154,545.844753
2669.811618,-4817.835972,545.844752
2763.931890,-4913.277843,545.844750
2858.216669,-5008.886851,545.844748
2952.666417,-5104.663463,545.844747
3047.282496,-5200.609062,545.844745
3142.067216,-5296.725993,545.844743
3237.023835,-5393.017558,545.844742
3332.156556,-5489.488023,545.844740
3427.470536,-5586.142618,545.844738
3522.971884,-5682.987538,545.844737
3618.667529,-5780.029812,545.844735
3714.564064,-5877.276128,545.844734
3810.667151,-5974.732227,545.844732
3906.981511,-6072.402898,545.844730
4003.510921,-6170.291974,545.844729
4100.258218,-6268.402333,545.844727
4197.225291,-6366.735892,545.844725
4294.413082,-6465.293607,545.844724
4391.821811,-6564.075703,545.844722
4489.451592,-6663.082298,545.844720
4587.302539,-6762.313509,545.844719
4685.374767,-6861.769452,545.844717
4783.668386,-6961.450243,545.844715
4882.183510,-7061.355997,545.844714
4980.920249,-7161.486828,545.844712
5079.878647,-7261.842781,545.844710
5179.056921,-7362.422051,545.844709
5278.449553,-7463.219044,545.844707
5378.047190,-7564.224273,545.844705
5477.836635,-7665.424359,545.844704
5577.800843,-7766.802015,545.844702
5677.918916,-7868.336051,545.844700
5778.166106,-7970.001367,545.844699
5878.514589,-8071.769750,545.844697
5978.938432,-8173.614897,545.844695
6079.415518,-8275.514380,545.844694
6179.927556,-8377.449650,545.844692
6280.460091,-8479.406046,545.844690
6381.002498,-8581.372794,545.844689
6481.547988,-8683.343007,545.844687
