0.000000,0.000000,0.000000
2.171640,0.000000,0.000004
4.345555,0.000009,0.000013
6.525690,0.000037,0.000046
8.718016,0.000138,0.000204
10.930617,0.000590,0.000790
13.173832,0.002361,0.002515
15.460476,0.008113,0.006814
17.806122,0.024095,0.016243
20.229353,0.063459,0.034961
22.751669,0.151679,0.069211
25.394645,0.334895,0.127409
28.171854,0.690663,0.219356
31.075444,1.337999,0.355341
34.050143,2.441891,0.545179
36.950460,4.200909,0.797339
39.486166,6.797906,1.118328
41.183539,10.289700,1.512404
41.425557,14.429704,1.981614
39.660534,18.481604,2.526063
35.826039,21.193288,3.144327
30.850820,21.179685,3.834222
26.806504,17.823848,4.593453
26.149616,12.326862,5.419812
29.930093,7.905548,6.311298
36.026017,8.076968,7.266202
39.563359,13.385540,8.283144
36.792293,19.441095,9.361110
29.867316,19.882593,10.499460
26.431632,13.535112,11.697940
31.273636,7.814008,12.956676
38.460041,10.770579,14.276125
37.345813,18.737359,15.657042
29.041661,19.160581,17.100457
27.519565,10.714629,20.240419
29.102482,19.416728,23.516253
28.686701,10.323325,26.931201
26.575180,19.437273,30.488481
32.334961,11.755165,34.190972
23.147812,15.282076,38.040798
32.638336,18.657245,42.038894
28.889611,9.066400,46.184693
22.681198,17.552849,50.475548
33.171159,19.789419,54.906001
32.386268,8.887248,59.467028
21.532699,11.351178,64.145282
24.415289,22.303093,68.922427
35.719763,20.098395,73.774612
35.101618,8.405488,78.672180
23.303231,6.834627,83.580166
19.405814,18.289249,88.470529
30.166602,24.251094,93.321349
37.681996,14.248595,98.113567
28.147903,5.815520,102.830991
19.516182,15.475761,107.460183
30.048729,23.416912,111.990295
36.059244,11.399139,116.412842
22.571898,9.029565,120.721444
25.753152,22.624082,124.911546
36.151955,12.894556,128.980145
21.843089,10.366894,132.925696
30.118389,22.673195,136.747983
31.459430,7.594491,140.447827
22.144173,19.925905,144.026804
36.091236,12.550047,147.487001
20.211587,15.240819,150.830800
36.641302,15.805449,154.060709
19.990828,13.752640,155.557598
20.825128,-3.343431,157.002168
38.230944,-4.694478,158.395467
42.720591,12.531362,159.738377
26.649605,20.956364,161.031584
13.905409,7.559550,162.275571
22.662442,-9.116350,163.470620
41.731614,-7.052664,164.616800
47.814561,11.500966,165.713978
33.835566,25.621439,166.761810
14.288611,20.475920,167.759751
7.911470,0.935325,168.707055
20.252952,-15.925794,169.602791
41.466492,-16.843059,170.445867
56.495750,-1.372584,171.235054
56.095979,20.524809,171.969018
40.907480,36.756190,172.646364
18.578592,39.930879,173.265701
-1.729132,29.407330,173.825727
-13.503632,9.433727,174.325342
-14.279940,-14.046541,174.763788
-4.896122,-35.911662,175.140817
12.085493,-52.994550,175.456866
33.790881,-64.083653,175.713262
57.872141,-69.365792,175.912472
82.795621,-69.782461,176.058351
107.779996,-66.537348,176.156381
132.582415,-60.803444,176.213879
157.262706,-53.581008,176.240160
181.989391,-45.633878,176.246604
206.908963,-37.447214,176.246620
232.075785,-29.178878,176.254626
257.427302,-20.624397,176.283800
282.774315,-11.239328,176.345260
307.754383,-0.201431,176.448022
331.722943,13.484956,176.599093
353.594530,30.809422,176.803633
371.690683,52.453686,177.065176
383.709884,78.331828,177.385886
386.995997,107.007271,177.766806
379.296451,135.175786,178.208113
360.077644,157.620362,178.709338
332.107033,168.194698,179.269565
302.439672,162.218393,179.887589
281.472033,139.890395,180.562051
279.009197,108.987087,181.291531
297.997150,84.007247,182.074631
329.453525,79.646744,182.910025
354.084368,100.294330,183.796502
353.650732,132.817739,184.732991
326.880935,151.968392,185.718579
295.765585,140.092351,186.752525
289.990460,106.894584,187.834268
316.893509,85.959264,188.963427
347.670141,101.510271,190.139809
345.110672,136.292282,191.363408
311.154256,145.827006,192.634403
291.803139,115.870840,193.953161
316.253183,89.372327,195.320231
347.485595,108.157138,196.736342
333.590132,142.271507,198.202392
297.837836,131.911187,201.362915
333.755117,143.060506,204.632195
299.202808,127.269563,208.012978
329.327166,151.031080,211.508170
309.099383,117.989370,215.120728
312.161295,156.980109,218.853503
331.528687,122.583345,222.709034
294.030800,136.018618,226.689284
329.365791,155.075778,230.795309
324.858122,114.907069,235.026854
291.107202,137.632253,239.381889
324.414945,161.453588,243.856096
339.800210,123.229947,248.442332
299.704654,112.713253,253.130108
290.122205,153.291483,257.905119
330.248978,165.463659,262.748887
347.670014,127.063263,267.638568
312.751453,103.010162,272.547000
282.189359,132.737970,277.467188
305.097368,168.973177,282.426844
346.056970,155.558763,287.449917
345.805213,112.232381,292.555974
305.491695,95.762199,297.760342
271.766861,123.650984,303.074432
275.686266,167.444735,308.506181
311.371481,193.468885,314.060569
355.511053,189.098279,319.740152
389.507173,160.329920,325.545587
406.534302,118.994769,331.476107
408.242434,74.162168,337.529944
399.684788,29.967118,343.704675
386.351944,-13.177095,349.997508
373.398143,-56.574581,356.405496
365.926923,-101.368455,362.925708
369.190994,-146.778225,369.555349
387.723605,-188.477989,376.291845
422.720977,-217.912406,383.132911
468.082185,-224.369252,390.076583
507.934919,-201.599031,397.121252
521.090211,-157.549914,404.265680
496.207980,-118.817535,411.509006
450.151525,-116.991299,418.850758
425.960925,-156.282873,426.290851
452.229164,-194.266275,433.829591
496.516317,-181.059817,441.467671
493.102240,-134.947398,449.206167
446.887596,-133.024563,457.046530
444.335163,-179.216211,464.990572
490.567938,-177.603909,473.040445
479.990020,-132.579103,481.198604
440.217022,-156.146816,489.467756
477.801339,-183.018212,497.850788
482.026201,-137.048397,506.350656
442.814805,-161.318405,514.970244
487.427733,-172.755165,523.712165
460.076429,-135.787571,532.578508
463.678745,-181.551488,541.570520
479.569581,-138.581180,550.688215
451.495409,-174.657739,559.929919
485.584850,-144.369195,569.291764
449.753447,-172.379272,578.767157
484.023787,-142.677212,588.346247
454.814482,-177.188986,598.015446
474.740720,-136.762786,607.757047
468.421669,-181.239474,617.548998
458.386669,-137.603755,627.364901
484.213610,-173.998207,637.174886
446.725021,-150.052555,646.950174
490.022766,-159.639922,656.666032
445.922796,-162.872387,666.302109
488.251300,-150.495685,675.842333
447.726973,-167.624918,685.274619
488.037640,-150.228128,694.590440
446.147696,-163.115739,703.784325
489.813778,-160.160693,712.853320
447.897198,-147.733798,721.796463
479.266993,-178.142798,730.614298
470.846889,-135.287382,739.308440
448.518093,-172.823715,747.881216
491.486670,-164.908616,756.335372
460.665032,-133.897795,764.673839
447.564790,-175.658963,772.899561
491.291314,-172.691153,781.015366
477.082711,-131.153883,789.023872
438.150773,-151.626368,796.927420
460.577512,-189.581574,804.728033
499.774038,-169.159791,812.427387
485.593068,-127.168402,820.026787
441.248517,-130.326799,827.527162
428.814721,-173.162685,834.929054
462.032953,-203.166065,842.232620
505.141864,-190.499293,849.437622
521.168005,-148.330844,856.543437
501.079324,-107.727168,863.549058
458.975677,-90.473321,870.453101
414.487515,-100.980805,877.253816
380.862581,-132.272104,883.949111
362.494919,-174.622640,890.536583
357.634759,-220.768576,897.013564
361.774622,-267.233865,903.377194
369.678262,-313.469558,909.624519
375.954486,-360.222079,915.752630
374.928388,-407.656630,921.758848
360.888093,-453.271895,927.640968
329.967785,-490.007027,933.397564
284.495532,-506.325204,939.028370
238.167421,-491.595626,944.534719
215.311536,-448.342594,949.920044
235.014291,-403.224599,955.190410
284.033690,-396.004317,960.355043
312.128603,-437.204174,965.426826
283.257265,-478.257352,970.422703
235.461408,-461.916655,975.363936
240.566051,-411.337364,980.276155
291.475173,-406.268149,985.180778
306.270747,-455.582381,990.055611
259.705685,-478.301711,994.875144
231.962924,-434.156268,999.618237
275.508470,-404.888129,1004.268066
302.163303,-450.462856,1008.811855
252.452811,-469.208829,1013.240474
248.348934,-415.907979,1017.547939
299.269510,-433.240401,1021.730885
258.342616,-468.651751,1025.788027
255.184930,-414.294020,1029.719672
296.268405,-450.525059,1033.527272
241.253998,-447.401782,1037.213049
290.224278,-421.440357,1040.779691
256.120926,-465.538984,1044.230111
275.316157,-412.862868,1047.567262
266.674379,-468.575293,1050.794001
270.568235,-412.019962,1052.291114
214.149391,-403.929743,1053.737656
199.049526,-459.202969,1055.134627
251.148273,-483.762145,1056.482862
286.782467,-438.137533,1057.783018
252.173045,-391.370021,1059.035577
196.654270,-409.697680,1060.240831
193.912432,-468.379265,1061.398887
246.812737,-494.551076,1062.509668
293.963869,-458.605939,1063.572907
285.429910,-399.666912,1064.588153
230.617384,-375.729119,1065.554774
179.565135,-407.372227,1066.471961
173.619635,-467.387250,1067.338739
215.683210,-510.937625,1068.153980
276.457132,-510.179246,1068.916424
320.041841,-467.498322,1069.624711
325.396910,-406.514964,1070.277428
292.502172,-354.640198,1070.873168
235.984237,-330.080658,1071.410618
174.673841,-337.941812,1071.888668
123.705971,-373.229433,1072.306555
91.356738,-426.309192,1072.664036
79.595994,-487.508835,1072.961594
86.311000,-549.614979,1073.200679
107.589735,-608.494769,1073.383955
139.308390,-662.621921,1073.515559
177.929780,-712.214070,1073.601343
220.735382,-758.398159,1073.649077
265.773222,-802.562891,1073.668590
311.740645,-845.912549,1073.671810
357.923756,-889.185465,1073.671808
404.183974,-932.530825,1073.671806
450.521924,-975.949213,1073.671803
496.937820,-1019.440831,1073.671801
543.431444,-1063.005475,1073.671799
590.002129,-1106.642521,1073.671797
636.648740,-1150.350906,1073.671794
683.369658,-1194.129113,1073.671792
730.162810,-1237.975201,1073.671790
777.026151,-1281.887255,1073.671788
823.957958,-1325.863659,1073.671785
870.956848,-1369.903120,1073.671783
918.021804,-1414.004684,1073.671781
965.152187,-1458.167752,1073.671779
1012.347752,-1502.392098,1073.671776
1059.608667,-1546.677878,1073.671774
1106.935431,-1591.025560,1073.671772
1154.328595,-1635.435661,1073.671770
1201.788706,-1679.908695,1073.671768
1249.316312,-1724.445175,1073.671765
1296.911955,-1769.045610,1073.671763
1344.576176,-1813.710508,1073.671761
1392.309516,-1858.440376,1073.671759
1440.112512,-1903.235717,1073.671756
1487.985752,-1948.097084,1073.671754
1535.929938,-1993.025134,1073.671752
1583.945891,-2038.020638,1073.671750
1632.034556,-2083.084482,1073.671747
1680.197005,-2128.217671,1073.671745
1728.434440,-2173.421333,1073.671743
1776.748199,-2218.696721,1073.671741
1825.139734,-2264.045197,1073.671738
1873.610460,-2309.468087,1073.671736
1922.161682,-2354.966616,1073.671734
1970.794593,-2400.541901,1073.671732
2019.510267,-2446.194951,1073.671730
2068.309661,-2491.926662,1073.671727
2117.193606,-2537.737814,1073.671725
2166.162805,-2583.629067,1073.671723
2215.217867,-2629.600991,1073.671721
2264.359385,-2675.654145,1073.671718
2313.587949,-2721.789081,1073.671716
2362.904146,-2768.006349,1073.671714
2412.308557,-2814.306496,1073.671712
2461.801761,-2860.690065,1073.671709
2511.384334,-2907.157594,1073.671707
2561.056845,-2953.709622,1073.671705
2610.819864,-3000.346679,1073.671703
2660.673956,-3047.069298,1073.671700
2710.619683,-3093.878006,1073.671698
2760.657606,-3140.773329,1073.671696
2810.788282,-3187.755790,1073.671694
2861.012266,-3234.825911,1073.671692
2911.330111,-3281.984209,1073.671689
2961.742366,-3329.231201,1073.671687
3012.249578,-3376.567400,1073.671685
3062.852291,-3423.993317,1073.671683
3113.551046,-3471.509459,1073.671680
3164.346380,-3519.116331,1073.671678
3215.238828,-3566.814434,1073.671676
3266.228921,-3614.604267,1073.671674
3317.317188,-3662.486327,1073.671671
3368.504154,-3710.461107,1073.671669
3419.790342,-3758.529098,1073.671667
3471.176273,-3806.690789,1073.671665
3522.662465,-3854.946666,1073.671663
3574.249435,-3903.297213,1073.671660
3625.937695,-3951.742914,1073.671658
3677.727756,-4000.284248,1073.671656
3729.620128,-4048.921692,1073.671654
3781.615317,-4097.655722,1073.671651
3833.713824,-4146.486808,1073.671649
3885.916148,-4195.415421,1073.671647
3938.222785,-4244.442023,1073.671645
3990.634226,-4293.567078,1073.671642
4043.150958,-4342.791042,1073.671640
4095.773467,-4392.114372,1073.671638
4148.502234,-4441.537519,1073.671636
4201.337735,-4491.060932,1073.671633
4254.280445,-4540.685054,1073.671631
4307.330833,-4590.410329,1073.671629
4360.489367,-4640.237194,1073.671627
4413.756510,-4690.166084,1073.671625
4467.132721,-4740.197431,1073.671622
4520.618457,-4790.331664,1073.671620
4574.214169,-4840.569207,1073.671618
4627.920310,-4890.910486,1073.671616
4681.737327,-4941.355920,1073.671613
4735.665668,-4991.905929,1073.671611
4789.705776,-5042.560931,1073.671609
4843.858093,-5093.321341,1073.671607
4898.123060,-5144.187572,1073.671604
4952.501115,-5195.160036,1073.671602
5006.992693,-5246.239143,1073.671600
5061.598226,-5297.425298,1073.671598
5116.318145,-5348.718905,1073.671595
5171.152876,-5400.120367,1073.671593
5226.102846,-5451.630082,1073.671591
5281.168474,-5503.248446,1073.671589
5336.350181,-5554.975854,1073.671587
5391.648384,-5606.812697,1073.671584
5447.063497,-5658.759364,1073.671582
5502.595933,-5710.816245,1073.671580
5558.246103,-5762.983725,1073.671578
5614.014416,-5815.262189,1073.671575
5669.901279,-5867.652019,1073.671573
5725.907098,-5920.153596,1073.671571
5782.032277,-5972.767301,1073.671569
5838.277216,-6025.493509,1073.671566
5894.642314,-6078.332596,1073.671564
5951.127966,-6131.284932,1073.671562
6007.734562,-6184.350885,1073.671560
6064.462492,-6237.530820,1073.671557
6121.312140,-6290.825100,1073.671555
6178.283889,-6344.234084,1073.671553
6235.378117,-6397.758127,1073.671551
6292.595200,-6451.397583,1073.671549
6349.935511,-6505.152803,1073.671546
6407.399418,-6559.024132,1073.671544
6464.987288,-6613.011917,1073.671542
6522.699484,-6667.116497,1073.671540
6580.536365,-6721.338212,1073.671537
6638.498288,-6775.677396,1073.671535
6696.585608,-6830.134383,1073.671533
6754.798676,-6884.709503,1073.671531
6813.137843,-6939.403087,1073.671528
6871.603458,-6994.215464,1073.671526
6930.195869,-7049.146958,1073.671524
6988.915421,-7104.197897,1073.671522
7047.762459,-7159.368605,1073.671519
7106.737326,-7214.659403,1073.671517
7165.840363,-7270.070612,1073.671515
7225.071909,-7325.602552,1073.671513
7284.432300,-7381.255539,1073.671511
7343.921872,-7437.029888,1073.671508
7403.540955,-7492.925911,1073.671506
7463.289880,-7548.943919,1073.671504
7523.168976,-7605.084220,1073.671502
7583.178568,-7661.347121,1073.671499
7643.318980,-7717.732927,1073.671497
7703.590536,-7774.241943,1073.671495
7763.993557,-7830.874471,1073.671493
7824.528363,-7887.630812,1073.671490
7885.195275,-7944.511267,1073.671488
7945.994610,-8001.516136,1073.671486
8006.926685,-8058.645717,1073.671484
8067.991815,-8115.900305,1073.671481
8129.190312,-8173.280196,1073.671479
8190.522486,-8230.785680,1073.671477
8251.988644,-8288.417046,1073.671475
8313.589089,-8346.174580,1073.671473
8375.324122,-8404.058566,1073.671470
8437.194043,-8462.069284,1073.671468
8499.199147,-8520.207014,1073.671466
8561.339726,-8578.472030,1073.671464
8623.616071,-8636.864607,1073.671461
8686.028470,-8695.385014,1073.671459
8748.577206,-8754.033520,1073.671457
8811.262563,-8812.810390,1073.671455
8874.084818,-8871.715888,1073.671452
8937.044250,-8930.750273,1073.671450
9000.141132,-8989.913804,1073.671448
9063.375736,-9049.206739,1073.671446
9126.748335,-9108.629332,1073.671443
9190.259200,-9168.181840,1073.671441
9253.908600,-9227.864517,1073.671439
9317.696805,-9287.677615,1073.671437
9381.624082,-9347.621387,1073.671435
9445.690699,-9407.696086,1073.671432
9509.896921,-9467.901960,1073.671430
9574.243012,-9528.239260,1073.671428
9638.729235,-9588.708232,1073.671426
9703.355849,-9649.309122,1073.671423
9768.123115,-9710.042173,1073.671421
9833.031290,-9770.907628,1073.671419
9898.080628,-9831.905728,1073.671417
9963.271384,-9893.036713,1073.671414
10028.603810,-9954.300820,1073.671412
10094.078159,-10015.698286,1073.671410
10159.694683,-10077.229350,1073.671408
10225.453631,-10138.894247,1073.671405
10291.355253,-10200.693213,1073.671403
10357.399799,-10262.626482,1073.671401
10423.587518,-10324.694289,1073.671399
10489.918655,-10386.896867,1073.671397
10556.393458,-10449.234446,1073.671394
10623.012167,-10511.707256,1073.671392
10689.775024,-10574.315523,1073.671390
10756.682267,-10637.059472,1073.671388
10823.734130,-10699.939324,1073.671385
10890.930847,-10762.955299,1073.671383
10958.272670,-10826.107635,1073.671381
11025.760283,-10889.396975,1073.671379
11093.395192,-10952.824732,1073.671376
11161.179745,-11016.393109,1073.671374
11229.117132,-11080.105100,1073.671372
11297.211399,-11143.964499,1073.671370
11365.467445,-11207.975902,1073.671367
11433.891034,-11272.144717,1073.671365
11502.488586,-11336.476966,1073.671363
11571.266072,-11400.978250,1073.671361
11640.228643,-11465.653400,1073.671359
11709.380627,-11530.506479,1073.671356
11778.725522,-11595.540766,1073.671354
11848.265989,-11660.758761,1073.671352
11918.003847,-11726.162171,1073.671350
11987.940069,-11791.751910,1073.671347
12058.075069,-11857.528367,1073.671345
12128.409207,-11923.491883,1073.671343
12198.942840,-11989.642792,1073.671341
12269.676321,-12055.981429,1073.671338
12340.610000,-12122.508123,1073.671336
12411.744226,-12189.223203,1073.671334
12483.079343,-12256.126994,1073.671332
12554.615548,-12323.219683,1073.671329
12626.350961,-12390.499506,1073.671327
12698.280232,-12457.961448,1073.671325
12770.394496,-12525.597198,1073.671323
12842.681352,-12593.395124,1073.671321
12915.124845,-12661.340265,1073.671318
12987.705461,-12729.414319,1073.671316
13060.400114,-12797.595635,1073.671314
13133.183354,-12865.860344,1073.671312
13206.032053,-12934.186753,1073.671309
13278.926555,-13002.556429,1073.671307
13351.850693,-13070.954207,1073.671305
13424.791800,-13139.368208,1073.671303
13497.740715,-13207.789839,1073.671300
13570.691787,-13276.213799,1073.671298
