0.000000,0.000000,0.000000
34.329522,0.000000,0.000000
68.662734,0.000000,0.000000
103.006011,0.000000,0.000000
137.368943,0.000000,0.000000
171.764348,0.000000,0.000000
206.208298,0.000000,0.000000
240.720161,0.000000,0.000000
275.322665,0.000000,0.000000
310.041972,0.000000,0.000000
344.907786,0.000000,0.000000
379.953486,0.000000,0.000000
415.216279,0.000000,0.000000
450.736503,0.000000,0.000000
486.553380,0.000000,0.000000
522.703674,0.000000,0.000000
559.221660,0.000000,0.000000
596.139050,0.000000,0.000000
633.484900,0.000000,0.000000
671.285493,0.000000,0.000000
709.564203,0.000000,0.000000
748.341351,0.000000,0.000000
787.634043,0.000000,0.000000
827.456010,0.000000,0.000000
867.744737,0.000000,0.000000
908.468348,0.000000,0.000000
949.629673,0.000000,0.000000
991.231448,0.000000,0.000000
1033.276328,0.000000,0.000000
1075.766880,0.000000,0.000000
1118.705594,0.000000,0.000000
1162.094883,0.000000,0.000000
1205.937083,0.000000,0.000000
1250.234460,0.000000,0.000000
1294.989213,0.000000,0.000000
1340.203471,0.000000,0.000000
1385.879299,0.000000,0.000000
1432.018631,0.000000,0.000000
1478.622761,0.000000,0.000000
1525.692112,0.000000,0.000000
1573.226230,0.000000,0.000000
1621.223769,0.000000,0.000000
1669.682487,0.000000,0.000000
1718.599241,0.000000,0.000000
1767.969974,0.000000,0.000000
1817.789713,0.000000,0.000000
1868.052568,0.000000,0.000000
1918.751719,0.000000,0.000000
1969.879421,0.000000,0.000000
2021.427114,0.000000,0.000000
2073.386440,0.000000,0.000000
2125.749780,0.000000,0.000000
2178.510271,0.000000,0.000000
2231.661815,0.000000,0.000000
2285.199092,0.000000,0.000000
2339.117569,0.000000,0.000000
2393.413508,0.000000,0.000000
2448.083977,0.000000,0.000000
2503.126854,0.000000,0.000000
2558.540839,0.000000,0.000000
2614.325454,0.000000,0.000000
2670.481075,0.000000,-0.003324
2727.008840,-0.187899,-0.023079
2783.896661,-1.501046,-0.071125
2841.032704,-5.571742,-0.157111
2897.984366,-14.593860,-0.288507
2953.630963,-31.109078,-0.470758
3005.706578,-57.611424,-0.707509
3050.407727,-95.840180,-1.000876
3082.353085,-145.688175,-1.351725
3095.303795,-203.855831,-1.759941
3084.027225,-262.761917,-2.224681
3047.314090,-310.668211,-2.744601
2991.304486,-334.150328,-3.318116
2931.148173,-323.419675,-3.943560
2888.404879,-279.235939,-4.619275
2882.654989,-217.663090,-5.343674
2919.366007,-167.448586,-6.115270
2981.047773,-156.992851,-6.932722
3031.152923,-195.046430,-7.794834
3034.893033,-258.206130,-8.700572
2987.239491,-300.357487,-9.649071
2924.872954,-286.129716,-10.639635
2902.461083,-225.846108,-11.671724
2942.924104,-175.413094,-12.744917
3006.890821,-186.957018,-13.858911
3024.838003,-249.782551,-15.013518
2974.373071,-291.811612,-16.208670
2916.468498,-260.125043,-17.444417
2927.407487,-194.696190,-18.720926
2993.519862,-186.144912,-20.038484
3018.482380,-248.305486,-21.397493
2962.693964,-285.955067,-22.798469
2915.940076,-237.105037,-24.242039
2958.657912,-184.289779,-25.728939
3015.119745,-222.603053,-28.918692
2960.327533,-181.435465,-32.202470
3008.941851,-230.161291,-35.582448
2973.057439,-171.085802,-39.060936
2987.455820,-238.980821,-42.640330
3003.262687,-171.113478,-46.323036
2954.566415,-221.338780,-50.111358
3023.956617,-210.558541,-54.007364
2965.796917,-170.744678,-58.012717
2973.333223,-241.076037,-62.128455
3027.464926,-195.166152,-66.354686
2961.362549,-168.668920,-70.690255
2961.046773,-240.112377,-75.132411
3030.194845,-221.286439,-79.676455
2999.959533,-156.076807,-84.315380
2936.964926,-191.116981,-89.039551
2971.355504,-254.695854,-93.836423
3037.788203,-225.714949,-98.690336
3018.416417,-155.674007,-103.582436
2945.851412,-162.231451,-108.490755
2938.136390,-234.874389,-113.403889
3007.964149,-256.977075,-118.333861
3044.714307,-193.402887,-123.291201
2991.815701,-142.202306,-128.284051
2927.814115,-178.953246,-133.318327
2942.465784,-251.470050,-138.398098
3015.578383,-263.871470,-143.526033
3056.532617,-201.845778,-148.703783
3019.398933,-137.270542,-153.932323
2944.750879,-137.697283,-159.212176
2904.906398,-201.004132,-164.543620
2933.400771,-270.325414,-169.926901
3005.548550,-291.142000,-175.362355
3069.010736,-250.747631,-180.850455
3084.637260,-177.026746,-186.391870
3046.288595,-112.007993,-191.987508
2975.274358,-86.057129,-197.638539
2902.536690,-107.114844,-203.346433
2852.890803,-164.443037,-209.113001
2838.019597,-238.917379,-214.940439
2857.471241,-312.434987,-220.831336
2903.610505,-373.009170,-226.788683
2966.788371,-415.678330,-232.815901
3038.792176,-440.990470,-238.916911
3114.269138,-452.851213,-245.096180
3190.642151,-456.822566,-251.358805
3267.146185,-459.224996,-257.710589
3343.362761,-466.871500,-264.158123
3417.348163,-486.897467,-270.708889
3483.439331,-525.792128,-277.371336
3530.451065,-586.414371,-284.154998
3542.610351,-662.176050,-291.070567
3507.636328,-730.477076,-298.129923
3434.840655,-754.712228,-305.346067
3372.045317,-710.675562,-312.732914
3383.079084,-634.820219,-320.304883
3458.946724,-624.316924,-328.076201
3475.660461,-698.977895,-336.059911
3399.567641,-705.883392,-344.266545
3419.336306,-632.208970,-352.702655
3469.909956,-689.118472,-361.369314
3394.225060,-682.581365,-370.261051
3462.563488,-649.832578,-379.365523
3408.158687,-702.291134,-388.663876
3455.377996,-643.561680,-398.131614
3405.831967,-700.035880,-407.739598
3464.649419,-653.681466,-417.454839
3395.248398,-681.158696,-427.240820
3469.632855,-679.984765,-437.057267
3400.664871,-652.766354,-446.874583
3453.796130,-704.124033,-456.691898
3424.451688,-636.577401,-466.509214
3425.720969,-709.959885,-476.326530
3452.526211,-641.910178,-486.143845
3401.907773,-694.344374,-495.961161
3468.493202,-665.366389,-505.778476
3396.155117,-666.664326,-515.595792
3463.232571,-693.036574,-525.413108
3411.547653,-643.205899,-535.230423
3440.124065,-708.752900,-545.047739
3438.800641,-637.557194,-554.865055
3412.900165,-703.559820,-564.682370
3461.862287,-652.710108,-574.499686
3397.464141,-680.835152,-584.317002
3467.399776,-679.489979,-594.134317
3402.573547,-654.099429,-603.951633
3452.518328,-702.128104,-613.768948
3424.878118,-638.951336,-623.586264
3426.242140,-707.562887,-633.403580
3451.106660,-643.958795,-643.220895
3404.033148,-692.973610,-653.038211
3465.972717,-665.827021,-662.855527
3398.688982,-667.208107,-672.672842
3461.078524,-691.551399,-682.490158
3412.981219,-645.418719,-692.307473
3439.642986,-706.145408,-702.124789
3438.245920,-640.159681,-711.942105
3414.410753,-701.363617,-721.759420
3459.626327,-654.161504,-731.576736
3400.081621,-680.350198,-741.394052
3464.802865,-678.938096,-751.211367
3404.753461,-655.597189,-761.028683
3451.084231,-699.920763,-770.845998
3425.355283,-641.523713,-780.663314
3426.781754,-705.023497,-790.480630
3449.650015,-646.077394,-800.297945
3406.164354,-691.591100,-810.115261
3463.510757,-666.280827,-819.932577
3401.093371,-667.723305,-829.749892
3459.098957,-690.183611,-839.567208
3414.250562,-647.388974,-849.384523
3439.240388,-703.910504,-859.201839
3437.776642,-642.295260,-869.019155
3415.610056,-699.652244,-878.836470
3457.951418,-655.221475,-888.653786
3401.920078,-680.037835,-898.471102
3463.108862,-678.544690,-908.288417
3406.055600,-656.537811,-918.105733
3450.321028,-698.667104,-927.923048
3425.549945,-642.835378,-937.740364
3427.078960,-703.877986,-947.557680
3449.013400,-646.902989,-957.374995
3406.955580,-691.150494,-967.192311
3462.739607,-666.357453,-977.009627
