0.000000,0.000000,0.000000
36.507257,0.000000,-0.000002
73.018539,-0.000055,-0.000006
109.540807,-0.000274,-0.000033
146.084530,-0.001480,-0.000175
182.663709,-0.007899,-0.000716
219.295924,-0.034110,-0.002333
256.002376,-0.119728,-0.006399
292.807134,-0.355245,-0.015321
329.731121,-0.921001,-0.032478
366.783808,-2.124822,-0.061800
403.947295,-4.424454,-0.107294
441.144720,-8.430881,-0.172679
478.188792,-14.891942,-0.261224
514.709909,-24.655208,-0.375735
550.068374,-38.603263,-0.518609
583.263870,-57.548451,-0.692178
612.854890,-82.079535,-0.899088
636.912478,-112.339185,-1.142457
653.063109,-147.709719,-1.426041
658.705378,-186.415062,-1.754433
651.519627,-225.104475,-2.133318
630.403555,-258.597171,-2.569803
596.898976,-280.157247,-3.072831
556.916340,-282.910860,-3.653690
521.798816,-263.170778,-4.326669
506.562646,-225.648854,-5.109794
522.319488,-188.109067,-6.025365
561.896357,-177.673084,-7.099664
590.073003,-207.657975,-8.360540
570.006889,-243.823023,-9.831566
531.835151,-227.377981,-13.356350
561.225611,-257.038963,-17.322000
563.038321,-215.143311,-21.667856
523.119104,-228.518142,-26.305725
539.488869,-267.473617,-31.133787
580.216375,-255.667862,-36.040934
576.502846,-213.278087,-40.945372
534.034350,-208.816722,-45.833794
522.161994,-249.995498,-50.694787
561.274222,-267.900294,-55.517275
583.453971,-230.848764,-60.290347
547.669914,-206.363038,-65.003169
523.062299,-242.291844,-69.644944
560.812078,-264.405277,-74.204941
577.019047,-223.533493,-78.672578
533.204051,-217.682123,-83.037569
542.673666,-261.121797,-87.290447
577.622312,-233.196875,-91.423609
534.843843,-219.142820,-95.431556
551.955613,-261.127123,-99.310834
567.641583,-218.243863,-103.059847
530.009802,-244.697558,-106.678556
575.931941,-238.432343,-110.168166
530.277613,-228.585780,-113.530787
572.991647,-248.354071,-116.769153
532.071504,-224.365904,-118.265414
553.108067,-181.442109,-119.704964
598.766592,-196.798316,-121.089035
592.102505,-244.881613,-122.418621
543.449616,-249.934875,-123.694469
524.327391,-204.509286,-124.917063
560.774756,-170.782869,-126.086627
606.395056,-191.315648,-127.203116
607.976610,-241.687975,-128.266223
564.411400,-267.747582,-129.275379
518.827834,-244.588085,-130.229769
511.320158,-193.646967,-131.128381
546.749268,-155.790348,-131.970048
598.937446,-156.999062,-132.753479
635.299724,-194.935891,-133.477311
637.434647,-247.782182,-134.140187
606.402743,-291.020893,-134.740838
556.060345,-309.263156,-135.278220
503.166937,-299.105190,-135.751659
460.483401,-265.760609,-136.161030
434.458719,-217.924015,-136.506897
426.149402,-163.817731,-136.790634
433.354879,-109.277992,-137.014647
452.587707,-57.454545,-137.182599
480.340290,-9.354541,-137.299641
513.667634,35.373880,-137.372618
550.325273,77.735619,-137.410230
588.711422,118.861944,-137.423145
627.787579,159.658310,-137.424020
667.061662,200.589599,-137.427156
706.628377,241.567815,-137.446430
747.148235,281.946028,-137.493795
789.717383,320.526204,-137.579105
835.620825,355.492677,-137.710154
885.926592,384.290713,-137.892815
940.880394,403.560788,-138.131246
999.106111,409.334118,-138.428126
1056.752253,397.765725,-138.784916
1106.975069,366.638493,-139.202112
1140.445255,317.584958,-139.679478
1147.673288,258.336336,-140.216255
1123.462322,203.441695,-140.811336
1072.375151,171.388884,-141.463410
1012.003001,176.943051,-142.171073
969.514251,220.638888,-142.932908
968.928617,281.907173,-143.747556
1013.333331,324.596600,-144.613757
1074.945272,318.384015,-145.530378
1107.679414,265.431616,-146.496444
1082.596243,208.094778,-147.511143
1020.330775,199.084384,-148.573842
981.964743,249.363378,-149.684086
1010.099990,306.374829,-150.841609
1073.941310,303.489657,-152.046330
1094.203625,242.532718,-153.298351
1042.404117,203.990787,-154.597968
991.136455,243.773954,-155.945655
1018.727803,302.868738,-157.342069
1082.026236,285.864722,-158.788044
1072.990931,220.623309,-160.284577
1006.940830,224.813333,-163.510077
1072.719599,215.056152,-166.845956
1009.768168,237.433883,-170.295068
1063.238083,196.864663,-173.860368
1031.031245,256.096751,-177.544768
1027.999522,188.444252,-181.350962
1072.301131,240.050242,-185.281177
1004.181751,235.083121,-189.336881
1049.889318,183.954508,-193.518390
1070.922932,249.517628,-197.824446
1002.119294,242.899687,-202.251712
1027.919424,178.494248,-206.794237
1087.251941,214.943060,-211.442931
1046.958201,272.036698,-216.185065
988.490327,233.325648,-221.003865
1020.881663,170.866522,-225.878243
1087.970186,192.833299,-230.782743
1079.187799,263.114148,-235.688006
1008.291292,267.982201,-240.564587
991.844975,198.601580,-245.386806
1059.235854,174.567240,-250.133346
1085.649864,241.332287,-254.787215
1017.208163,263.877262,-259.335484
1006.107507,192.408170,-263.768884
1078.142443,201.452351,-268.081315
1041.621861,264.524467,-272.269318
1005.165828,201.081467,-276.331537
1078.026016,210.504516,-280.268221
1020.043499,256.109664,-284.080784
1037.172669,184.041854,-287.771424
1060.268289,254.752799,-291.342815
1009.594680,199.864657,-294.797868
1075.002347,236.609287,-298.139534
1003.290003,213.497948,-301.370674
1077.098631,230.175154,-302.869852
1099.109273,157.436296,-304.318416
1029.296467,126.588191,-305.717371
986.782165,190.372117,-307.067560
1039.945365,246.052392,-308.369649
1108.032995,209.422536,-309.624123
1094.342394,132.992642,-310.831284
1017.715815,118.542579,-311.991247
973.679872,183.295053,-313.103941
1012.443540,251.713754,-314.169108
1091.404669,250.936552,-315.186303
1132.426693,183.081150,-316.154902
1099.610739,110.542268,-317.074104
1021.718071,92.570705,-317.942938
957.442547,140.634814,-318.760282
948.487191,220.711509,-319.524882
997.647919,284.947892,-320.235381
1077.112226,301.641834,-320.890366
1150.576046,266.343424,-321.488431
1191.564360,195.548668,-322.028254
1190.332314,113.458836,-322.508716
1151.161399,40.978387,-322.929037
1085.600053,-9.381485,-323.288949
1006.239203,-33.504754,-323.588902
923.025219,-33.100409,-323.830303
842.067026,-12.750603,-324.015762
766.018245,22.285276,-324.149352
695.104006,67.271103,-324.236851
628.199649,118.429168,-324.285952
563.705109,172.962983,-324.306397
500.162562,228.959309,-324.310033
436.648953,285.341730,-324.310680
372.995869,341.921590,-324.322659
309.848572,399.420615,-324.358666
248.637920,459.326177,-324.429313
191.642645,523.590161,-324.543123
142.166457,594.121575,-324.706639
104.717226,672.004947,-324.924612
84.934276,756.409091,-325.200223
88.880011,843.291026,-325.535344
121.286901,924.308638,-325.930788
182.607969,986.799757,-326.386557
265.457995,1016.021051,-326.902059
352.247165,1000.548593,-327.476293
416.938414,940.202969,-328.108009
433.568224,852.992035,-328.795824
390.898752,774.773014,-329.538318
306.270390,745.888654,-330.334104
226.129245,786.283083,-331.181883
203.309475,873.416422,-332.080473
257.473193,945.793392,-333.028840
348.184077,943.977200,-334.026114
396.051268,866.514224,-335.071594
352.881476,785.963046,-336.164763
261.169989,787.279099,-337.305285
223.977687,871.482838,-338.493012
288.407637,937.689100,-339.727981
372.447270,898.537349,-341.010418
358.762850,806.508510,-342.340734
265.797201,797.850317,-343.719519
239.465669,887.767604,-345.147546
325.015819,926.759223,-346.625754
371.909577,844.902066,-349.812179
328.586011,929.061360,-353.108001
358.566240,838.947154,-356.516013
353.351917,934.085650,-360.039144
322.668180,843.556422,-363.680341
393.194017,908.524997,-367.442401
297.745843,896.634230,-371.327754
376.276097,840.592022,-375.338176
368.336482,937.026593,-379.474448
291.573676,877.663910,-383.735932
378.697179,834.321853,-388.120098
391.675240,931.027297,-392.622001
294.136959,923.494028,-397.233738
311.477051,826.960593,-401.943948
408.212272,844.554664,-406.737348
398.480362,942.634125,-411.594423
299.787213,947.155951,-416.491279
277.186080,850.738636,-421.399776
367.565380,809.686285,-426.289857
424.081978,891.582228,-431.134226
350.155151,958.548097,-435.909726
278.480495,888.817192,-440.597354
350.149639,818.709890,-445.182066
410.722253,898.936439,-449.652460
318.062139,938.628052,-454.000344
313.998735,837.618043,-458.220282
405.196249,881.924299,-462.309088
315.702123,930.232046,-466.265363
342.042271,831.671652,-470.089026
383.862508,925.086845,-473.781010
299.080415,867.148923,-477.343073
400.468888,885.494931,-480.777510
297.748875,897.238744,-484.086879
397.411661,868.406450,-487.273788
298.811097,901.841395,-488.745926
322.455097,1003.616006,-490.161575
427.032960,995.955533,-491.521668
441.465563,891.716460,-492.826961
344.319390,850.289887,-494.078001
274.206573,929.773133,-495.275126
322.783474,1024.397515,-496.418429
429.408017,1019.404964,-497.507730
474.519465,922.250782,-498.542577
413.813332,833.543841,-499.522241
305.956044,834.515535,-500.445732
241.469408,921.436629,-501.311810
265.992140,1027.227230,-502.119003
359.678794,1082.854959,-502.865655
466.572077,1059.978619,-503.549972
535.157115,974.406758,-504.170111
541.260675,864.565763,-504.724310
488.484262,767.657404,-505.211304
396.221638,706.533345,-505.630866
286.754897,688.243623,-505.984080
177.430650,709.004025,-506.273558
78.337288,760.233483,-506.503535
-6.661859,832.867720,-506.679812
-77.753135,919.461182,-506.809487
-137.160301,1014.697434,-506.900516
-187.747341,1115.104687,-506.961140
-232.221380,1218.539596,-506.999261
-272.769510,1323.720124,-507.021876
-310.966143,1429.894596,-507.034502
-347.848267,1536.626782,-507.041066
-384.051362,1643.664843,-507.044198
-419.935898,1750.866140,-507.045540
-455.688747,1858.152312,-507.046044
-491.395956,1965.481849,-507.046208
-527.090952,2072.833270,-507.046257
-562.783581,2180.195323,-507.046278
-598.475224,2287.561942,-507.046293
-634.165554,2394.929992,-507.046307
