4.000000,-4.000000,-0.000000
4.000000,-4.000000,0.000000
4.000431,-4.000000,-0.000004
4.003772,-4.000000,-0.000006
4.014239,-4.000000,-0.000030
4.037136,-4.000001,-0.000143
4.078450,-4.000007,-0.000514
4.144599,-4.000041,-0.001469
4.242268,-4.000184,-0.003564
4.378320,-4.000669,-0.007647
4.559721,-4.002056,-0.014895
4.793484,-4.005538,-0.026803
5.084922,-4.013352,-0.044796
5.434895,-4.029040,-0.069549
5.840932,-4.057325,-0.101211
6.298236,-4.103767,-0.139232
6.800307,-4.174127,-0.182544
7.339396,-4.273642,-0.229717
7.906935,-4.406358,-0.279218
8.493962,-4.574663,-0.329601
9.091533,-4.779080,-0.379648
9.691125,-5.018320,-0.428440
10.286012,-5.290025,-0.475676
10.871830,-5.591796,-0.521393
11.445718,-5.921445,-0.565662
12.005767,-6.277000,-0.608656
12.550636,-6.656730,-0.650575
13.079322,-7.059120,-0.691655
13.590999,-7.482851,-0.732139
14.084916,-7.926772,-0.772281
14.560330,-8.389875,-0.812339
15.016442,-8.871250,-0.852566
15.452257,-9.369927,-0.893166
15.866594,-9.884792,-0.934334
16.258159,-10.414607,-0.976248
16.625592,-10.958016,-1.019058
16.967519,-11.513543,-1.062872
17.282598,-12.079583,-1.107739
17.569581,-12.654397,-1.153625
17.827385,-13.236104,-1.200383
18.055179,-13.822692,-1.247725
18.252519,-14.412116,-1.295223
18.419503,-15.002651,-1.342372
18.556730,-15.592919,-1.388424
18.665342,-16.181857,-1.432406
18.747084,-16.768743,-1.473090
18.804377,-17.353250,-1.509017
18.840395,-17.935525,-1.538521
18.859145,-18.516250,-1.559788
18.865535,-19.096659,-1.570939
18.865452,-19.678466,-1.570364
18.865704,-20.263421,-1.562192
18.870773,-20.852435,-1.547297
18.884727,-21.446153,-1.526616
18.911198,-22.044922,-1.501055
18.953381,-22.648799,-1.471485
19.014041,-23.257588,-1.438712
19.095524,-23.870894,-1.403467
19.199789,-24.488181,-1.366395
19.328447,-25.108832,-1.328052
19.482805,-25.732179,-1.288902
19.663823,-26.357227,-1.249414
19.872004,-26.982536,-1.209991
20.107407,-27.606412,-1.170929
20.369712,-28.227052,-1.132444
20.658285,-28.842651,-1.094672
20.972245,-29.451462,-1.057687
21.310524,-30.051834,-1.021513
21.671916,-30.642228,-0.986133
22.055122,-31.221216,-0.951503
22.458806,-31.787518,-0.917548
22.881764,-32.340157,-0.884136
23.322976,-32.878393,-0.851139
23.781569,-33.401625,-0.818419
24.256797,-33.909321,-0.785839
24.748012,-34.400970,-0.753261
25.254652,-34.876049,-0.720547
25.776214,-35.333999,-0.687559
26.312245,-35.774209,-0.654162
26.862322,-36.196004,-0.620223
27.426009,-36.598615,-0.585624
28.002800,-36.981164,-0.550264
28.592116,-37.342691,-0.514055
29.193300,-37.682176,-0.476936
29.805606,-37.998569,-0.438878
30.428192,-38.290817,-0.399898
31.060103,-38.557909,-0.360077
31.700262,-38.798923,-0.319577
32.347469,-39.013096,-0.278658
33.000413,-39.199905,-0.237700
33.657803,-39.359178,-0.197198
34.318431,-39.491167,-0.157797
34.981168,-39.596622,-0.120312
35.645008,-39.676878,-0.085723
36.309114,-39.733947,-0.055168
36.972888,-39.770603,-0.029915
37.636022,-39.790446,-0.011323
38.298515,-39.797948,-0.000782
38.960642,-39.798466,0.000393
39.622531,-39.798206,-0.000194
40.283050,-39.798334,0.000099
40.940248,-39.798269,-0.000048
41.591740,-39.798300,0.000026
42.234839,-39.798283,-0.000011
42.866682,-39.798290,0.000008
43.484297,-39.798285,-0.000002
44.084677,-39.798286,0.000003
44.665829,-39.798285,0.000001
45.227634,-39.798284,0.000002
45.771208,-39.798283,0.000001
46.298436,-39.798282,0.000002
46.811675,-39.798282,0.000001
47.313583,-39.798281,0.000002
47.807000,-39.798280,0.000001
48.294778,-39.798279,0.000001
48.779028,-39.798279,0.000001
49.261070,-39.798278,0.000001
49.741732,-39.798277,0.000001
50.221529,-39.798277,0.000001
50.700784,-39.798276,0.000001
51.179701,-39.798275,0.000001
51.658407,-39.798274,0.000001
52.137054,-39.798274,0.000001
52.616006,-39.798273,0.000001
53.095786,-39.798272,0.000001
53.577019,-39.798272,0.000001
54.060393,-39.798271,0.000001
54.546634,-39.798270,0.000001
55.036494,-39.798269,0.000001
55.530728,-39.798269,0.000001
56.029794,-39.798268,0.000001
56.533691,-39.798267,0.000001
57.042124,-39.798266,0.000001
57.554608,-39.798266,0.000001
58.070545,-39.798265,0.000001
58.589261,-39.798264,0.000001
59.110039,-39.798263,0.000001
59.632170,-39.798263,0.000001
60.155144,-39.798262,0.000001
60.678644,-39.798261,0.000001
61.202469,-39.798260,0.000001
61.726492,-39.798259,0.000001
62.250633,-39.798259,0.000001
62.774840,-39.798258,0.000001
63.299082,-39.798257,0.000001
63.823336,-39.798256,0.000001
64.347590,-39.798256,0.000001
64.871837,-39.798255,0.000001
65.396076,-39.798254,0.000001
65.920305,-39.798253,0.000001
66.444525,-39.798252,0.000001
66.968738,-39.798252,0.000001
67.492947,-39.798251,0.000001
68.017152,-39.798250,0.000001
68.541355,-39.798249,0.000001
69.065557,-39.798249,0.000001
69.589758,-39.798248,0.000001
70.113959,-39.798247,0.000001
70.638160,-39.798246,0.000001
71.162360,-39.798245,0.000001
71.686560,-39.798245,0.000001
72.210762,-39.798244,0.000001
72.734967,-39.798243,0.000001
73.259177,-39.798242,0.000001
73.783395,-39.798241,0.000001
74.307625,-39.798241,0.000001
74.831868,-39.798240,0.000001
75.356129,-39.798239,0.000001
75.880408,-39.798238,0.000001
76.404707,-39.798238,0.000001
76.929025,-39.798237,0.000001
77.453359,-39.798236,0.000001
77.977707,-39.798235,0.000001
78.502067,-39.798234,0.000001
79.026435,-39.798234,0.000001
79.550869,-39.798233,-0.002475
80.076012,-39.799533,-0.012254
80.603059,-39.805992,-0.026435
81.133329,-39.820013,-0.045653
81.668214,-39.844449,-0.068810
82.209061,-39.881723,-0.095711
82.757126,-39.934340,-0.125744
83.313538,-40.004676,-0.158542
83.879273,-40.095128,-0.193651
84.455143,-40.208061,-0.230698
85.041473,-40.345778,-0.269241
85.637285,-40.510188,-0.308690
86.240654,-40.702592,-0.348567
86.849126,-40.923714,-0.388455
87.459999,-41.173715,-0.428036
88.070505,-41.452255,-0.467071
88.677920,-41.758566,-0.505403
89.279629,-42.091515,-0.542941
89.873165,-42.449675,-0.579643
90.456231,-42.831384,-0.615513
91.026969,-43.234985,-0.650645
91.584094,-43.659081,-0.685188
92.126662,-44.102510,-0.719283
92.653924,-44.564286,-0.753080
93.165226,-45.043563,-0.786730
93.659945,-45.539602,-0.820387
94.137452,-46.051750,-0.854202
94.597081,-46.579417,-0.888327
95.038114,-47.122057,-0.922911
95.459753,-47.679138,-0.958095
95.861065,-48.250036,-0.993989
96.241002,-48.834002,-1.030691
96.598451,-49.430176,-1.068276
96.932273,-50.037588,-1.106785
97.241341,-50.655163,-1.146220
97.524585,-51.281708,-1.186518
97.781048,-51.915919,-1.227544
98.009950,-52.556380,-1.269063
98.210760,-53.201583,-1.310729
98.383310,-53.850040,-1.352086
98.527882,-54.500486,-1.392576
98.645220,-55.151887,-1.431469
98.736592,-55.803445,-1.467878
98.803849,-56.454633,-1.500753
98.849495,-57.105247,-1.528907
98.876748,-57.755460,-1.551042
98.889597,-58.405837,-1.565796
98.892855,-59.057324,-1.571814
98.892190,-59.711145,-1.568001
98.894028,-60.368455,-1.555079
98.904423,-61.029819,-1.534550
98.928548,-61.695088,-1.507761
98.970736,-62.363486,-1.476107
99.034391,-63.033721,-1.440828
99.122019,-63.704147,-1.403043
99.235273,-64.372927,-1.363695
99.375054,-65.038187,-1.323557
99.541626,-65.698131,-1.283233
99.734756,-66.351128,-1.243175
99.953845,-66.995756,-1.203699
100.198044,-67.630818,-1.165010
100.466355,-68.255333,-1.127225
100.757707,-68.868512,-1.090388
101.071019,-69.469727,-1.054493
101.405231,-70.058478,-1.019496
101.759340,-70.634362,-0.985322
102.132407,-71.197039,-0.951881
102.523568,-71.746212,-0.919067
102.932037,-72.281601,-0.886767
103.357100,-72.802929,-0.854862
103.798116,-73.309902,-0.823231
104.254506,-73.802201,-0.791750
104.725749,-74.279468,-0.760294
105.211375,-74.741304,-0.728739
105.710955,-75.187253,-0.696960
106.224093,-75.616803,-0.664835
106.750416,-76.029378,-0.632243
107.289563,-76.424334,-0.599069
107.841176,-76.800959,-0.565205
108.404884,-77.158476,-0.530552
108.980289,-77.496042,-0.495029
109.566952,-77.812761,-0.458578
110.164376,-78.107697,-0.421176
110.771987,-78.379897,-0.382845
111.389122,-78.628426,-0.343671
112.015013,-78.852416,-0.303820
112.648781,-79.051119,-0.263561
113.289443,-79.223994,-0.223288
113.935922,-79.370793,-0.183541
114.587088,-79.491669,-0.145022
115.241804,-79.587289,-0.108608
115.899003,-79.658948,-0.075343
116.557761,-79.708675,-0.046428
117.217383,-79.739322,-0.023189
117.877451,-79.754631,-0.007024
118.537846,-79.759270,0.000666
119.198676,-79.758829,-0.000331
119.859533,-79.759048,0.000167
120.518738,-79.758938,-0.000082
121.174105,-79.758991,0.000043
121.823056,-79.758964,-0.000019
122.462807,-79.758976,0.000012
123.090427,-79.758969,-0.000004
123.702909,-79.758971,0.000004
124.297359,-79.758969,0.000000
124.872412,-79.758969,0.000002
125.428398,-79.758968,0.000001
125.966707,-79.758967,0.000001
126.489389,-79.758966,0.000001
126.998903,-79.758966,0.000001
127.497963,-79.758965,0.000001
127.989443,-79.758964,0.000001
128.476039,-79.758964,0.000001
128.959568,-79.758963,0.000001
129.441172,-79.758963,0.000001
129.921567,-79.758962,0.000001
130.401202,-79.758961,0.000001
130.880359,-79.758961,0.000001
131.359216,-79.758960,0.000001
131.837890,-79.758959,0.000001
132.316594,-79.758959,0.000001
132.795751,-79.758958,0.000001
133.275919,-79.758958,0.000001
133.757747,-79.758957,0.000001
134.241934,-79.758956,0.000001
134.729216,-79.758956,0.000001
135.220352,-79.758955,0.000001
135.716053,-79.758954,0.000001
136.216618,-79.758954,0.000001
136.721943,-79.758953,0.000001
137.231664,-79.758952,0.000001
137.745259,-79.758952,0.000001
138.262104,-79.758951,0.000001
138.781510,-79.758950,0.000001
139.302750,-79.758950,0.000001
139.825163,-79.758949,0.000001
140.348310,-79.758948,0.000001
140.871914,-79.758948,0.000001
141.395801,-79.758947,0.000001
141.919860,-79.758946,0.000001
142.444021,-79.758946,0.000001
142.968239,-79.758945,0.000001
143.492483,-79.758944,0.000001
144.016736,-79.758944,0.000001
144.540988,-79.758943,0.000001
145.065232,-79.758942,0.000001
145.589467,-79.758942,0.000001
146.113693,-79.758941,0.000001
146.637911,-79.758940,0.000001
147.162122,-79.758940,0.000001
147.686329,-79.758939,0.000001
148.210534,-79.758938,0.000001
148.734737,-79.758938,0.000001
149.258938,-79.758937,0.000001
149.783139,-79.758936,0.000001
150.307340,-79.758935,0.000001
150.831540,-79.758935,0.000001
151.355741,-79.758934,0.000001
151.879941,-79.758933,0.000001
152.404144,-79.758933,0.000001
152.928350,-79.758932,0.000001
153.452562,-79.758931,0.000001
153.976784,-79.758931,0.000001
154.501017,-79.758930,0.000001
155.025266,-79.758929,0.000001
155.549532,-79.758929,0.000001
156.073818,-79.758928,0.000001
156.598123,-79.758927,0.000001
157.122446,-79.758927,0.000001
157.646784,-79.758926,0.000001
158.171136,-79.758925,0.000001
158.695499,-79.758925,0.000001
159.219869,-79.758924,-0.000010
159.744428,-79.758929,-0.005069
160.270092,-79.761594,-0.016224
160.798127,-79.770161,-0.032120
161.329899,-79.787247,-0.052630
161.866794,-79.815530,-0.077048
162.410133,-79.857476,-0.104995
162.961132,-79.915542,-0.135963
163.520871,-79.992118,-0.169543
164.090270,-80.089592,-0.205314
164.670067,-80.210334,-0.242898
165.260202,-80.356563,-0.281791
165.859329,-80.530007,-0.321426
166.465306,-80.731781,-0.361348
167.075564,-80.962423,-0.401168
167.687351,-81.221925,-0.440595
168.297892,-81.509800,-0.479419
168.904480,-81.825149,-0.517505
169.504538,-82.166734,-0.554777
170.095642,-82.533039,-0.591211
170.675579,-82.922358,-0.626828
171.242695,-83.333101,-0.661757
171.795834,-83.763954,-0.696140
172.334132,-84.213816,-0.730123
172.856881,-84.681749,-0.763857
173.363446,-85.166947,-0.797493
173.853207,-85.668701,-0.831183
174.325529,-86.186382,-0.865081
174.779733,-86.719419,-0.899337
175.215081,-87.267280,-0.934099
175.630738,-87.829417,-0.969499
176.025726,-88.405166,-1.005642
176.398973,-88.993741,-1.042620
176.749352,-89.594249,-1.080497
177.075720,-90.205686,-1.119305
177.376962,-90.826938,-1.159026
177.652036,-91.456777,-1.199576
177.900032,-92.093860,-1.240791
178.120237,-92.736736,-1.282401
178.312221,-93.383875,-1.324021
178.475955,-94.033845,-1.365169
178.611865,-94.685456,-1.405235
178.720857,-95.337742,-1.443437
178.804377,-95.989982,-1.478836
178.864482,-96.641737,-1.510336
178.903900,-97.292909,-1.536710
178.926094,-97.943777,-1.556632
178.935319,-98.595016,-1.568735
178.936665,-99.247654,-1.571681
178.936085,-99.902924,-1.564771
178.940055,-100.561815,-1.549281
178.954318,-101.224635,-1.526586
178.983799,-101.891023,-1.498101
179.032517,-102.560021,-1.465154
179.103583,-103.230218,-1.428961
179.199210,-103.899905,-1.390581
179.320793,-104.567240,-1.350905
179.469009,-105.230384,-1.310649
179.643949,-105.887610,-1.270369
179.845248,-106.537371,-1.230468
180.072218,-107.178337,-1.191226
180.323957,-107.809395,-1.152817
180.599440,-108.429643,-1.115333
180.897594,-109.038355,-1.078801
181.217344,-109.634955,-1.043200
181.557652,-110.218981,-1.008475
181.917536,-110.790054,-0.974546
182.296084,-111.347853,-0.941317
182.692459,-111.892088,-0.908680
183.105900,-112.422480,-0.876520
183.535717,-112.938745,-0.844716
183.981290,-113.440582,-0.813147
184.442059,-113.927659,-0.781687
184.917519,-114.399604,-0.750213
185.407214,-114.855997,-0.718600
185.910724,-115.296364,-0.686723
186.427662,-115.720171,-0.654462
186.957657,-116.126820,-0.621696
187.500349,-116.515645,-0.588313
188.055375,-116.885911,-0.554206
188.622356,-117.236820,-0.519282
189.200881,-117.567510,-0.483467
189.790493,-117.877072,-0.446713
190.390669,-118.164561,-0.409009
191.000810,-118.429028,-0.370395
191.620219,-118.669555,-0.330982
192.248093,-118.885307,-0.290966
192.883523,-119.075596,-0.250653
193.525497,-119.239966,-0.210482
194.172921,-119.378285,-0.171043
194.824664,-119.490861,-0.133094
195.479615,-119.578550,-0.097566
196.136756,-119.642869,-0.065556
196.795246,-119.686099,-0.038308
197.454490,-119.711365,-0.017179
198.114189,-119.722699,-0.003576
198.774331,-119.725060,0.001119
199.435025,-119.724320,-0.000558
200.095429,-119.724689,0.000281
200.753573,-119.724504,-0.000139
201.407146,-119.724595,0.000071
202.053465,-119.724549,-0.000034
202.689698,-119.724570,0.000019
203.312879,-119.724559,-0.000008
203.919985,-119.724564,0.000005
204.508427,-119.724560,-0.000001
205.077464,-119.724561,0.000002
205.627810,-119.724560,0.000001
206.161091,-119.724559,0.000001
206.679497,-119.724559,0.000001
207.185572,-119.724558,0.000001
207.682079,-119.724558,0.000001
208.171904,-119.724557,0.000001
208.657489,-119.724557,0.000001
209.140402,-119.724556,0.000001
209.621630,-119.724555,0.000001
210.101795,-119.724555,0.000001
210.581290,-119.724554,0.000001
211.060363,-119.724554,0.000001
211.539168,-119.724553,0.000001
212.017830,-119.724553,0.000001
212.496632,-119.724552,0.000001
212.976047,-119.724552,0.000001
213.456665,-119.724551,0.000001
213.939151,-119.724551,0.000001
214.424219,-119.724550,0.000001
214.912612,-119.724550,0.000001
215.405092,-119.724549,0.000001
215.902277,-119.724548,0.000001
216.404323,-119.724548,0.000001
216.911031,-119.724547,0.000001
217.421984,-119.724547,0.000001
217.936624,-119.724546,0.000001
218.454306,-119.724546,0.000001
218.974329,-119.724545,0.000001
219.495965,-119.724544,0.000001
220.018620,-119.724544,0.000001
220.541914,-119.724543,0.000001
221.065607,-119.724543,0.000001
221.589547,-119.724542,0.000001
222.113636,-119.724542,0.000001
222.637814,-119.724541,0.000001
223.162039,-119.724540,0.000001
223.686285,-119.724540,0.000001
224.210537,-119.724539,0.000001
224.734785,-119.724539,0.000001
225.259026,-119.724538,0.000001
225.783258,-119.724538,0.000001
226.307481,-119.724537,0.000001
226.831697,-119.724536,0.000001
227.355906,-119.724536,0.000001
227.880112,-119.724535,0.000001
228.404316,-119.724535,0.000001
228.928519,-119.724534,0.000001
229.452720,-119.724533,0.000001
229.976921,-119.724533,0.000001
230.501122,-119.724532,0.000001
231.025322,-119.724532,0.000001
231.549522,-119.724531,0.000001
232.073723,-119.724531,0.000001
232.597927,-119.724530,0.000001
233.122135,-119.724529,0.000001
233.646350,-119.724529,0.000001
234.170575,-119.724528,0.000001
234.694813,-119.724528,0.000001
235.219066,-119.724527,0.000001
235.743339,-119.724526,0.000001
236.267630,-119.724526,0.000001
236.791941,-119.724525,0.000001
237.316268,-119.724525,0.000001
237.840611,-119.724524,0.000001
238.364967,-119.724524,0.000001
238.889332,-119.724523,0.000001
239.413713,-119.724522,0.000001
239.938564,-119.724522,0.000001
240.465236,-119.724521,0.000001
240.995695,-119.724521,0.000001
241.532295,-119.724520,0.000001
242.077635,-119.724519,0.000001
242.634470,-119.724519,0.000001
243.205655,-119.724518,0.000001
243.793954,-119.724518,0.000001
244.400697,-119.724517,0.000001
245.025602,-119.724516,0.000001
245.667366,-119.724515,0.000001
246.324041,-119.724515,0.000001
246.993277,-119.724514,0.000001
247.672475,-119.724513,0.000001
248.358877,-119.724512,0.000001
249.049903,-119.724512,0.000001
249.743814,-119.724511,0.000001
250.439526,-119.724510,0.000001
251.136361,-119.724509,0.000001
251.833898,-119.724509,0.000001
252.531872,-119.724508,0.000001
253.230120,-119.724507,0.000001
253.928459,-119.724506,0.000001
254.624616,-119.724506,0.000001
255.312762,-119.724505,0.000001
255.984744,-119.724504,0.000001
256.630982,-119.724503,0.000001
257.241027,-119.724503,0.000001
257.803935,-119.724502,0.000001
258.308524,-119.724501,0.000001
258.744512,-119.724501,0.000001
259.108080,-119.724501,0.000001
259.401821,-119.724500,0.000001
259.632626,-119.724500,0.000001
259.810641,-119.724500,0.000001
259.948986,-119.724500,0.000001
